[1;36m====================================================================[0m
[1;33mWARNING: Snakemake may ignore --qos=<qos> in this version.[0m
[1;33mUse: "slurm_extra='--qos=<qos>'"[0m
[1;36m====================================================================[0m
host: notch045
Building DAG of jobs...
You are running snakemake in a SLURM job context. This is not recommended, as it may lead to unexpected behavior. Please run Snakemake directly on the login node.
SLURM run ID: d8ead07e-2ad4-4c86-aac9-85d1822ee141
Using shell: /usr/bin/bash
Provided remote nodes: 20
Job stats:
job               count
--------------  -------
all                   1
inference           114
xml_to_geojson      132
total               247

Select jobs to execute...
Execute 20 jobs...

[Fri Jun 12 13:01:50 2026]
rule inference:
    input: /scratch/general/vast/u6073678/hooknet_tmp/converted/219271.tif, /scratch/general/vast/u6073678/hooknet_tmp/masks/219271_mask.tif
    output: /uufs/chpc.utah.edu/common/home/u6073678/hooknet_project/results/inference/done/219271_hooknet.done, /uufs/chpc.utah.edu/common/home/u6073678/hooknet_project/results/inference/H_E/219271/post-processed/219271_hooknettls_post_processed.xml
    log: /scratch/general/vast/u6073678/hooknet_logs/219271_hooknet.log
    jobid: 221
    reason: Missing output files: /uufs/chpc.utah.edu/common/home/u6073678/hooknet_project/results/inference/H_E/219271/post-processed/219271_hooknettls_post_processed.xml
    wildcards: slide=219271
    threads: 8
    resources: mem_mb=32000, mem_mib=30518, disk_mb=2961, disk_mib=2824, tmpdir=<TBD>, slurm_account=stewartp, slurm_partition=notchpeak-gpu, slurm_extra=--qos=notchpeak-gpu --account=notchpeak-gpu --gres=gpu:1 --clusters=notchpeak, runtime=240, cpus_per_task=4
Shell command: 
        mkdir -p /scratch/general/vast/u6073678/hooknet_tmp/tmp/219271
        mkdir -p /scratch/general/vast/u6073678/hooknet_tmp/output/images
        mkdir -p /uufs/chpc.utah.edu/common/home/u6073678/hooknet_project/results/inference/H_E/219271
        mkdir -p /uufs/chpc.utah.edu/common/home/u6073678/hooknet_project/results/inference/done
        /uufs/chpc.utah.edu/sys/installdir/apptainer/1.4.1/bin/apptainer exec --nv \
            --bind /scratch/general/vast/u6073678/hooknet_tmp:/workspace \
            --bind /scratch/general/vast/u6073678/hooknet_tmp/tmp/219271:/home/user/tmp \
            /uufs/chpc.utah.edu/common/home/u6073678/hooknet_project/containers/hooknet_tls.sif \
            python -m hooknettls \
            hooknettls.default.image_path=/workspace/converted/219271.tif \
            hooknettls.default.mask_path=/workspace/masks/219271_mask.tif \
            hooknettls.default.model_weights=/home/user/pathology-hooknet-tls/weights/lung_weights.h5 \
            hooknettls.default.output_folder=/workspace/output/images/219271/
        cp -r /scratch/general/vast/u6073678/hooknet_tmp/output/images/219271/. \
              /uufs/chpc.utah.edu/common/home/u6073678/hooknet_project/results/inference/H_E/219271/
        touch /uufs/chpc.utah.edu/common/home/u6073678/hooknet_project/results/inference/done/219271_hooknet.done
        rm -f  /scratch/general/vast/u6073678/hooknet_tmp/input/219271.svs
        rm -f  /scratch/general/vast/u6073678/hooknet_tmp/masks/219271_mask.tif
        rm -rf /scratch/general/vast/u6073678/hooknet_tmp/output/images/219271/
        rm -rf /scratch/general/vast/u6073678/hooknet_tmp/tmp/219271
        
Job 221 has been submitted with SLURM jobid 13463526 (log: /uufs/chpc.utah.edu/common/home/u6073678/hooknet_project/.snakemake/slurm_logs/rule_inference/219271/13463526.log).

[Fri Jun 12 13:01:50 2026]
rule inference:
    input: /scratch/general/vast/u6073678/hooknet_tmp/converted/219230.tif, /scratch/general/vast/u6073678/hooknet_tmp/masks/219230_mask.tif
    output: /uufs/chpc.utah.edu/common/home/u6073678/hooknet_project/results/inference/done/219230_hooknet.done, /uufs/chpc.utah.edu/common/home/u6073678/hooknet_project/results/inference/H_E/219230/post-processed/219230_hooknettls_post_processed.xml
    log: /scratch/general/vast/u6073678/hooknet_logs/219230_hooknet.log
    jobid: 146
    reason: Missing output files: /uufs/chpc.utah.edu/common/home/u6073678/hooknet_project/results/inference/H_E/219230/post-processed/219230_hooknettls_post_processed.xml
    wildcards: slide=219230
    threads: 8
    resources: mem_mb=32000, mem_mib=30518, disk_mb=3202, disk_mib=3054, tmpdir=<TBD>, slurm_account=stewartp, slurm_partition=notchpeak-gpu, slurm_extra=--qos=notchpeak-gpu --account=notchpeak-gpu --gres=gpu:1 --clusters=notchpeak, runtime=240, cpus_per_task=4
Shell command: 
        mkdir -p /scratch/general/vast/u6073678/hooknet_tmp/tmp/219230
        mkdir -p /scratch/general/vast/u6073678/hooknet_tmp/output/images
        mkdir -p /uufs/chpc.utah.edu/common/home/u6073678/hooknet_project/results/inference/H_E/219230
        mkdir -p /uufs/chpc.utah.edu/common/home/u6073678/hooknet_project/results/inference/done
        /uufs/chpc.utah.edu/sys/installdir/apptainer/1.4.1/bin/apptainer exec --nv \
            --bind /scratch/general/vast/u6073678/hooknet_tmp:/workspace \
            --bind /scratch/general/vast/u6073678/hooknet_tmp/tmp/219230:/home/user/tmp \
            /uufs/chpc.utah.edu/common/home/u6073678/hooknet_project/containers/hooknet_tls.sif \
            python -m hooknettls \
            hooknettls.default.image_path=/workspace/converted/219230.tif \
            hooknettls.default.mask_path=/workspace/masks/219230_mask.tif \
            hooknettls.default.model_weights=/home/user/pathology-hooknet-tls/weights/lung_weights.h5 \
            hooknettls.default.output_folder=/workspace/output/images/219230/
        cp -r /scratch/general/vast/u6073678/hooknet_tmp/output/images/219230/. \
              /uufs/chpc.utah.edu/common/home/u6073678/hooknet_project/results/inference/H_E/219230/
        touch /uufs/chpc.utah.edu/common/home/u6073678/hooknet_project/results/inference/done/219230_hooknet.done
        rm -f  /scratch/general/vast/u6073678/hooknet_tmp/input/219230.svs
        rm -f  /scratch/general/vast/u6073678/hooknet_tmp/masks/219230_mask.tif
        rm -rf /scratch/general/vast/u6073678/hooknet_tmp/output/images/219230/
        rm -rf /scratch/general/vast/u6073678/hooknet_tmp/tmp/219230
        
Job 146 has been submitted with SLURM jobid 13463527 (log: /uufs/chpc.utah.edu/common/home/u6073678/hooknet_project/.snakemake/slurm_logs/rule_inference/219230/13463527.log).

[Fri Jun 12 13:01:50 2026]
rule inference:
    input: /scratch/general/vast/u6073678/hooknet_tmp/converted/219291.tif, /scratch/general/vast/u6073678/hooknet_tmp/masks/219291_mask.tif
    output: /uufs/chpc.utah.edu/common/home/u6073678/hooknet_project/results/inference/done/219291_hooknet.done, /uufs/chpc.utah.edu/common/home/u6073678/hooknet_project/results/inference/H_E/219291/post-processed/219291_hooknettls_post_processed.xml
    log: /scratch/general/vast/u6073678/hooknet_logs/219291_hooknet.log
    jobid: 230
    reason: Missing output files: /uufs/chpc.utah.edu/common/home/u6073678/hooknet_project/results/inference/H_E/219291/post-processed/219291_hooknettls_post_processed.xml
    wildcards: slide=219291
    threads: 8
    resources: mem_mb=32000, mem_mib=30518, disk_mb=3436, disk_mib=3277, tmpdir=<TBD>, slurm_account=stewartp, slurm_partition=notchpeak-gpu, slurm_extra=--qos=notchpeak-gpu --account=notchpeak-gpu --gres=gpu:1 --clusters=notchpeak, runtime=240, cpus_per_task=4
Shell command: 
        mkdir -p /scratch/general/vast/u6073678/hooknet_tmp/tmp/219291
        mkdir -p /scratch/general/vast/u6073678/hooknet_tmp/output/images
        mkdir -p /uufs/chpc.utah.edu/common/home/u6073678/hooknet_project/results/inference/H_E/219291
        mkdir -p /uufs/chpc.utah.edu/common/home/u6073678/hooknet_project/results/inference/done
        /uufs/chpc.utah.edu/sys/installdir/apptainer/1.4.1/bin/apptainer exec --nv \
            --bind /scratch/general/vast/u6073678/hooknet_tmp:/workspace \
            --bind /scratch/general/vast/u6073678/hooknet_tmp/tmp/219291:/home/user/tmp \
            /uufs/chpc.utah.edu/common/home/u6073678/hooknet_project/containers/hooknet_tls.sif \
            python -m hooknettls \
            hooknettls.default.image_path=/workspace/converted/219291.tif \
            hooknettls.default.mask_path=/workspace/masks/219291_mask.tif \
            hooknettls.default.model_weights=/home/user/pathology-hooknet-tls/weights/lung_weights.h5 \
            hooknettls.default.output_folder=/workspace/output/images/219291/
        cp -r /scratch/general/vast/u6073678/hooknet_tmp/output/images/219291/. \
              /uufs/chpc.utah.edu/common/home/u6073678/hooknet_project/results/inference/H_E/219291/
        touch /uufs/chpc.utah.edu/common/home/u6073678/hooknet_project/results/inference/done/219291_hooknet.done
        rm -f  /scratch/general/vast/u6073678/hooknet_tmp/input/219291.svs
        rm -f  /scratch/general/vast/u6073678/hooknet_tmp/masks/219291_mask.tif
        rm -rf /scratch/general/vast/u6073678/hooknet_tmp/output/images/219291/
        rm -rf /scratch/general/vast/u6073678/hooknet_tmp/tmp/219291
        
Job 230 has been submitted with SLURM jobid 13463530 (log: /uufs/chpc.utah.edu/common/home/u6073678/hooknet_project/.snakemake/slurm_logs/rule_inference/219291/13463530.log).

[Fri Jun 12 13:01:51 2026]
rule inference:
    input: /scratch/general/vast/u6073678/hooknet_tmp/converted/219264.tif, /scratch/general/vast/u6073678/hooknet_tmp/masks/219264_mask.tif
    output: /uufs/chpc.utah.edu/common/home/u6073678/hooknet_project/results/inference/done/219264_hooknet.done, /uufs/chpc.utah.edu/common/home/u6073678/hooknet_project/results/inference/H_E/219264/post-processed/219264_hooknettls_post_processed.xml
    log: /scratch/general/vast/u6073678/hooknet_logs/219264_hooknet.log
    jobid: 209
    reason: Missing output files: /uufs/chpc.utah.edu/common/home/u6073678/hooknet_project/results/inference/H_E/219264/post-processed/219264_hooknettls_post_processed.xml
    wildcards: slide=219264
    threads: 8
    resources: mem_mb=32000, mem_mib=30518, disk_mb=7631, disk_mib=7278, tmpdir=<TBD>, slurm_account=stewartp, slurm_partition=notchpeak-gpu, slurm_extra=--qos=notchpeak-gpu --account=notchpeak-gpu --gres=gpu:1 --clusters=notchpeak, runtime=240, cpus_per_task=4
Shell command: 
        mkdir -p /scratch/general/vast/u6073678/hooknet_tmp/tmp/219264
        mkdir -p /scratch/general/vast/u6073678/hooknet_tmp/output/images
        mkdir -p /uufs/chpc.utah.edu/common/home/u6073678/hooknet_project/results/inference/H_E/219264
        mkdir -p /uufs/chpc.utah.edu/common/home/u6073678/hooknet_project/results/inference/done
        /uufs/chpc.utah.edu/sys/installdir/apptainer/1.4.1/bin/apptainer exec --nv \
            --bind /scratch/general/vast/u6073678/hooknet_tmp:/workspace \
            --bind /scratch/general/vast/u6073678/hooknet_tmp/tmp/219264:/home/user/tmp \
            /uufs/chpc.utah.edu/common/home/u6073678/hooknet_project/containers/hooknet_tls.sif \
            python -m hooknettls \
            hooknettls.default.image_path=/workspace/converted/219264.tif \
            hooknettls.default.mask_path=/workspace/masks/219264_mask.tif \
            hooknettls.default.model_weights=/home/user/pathology-hooknet-tls/weights/lung_weights.h5 \
            hooknettls.default.output_folder=/workspace/output/images/219264/
        cp -r /scratch/general/vast/u6073678/hooknet_tmp/output/images/219264/. \
              /uufs/chpc.utah.edu/common/home/u6073678/hooknet_project/results/inference/H_E/219264/
        touch /uufs/chpc.utah.edu/common/home/u6073678/hooknet_project/results/inference/done/219264_hooknet.done
        rm -f  /scratch/general/vast/u6073678/hooknet_tmp/input/219264.svs
        rm -f  /scratch/general/vast/u6073678/hooknet_tmp/masks/219264_mask.tif
        rm -rf /scratch/general/vast/u6073678/hooknet_tmp/output/images/219264/
        rm -rf /scratch/general/vast/u6073678/hooknet_tmp/tmp/219264
        
Job 209 has been submitted with SLURM jobid 13463531 (log: /uufs/chpc.utah.edu/common/home/u6073678/hooknet_project/.snakemake/slurm_logs/rule_inference/219264/13463531.log).

[Fri Jun 12 13:01:51 2026]
rule inference:
    input: /scratch/general/vast/u6073678/hooknet_tmp/converted/219240.tif, /scratch/general/vast/u6073678/hooknet_tmp/masks/219240_mask.tif
    output: /uufs/chpc.utah.edu/common/home/u6073678/hooknet_project/results/inference/done/219240_hooknet.done, /uufs/chpc.utah.edu/common/home/u6073678/hooknet_project/results/inference/H_E/219240/post-processed/219240_hooknettls_post_processed.xml
    log: /scratch/general/vast/u6073678/hooknet_logs/219240_hooknet.log
    jobid: 165
    reason: Missing output files: /uufs/chpc.utah.edu/common/home/u6073678/hooknet_project/results/inference/H_E/219240/post-processed/219240_hooknettls_post_processed.xml
    wildcards: slide=219240
    threads: 8
    resources: mem_mb=32000, mem_mib=30518, disk_mb=2219, disk_mib=2117, tmpdir=<TBD>, slurm_account=stewartp, slurm_partition=notchpeak-gpu, slurm_extra=--qos=notchpeak-gpu --account=notchpeak-gpu --gres=gpu:1 --clusters=notchpeak, runtime=240, cpus_per_task=4
Shell command: 
        mkdir -p /scratch/general/vast/u6073678/hooknet_tmp/tmp/219240
        mkdir -p /scratch/general/vast/u6073678/hooknet_tmp/output/images
        mkdir -p /uufs/chpc.utah.edu/common/home/u6073678/hooknet_project/results/inference/H_E/219240
        mkdir -p /uufs/chpc.utah.edu/common/home/u6073678/hooknet_project/results/inference/done
        /uufs/chpc.utah.edu/sys/installdir/apptainer/1.4.1/bin/apptainer exec --nv \
            --bind /scratch/general/vast/u6073678/hooknet_tmp:/workspace \
            --bind /scratch/general/vast/u6073678/hooknet_tmp/tmp/219240:/home/user/tmp \
            /uufs/chpc.utah.edu/common/home/u6073678/hooknet_project/containers/hooknet_tls.sif \
            python -m hooknettls \
            hooknettls.default.image_path=/workspace/converted/219240.tif \
            hooknettls.default.mask_path=/workspace/masks/219240_mask.tif \
            hooknettls.default.model_weights=/home/user/pathology-hooknet-tls/weights/lung_weights.h5 \
            hooknettls.default.output_folder=/workspace/output/images/219240/
        cp -r /scratch/general/vast/u6073678/hooknet_tmp/output/images/219240/. \
              /uufs/chpc.utah.edu/common/home/u6073678/hooknet_project/results/inference/H_E/219240/
        touch /uufs/chpc.utah.edu/common/home/u6073678/hooknet_project/results/inference/done/219240_hooknet.done
        rm -f  /scratch/general/vast/u6073678/hooknet_tmp/input/219240.svs
        rm -f  /scratch/general/vast/u6073678/hooknet_tmp/masks/219240_mask.tif
        rm -rf /scratch/general/vast/u6073678/hooknet_tmp/output/images/219240/
        rm -rf /scratch/general/vast/u6073678/hooknet_tmp/tmp/219240
        
Job 165 has been submitted with SLURM jobid 13463532 (log: /uufs/chpc.utah.edu/common/home/u6073678/hooknet_project/.snakemake/slurm_logs/rule_inference/219240/13463532.log).

[Fri Jun 12 13:01:51 2026]
rule inference:
    input: /scratch/general/vast/u6073678/hooknet_tmp/converted/219109.tif, /scratch/general/vast/u6073678/hooknet_tmp/masks/219109_mask.tif
    output: /uufs/chpc.utah.edu/common/home/u6073678/hooknet_project/results/inference/done/219109_hooknet.done, /uufs/chpc.utah.edu/common/home/u6073678/hooknet_project/results/inference/H_E/219109/post-processed/219109_hooknettls_post_processed.xml
    log: /scratch/general/vast/u6073678/hooknet_logs/219109_hooknet.log
    jobid: 9
    reason: Missing output files: /uufs/chpc.utah.edu/common/home/u6073678/hooknet_project/results/inference/H_E/219109/post-processed/219109_hooknettls_post_processed.xml
    wildcards: slide=219109
    threads: 8
    resources: mem_mb=32000, mem_mib=30518, disk_mb=3268, disk_mib=3117, tmpdir=<TBD>, slurm_account=stewartp, slurm_partition=notchpeak-gpu, slurm_extra=--qos=notchpeak-gpu --account=notchpeak-gpu --gres=gpu:1 --clusters=notchpeak, runtime=240, cpus_per_task=4
Shell command: 
        mkdir -p /scratch/general/vast/u6073678/hooknet_tmp/tmp/219109
        mkdir -p /scratch/general/vast/u6073678/hooknet_tmp/output/images
        mkdir -p /uufs/chpc.utah.edu/common/home/u6073678/hooknet_project/results/inference/H_E/219109
        mkdir -p /uufs/chpc.utah.edu/common/home/u6073678/hooknet_project/results/inference/done
        /uufs/chpc.utah.edu/sys/installdir/apptainer/1.4.1/bin/apptainer exec --nv \
            --bind /scratch/general/vast/u6073678/hooknet_tmp:/workspace \
            --bind /scratch/general/vast/u6073678/hooknet_tmp/tmp/219109:/home/user/tmp \
            /uufs/chpc.utah.edu/common/home/u6073678/hooknet_project/containers/hooknet_tls.sif \
            python -m hooknettls \
            hooknettls.default.image_path=/workspace/converted/219109.tif \
            hooknettls.default.mask_path=/workspace/masks/219109_mask.tif \
            hooknettls.default.model_weights=/home/user/pathology-hooknet-tls/weights/lung_weights.h5 \
            hooknettls.default.output_folder=/workspace/output/images/219109/
        cp -r /scratch/general/vast/u6073678/hooknet_tmp/output/images/219109/. \
              /uufs/chpc.utah.edu/common/home/u6073678/hooknet_project/results/inference/H_E/219109/
        touch /uufs/chpc.utah.edu/common/home/u6073678/hooknet_project/results/inference/done/219109_hooknet.done
        rm -f  /scratch/general/vast/u6073678/hooknet_tmp/input/219109.svs
        rm -f  /scratch/general/vast/u6073678/hooknet_tmp/masks/219109_mask.tif
        rm -rf /scratch/general/vast/u6073678/hooknet_tmp/output/images/219109/
        rm -rf /scratch/general/vast/u6073678/hooknet_tmp/tmp/219109
        
Job 9 has been submitted with SLURM jobid 13463533 (log: /uufs/chpc.utah.edu/common/home/u6073678/hooknet_project/.snakemake/slurm_logs/rule_inference/219109/13463533.log).

[Fri Jun 12 13:01:51 2026]
rule inference:
    input: /scratch/general/vast/u6073678/hooknet_tmp/converted/219214.tif, /scratch/general/vast/u6073678/hooknet_tmp/masks/219214_mask.tif
    output: /uufs/chpc.utah.edu/common/home/u6073678/hooknet_project/results/inference/done/219214_hooknet.done, /uufs/chpc.utah.edu/common/home/u6073678/hooknet_project/results/inference/H_E/219214/post-processed/219214_hooknettls_post_processed.xml
    log: /scratch/general/vast/u6073678/hooknet_logs/219214_hooknet.log
    jobid: 117
    reason: Missing output files: /uufs/chpc.utah.edu/common/home/u6073678/hooknet_project/results/inference/H_E/219214/post-processed/219214_hooknettls_post_processed.xml; Code has changed since last execution
    wildcards: slide=219214
    threads: 8
    resources: mem_mb=32000, mem_mib=30518, disk_mb=2439, disk_mib=2327, tmpdir=<TBD>, slurm_account=stewartp, slurm_partition=notchpeak-gpu, slurm_extra=--qos=notchpeak-gpu --account=notchpeak-gpu --gres=gpu:1 --clusters=notchpeak, runtime=240, cpus_per_task=4
Shell command: 
        mkdir -p /scratch/general/vast/u6073678/hooknet_tmp/tmp/219214
        mkdir -p /scratch/general/vast/u6073678/hooknet_tmp/output/images
        mkdir -p /uufs/chpc.utah.edu/common/home/u6073678/hooknet_project/results/inference/H_E/219214
        mkdir -p /uufs/chpc.utah.edu/common/home/u6073678/hooknet_project/results/inference/done
        /uufs/chpc.utah.edu/sys/installdir/apptainer/1.4.1/bin/apptainer exec --nv \
            --bind /scratch/general/vast/u6073678/hooknet_tmp:/workspace \
            --bind /scratch/general/vast/u6073678/hooknet_tmp/tmp/219214:/home/user/tmp \
            /uufs/chpc.utah.edu/common/home/u6073678/hooknet_project/containers/hooknet_tls.sif \
            python -m hooknettls \
            hooknettls.default.image_path=/workspace/converted/219214.tif \
            hooknettls.default.mask_path=/workspace/masks/219214_mask.tif \
            hooknettls.default.model_weights=/home/user/pathology-hooknet-tls/weights/lung_weights.h5 \
            hooknettls.default.output_folder=/workspace/output/images/219214/
        cp -r /scratch/general/vast/u6073678/hooknet_tmp/output/images/219214/. \
              /uufs/chpc.utah.edu/common/home/u6073678/hooknet_project/results/inference/H_E/219214/
        touch /uufs/chpc.utah.edu/common/home/u6073678/hooknet_project/results/inference/done/219214_hooknet.done
        rm -f  /scratch/general/vast/u6073678/hooknet_tmp/input/219214.svs
        rm -f  /scratch/general/vast/u6073678/hooknet_tmp/masks/219214_mask.tif
        rm -rf /scratch/general/vast/u6073678/hooknet_tmp/output/images/219214/
        rm -rf /scratch/general/vast/u6073678/hooknet_tmp/tmp/219214
        
Job 117 has been submitted with SLURM jobid 13463534 (log: /uufs/chpc.utah.edu/common/home/u6073678/hooknet_project/.snakemake/slurm_logs/rule_inference/219214/13463534.log).

[Fri Jun 12 13:01:52 2026]
rule inference:
    input: /scratch/general/vast/u6073678/hooknet_tmp/converted/219178.tif, /scratch/general/vast/u6073678/hooknet_tmp/masks/219178_mask.tif
    output: /uufs/chpc.utah.edu/common/home/u6073678/hooknet_project/results/inference/done/219178_hooknet.done, /uufs/chpc.utah.edu/common/home/u6073678/hooknet_project/results/inference/H_E/219178/post-processed/219178_hooknettls_post_processed.xml
    log: /scratch/general/vast/u6073678/hooknet_logs/219178_hooknet.log
    jobid: 73
    reason: Missing output files: /uufs/chpc.utah.edu/common/home/u6073678/hooknet_project/results/inference/H_E/219178/post-processed/219178_hooknettls_post_processed.xml
    wildcards: slide=219178
    threads: 8
    resources: mem_mb=32000, mem_mib=30518, disk_mb=4813, disk_mib=4591, tmpdir=<TBD>, slurm_account=stewartp, slurm_partition=notchpeak-gpu, slurm_extra=--qos=notchpeak-gpu --account=notchpeak-gpu --gres=gpu:1 --clusters=notchpeak, runtime=240, cpus_per_task=4
Shell command: 
        mkdir -p /scratch/general/vast/u6073678/hooknet_tmp/tmp/219178
        mkdir -p /scratch/general/vast/u6073678/hooknet_tmp/output/images
        mkdir -p /uufs/chpc.utah.edu/common/home/u6073678/hooknet_project/results/inference/H_E/219178
        mkdir -p /uufs/chpc.utah.edu/common/home/u6073678/hooknet_project/results/inference/done
        /uufs/chpc.utah.edu/sys/installdir/apptainer/1.4.1/bin/apptainer exec --nv \
            --bind /scratch/general/vast/u6073678/hooknet_tmp:/workspace \
            --bind /scratch/general/vast/u6073678/hooknet_tmp/tmp/219178:/home/user/tmp \
            /uufs/chpc.utah.edu/common/home/u6073678/hooknet_project/containers/hooknet_tls.sif \
            python -m hooknettls \
            hooknettls.default.image_path=/workspace/converted/219178.tif \
            hooknettls.default.mask_path=/workspace/masks/219178_mask.tif \
            hooknettls.default.model_weights=/home/user/pathology-hooknet-tls/weights/lung_weights.h5 \
            hooknettls.default.output_folder=/workspace/output/images/219178/
        cp -r /scratch/general/vast/u6073678/hooknet_tmp/output/images/219178/. \
              /uufs/chpc.utah.edu/common/home/u6073678/hooknet_project/results/inference/H_E/219178/
        touch /uufs/chpc.utah.edu/common/home/u6073678/hooknet_project/results/inference/done/219178_hooknet.done
        rm -f  /scratch/general/vast/u6073678/hooknet_tmp/input/219178.svs
        rm -f  /scratch/general/vast/u6073678/hooknet_tmp/masks/219178_mask.tif
        rm -rf /scratch/general/vast/u6073678/hooknet_tmp/output/images/219178/
        rm -rf /scratch/general/vast/u6073678/hooknet_tmp/tmp/219178
        
Job 73 has been submitted with SLURM jobid 13463536 (log: /uufs/chpc.utah.edu/common/home/u6073678/hooknet_project/.snakemake/slurm_logs/rule_inference/219178/13463536.log).

[Fri Jun 12 13:01:54 2026]
rule inference:
    input: /scratch/general/vast/u6073678/hooknet_tmp/converted/219223.tif, /scratch/general/vast/u6073678/hooknet_tmp/masks/219223_mask.tif
    output: /uufs/chpc.utah.edu/common/home/u6073678/hooknet_project/results/inference/done/219223_hooknet.done, /uufs/chpc.utah.edu/common/home/u6073678/hooknet_project/results/inference/H_E/219223/post-processed/219223_hooknettls_post_processed.xml
    log: /scratch/general/vast/u6073678/hooknet_logs/219223_hooknet.log
    jobid: 133
    reason: Missing output files: /uufs/chpc.utah.edu/common/home/u6073678/hooknet_project/results/inference/H_E/219223/post-processed/219223_hooknettls_post_processed.xml
    wildcards: slide=219223
    threads: 8
    resources: mem_mb=32000, mem_mib=30518, disk_mb=3418, disk_mib=3260, tmpdir=<TBD>, slurm_account=stewartp, slurm_partition=notchpeak-gpu, slurm_extra=--qos=notchpeak-gpu --account=notchpeak-gpu --gres=gpu:1 --clusters=notchpeak, runtime=240, cpus_per_task=4
Shell command: 
        mkdir -p /scratch/general/vast/u6073678/hooknet_tmp/tmp/219223
        mkdir -p /scratch/general/vast/u6073678/hooknet_tmp/output/images
        mkdir -p /uufs/chpc.utah.edu/common/home/u6073678/hooknet_project/results/inference/H_E/219223
        mkdir -p /uufs/chpc.utah.edu/common/home/u6073678/hooknet_project/results/inference/done
        /uufs/chpc.utah.edu/sys/installdir/apptainer/1.4.1/bin/apptainer exec --nv \
            --bind /scratch/general/vast/u6073678/hooknet_tmp:/workspace \
            --bind /scratch/general/vast/u6073678/hooknet_tmp/tmp/219223:/home/user/tmp \
            /uufs/chpc.utah.edu/common/home/u6073678/hooknet_project/containers/hooknet_tls.sif \
            python -m hooknettls \
            hooknettls.default.image_path=/workspace/converted/219223.tif \
            hooknettls.default.mask_path=/workspace/masks/219223_mask.tif \
            hooknettls.default.model_weights=/home/user/pathology-hooknet-tls/weights/lung_weights.h5 \
            hooknettls.default.output_folder=/workspace/output/images/219223/
        cp -r /scratch/general/vast/u6073678/hooknet_tmp/output/images/219223/. \
              /uufs/chpc.utah.edu/common/home/u6073678/hooknet_project/results/inference/H_E/219223/
        touch /uufs/chpc.utah.edu/common/home/u6073678/hooknet_project/results/inference/done/219223_hooknet.done
        rm -f  /scratch/general/vast/u6073678/hooknet_tmp/input/219223.svs
        rm -f  /scratch/general/vast/u6073678/hooknet_tmp/masks/219223_mask.tif
        rm -rf /scratch/general/vast/u6073678/hooknet_tmp/output/images/219223/
        rm -rf /scratch/general/vast/u6073678/hooknet_tmp/tmp/219223
        
Job 133 has been submitted with SLURM jobid 13463539 (log: /uufs/chpc.utah.edu/common/home/u6073678/hooknet_project/.snakemake/slurm_logs/rule_inference/219223/13463539.log).

[Fri Jun 12 13:01:54 2026]
rule inference:
    input: /scratch/general/vast/u6073678/hooknet_tmp/converted/219247.tif, /scratch/general/vast/u6073678/hooknet_tmp/masks/219247_mask.tif
    output: /uufs/chpc.utah.edu/common/home/u6073678/hooknet_project/results/inference/done/219247_hooknet.done, /uufs/chpc.utah.edu/common/home/u6073678/hooknet_project/results/inference/H_E/219247/post-processed/219247_hooknettls_post_processed.xml
    log: /scratch/general/vast/u6073678/hooknet_logs/219247_hooknet.log
    jobid: 178
    reason: Missing output files: /uufs/chpc.utah.edu/common/home/u6073678/hooknet_project/results/inference/H_E/219247/post-processed/219247_hooknettls_post_processed.xml
    wildcards: slide=219247
    threads: 8
    resources: mem_mb=32000, mem_mib=30518, disk_mb=3760, disk_mib=3586, tmpdir=<TBD>, slurm_account=stewartp, slurm_partition=notchpeak-gpu, slurm_extra=--qos=notchpeak-gpu --account=notchpeak-gpu --gres=gpu:1 --clusters=notchpeak, runtime=240, cpus_per_task=4
Shell command: 
        mkdir -p /scratch/general/vast/u6073678/hooknet_tmp/tmp/219247
        mkdir -p /scratch/general/vast/u6073678/hooknet_tmp/output/images
        mkdir -p /uufs/chpc.utah.edu/common/home/u6073678/hooknet_project/results/inference/H_E/219247
        mkdir -p /uufs/chpc.utah.edu/common/home/u6073678/hooknet_project/results/inference/done
        /uufs/chpc.utah.edu/sys/installdir/apptainer/1.4.1/bin/apptainer exec --nv \
            --bind /scratch/general/vast/u6073678/hooknet_tmp:/workspace \
            --bind /scratch/general/vast/u6073678/hooknet_tmp/tmp/219247:/home/user/tmp \
            /uufs/chpc.utah.edu/common/home/u6073678/hooknet_project/containers/hooknet_tls.sif \
            python -m hooknettls \
            hooknettls.default.image_path=/workspace/converted/219247.tif \
            hooknettls.default.mask_path=/workspace/masks/219247_mask.tif \
            hooknettls.default.model_weights=/home/user/pathology-hooknet-tls/weights/lung_weights.h5 \
            hooknettls.default.output_folder=/workspace/output/images/219247/
        cp -r /scratch/general/vast/u6073678/hooknet_tmp/output/images/219247/. \
              /uufs/chpc.utah.edu/common/home/u6073678/hooknet_project/results/inference/H_E/219247/
        touch /uufs/chpc.utah.edu/common/home/u6073678/hooknet_project/results/inference/done/219247_hooknet.done
        rm -f  /scratch/general/vast/u6073678/hooknet_tmp/input/219247.svs
        rm -f  /scratch/general/vast/u6073678/hooknet_tmp/masks/219247_mask.tif
        rm -rf /scratch/general/vast/u6073678/hooknet_tmp/output/images/219247/
        rm -rf /scratch/general/vast/u6073678/hooknet_tmp/tmp/219247
        
Job 178 has been submitted with SLURM jobid 13463540 (log: /uufs/chpc.utah.edu/common/home/u6073678/hooknet_project/.snakemake/slurm_logs/rule_inference/219247/13463540.log).

[Fri Jun 12 13:01:54 2026]
rule inference:
    input: /scratch/general/vast/u6073678/hooknet_tmp/converted/219238.tif, /scratch/general/vast/u6073678/hooknet_tmp/masks/219238_mask.tif
    output: /uufs/chpc.utah.edu/common/home/u6073678/hooknet_project/results/inference/done/219238_hooknet.done, /uufs/chpc.utah.edu/common/home/u6073678/hooknet_project/results/inference/H_E/219238/post-processed/219238_hooknettls_post_processed.xml
    log: /scratch/general/vast/u6073678/hooknet_logs/219238_hooknet.log
    jobid: 161
    reason: Missing output files: /uufs/chpc.utah.edu/common/home/u6073678/hooknet_project/results/inference/H_E/219238/post-processed/219238_hooknettls_post_processed.xml
    wildcards: slide=219238
    threads: 8
    resources: mem_mb=32000, mem_mib=30518, disk_mb=2233, disk_mib=2130, tmpdir=<TBD>, slurm_account=stewartp, slurm_partition=notchpeak-gpu, slurm_extra=--qos=notchpeak-gpu --account=notchpeak-gpu --gres=gpu:1 --clusters=notchpeak, runtime=240, cpus_per_task=4
Shell command: 
        mkdir -p /scratch/general/vast/u6073678/hooknet_tmp/tmp/219238
        mkdir -p /scratch/general/vast/u6073678/hooknet_tmp/output/images
        mkdir -p /uufs/chpc.utah.edu/common/home/u6073678/hooknet_project/results/inference/H_E/219238
        mkdir -p /uufs/chpc.utah.edu/common/home/u6073678/hooknet_project/results/inference/done
        /uufs/chpc.utah.edu/sys/installdir/apptainer/1.4.1/bin/apptainer exec --nv \
            --bind /scratch/general/vast/u6073678/hooknet_tmp:/workspace \
            --bind /scratch/general/vast/u6073678/hooknet_tmp/tmp/219238:/home/user/tmp \
            /uufs/chpc.utah.edu/common/home/u6073678/hooknet_project/containers/hooknet_tls.sif \
            python -m hooknettls \
            hooknettls.default.image_path=/workspace/converted/219238.tif \
            hooknettls.default.mask_path=/workspace/masks/219238_mask.tif \
            hooknettls.default.model_weights=/home/user/pathology-hooknet-tls/weights/lung_weights.h5 \
            hooknettls.default.output_folder=/workspace/output/images/219238/
        cp -r /scratch/general/vast/u6073678/hooknet_tmp/output/images/219238/. \
              /uufs/chpc.utah.edu/common/home/u6073678/hooknet_project/results/inference/H_E/219238/
        touch /uufs/chpc.utah.edu/common/home/u6073678/hooknet_project/results/inference/done/219238_hooknet.done
        rm -f  /scratch/general/vast/u6073678/hooknet_tmp/input/219238.svs
        rm -f  /scratch/general/vast/u6073678/hooknet_tmp/masks/219238_mask.tif
        rm -rf /scratch/general/vast/u6073678/hooknet_tmp/output/images/219238/
        rm -rf /scratch/general/vast/u6073678/hooknet_tmp/tmp/219238
        
Job 161 has been submitted with SLURM jobid 13463541 (log: /uufs/chpc.utah.edu/common/home/u6073678/hooknet_project/.snakemake/slurm_logs/rule_inference/219238/13463541.log).

[Fri Jun 12 13:01:54 2026]
rule inference:
    input: /scratch/general/vast/u6073678/hooknet_tmp/converted/219126.tif, /scratch/general/vast/u6073678/hooknet_tmp/masks/219126_mask.tif
    output: /uufs/chpc.utah.edu/common/home/u6073678/hooknet_project/results/inference/done/219126_hooknet.done, /uufs/chpc.utah.edu/common/home/u6073678/hooknet_project/results/inference/H_E/219126/post-processed/219126_hooknettls_post_processed.xml
    log: /scratch/general/vast/u6073678/hooknet_logs/219126_hooknet.log
    jobid: 27
    reason: Missing output files: /uufs/chpc.utah.edu/common/home/u6073678/hooknet_project/results/inference/H_E/219126/post-processed/219126_hooknettls_post_processed.xml; Code has changed since last execution
    wildcards: slide=219126
    threads: 8
    resources: mem_mb=32000, mem_mib=30518, disk_mb=3286, disk_mib=3134, tmpdir=<TBD>, slurm_account=stewartp, slurm_partition=notchpeak-gpu, slurm_extra=--qos=notchpeak-gpu --account=notchpeak-gpu --gres=gpu:1 --clusters=notchpeak, runtime=240, cpus_per_task=4
Shell command: 
        mkdir -p /scratch/general/vast/u6073678/hooknet_tmp/tmp/219126
        mkdir -p /scratch/general/vast/u6073678/hooknet_tmp/output/images
        mkdir -p /uufs/chpc.utah.edu/common/home/u6073678/hooknet_project/results/inference/H_E/219126
        mkdir -p /uufs/chpc.utah.edu/common/home/u6073678/hooknet_project/results/inference/done
        /uufs/chpc.utah.edu/sys/installdir/apptainer/1.4.1/bin/apptainer exec --nv \
            --bind /scratch/general/vast/u6073678/hooknet_tmp:/workspace \
            --bind /scratch/general/vast/u6073678/hooknet_tmp/tmp/219126:/home/user/tmp \
            /uufs/chpc.utah.edu/common/home/u6073678/hooknet_project/containers/hooknet_tls.sif \
            python -m hooknettls \
            hooknettls.default.image_path=/workspace/converted/219126.tif \
            hooknettls.default.mask_path=/workspace/masks/219126_mask.tif \
            hooknettls.default.model_weights=/home/user/pathology-hooknet-tls/weights/lung_weights.h5 \
            hooknettls.default.output_folder=/workspace/output/images/219126/
        cp -r /scratch/general/vast/u6073678/hooknet_tmp/output/images/219126/. \
              /uufs/chpc.utah.edu/common/home/u6073678/hooknet_project/results/inference/H_E/219126/
        touch /uufs/chpc.utah.edu/common/home/u6073678/hooknet_project/results/inference/done/219126_hooknet.done
        rm -f  /scratch/general/vast/u6073678/hooknet_tmp/input/219126.svs
        rm -f  /scratch/general/vast/u6073678/hooknet_tmp/masks/219126_mask.tif
        rm -rf /scratch/general/vast/u6073678/hooknet_tmp/output/images/219126/
        rm -rf /scratch/general/vast/u6073678/hooknet_tmp/tmp/219126
        
Job 27 has been submitted with SLURM jobid 13463542 (log: /uufs/chpc.utah.edu/common/home/u6073678/hooknet_project/.snakemake/slurm_logs/rule_inference/219126/13463542.log).

[Fri Jun 12 13:01:55 2026]
rule inference:
    input: /scratch/general/vast/u6073678/hooknet_tmp/converted/219136.tif, /scratch/general/vast/u6073678/hooknet_tmp/masks/219136_mask.tif
    output: /uufs/chpc.utah.edu/common/home/u6073678/hooknet_project/results/inference/done/219136_hooknet.done, /uufs/chpc.utah.edu/common/home/u6073678/hooknet_project/results/inference/H_E/219136/post-processed/219136_hooknettls_post_processed.xml
    log: /scratch/general/vast/u6073678/hooknet_logs/219136_hooknet.log
    jobid: 39
    reason: Missing output files: /uufs/chpc.utah.edu/common/home/u6073678/hooknet_project/results/inference/H_E/219136/post-processed/219136_hooknettls_post_processed.xml
    wildcards: slide=219136
    threads: 8
    resources: mem_mb=32000, mem_mib=30518, disk_mb=4887, disk_mib=4661, tmpdir=<TBD>, slurm_account=stewartp, slurm_partition=notchpeak-gpu, slurm_extra=--qos=notchpeak-gpu --account=notchpeak-gpu --gres=gpu:1 --clusters=notchpeak, runtime=240, cpus_per_task=4
Shell command: 
        mkdir -p /scratch/general/vast/u6073678/hooknet_tmp/tmp/219136
        mkdir -p /scratch/general/vast/u6073678/hooknet_tmp/output/images
        mkdir -p /uufs/chpc.utah.edu/common/home/u6073678/hooknet_project/results/inference/H_E/219136
        mkdir -p /uufs/chpc.utah.edu/common/home/u6073678/hooknet_project/results/inference/done
        /uufs/chpc.utah.edu/sys/installdir/apptainer/1.4.1/bin/apptainer exec --nv \
            --bind /scratch/general/vast/u6073678/hooknet_tmp:/workspace \
            --bind /scratch/general/vast/u6073678/hooknet_tmp/tmp/219136:/home/user/tmp \
            /uufs/chpc.utah.edu/common/home/u6073678/hooknet_project/containers/hooknet_tls.sif \
            python -m hooknettls \
            hooknettls.default.image_path=/workspace/converted/219136.tif \
            hooknettls.default.mask_path=/workspace/masks/219136_mask.tif \
            hooknettls.default.model_weights=/home/user/pathology-hooknet-tls/weights/lung_weights.h5 \
            hooknettls.default.output_folder=/workspace/output/images/219136/
        cp -r /scratch/general/vast/u6073678/hooknet_tmp/output/images/219136/. \
              /uufs/chpc.utah.edu/common/home/u6073678/hooknet_project/results/inference/H_E/219136/
        touch /uufs/chpc.utah.edu/common/home/u6073678/hooknet_project/results/inference/done/219136_hooknet.done
        rm -f  /scratch/general/vast/u6073678/hooknet_tmp/input/219136.svs
        rm -f  /scratch/general/vast/u6073678/hooknet_tmp/masks/219136_mask.tif
        rm -rf /scratch/general/vast/u6073678/hooknet_tmp/output/images/219136/
        rm -rf /scratch/general/vast/u6073678/hooknet_tmp/tmp/219136
        
Job 39 has been submitted with SLURM jobid 13463543 (log: /uufs/chpc.utah.edu/common/home/u6073678/hooknet_project/.snakemake/slurm_logs/rule_inference/219136/13463543.log).

[Fri Jun 12 13:01:55 2026]
rule inference:
    input: /scratch/general/vast/u6073678/hooknet_tmp/converted/219199.tif, /scratch/general/vast/u6073678/hooknet_tmp/masks/219199_mask.tif
    output: /uufs/chpc.utah.edu/common/home/u6073678/hooknet_project/results/inference/done/219199_hooknet.done, /uufs/chpc.utah.edu/common/home/u6073678/hooknet_project/results/inference/H_E/219199/post-processed/219199_hooknettls_post_processed.xml
    log: /scratch/general/vast/u6073678/hooknet_logs/219199_hooknet.log
    jobid: 90
    reason: Missing output files: /uufs/chpc.utah.edu/common/home/u6073678/hooknet_project/results/inference/H_E/219199/post-processed/219199_hooknettls_post_processed.xml
    wildcards: slide=219199
    threads: 8
    resources: mem_mb=32000, mem_mib=30518, disk_mb=6511, disk_mib=6210, tmpdir=<TBD>, slurm_account=stewartp, slurm_partition=notchpeak-gpu, slurm_extra=--qos=notchpeak-gpu --account=notchpeak-gpu --gres=gpu:1 --clusters=notchpeak, runtime=240, cpus_per_task=4
Shell command: 
        mkdir -p /scratch/general/vast/u6073678/hooknet_tmp/tmp/219199
        mkdir -p /scratch/general/vast/u6073678/hooknet_tmp/output/images
        mkdir -p /uufs/chpc.utah.edu/common/home/u6073678/hooknet_project/results/inference/H_E/219199
        mkdir -p /uufs/chpc.utah.edu/common/home/u6073678/hooknet_project/results/inference/done
        /uufs/chpc.utah.edu/sys/installdir/apptainer/1.4.1/bin/apptainer exec --nv \
            --bind /scratch/general/vast/u6073678/hooknet_tmp:/workspace \
            --bind /scratch/general/vast/u6073678/hooknet_tmp/tmp/219199:/home/user/tmp \
            /uufs/chpc.utah.edu/common/home/u6073678/hooknet_project/containers/hooknet_tls.sif \
            python -m hooknettls \
            hooknettls.default.image_path=/workspace/converted/219199.tif \
            hooknettls.default.mask_path=/workspace/masks/219199_mask.tif \
            hooknettls.default.model_weights=/home/user/pathology-hooknet-tls/weights/lung_weights.h5 \
            hooknettls.default.output_folder=/workspace/output/images/219199/
        cp -r /scratch/general/vast/u6073678/hooknet_tmp/output/images/219199/. \
              /uufs/chpc.utah.edu/common/home/u6073678/hooknet_project/results/inference/H_E/219199/
        touch /uufs/chpc.utah.edu/common/home/u6073678/hooknet_project/results/inference/done/219199_hooknet.done
        rm -f  /scratch/general/vast/u6073678/hooknet_tmp/input/219199.svs
        rm -f  /scratch/general/vast/u6073678/hooknet_tmp/masks/219199_mask.tif
        rm -rf /scratch/general/vast/u6073678/hooknet_tmp/output/images/219199/
        rm -rf /scratch/general/vast/u6073678/hooknet_tmp/tmp/219199
        
Job 90 has been submitted with SLURM jobid 13463544 (log: /uufs/chpc.utah.edu/common/home/u6073678/hooknet_project/.snakemake/slurm_logs/rule_inference/219199/13463544.log).

[Fri Jun 12 13:01:55 2026]
rule inference:
    input: /scratch/general/vast/u6073678/hooknet_tmp/converted/219244.tif, /scratch/general/vast/u6073678/hooknet_tmp/masks/219244_mask.tif
    output: /uufs/chpc.utah.edu/common/home/u6073678/hooknet_project/results/inference/done/219244_hooknet.done, /uufs/chpc.utah.edu/common/home/u6073678/hooknet_project/results/inference/H_E/219244/post-processed/219244_hooknettls_post_processed.xml
    log: /scratch/general/vast/u6073678/hooknet_logs/219244_hooknet.log
    jobid: 172
    reason: Missing output files: /uufs/chpc.utah.edu/common/home/u6073678/hooknet_project/results/inference/H_E/219244/post-processed/219244_hooknettls_post_processed.xml
    wildcards: slide=219244
    threads: 8
    resources: mem_mb=32000, mem_mib=30518, disk_mb=1669, disk_mib=1592, tmpdir=<TBD>, slurm_account=stewartp, slurm_partition=notchpeak-gpu, slurm_extra=--qos=notchpeak-gpu --account=notchpeak-gpu --gres=gpu:1 --clusters=notchpeak, runtime=240, cpus_per_task=4
Shell command: 
        mkdir -p /scratch/general/vast/u6073678/hooknet_tmp/tmp/219244
        mkdir -p /scratch/general/vast/u6073678/hooknet_tmp/output/images
        mkdir -p /uufs/chpc.utah.edu/common/home/u6073678/hooknet_project/results/inference/H_E/219244
        mkdir -p /uufs/chpc.utah.edu/common/home/u6073678/hooknet_project/results/inference/done
        /uufs/chpc.utah.edu/sys/installdir/apptainer/1.4.1/bin/apptainer exec --nv \
            --bind /scratch/general/vast/u6073678/hooknet_tmp:/workspace \
            --bind /scratch/general/vast/u6073678/hooknet_tmp/tmp/219244:/home/user/tmp \
            /uufs/chpc.utah.edu/common/home/u6073678/hooknet_project/containers/hooknet_tls.sif \
            python -m hooknettls \
            hooknettls.default.image_path=/workspace/converted/219244.tif \
            hooknettls.default.mask_path=/workspace/masks/219244_mask.tif \
            hooknettls.default.model_weights=/home/user/pathology-hooknet-tls/weights/lung_weights.h5 \
            hooknettls.default.output_folder=/workspace/output/images/219244/
        cp -r /scratch/general/vast/u6073678/hooknet_tmp/output/images/219244/. \
              /uufs/chpc.utah.edu/common/home/u6073678/hooknet_project/results/inference/H_E/219244/
        touch /uufs/chpc.utah.edu/common/home/u6073678/hooknet_project/results/inference/done/219244_hooknet.done
        rm -f  /scratch/general/vast/u6073678/hooknet_tmp/input/219244.svs
        rm -f  /scratch/general/vast/u6073678/hooknet_tmp/masks/219244_mask.tif
        rm -rf /scratch/general/vast/u6073678/hooknet_tmp/output/images/219244/
        rm -rf /scratch/general/vast/u6073678/hooknet_tmp/tmp/219244
        
Job 172 has been submitted with SLURM jobid 13463545 (log: /uufs/chpc.utah.edu/common/home/u6073678/hooknet_project/.snakemake/slurm_logs/rule_inference/219244/13463545.log).

[Fri Jun 12 13:01:55 2026]
rule inference:
    input: /scratch/general/vast/u6073678/hooknet_tmp/converted/219194.tif, /scratch/general/vast/u6073678/hooknet_tmp/masks/219194_mask.tif
    output: /uufs/chpc.utah.edu/common/home/u6073678/hooknet_project/results/inference/done/219194_hooknet.done, /uufs/chpc.utah.edu/common/home/u6073678/hooknet_project/results/inference/H_E/219194/post-processed/219194_hooknettls_post_processed.xml
    log: /scratch/general/vast/u6073678/hooknet_logs/219194_hooknet.log
    jobid: 84
    reason: Missing output files: /uufs/chpc.utah.edu/common/home/u6073678/hooknet_project/results/inference/H_E/219194/post-processed/219194_hooknettls_post_processed.xml
    wildcards: slide=219194
    threads: 8
    resources: mem_mb=32000, mem_mib=30518, disk_mb=4036, disk_mib=3850, tmpdir=<TBD>, slurm_account=stewartp, slurm_partition=notchpeak-gpu, slurm_extra=--qos=notchpeak-gpu --account=notchpeak-gpu --gres=gpu:1 --clusters=notchpeak, runtime=240, cpus_per_task=4
Shell command: 
        mkdir -p /scratch/general/vast/u6073678/hooknet_tmp/tmp/219194
        mkdir -p /scratch/general/vast/u6073678/hooknet_tmp/output/images
        mkdir -p /uufs/chpc.utah.edu/common/home/u6073678/hooknet_project/results/inference/H_E/219194
        mkdir -p /uufs/chpc.utah.edu/common/home/u6073678/hooknet_project/results/inference/done
        /uufs/chpc.utah.edu/sys/installdir/apptainer/1.4.1/bin/apptainer exec --nv \
            --bind /scratch/general/vast/u6073678/hooknet_tmp:/workspace \
            --bind /scratch/general/vast/u6073678/hooknet_tmp/tmp/219194:/home/user/tmp \
            /uufs/chpc.utah.edu/common/home/u6073678/hooknet_project/containers/hooknet_tls.sif \
            python -m hooknettls \
            hooknettls.default.image_path=/workspace/converted/219194.tif \
            hooknettls.default.mask_path=/workspace/masks/219194_mask.tif \
            hooknettls.default.model_weights=/home/user/pathology-hooknet-tls/weights/lung_weights.h5 \
            hooknettls.default.output_folder=/workspace/output/images/219194/
        cp -r /scratch/general/vast/u6073678/hooknet_tmp/output/images/219194/. \
              /uufs/chpc.utah.edu/common/home/u6073678/hooknet_project/results/inference/H_E/219194/
        touch /uufs/chpc.utah.edu/common/home/u6073678/hooknet_project/results/inference/done/219194_hooknet.done
        rm -f  /scratch/general/vast/u6073678/hooknet_tmp/input/219194.svs
        rm -f  /scratch/general/vast/u6073678/hooknet_tmp/masks/219194_mask.tif
        rm -rf /scratch/general/vast/u6073678/hooknet_tmp/output/images/219194/
        rm -rf /scratch/general/vast/u6073678/hooknet_tmp/tmp/219194
        
Job 84 has been submitted with SLURM jobid 13463546 (log: /uufs/chpc.utah.edu/common/home/u6073678/hooknet_project/.snakemake/slurm_logs/rule_inference/219194/13463546.log).

[Fri Jun 12 13:01:55 2026]
rule inference:
    input: /scratch/general/vast/u6073678/hooknet_tmp/converted/219220.tif, /scratch/general/vast/u6073678/hooknet_tmp/masks/219220_mask.tif
    output: /uufs/chpc.utah.edu/common/home/u6073678/hooknet_project/results/inference/done/219220_hooknet.done, /uufs/chpc.utah.edu/common/home/u6073678/hooknet_project/results/inference/H_E/219220/post-processed/219220_hooknettls_post_processed.xml
    log: /scratch/general/vast/u6073678/hooknet_logs/219220_hooknet.log
    jobid: 127
    reason: Missing output files: /uufs/chpc.utah.edu/common/home/u6073678/hooknet_project/results/inference/H_E/219220/post-processed/219220_hooknettls_post_processed.xml
    wildcards: slide=219220
    threads: 8
    resources: mem_mb=32000, mem_mib=30518, disk_mb=1649, disk_mib=1573, tmpdir=<TBD>, slurm_account=stewartp, slurm_partition=notchpeak-gpu, slurm_extra=--qos=notchpeak-gpu --account=notchpeak-gpu --gres=gpu:1 --clusters=notchpeak, runtime=240, cpus_per_task=4
Shell command: 
        mkdir -p /scratch/general/vast/u6073678/hooknet_tmp/tmp/219220
        mkdir -p /scratch/general/vast/u6073678/hooknet_tmp/output/images
        mkdir -p /uufs/chpc.utah.edu/common/home/u6073678/hooknet_project/results/inference/H_E/219220
        mkdir -p /uufs/chpc.utah.edu/common/home/u6073678/hooknet_project/results/inference/done
        /uufs/chpc.utah.edu/sys/installdir/apptainer/1.4.1/bin/apptainer exec --nv \
            --bind /scratch/general/vast/u6073678/hooknet_tmp:/workspace \
            --bind /scratch/general/vast/u6073678/hooknet_tmp/tmp/219220:/home/user/tmp \
            /uufs/chpc.utah.edu/common/home/u6073678/hooknet_project/containers/hooknet_tls.sif \
            python -m hooknettls \
            hooknettls.default.image_path=/workspace/converted/219220.tif \
            hooknettls.default.mask_path=/workspace/masks/219220_mask.tif \
            hooknettls.default.model_weights=/home/user/pathology-hooknet-tls/weights/lung_weights.h5 \
            hooknettls.default.output_folder=/workspace/output/images/219220/
        cp -r /scratch/general/vast/u6073678/hooknet_tmp/output/images/219220/. \
              /uufs/chpc.utah.edu/common/home/u6073678/hooknet_project/results/inference/H_E/219220/
        touch /uufs/chpc.utah.edu/common/home/u6073678/hooknet_project/results/inference/done/219220_hooknet.done
        rm -f  /scratch/general/vast/u6073678/hooknet_tmp/input/219220.svs
        rm -f  /scratch/general/vast/u6073678/hooknet_tmp/masks/219220_mask.tif
        rm -rf /scratch/general/vast/u6073678/hooknet_tmp/output/images/219220/
        rm -rf /scratch/general/vast/u6073678/hooknet_tmp/tmp/219220
        
Job 127 has been submitted with SLURM jobid 13463547 (log: /uufs/chpc.utah.edu/common/home/u6073678/hooknet_project/.snakemake/slurm_logs/rule_inference/219220/13463547.log).

[Fri Jun 12 13:01:56 2026]
rule inference:
    input: /scratch/general/vast/u6073678/hooknet_tmp/converted/219143.tif, /scratch/general/vast/u6073678/hooknet_tmp/masks/219143_mask.tif
    output: /uufs/chpc.utah.edu/common/home/u6073678/hooknet_project/results/inference/done/219143_hooknet.done, /uufs/chpc.utah.edu/common/home/u6073678/hooknet_project/results/inference/H_E/219143/post-processed/219143_hooknettls_post_processed.xml
    log: /scratch/general/vast/u6073678/hooknet_logs/219143_hooknet.log
    jobid: 45
    reason: Missing output files: /uufs/chpc.utah.edu/common/home/u6073678/hooknet_project/results/inference/H_E/219143/post-processed/219143_hooknettls_post_processed.xml
    wildcards: slide=219143
    threads: 8
    resources: mem_mb=32000, mem_mib=30518, disk_mb=4340, disk_mib=4139, tmpdir=<TBD>, slurm_account=stewartp, slurm_partition=notchpeak-gpu, slurm_extra=--qos=notchpeak-gpu --account=notchpeak-gpu --gres=gpu:1 --clusters=notchpeak, runtime=240, cpus_per_task=4
Shell command: 
        mkdir -p /scratch/general/vast/u6073678/hooknet_tmp/tmp/219143
        mkdir -p /scratch/general/vast/u6073678/hooknet_tmp/output/images
        mkdir -p /uufs/chpc.utah.edu/common/home/u6073678/hooknet_project/results/inference/H_E/219143
        mkdir -p /uufs/chpc.utah.edu/common/home/u6073678/hooknet_project/results/inference/done
        /uufs/chpc.utah.edu/sys/installdir/apptainer/1.4.1/bin/apptainer exec --nv \
            --bind /scratch/general/vast/u6073678/hooknet_tmp:/workspace \
            --bind /scratch/general/vast/u6073678/hooknet_tmp/tmp/219143:/home/user/tmp \
            /uufs/chpc.utah.edu/common/home/u6073678/hooknet_project/containers/hooknet_tls.sif \
            python -m hooknettls \
            hooknettls.default.image_path=/workspace/converted/219143.tif \
            hooknettls.default.mask_path=/workspace/masks/219143_mask.tif \
            hooknettls.default.model_weights=/home/user/pathology-hooknet-tls/weights/lung_weights.h5 \
            hooknettls.default.output_folder=/workspace/output/images/219143/
        cp -r /scratch/general/vast/u6073678/hooknet_tmp/output/images/219143/. \
              /uufs/chpc.utah.edu/common/home/u6073678/hooknet_project/results/inference/H_E/219143/
        touch /uufs/chpc.utah.edu/common/home/u6073678/hooknet_project/results/inference/done/219143_hooknet.done
        rm -f  /scratch/general/vast/u6073678/hooknet_tmp/input/219143.svs
        rm -f  /scratch/general/vast/u6073678/hooknet_tmp/masks/219143_mask.tif
        rm -rf /scratch/general/vast/u6073678/hooknet_tmp/output/images/219143/
        rm -rf /scratch/general/vast/u6073678/hooknet_tmp/tmp/219143
        
Job 45 has been submitted with SLURM jobid 13463548 (log: /uufs/chpc.utah.edu/common/home/u6073678/hooknet_project/.snakemake/slurm_logs/rule_inference/219143/13463548.log).

[Fri Jun 12 13:01:56 2026]
rule inference:
    input: /scratch/general/vast/u6073678/hooknet_tmp/converted/219268.tif, /scratch/general/vast/u6073678/hooknet_tmp/masks/219268_mask.tif
    output: /uufs/chpc.utah.edu/common/home/u6073678/hooknet_project/results/inference/done/219268_hooknet.done, /uufs/chpc.utah.edu/common/home/u6073678/hooknet_project/results/inference/H_E/219268/post-processed/219268_hooknettls_post_processed.xml
    log: /scratch/general/vast/u6073678/hooknet_logs/219268_hooknet.log
    jobid: 216
    reason: Missing output files: /uufs/chpc.utah.edu/common/home/u6073678/hooknet_project/results/inference/H_E/219268/post-processed/219268_hooknettls_post_processed.xml
    wildcards: slide=219268
    threads: 8
    resources: mem_mb=32000, mem_mib=30518, disk_mb=2264, disk_mib=2160, tmpdir=<TBD>, slurm_account=stewartp, slurm_partition=notchpeak-gpu, slurm_extra=--qos=notchpeak-gpu --account=notchpeak-gpu --gres=gpu:1 --clusters=notchpeak, runtime=240, cpus_per_task=4
Shell command: 
        mkdir -p /scratch/general/vast/u6073678/hooknet_tmp/tmp/219268
        mkdir -p /scratch/general/vast/u6073678/hooknet_tmp/output/images
        mkdir -p /uufs/chpc.utah.edu/common/home/u6073678/hooknet_project/results/inference/H_E/219268
        mkdir -p /uufs/chpc.utah.edu/common/home/u6073678/hooknet_project/results/inference/done
        /uufs/chpc.utah.edu/sys/installdir/apptainer/1.4.1/bin/apptainer exec --nv \
            --bind /scratch/general/vast/u6073678/hooknet_tmp:/workspace \
            --bind /scratch/general/vast/u6073678/hooknet_tmp/tmp/219268:/home/user/tmp \
            /uufs/chpc.utah.edu/common/home/u6073678/hooknet_project/containers/hooknet_tls.sif \
            python -m hooknettls \
            hooknettls.default.image_path=/workspace/converted/219268.tif \
            hooknettls.default.mask_path=/workspace/masks/219268_mask.tif \
            hooknettls.default.model_weights=/home/user/pathology-hooknet-tls/weights/lung_weights.h5 \
            hooknettls.default.output_folder=/workspace/output/images/219268/
        cp -r /scratch/general/vast/u6073678/hooknet_tmp/output/images/219268/. \
              /uufs/chpc.utah.edu/common/home/u6073678/hooknet_project/results/inference/H_E/219268/
        touch /uufs/chpc.utah.edu/common/home/u6073678/hooknet_project/results/inference/done/219268_hooknet.done
        rm -f  /scratch/general/vast/u6073678/hooknet_tmp/input/219268.svs
        rm -f  /scratch/general/vast/u6073678/hooknet_tmp/masks/219268_mask.tif
        rm -rf /scratch/general/vast/u6073678/hooknet_tmp/output/images/219268/
        rm -rf /scratch/general/vast/u6073678/hooknet_tmp/tmp/219268
        
Job 216 has been submitted with SLURM jobid 13463549 (log: /uufs/chpc.utah.edu/common/home/u6073678/hooknet_project/.snakemake/slurm_logs/rule_inference/219268/13463549.log).

[Fri Jun 12 13:01:56 2026]
rule inference:
    input: /scratch/general/vast/u6073678/hooknet_tmp/converted/219161.tif, /scratch/general/vast/u6073678/hooknet_tmp/masks/219161_mask.tif
    output: /uufs/chpc.utah.edu/common/home/u6073678/hooknet_project/results/inference/done/219161_hooknet.done, /uufs/chpc.utah.edu/common/home/u6073678/hooknet_project/results/inference/H_E/219161/post-processed/219161_hooknettls_post_processed.xml
    log: /scratch/general/vast/u6073678/hooknet_logs/219161_hooknet.log
    jobid: 62
    reason: Missing output files: /uufs/chpc.utah.edu/common/home/u6073678/hooknet_project/results/inference/H_E/219161/post-processed/219161_hooknettls_post_processed.xml
    wildcards: slide=219161
    threads: 8
    resources: mem_mb=32000, mem_mib=30518, disk_mb=4828, disk_mib=4605, tmpdir=<TBD>, slurm_account=stewartp, slurm_partition=notchpeak-gpu, slurm_extra=--qos=notchpeak-gpu --account=notchpeak-gpu --gres=gpu:1 --clusters=notchpeak, runtime=240, cpus_per_task=4
Shell command: 
        mkdir -p /scratch/general/vast/u6073678/hooknet_tmp/tmp/219161
        mkdir -p /scratch/general/vast/u6073678/hooknet_tmp/output/images
        mkdir -p /uufs/chpc.utah.edu/common/home/u6073678/hooknet_project/results/inference/H_E/219161
        mkdir -p /uufs/chpc.utah.edu/common/home/u6073678/hooknet_project/results/inference/done
        /uufs/chpc.utah.edu/sys/installdir/apptainer/1.4.1/bin/apptainer exec --nv \
            --bind /scratch/general/vast/u6073678/hooknet_tmp:/workspace \
            --bind /scratch/general/vast/u6073678/hooknet_tmp/tmp/219161:/home/user/tmp \
            /uufs/chpc.utah.edu/common/home/u6073678/hooknet_project/containers/hooknet_tls.sif \
            python -m hooknettls \
            hooknettls.default.image_path=/workspace/converted/219161.tif \
            hooknettls.default.mask_path=/workspace/masks/219161_mask.tif \
            hooknettls.default.model_weights=/home/user/pathology-hooknet-tls/weights/lung_weights.h5 \
            hooknettls.default.output_folder=/workspace/output/images/219161/
        cp -r /scratch/general/vast/u6073678/hooknet_tmp/output/images/219161/. \
              /uufs/chpc.utah.edu/common/home/u6073678/hooknet_project/results/inference/H_E/219161/
        touch /uufs/chpc.utah.edu/common/home/u6073678/hooknet_project/results/inference/done/219161_hooknet.done
        rm -f  /scratch/general/vast/u6073678/hooknet_tmp/input/219161.svs
        rm -f  /scratch/general/vast/u6073678/hooknet_tmp/masks/219161_mask.tif
        rm -rf /scratch/general/vast/u6073678/hooknet_tmp/output/images/219161/
        rm -rf /scratch/general/vast/u6073678/hooknet_tmp/tmp/219161
        
Job 62 has been submitted with SLURM jobid 13463550 (log: /uufs/chpc.utah.edu/common/home/u6073678/hooknet_project/.snakemake/slurm_logs/rule_inference/219161/13463550.log).
Select jobs to execute...
[Fri Jun 12 13:11:26 2026]
Finished jobid: 221 (Rule: inference)
1 of 247 steps (0.4%) done
Execute 1 jobs...

[Fri Jun 12 13:11:26 2026]
rule inference:
    input: /scratch/general/vast/u6073678/hooknet_tmp/converted/219160.tif, /scratch/general/vast/u6073678/hooknet_tmp/masks/219160_mask.tif
    output: /uufs/chpc.utah.edu/common/home/u6073678/hooknet_project/results/inference/done/219160_hooknet.done, /uufs/chpc.utah.edu/common/home/u6073678/hooknet_project/results/inference/H_E/219160/post-processed/219160_hooknettls_post_processed.xml
    log: /scratch/general/vast/u6073678/hooknet_logs/219160_hooknet.log
    jobid: 60
    reason: Missing output files: /uufs/chpc.utah.edu/common/home/u6073678/hooknet_project/results/inference/H_E/219160/post-processed/219160_hooknettls_post_processed.xml
    wildcards: slide=219160
    threads: 8
    resources: mem_mb=32000, mem_mib=30518, disk_mb=4433, disk_mib=4228, tmpdir=<TBD>, slurm_account=stewartp, slurm_partition=notchpeak-gpu, slurm_extra=--qos=notchpeak-gpu --account=notchpeak-gpu --gres=gpu:1 --clusters=notchpeak, runtime=240, cpus_per_task=4
Shell command: 
        mkdir -p /scratch/general/vast/u6073678/hooknet_tmp/tmp/219160
        mkdir -p /scratch/general/vast/u6073678/hooknet_tmp/output/images
        mkdir -p /uufs/chpc.utah.edu/common/home/u6073678/hooknet_project/results/inference/H_E/219160
        mkdir -p /uufs/chpc.utah.edu/common/home/u6073678/hooknet_project/results/inference/done
        /uufs/chpc.utah.edu/sys/installdir/apptainer/1.4.1/bin/apptainer exec --nv \
            --bind /scratch/general/vast/u6073678/hooknet_tmp:/workspace \
            --bind /scratch/general/vast/u6073678/hooknet_tmp/tmp/219160:/home/user/tmp \
            /uufs/chpc.utah.edu/common/home/u6073678/hooknet_project/containers/hooknet_tls.sif \
            python -m hooknettls \
            hooknettls.default.image_path=/workspace/converted/219160.tif \
            hooknettls.default.mask_path=/workspace/masks/219160_mask.tif \
            hooknettls.default.model_weights=/home/user/pathology-hooknet-tls/weights/lung_weights.h5 \
            hooknettls.default.output_folder=/workspace/output/images/219160/
        cp -r /scratch/general/vast/u6073678/hooknet_tmp/output/images/219160/. \
              /uufs/chpc.utah.edu/common/home/u6073678/hooknet_project/results/inference/H_E/219160/
        touch /uufs/chpc.utah.edu/common/home/u6073678/hooknet_project/results/inference/done/219160_hooknet.done
        rm -f  /scratch/general/vast/u6073678/hooknet_tmp/input/219160.svs
        rm -f  /scratch/general/vast/u6073678/hooknet_tmp/masks/219160_mask.tif
        rm -rf /scratch/general/vast/u6073678/hooknet_tmp/output/images/219160/
        rm -rf /scratch/general/vast/u6073678/hooknet_tmp/tmp/219160
        
Job 60 has been submitted with SLURM jobid 13463649 (log: /uufs/chpc.utah.edu/common/home/u6073678/hooknet_project/.snakemake/slurm_logs/rule_inference/219160/13463649.log).
Select jobs to execute...
[Fri Jun 12 13:13:56 2026]
Finished jobid: 146 (Rule: inference)
2 of 247 steps (1%) done
Execute 1 jobs...

[Fri Jun 12 13:13:56 2026]
rule inference:
    input: /scratch/general/vast/u6073678/hooknet_tmp/converted/219124.tif, /scratch/general/vast/u6073678/hooknet_tmp/masks/219124_mask.tif
    output: /uufs/chpc.utah.edu/common/home/u6073678/hooknet_project/results/inference/done/219124_hooknet.done, /uufs/chpc.utah.edu/common/home/u6073678/hooknet_project/results/inference/H_E/219124/post-processed/219124_hooknettls_post_processed.xml
    log: /scratch/general/vast/u6073678/hooknet_logs/219124_hooknet.log
    jobid: 25
    reason: Missing output files: /uufs/chpc.utah.edu/common/home/u6073678/hooknet_project/results/inference/H_E/219124/post-processed/219124_hooknettls_post_processed.xml
    wildcards: slide=219124
    threads: 8
    resources: mem_mb=32000, mem_mib=30518, disk_mb=5492, disk_mib=5238, tmpdir=<TBD>, slurm_account=stewartp, slurm_partition=notchpeak-gpu, slurm_extra=--qos=notchpeak-gpu --account=notchpeak-gpu --gres=gpu:1 --clusters=notchpeak, runtime=240, cpus_per_task=4
Shell command: 
        mkdir -p /scratch/general/vast/u6073678/hooknet_tmp/tmp/219124
        mkdir -p /scratch/general/vast/u6073678/hooknet_tmp/output/images
        mkdir -p /uufs/chpc.utah.edu/common/home/u6073678/hooknet_project/results/inference/H_E/219124
        mkdir -p /uufs/chpc.utah.edu/common/home/u6073678/hooknet_project/results/inference/done
        /uufs/chpc.utah.edu/sys/installdir/apptainer/1.4.1/bin/apptainer exec --nv \
            --bind /scratch/general/vast/u6073678/hooknet_tmp:/workspace \
            --bind /scratch/general/vast/u6073678/hooknet_tmp/tmp/219124:/home/user/tmp \
            /uufs/chpc.utah.edu/common/home/u6073678/hooknet_project/containers/hooknet_tls.sif \
            python -m hooknettls \
            hooknettls.default.image_path=/workspace/converted/219124.tif \
            hooknettls.default.mask_path=/workspace/masks/219124_mask.tif \
            hooknettls.default.model_weights=/home/user/pathology-hooknet-tls/weights/lung_weights.h5 \
            hooknettls.default.output_folder=/workspace/output/images/219124/
        cp -r /scratch/general/vast/u6073678/hooknet_tmp/output/images/219124/. \
              /uufs/chpc.utah.edu/common/home/u6073678/hooknet_project/results/inference/H_E/219124/
        touch /uufs/chpc.utah.edu/common/home/u6073678/hooknet_project/results/inference/done/219124_hooknet.done
        rm -f  /scratch/general/vast/u6073678/hooknet_tmp/input/219124.svs
        rm -f  /scratch/general/vast/u6073678/hooknet_tmp/masks/219124_mask.tif
        rm -rf /scratch/general/vast/u6073678/hooknet_tmp/output/images/219124/
        rm -rf /scratch/general/vast/u6073678/hooknet_tmp/tmp/219124
        
Job 25 has been submitted with SLURM jobid 13463669 (log: /uufs/chpc.utah.edu/common/home/u6073678/hooknet_project/.snakemake/slurm_logs/rule_inference/219124/13463669.log).
Select jobs to execute...
[Fri Jun 12 13:17:37 2026]
Finished jobid: 230 (Rule: inference)
3 of 247 steps (1%) done
Execute 1 jobs...

[Fri Jun 12 13:17:37 2026]
rule inference:
    input: /scratch/general/vast/u6073678/hooknet_tmp/converted/219231.tif, /scratch/general/vast/u6073678/hooknet_tmp/masks/219231_mask.tif
    output: /uufs/chpc.utah.edu/common/home/u6073678/hooknet_project/results/inference/done/219231_hooknet.done, /uufs/chpc.utah.edu/common/home/u6073678/hooknet_project/results/inference/H_E/219231/post-processed/219231_hooknettls_post_processed.xml
    log: /scratch/general/vast/u6073678/hooknet_logs/219231_hooknet.log
    jobid: 148
    reason: Missing output files: /uufs/chpc.utah.edu/common/home/u6073678/hooknet_project/results/inference/H_E/219231/post-processed/219231_hooknettls_post_processed.xml
    wildcards: slide=219231
    threads: 8
    resources: mem_mb=32000, mem_mib=30518, disk_mb=5295, disk_mib=5050, tmpdir=<TBD>, slurm_account=stewartp, slurm_partition=notchpeak-gpu, slurm_extra=--qos=notchpeak-gpu --account=notchpeak-gpu --gres=gpu:1 --clusters=notchpeak, runtime=240, cpus_per_task=4
Shell command: 
        mkdir -p /scratch/general/vast/u6073678/hooknet_tmp/tmp/219231
        mkdir -p /scratch/general/vast/u6073678/hooknet_tmp/output/images
        mkdir -p /uufs/chpc.utah.edu/common/home/u6073678/hooknet_project/results/inference/H_E/219231
        mkdir -p /uufs/chpc.utah.edu/common/home/u6073678/hooknet_project/results/inference/done
        /uufs/chpc.utah.edu/sys/installdir/apptainer/1.4.1/bin/apptainer exec --nv \
            --bind /scratch/general/vast/u6073678/hooknet_tmp:/workspace \
            --bind /scratch/general/vast/u6073678/hooknet_tmp/tmp/219231:/home/user/tmp \
            /uufs/chpc.utah.edu/common/home/u6073678/hooknet_project/containers/hooknet_tls.sif \
            python -m hooknettls \
            hooknettls.default.image_path=/workspace/converted/219231.tif \
            hooknettls.default.mask_path=/workspace/masks/219231_mask.tif \
            hooknettls.default.model_weights=/home/user/pathology-hooknet-tls/weights/lung_weights.h5 \
            hooknettls.default.output_folder=/workspace/output/images/219231/
        cp -r /scratch/general/vast/u6073678/hooknet_tmp/output/images/219231/. \
              /uufs/chpc.utah.edu/common/home/u6073678/hooknet_project/results/inference/H_E/219231/
        touch /uufs/chpc.utah.edu/common/home/u6073678/hooknet_project/results/inference/done/219231_hooknet.done
        rm -f  /scratch/general/vast/u6073678/hooknet_tmp/input/219231.svs
        rm -f  /scratch/general/vast/u6073678/hooknet_tmp/masks/219231_mask.tif
        rm -rf /scratch/general/vast/u6073678/hooknet_tmp/output/images/219231/
        rm -rf /scratch/general/vast/u6073678/hooknet_tmp/tmp/219231
        
Job 148 has been submitted with SLURM jobid 13463725 (log: /uufs/chpc.utah.edu/common/home/u6073678/hooknet_project/.snakemake/slurm_logs/rule_inference/219231/13463725.log).
Select jobs to execute...
[Fri Jun 12 13:24:08 2026]
Finished jobid: 165 (Rule: inference)
4 of 247 steps (2%) done
Execute 1 jobs...

[Fri Jun 12 13:24:08 2026]
rule inference:
    input: /scratch/general/vast/u6073678/hooknet_tmp/converted/219276.tif, /scratch/general/vast/u6073678/hooknet_tmp/masks/219276_mask.tif
    output: /uufs/chpc.utah.edu/common/home/u6073678/hooknet_project/results/inference/done/219276_hooknet.done, /uufs/chpc.utah.edu/common/home/u6073678/hooknet_project/results/inference/H_E/219276/post-processed/219276_hooknettls_post_processed.xml
    log: /scratch/general/vast/u6073678/hooknet_logs/219276_hooknet.log
    jobid: 228
    reason: Missing output files: /uufs/chpc.utah.edu/common/home/u6073678/hooknet_project/results/inference/H_E/219276/post-processed/219276_hooknettls_post_processed.xml
    wildcards: slide=219276
    threads: 8
    resources: mem_mb=32000, mem_mib=30518, disk_mb=7320, disk_mib=6981, tmpdir=<TBD>, slurm_account=stewartp, slurm_partition=notchpeak-gpu, slurm_extra=--qos=notchpeak-gpu --account=notchpeak-gpu --gres=gpu:1 --clusters=notchpeak, runtime=240, cpus_per_task=4
Shell command: 
        mkdir -p /scratch/general/vast/u6073678/hooknet_tmp/tmp/219276
        mkdir -p /scratch/general/vast/u6073678/hooknet_tmp/output/images
        mkdir -p /uufs/chpc.utah.edu/common/home/u6073678/hooknet_project/results/inference/H_E/219276
        mkdir -p /uufs/chpc.utah.edu/common/home/u6073678/hooknet_project/results/inference/done
        /uufs/chpc.utah.edu/sys/installdir/apptainer/1.4.1/bin/apptainer exec --nv \
            --bind /scratch/general/vast/u6073678/hooknet_tmp:/workspace \
            --bind /scratch/general/vast/u6073678/hooknet_tmp/tmp/219276:/home/user/tmp \
            /uufs/chpc.utah.edu/common/home/u6073678/hooknet_project/containers/hooknet_tls.sif \
            python -m hooknettls \
            hooknettls.default.image_path=/workspace/converted/219276.tif \
            hooknettls.default.mask_path=/workspace/masks/219276_mask.tif \
            hooknettls.default.model_weights=/home/user/pathology-hooknet-tls/weights/lung_weights.h5 \
            hooknettls.default.output_folder=/workspace/output/images/219276/
        cp -r /scratch/general/vast/u6073678/hooknet_tmp/output/images/219276/. \
              /uufs/chpc.utah.edu/common/home/u6073678/hooknet_project/results/inference/H_E/219276/
        touch /uufs/chpc.utah.edu/common/home/u6073678/hooknet_project/results/inference/done/219276_hooknet.done
        rm -f  /scratch/general/vast/u6073678/hooknet_tmp/input/219276.svs
        rm -f  /scratch/general/vast/u6073678/hooknet_tmp/masks/219276_mask.tif
        rm -rf /scratch/general/vast/u6073678/hooknet_tmp/output/images/219276/
        rm -rf /scratch/general/vast/u6073678/hooknet_tmp/tmp/219276
        
Job 228 has been submitted with SLURM jobid 13463823 (log: /uufs/chpc.utah.edu/common/home/u6073678/hooknet_project/.snakemake/slurm_logs/rule_inference/219276/13463823.log).
Select jobs to execute...
[Fri Jun 12 13:26:39 2026]
Finished jobid: 209 (Rule: inference)
5 of 247 steps (2%) done
Execute 1 jobs...

[Fri Jun 12 13:26:39 2026]
rule inference:
    input: /scratch/general/vast/u6073678/hooknet_tmp/converted/219076.tif, /scratch/general/vast/u6073678/hooknet_tmp/masks/219076_mask.tif
    output: /uufs/chpc.utah.edu/common/home/u6073678/hooknet_project/results/inference/done/219076_hooknet.done, /uufs/chpc.utah.edu/common/home/u6073678/hooknet_project/results/inference/H_E/219076/post-processed/219076_hooknettls_post_processed.xml
    log: /scratch/general/vast/u6073678/hooknet_logs/219076_hooknet.log
    jobid: 2
    reason: Missing output files: /uufs/chpc.utah.edu/common/home/u6073678/hooknet_project/results/inference/H_E/219076/post-processed/219076_hooknettls_post_processed.xml
    wildcards: slide=219076
    threads: 8
    resources: mem_mb=32000, mem_mib=30518, disk_mb=3670, disk_mib=3500, tmpdir=<TBD>, slurm_account=stewartp, slurm_partition=notchpeak-gpu, slurm_extra=--qos=notchpeak-gpu --account=notchpeak-gpu --gres=gpu:1 --clusters=notchpeak, runtime=240, cpus_per_task=4
Shell command: 
        mkdir -p /scratch/general/vast/u6073678/hooknet_tmp/tmp/219076
        mkdir -p /scratch/general/vast/u6073678/hooknet_tmp/output/images
        mkdir -p /uufs/chpc.utah.edu/common/home/u6073678/hooknet_project/results/inference/H_E/219076
        mkdir -p /uufs/chpc.utah.edu/common/home/u6073678/hooknet_project/results/inference/done
        /uufs/chpc.utah.edu/sys/installdir/apptainer/1.4.1/bin/apptainer exec --nv \
            --bind /scratch/general/vast/u6073678/hooknet_tmp:/workspace \
            --bind /scratch/general/vast/u6073678/hooknet_tmp/tmp/219076:/home/user/tmp \
            /uufs/chpc.utah.edu/common/home/u6073678/hooknet_project/containers/hooknet_tls.sif \
            python -m hooknettls \
            hooknettls.default.image_path=/workspace/converted/219076.tif \
            hooknettls.default.mask_path=/workspace/masks/219076_mask.tif \
            hooknettls.default.model_weights=/home/user/pathology-hooknet-tls/weights/lung_weights.h5 \
            hooknettls.default.output_folder=/workspace/output/images/219076/
        cp -r /scratch/general/vast/u6073678/hooknet_tmp/output/images/219076/. \
              /uufs/chpc.utah.edu/common/home/u6073678/hooknet_project/results/inference/H_E/219076/
        touch /uufs/chpc.utah.edu/common/home/u6073678/hooknet_project/results/inference/done/219076_hooknet.done
        rm -f  /scratch/general/vast/u6073678/hooknet_tmp/input/219076.svs
        rm -f  /scratch/general/vast/u6073678/hooknet_tmp/masks/219076_mask.tif
        rm -rf /scratch/general/vast/u6073678/hooknet_tmp/output/images/219076/
        rm -rf /scratch/general/vast/u6073678/hooknet_tmp/tmp/219076
        
Job 2 has been submitted with SLURM jobid 13463853 (log: /uufs/chpc.utah.edu/common/home/u6073678/hooknet_project/.snakemake/slurm_logs/rule_inference/219076/13463853.log).
Select jobs to execute...
[Fri Jun 12 13:33:10 2026]
Finished jobid: 9 (Rule: inference)
6 of 247 steps (2%) done
[Fri Jun 12 13:33:10 2026]
Finished jobid: 117 (Rule: inference)
7 of 247 steps (3%) done
Execute 2 jobs...

[Fri Jun 12 13:33:10 2026]
rule inference:
    input: /scratch/general/vast/u6073678/hooknet_tmp/converted/219301.tif, /scratch/general/vast/u6073678/hooknet_tmp/masks/219301_mask.tif
    output: /uufs/chpc.utah.edu/common/home/u6073678/hooknet_project/results/inference/done/219301_hooknet.done, /uufs/chpc.utah.edu/common/home/u6073678/hooknet_project/results/inference/H_E/219301/post-processed/219301_hooknettls_post_processed.xml
    log: /scratch/general/vast/u6073678/hooknet_logs/219301_hooknet.log
    jobid: 246
    reason: Missing output files: /uufs/chpc.utah.edu/common/home/u6073678/hooknet_project/results/inference/H_E/219301/post-processed/219301_hooknettls_post_processed.xml
    wildcards: slide=219301
    threads: 8
    resources: mem_mb=32000, mem_mib=30518, disk_mb=5555, disk_mib=5298, tmpdir=<TBD>, slurm_account=stewartp, slurm_partition=notchpeak-gpu, slurm_extra=--qos=notchpeak-gpu --account=notchpeak-gpu --gres=gpu:1 --clusters=notchpeak, runtime=240, cpus_per_task=4
Shell command: 
        mkdir -p /scratch/general/vast/u6073678/hooknet_tmp/tmp/219301
        mkdir -p /scratch/general/vast/u6073678/hooknet_tmp/output/images
        mkdir -p /uufs/chpc.utah.edu/common/home/u6073678/hooknet_project/results/inference/H_E/219301
        mkdir -p /uufs/chpc.utah.edu/common/home/u6073678/hooknet_project/results/inference/done
        /uufs/chpc.utah.edu/sys/installdir/apptainer/1.4.1/bin/apptainer exec --nv \
            --bind /scratch/general/vast/u6073678/hooknet_tmp:/workspace \
            --bind /scratch/general/vast/u6073678/hooknet_tmp/tmp/219301:/home/user/tmp \
            /uufs/chpc.utah.edu/common/home/u6073678/hooknet_project/containers/hooknet_tls.sif \
            python -m hooknettls \
            hooknettls.default.image_path=/workspace/converted/219301.tif \
            hooknettls.default.mask_path=/workspace/masks/219301_mask.tif \
            hooknettls.default.model_weights=/home/user/pathology-hooknet-tls/weights/lung_weights.h5 \
            hooknettls.default.output_folder=/workspace/output/images/219301/
        cp -r /scratch/general/vast/u6073678/hooknet_tmp/output/images/219301/. \
              /uufs/chpc.utah.edu/common/home/u6073678/hooknet_project/results/inference/H_E/219301/
        touch /uufs/chpc.utah.edu/common/home/u6073678/hooknet_project/results/inference/done/219301_hooknet.done
        rm -f  /scratch/general/vast/u6073678/hooknet_tmp/input/219301.svs
        rm -f  /scratch/general/vast/u6073678/hooknet_tmp/masks/219301_mask.tif
        rm -rf /scratch/general/vast/u6073678/hooknet_tmp/output/images/219301/
        rm -rf /scratch/general/vast/u6073678/hooknet_tmp/tmp/219301
        
Job 246 has been submitted with SLURM jobid 13463925 (log: /uufs/chpc.utah.edu/common/home/u6073678/hooknet_project/.snakemake/slurm_logs/rule_inference/219301/13463925.log).

[Fri Jun 12 13:33:10 2026]
rule inference:
    input: /scratch/general/vast/u6073678/hooknet_tmp/converted/219204.tif, /scratch/general/vast/u6073678/hooknet_tmp/masks/219204_mask.tif
    output: /uufs/chpc.utah.edu/common/home/u6073678/hooknet_project/results/inference/done/219204_hooknet.done, /uufs/chpc.utah.edu/common/home/u6073678/hooknet_project/results/inference/H_E/219204/post-processed/219204_hooknettls_post_processed.xml
    log: /scratch/general/vast/u6073678/hooknet_logs/219204_hooknet.log
    jobid: 99
    reason: Missing output files: /uufs/chpc.utah.edu/common/home/u6073678/hooknet_project/results/inference/H_E/219204/post-processed/219204_hooknettls_post_processed.xml
    wildcards: slide=219204
    threads: 8
    resources: mem_mb=32000, mem_mib=30518, disk_mb=4239, disk_mib=4043, tmpdir=<TBD>, slurm_account=stewartp, slurm_partition=notchpeak-gpu, slurm_extra=--qos=notchpeak-gpu --account=notchpeak-gpu --gres=gpu:1 --clusters=notchpeak, runtime=240, cpus_per_task=4
Shell command: 
        mkdir -p /scratch/general/vast/u6073678/hooknet_tmp/tmp/219204
        mkdir -p /scratch/general/vast/u6073678/hooknet_tmp/output/images
        mkdir -p /uufs/chpc.utah.edu/common/home/u6073678/hooknet_project/results/inference/H_E/219204
        mkdir -p /uufs/chpc.utah.edu/common/home/u6073678/hooknet_project/results/inference/done
        /uufs/chpc.utah.edu/sys/installdir/apptainer/1.4.1/bin/apptainer exec --nv \
            --bind /scratch/general/vast/u6073678/hooknet_tmp:/workspace \
            --bind /scratch/general/vast/u6073678/hooknet_tmp/tmp/219204:/home/user/tmp \
            /uufs/chpc.utah.edu/common/home/u6073678/hooknet_project/containers/hooknet_tls.sif \
            python -m hooknettls \
            hooknettls.default.image_path=/workspace/converted/219204.tif \
            hooknettls.default.mask_path=/workspace/masks/219204_mask.tif \
            hooknettls.default.model_weights=/home/user/pathology-hooknet-tls/weights/lung_weights.h5 \
            hooknettls.default.output_folder=/workspace/output/images/219204/
        cp -r /scratch/general/vast/u6073678/hooknet_tmp/output/images/219204/. \
              /uufs/chpc.utah.edu/common/home/u6073678/hooknet_project/results/inference/H_E/219204/
        touch /uufs/chpc.utah.edu/common/home/u6073678/hooknet_project/results/inference/done/219204_hooknet.done
        rm -f  /scratch/general/vast/u6073678/hooknet_tmp/input/219204.svs
        rm -f  /scratch/general/vast/u6073678/hooknet_tmp/masks/219204_mask.tif
        rm -rf /scratch/general/vast/u6073678/hooknet_tmp/output/images/219204/
        rm -rf /scratch/general/vast/u6073678/hooknet_tmp/tmp/219204
        
Job 99 has been submitted with SLURM jobid 13463926 (log: /uufs/chpc.utah.edu/common/home/u6073678/hooknet_project/.snakemake/slurm_logs/rule_inference/219204/13463926.log).
Select jobs to execute...
[Fri Jun 12 13:43:11 2026]
Finished jobid: 133 (Rule: inference)
8 of 247 steps (3%) done
Execute 1 jobs...

[Fri Jun 12 13:43:11 2026]
rule inference:
    input: /scratch/general/vast/u6073678/hooknet_tmp/converted/219150.tif, /scratch/general/vast/u6073678/hooknet_tmp/masks/219150_mask.tif
    output: /uufs/chpc.utah.edu/common/home/u6073678/hooknet_project/results/inference/done/219150_hooknet.done, /uufs/chpc.utah.edu/common/home/u6073678/hooknet_project/results/inference/H_E/219150/post-processed/219150_hooknettls_post_processed.xml
    log: /scratch/general/vast/u6073678/hooknet_logs/219150_hooknet.log
    jobid: 52
    reason: Missing output files: /uufs/chpc.utah.edu/common/home/u6073678/hooknet_project/results/inference/H_E/219150/post-processed/219150_hooknettls_post_processed.xml
    wildcards: slide=219150
    threads: 8
    resources: mem_mb=32000, mem_mib=30518, disk_mb=4247, disk_mib=4051, tmpdir=<TBD>, slurm_account=stewartp, slurm_partition=notchpeak-gpu, slurm_extra=--qos=notchpeak-gpu --account=notchpeak-gpu --gres=gpu:1 --clusters=notchpeak, runtime=240, cpus_per_task=4
Shell command: 
        mkdir -p /scratch/general/vast/u6073678/hooknet_tmp/tmp/219150
        mkdir -p /scratch/general/vast/u6073678/hooknet_tmp/output/images
        mkdir -p /uufs/chpc.utah.edu/common/home/u6073678/hooknet_project/results/inference/H_E/219150
        mkdir -p /uufs/chpc.utah.edu/common/home/u6073678/hooknet_project/results/inference/done
        /uufs/chpc.utah.edu/sys/installdir/apptainer/1.4.1/bin/apptainer exec --nv \
            --bind /scratch/general/vast/u6073678/hooknet_tmp:/workspace \
            --bind /scratch/general/vast/u6073678/hooknet_tmp/tmp/219150:/home/user/tmp \
            /uufs/chpc.utah.edu/common/home/u6073678/hooknet_project/containers/hooknet_tls.sif \
            python -m hooknettls \
            hooknettls.default.image_path=/workspace/converted/219150.tif \
            hooknettls.default.mask_path=/workspace/masks/219150_mask.tif \
            hooknettls.default.model_weights=/home/user/pathology-hooknet-tls/weights/lung_weights.h5 \
            hooknettls.default.output_folder=/workspace/output/images/219150/
        cp -r /scratch/general/vast/u6073678/hooknet_tmp/output/images/219150/. \
              /uufs/chpc.utah.edu/common/home/u6073678/hooknet_project/results/inference/H_E/219150/
        touch /uufs/chpc.utah.edu/common/home/u6073678/hooknet_project/results/inference/done/219150_hooknet.done
        rm -f  /scratch/general/vast/u6073678/hooknet_tmp/input/219150.svs
        rm -f  /scratch/general/vast/u6073678/hooknet_tmp/masks/219150_mask.tif
        rm -rf /scratch/general/vast/u6073678/hooknet_tmp/output/images/219150/
        rm -rf /scratch/general/vast/u6073678/hooknet_tmp/tmp/219150
        
Job 52 has been submitted with SLURM jobid 13464033 (log: /uufs/chpc.utah.edu/common/home/u6073678/hooknet_project/.snakemake/slurm_logs/rule_inference/219150/13464033.log).
Select jobs to execute...
[Fri Jun 12 13:43:51 2026]
Finished jobid: 73 (Rule: inference)
9 of 247 steps (4%) done
Execute 1 jobs...

[Fri Jun 12 13:43:51 2026]
rule inference:
    input: /scratch/general/vast/u6073678/hooknet_tmp/converted/219253.tif, /scratch/general/vast/u6073678/hooknet_tmp/masks/219253_mask.tif
    output: /uufs/chpc.utah.edu/common/home/u6073678/hooknet_project/results/inference/done/219253_hooknet.done, /uufs/chpc.utah.edu/common/home/u6073678/hooknet_project/results/inference/H_E/219253/post-processed/219253_hooknettls_post_processed.xml
    log: /scratch/general/vast/u6073678/hooknet_logs/219253_hooknet.log
    jobid: 190
    reason: Missing output files: /uufs/chpc.utah.edu/common/home/u6073678/hooknet_project/results/inference/H_E/219253/post-processed/219253_hooknettls_post_processed.xml
    wildcards: slide=219253
    threads: 8
    resources: mem_mb=32000, mem_mib=30518, disk_mb=5766, disk_mib=5499, tmpdir=<TBD>, slurm_account=stewartp, slurm_partition=notchpeak-gpu, slurm_extra=--qos=notchpeak-gpu --account=notchpeak-gpu --gres=gpu:1 --clusters=notchpeak, runtime=240, cpus_per_task=4
Shell command: 
        mkdir -p /scratch/general/vast/u6073678/hooknet_tmp/tmp/219253
        mkdir -p /scratch/general/vast/u6073678/hooknet_tmp/output/images
        mkdir -p /uufs/chpc.utah.edu/common/home/u6073678/hooknet_project/results/inference/H_E/219253
        mkdir -p /uufs/chpc.utah.edu/common/home/u6073678/hooknet_project/results/inference/done
        /uufs/chpc.utah.edu/sys/installdir/apptainer/1.4.1/bin/apptainer exec --nv \
            --bind /scratch/general/vast/u6073678/hooknet_tmp:/workspace \
            --bind /scratch/general/vast/u6073678/hooknet_tmp/tmp/219253:/home/user/tmp \
            /uufs/chpc.utah.edu/common/home/u6073678/hooknet_project/containers/hooknet_tls.sif \
            python -m hooknettls \
            hooknettls.default.image_path=/workspace/converted/219253.tif \
            hooknettls.default.mask_path=/workspace/masks/219253_mask.tif \
            hooknettls.default.model_weights=/home/user/pathology-hooknet-tls/weights/lung_weights.h5 \
            hooknettls.default.output_folder=/workspace/output/images/219253/
        cp -r /scratch/general/vast/u6073678/hooknet_tmp/output/images/219253/. \
              /uufs/chpc.utah.edu/common/home/u6073678/hooknet_project/results/inference/H_E/219253/
        touch /uufs/chpc.utah.edu/common/home/u6073678/hooknet_project/results/inference/done/219253_hooknet.done
        rm -f  /scratch/general/vast/u6073678/hooknet_tmp/input/219253.svs
        rm -f  /scratch/general/vast/u6073678/hooknet_tmp/masks/219253_mask.tif
        rm -rf /scratch/general/vast/u6073678/hooknet_tmp/output/images/219253/
        rm -rf /scratch/general/vast/u6073678/hooknet_tmp/tmp/219253
        
Job 190 has been submitted with SLURM jobid 13464040 (log: /uufs/chpc.utah.edu/common/home/u6073678/hooknet_project/.snakemake/slurm_logs/rule_inference/219253/13464040.log).
Select jobs to execute...
[Fri Jun 12 13:48:52 2026]
Finished jobid: 178 (Rule: inference)
10 of 247 steps (4%) done
Execute 1 jobs...

[Fri Jun 12 13:48:52 2026]
rule inference:
    input: /scratch/general/vast/u6073678/hooknet_tmp/converted/219118.tif, /scratch/general/vast/u6073678/hooknet_tmp/masks/219118_mask.tif
    output: /uufs/chpc.utah.edu/common/home/u6073678/hooknet_project/results/inference/done/219118_hooknet.done, /uufs/chpc.utah.edu/common/home/u6073678/hooknet_project/results/inference/H_E/219118/post-processed/219118_hooknettls_post_processed.xml
    log: /scratch/general/vast/u6073678/hooknet_logs/219118_hooknet.log
    jobid: 19
    reason: Missing output files: /uufs/chpc.utah.edu/common/home/u6073678/hooknet_project/results/inference/H_E/219118/post-processed/219118_hooknettls_post_processed.xml
    wildcards: slide=219118
    threads: 8
    resources: mem_mb=32000, mem_mib=30518, disk_mb=3596, disk_mib=3430, tmpdir=<TBD>, slurm_account=stewartp, slurm_partition=notchpeak-gpu, slurm_extra=--qos=notchpeak-gpu --account=notchpeak-gpu --gres=gpu:1 --clusters=notchpeak, runtime=240, cpus_per_task=4
Shell command: 
        mkdir -p /scratch/general/vast/u6073678/hooknet_tmp/tmp/219118
        mkdir -p /scratch/general/vast/u6073678/hooknet_tmp/output/images
        mkdir -p /uufs/chpc.utah.edu/common/home/u6073678/hooknet_project/results/inference/H_E/219118
        mkdir -p /uufs/chpc.utah.edu/common/home/u6073678/hooknet_project/results/inference/done
        /uufs/chpc.utah.edu/sys/installdir/apptainer/1.4.1/bin/apptainer exec --nv \
            --bind /scratch/general/vast/u6073678/hooknet_tmp:/workspace \
            --bind /scratch/general/vast/u6073678/hooknet_tmp/tmp/219118:/home/user/tmp \
            /uufs/chpc.utah.edu/common/home/u6073678/hooknet_project/containers/hooknet_tls.sif \
            python -m hooknettls \
            hooknettls.default.image_path=/workspace/converted/219118.tif \
            hooknettls.default.mask_path=/workspace/masks/219118_mask.tif \
            hooknettls.default.model_weights=/home/user/pathology-hooknet-tls/weights/lung_weights.h5 \
            hooknettls.default.output_folder=/workspace/output/images/219118/
        cp -r /scratch/general/vast/u6073678/hooknet_tmp/output/images/219118/. \
              /uufs/chpc.utah.edu/common/home/u6073678/hooknet_project/results/inference/H_E/219118/
        touch /uufs/chpc.utah.edu/common/home/u6073678/hooknet_project/results/inference/done/219118_hooknet.done
        rm -f  /scratch/general/vast/u6073678/hooknet_tmp/input/219118.svs
        rm -f  /scratch/general/vast/u6073678/hooknet_tmp/masks/219118_mask.tif
        rm -rf /scratch/general/vast/u6073678/hooknet_tmp/output/images/219118/
        rm -rf /scratch/general/vast/u6073678/hooknet_tmp/tmp/219118
        
Job 19 has been submitted with SLURM jobid 13464099 (log: /uufs/chpc.utah.edu/common/home/u6073678/hooknet_project/.snakemake/slurm_logs/rule_inference/219118/13464099.log).
Select jobs to execute...
[Fri Jun 12 13:51:23 2026]
Finished jobid: 161 (Rule: inference)
11 of 247 steps (4%) done
Execute 1 jobs...

[Fri Jun 12 13:51:23 2026]
rule inference:
    input: /scratch/general/vast/u6073678/hooknet_tmp/converted/219292.tif, /scratch/general/vast/u6073678/hooknet_tmp/masks/219292_mask.tif
    output: /uufs/chpc.utah.edu/common/home/u6073678/hooknet_project/results/inference/done/219292_hooknet.done, /uufs/chpc.utah.edu/common/home/u6073678/hooknet_project/results/inference/H_E/219292/post-processed/219292_hooknettls_post_processed.xml
    log: /scratch/general/vast/u6073678/hooknet_logs/219292_hooknet.log
    jobid: 232
    reason: Missing output files: /uufs/chpc.utah.edu/common/home/u6073678/hooknet_project/results/inference/H_E/219292/post-processed/219292_hooknettls_post_processed.xml
    wildcards: slide=219292
    threads: 8
    resources: mem_mb=32000, mem_mib=30518, disk_mb=4885, disk_mib=4659, tmpdir=<TBD>, slurm_account=stewartp, slurm_partition=notchpeak-gpu, slurm_extra=--qos=notchpeak-gpu --account=notchpeak-gpu --gres=gpu:1 --clusters=notchpeak, runtime=240, cpus_per_task=4
Shell command: 
        mkdir -p /scratch/general/vast/u6073678/hooknet_tmp/tmp/219292
        mkdir -p /scratch/general/vast/u6073678/hooknet_tmp/output/images
        mkdir -p /uufs/chpc.utah.edu/common/home/u6073678/hooknet_project/results/inference/H_E/219292
        mkdir -p /uufs/chpc.utah.edu/common/home/u6073678/hooknet_project/results/inference/done
        /uufs/chpc.utah.edu/sys/installdir/apptainer/1.4.1/bin/apptainer exec --nv \
            --bind /scratch/general/vast/u6073678/hooknet_tmp:/workspace \
            --bind /scratch/general/vast/u6073678/hooknet_tmp/tmp/219292:/home/user/tmp \
            /uufs/chpc.utah.edu/common/home/u6073678/hooknet_project/containers/hooknet_tls.sif \
            python -m hooknettls \
            hooknettls.default.image_path=/workspace/converted/219292.tif \
            hooknettls.default.mask_path=/workspace/masks/219292_mask.tif \
            hooknettls.default.model_weights=/home/user/pathology-hooknet-tls/weights/lung_weights.h5 \
            hooknettls.default.output_folder=/workspace/output/images/219292/
        cp -r /scratch/general/vast/u6073678/hooknet_tmp/output/images/219292/. \
              /uufs/chpc.utah.edu/common/home/u6073678/hooknet_project/results/inference/H_E/219292/
        touch /uufs/chpc.utah.edu/common/home/u6073678/hooknet_project/results/inference/done/219292_hooknet.done
        rm -f  /scratch/general/vast/u6073678/hooknet_tmp/input/219292.svs
        rm -f  /scratch/general/vast/u6073678/hooknet_tmp/masks/219292_mask.tif
        rm -rf /scratch/general/vast/u6073678/hooknet_tmp/output/images/219292/
        rm -rf /scratch/general/vast/u6073678/hooknet_tmp/tmp/219292
        
Job 232 has been submitted with SLURM jobid 13464125 (log: /uufs/chpc.utah.edu/common/home/u6073678/hooknet_project/.snakemake/slurm_logs/rule_inference/219292/13464125.log).
Select jobs to execute...
[Fri Jun 12 13:56:24 2026]
Finished jobid: 27 (Rule: inference)
12 of 247 steps (5%) done
Execute 1 jobs...

[Fri Jun 12 13:56:24 2026]
rule inference:
    input: /scratch/general/vast/u6073678/hooknet_tmp/converted/219153.tif, /scratch/general/vast/u6073678/hooknet_tmp/masks/219153_mask.tif
    output: /uufs/chpc.utah.edu/common/home/u6073678/hooknet_project/results/inference/done/219153_hooknet.done, /uufs/chpc.utah.edu/common/home/u6073678/hooknet_project/results/inference/H_E/219153/post-processed/219153_hooknettls_post_processed.xml
    log: /scratch/general/vast/u6073678/hooknet_logs/219153_hooknet.log
    jobid: 56
    reason: Missing output files: /uufs/chpc.utah.edu/common/home/u6073678/hooknet_project/results/inference/H_E/219153/post-processed/219153_hooknettls_post_processed.xml
    wildcards: slide=219153
    threads: 8
    resources: mem_mb=32000, mem_mib=30518, disk_mb=4979, disk_mib=4749, tmpdir=<TBD>, slurm_account=stewartp, slurm_partition=notchpeak-gpu, slurm_extra=--qos=notchpeak-gpu --account=notchpeak-gpu --gres=gpu:1 --clusters=notchpeak, runtime=240, cpus_per_task=4
Shell command: 
        mkdir -p /scratch/general/vast/u6073678/hooknet_tmp/tmp/219153
        mkdir -p /scratch/general/vast/u6073678/hooknet_tmp/output/images
        mkdir -p /uufs/chpc.utah.edu/common/home/u6073678/hooknet_project/results/inference/H_E/219153
        mkdir -p /uufs/chpc.utah.edu/common/home/u6073678/hooknet_project/results/inference/done
        /uufs/chpc.utah.edu/sys/installdir/apptainer/1.4.1/bin/apptainer exec --nv \
            --bind /scratch/general/vast/u6073678/hooknet_tmp:/workspace \
            --bind /scratch/general/vast/u6073678/hooknet_tmp/tmp/219153:/home/user/tmp \
            /uufs/chpc.utah.edu/common/home/u6073678/hooknet_project/containers/hooknet_tls.sif \
            python -m hooknettls \
            hooknettls.default.image_path=/workspace/converted/219153.tif \
            hooknettls.default.mask_path=/workspace/masks/219153_mask.tif \
            hooknettls.default.model_weights=/home/user/pathology-hooknet-tls/weights/lung_weights.h5 \
            hooknettls.default.output_folder=/workspace/output/images/219153/
        cp -r /scratch/general/vast/u6073678/hooknet_tmp/output/images/219153/. \
              /uufs/chpc.utah.edu/common/home/u6073678/hooknet_project/results/inference/H_E/219153/
        touch /uufs/chpc.utah.edu/common/home/u6073678/hooknet_project/results/inference/done/219153_hooknet.done
        rm -f  /scratch/general/vast/u6073678/hooknet_tmp/input/219153.svs
        rm -f  /scratch/general/vast/u6073678/hooknet_tmp/masks/219153_mask.tif
        rm -rf /scratch/general/vast/u6073678/hooknet_tmp/output/images/219153/
        rm -rf /scratch/general/vast/u6073678/hooknet_tmp/tmp/219153
        
Job 56 has been submitted with SLURM jobid 13464168 (log: /uufs/chpc.utah.edu/common/home/u6073678/hooknet_project/.snakemake/slurm_logs/rule_inference/219153/13464168.log).
Select jobs to execute...
[Fri Jun 12 17:54:18 2026]
Error in rule inference:
    message: SLURM-job '13463543' failed, SLURM status is: 'TIMEOUT'. For further error details see the cluster/cloud log and the log files of the involved rule(s).
    jobid: 39
    input: /scratch/general/vast/u6073678/hooknet_tmp/converted/219136.tif, /scratch/general/vast/u6073678/hooknet_tmp/masks/219136_mask.tif
    output: /uufs/chpc.utah.edu/common/home/u6073678/hooknet_project/results/inference/done/219136_hooknet.done, /uufs/chpc.utah.edu/common/home/u6073678/hooknet_project/results/inference/H_E/219136/post-processed/219136_hooknettls_post_processed.xml
    log: /scratch/general/vast/u6073678/hooknet_logs/219136_hooknet.log, /uufs/chpc.utah.edu/common/home/u6073678/hooknet_project/.snakemake/slurm_logs/rule_inference/219136/13463543.log (check log file(s) for error details)
    shell:
        
        mkdir -p /scratch/general/vast/u6073678/hooknet_tmp/tmp/219136
        mkdir -p /scratch/general/vast/u6073678/hooknet_tmp/output/images
        mkdir -p /uufs/chpc.utah.edu/common/home/u6073678/hooknet_project/results/inference/H_E/219136
        mkdir -p /uufs/chpc.utah.edu/common/home/u6073678/hooknet_project/results/inference/done
        /uufs/chpc.utah.edu/sys/installdir/apptainer/1.4.1/bin/apptainer exec --nv \
            --bind /scratch/general/vast/u6073678/hooknet_tmp:/workspace \
            --bind /scratch/general/vast/u6073678/hooknet_tmp/tmp/219136:/home/user/tmp \
            /uufs/chpc.utah.edu/common/home/u6073678/hooknet_project/containers/hooknet_tls.sif \
            python -m hooknettls \
            hooknettls.default.image_path=/workspace/converted/219136.tif \
            hooknettls.default.mask_path=/workspace/masks/219136_mask.tif \
            hooknettls.default.model_weights=/home/user/pathology-hooknet-tls/weights/lung_weights.h5 \
            hooknettls.default.output_folder=/workspace/output/images/219136/
        cp -r /scratch/general/vast/u6073678/hooknet_tmp/output/images/219136/. \
              /uufs/chpc.utah.edu/common/home/u6073678/hooknet_project/results/inference/H_E/219136/
        touch /uufs/chpc.utah.edu/common/home/u6073678/hooknet_project/results/inference/done/219136_hooknet.done
        rm -f  /scratch/general/vast/u6073678/hooknet_tmp/input/219136.svs
        rm -f  /scratch/general/vast/u6073678/hooknet_tmp/masks/219136_mask.tif
        rm -rf /scratch/general/vast/u6073678/hooknet_tmp/output/images/219136/
        rm -rf /scratch/general/vast/u6073678/hooknet_tmp/tmp/219136
        
        (command exited with non-zero exit code)
    external_jobid: 13463543
[Fri Jun 12 18:00:18 2026]
Error in rule inference:
    message: SLURM-job '13463544' failed, SLURM status is: 'TIMEOUT'. For further error details see the cluster/cloud log and the log files of the involved rule(s).
    jobid: 90
    input: /scratch/general/vast/u6073678/hooknet_tmp/converted/219199.tif, /scratch/general/vast/u6073678/hooknet_tmp/masks/219199_mask.tif
    output: /uufs/chpc.utah.edu/common/home/u6073678/hooknet_project/results/inference/done/219199_hooknet.done, /uufs/chpc.utah.edu/common/home/u6073678/hooknet_project/results/inference/H_E/219199/post-processed/219199_hooknettls_post_processed.xml
    log: /scratch/general/vast/u6073678/hooknet_logs/219199_hooknet.log, /uufs/chpc.utah.edu/common/home/u6073678/hooknet_project/.snakemake/slurm_logs/rule_inference/219199/13463544.log (check log file(s) for error details)
    shell:
        
        mkdir -p /scratch/general/vast/u6073678/hooknet_tmp/tmp/219199
        mkdir -p /scratch/general/vast/u6073678/hooknet_tmp/output/images
        mkdir -p /uufs/chpc.utah.edu/common/home/u6073678/hooknet_project/results/inference/H_E/219199
        mkdir -p /uufs/chpc.utah.edu/common/home/u6073678/hooknet_project/results/inference/done
        /uufs/chpc.utah.edu/sys/installdir/apptainer/1.4.1/bin/apptainer exec --nv \
            --bind /scratch/general/vast/u6073678/hooknet_tmp:/workspace \
            --bind /scratch/general/vast/u6073678/hooknet_tmp/tmp/219199:/home/user/tmp \
            /uufs/chpc.utah.edu/common/home/u6073678/hooknet_project/containers/hooknet_tls.sif \
            python -m hooknettls \
            hooknettls.default.image_path=/workspace/converted/219199.tif \
            hooknettls.default.mask_path=/workspace/masks/219199_mask.tif \
            hooknettls.default.model_weights=/home/user/pathology-hooknet-tls/weights/lung_weights.h5 \
            hooknettls.default.output_folder=/workspace/output/images/219199/
        cp -r /scratch/general/vast/u6073678/hooknet_tmp/output/images/219199/. \
              /uufs/chpc.utah.edu/common/home/u6073678/hooknet_project/results/inference/H_E/219199/
        touch /uufs/chpc.utah.edu/common/home/u6073678/hooknet_project/results/inference/done/219199_hooknet.done
        rm -f  /scratch/general/vast/u6073678/hooknet_tmp/input/219199.svs
        rm -f  /scratch/general/vast/u6073678/hooknet_tmp/masks/219199_mask.tif
        rm -rf /scratch/general/vast/u6073678/hooknet_tmp/output/images/219199/
        rm -rf /scratch/general/vast/u6073678/hooknet_tmp/tmp/219199
        
        (command exited with non-zero exit code)
    external_jobid: 13463544
slurmstepd: error: *** JOB 13463518 ON notch045 CANCELLED AT 2026-06-12T18:59:53 DUE TO PREEMPTION ***
