Assuming unrestricted shared filesystem usage.
None
host: grn027
Building DAG of jobs...
Using shell: /usr/bin/bash
Provided cores: 8
Rules claiming more threads will be scaled down.
Job stats:
job            count
-----------  -------
all                1
inference          5
postprocess        5
total             11

Select jobs to execute...
Execute 1 jobs...
[Wed May 27 16:55:50 2026]
localrule inference:
    input: /scratch/general/vast/u6073678/hooknet_tmp/converted/C3L-00445-24.tif, /scratch/general/vast/u6073678/hooknet_tmp/masks/C3L-00445-24_mask.tif
    output: /uufs/chpc.utah.edu/common/home/u6073678/hooknet_project/results/inference/C3L-00445-24_hooknet.done
    jobid: 10
    reason: Missing output files: /uufs/chpc.utah.edu/common/home/u6073678/hooknet_project/results/inference/C3L-00445-24_hooknet.done
    wildcards: project=/uufs/chpc.utah.edu/common/home/u6073678/hooknet_project, slide=C3L-00445-24
    threads: 8
    resources: tmpdir=/scratch/local/u6073678/1353979, gpu=1

Select jobs to execute...
[Wed May 27 17:31:07 2026]
Finished jobid: 10 (Rule: inference)
1 of 11 steps (9%) done
Execute 1 jobs...
[Wed May 27 17:31:07 2026]
localrule inference:
    input: /scratch/general/vast/u6073678/hooknet_tmp/converted/C3L-00081-21.tif, /scratch/general/vast/u6073678/hooknet_tmp/masks/C3L-00081-21_mask.tif
    output: /uufs/chpc.utah.edu/common/home/u6073678/hooknet_project/results/inference/C3L-00081-21_hooknet.done
    jobid: 2
    reason: Missing output files: /uufs/chpc.utah.edu/common/home/u6073678/hooknet_project/results/inference/C3L-00081-21_hooknet.done
    wildcards: project=/uufs/chpc.utah.edu/common/home/u6073678/hooknet_project, slide=C3L-00081-21
    threads: 8
    resources: tmpdir=/scratch/local/u6073678/1353979, gpu=1

Select jobs to execute...
[Wed May 27 17:33:20 2026]
Finished jobid: 2 (Rule: inference)
2 of 11 steps (18%) done
Execute 1 jobs...
[Wed May 27 17:33:20 2026]
localrule inference:
    input: /scratch/general/vast/u6073678/hooknet_tmp/converted/C3L-00445-21.tif, /scratch/general/vast/u6073678/hooknet_tmp/masks/C3L-00445-21_mask.tif
    output: /uufs/chpc.utah.edu/common/home/u6073678/hooknet_project/results/inference/C3L-00445-21_hooknet.done
    jobid: 8
    reason: Missing output files: /uufs/chpc.utah.edu/common/home/u6073678/hooknet_project/results/inference/C3L-00445-21_hooknet.done
    wildcards: project=/uufs/chpc.utah.edu/common/home/u6073678/hooknet_project, slide=C3L-00445-21
    threads: 8
    resources: tmpdir=/scratch/local/u6073678/1353979, gpu=1

Select jobs to execute...
[Wed May 27 17:47:00 2026]
Finished jobid: 8 (Rule: inference)
3 of 11 steps (27%) done
Execute 1 jobs...
[Wed May 27 17:47:00 2026]
localrule inference:
    input: /scratch/general/vast/u6073678/hooknet_tmp/converted/C3L-00415-23.tif, /scratch/general/vast/u6073678/hooknet_tmp/masks/C3L-00415-23_mask.tif
    output: /uufs/chpc.utah.edu/common/home/u6073678/hooknet_project/results/inference/C3L-00415-23_hooknet.done
    jobid: 4
    reason: Missing output files: /uufs/chpc.utah.edu/common/home/u6073678/hooknet_project/results/inference/C3L-00415-23_hooknet.done
    wildcards: project=/uufs/chpc.utah.edu/common/home/u6073678/hooknet_project, slide=C3L-00415-23
    threads: 8
    resources: tmpdir=/scratch/local/u6073678/1353979, gpu=1

Select jobs to execute...
[Wed May 27 17:51:12 2026]
Finished jobid: 4 (Rule: inference)
4 of 11 steps (36%) done
Execute 1 jobs...
[Wed May 27 17:51:12 2026]
localrule inference:
    input: /scratch/general/vast/u6073678/hooknet_tmp/converted/C3L-00415-26.tif, /scratch/general/vast/u6073678/hooknet_tmp/masks/C3L-00415-26_mask.tif
    output: /uufs/chpc.utah.edu/common/home/u6073678/hooknet_project/results/inference/C3L-00415-26_hooknet.done
    jobid: 6
    reason: Missing output files: /uufs/chpc.utah.edu/common/home/u6073678/hooknet_project/results/inference/C3L-00415-26_hooknet.done
    wildcards: project=/uufs/chpc.utah.edu/common/home/u6073678/hooknet_project, slide=C3L-00415-26
    threads: 8
    resources: tmpdir=/scratch/local/u6073678/1353979, gpu=1

Select jobs to execute...
[Wed May 27 17:53:25 2026]
Finished jobid: 6 (Rule: inference)
5 of 11 steps (45%) done
Execute 5 jobs...
[Wed May 27 17:53:25 2026]
localrule postprocess:
    input: /uufs/chpc.utah.edu/common/home/u6073678/hooknet_project/results/inference/C3L-00445-24_hooknet.done
    output: /uufs/chpc.utah.edu/common/home/u6073678/hooknet_project/results/postprocessed/C3L-00445-24.xml
    jobid: 9
    reason: Missing output files: /uufs/chpc.utah.edu/common/home/u6073678/hooknet_project/results/postprocessed/C3L-00445-24.xml; Input files updated by another job: /uufs/chpc.utah.edu/common/home/u6073678/hooknet_project/results/inference/C3L-00445-24_hooknet.done
    wildcards: project=/uufs/chpc.utah.edu/common/home/u6073678/hooknet_project, slide=C3L-00445-24
    resources: tmpdir=/scratch/local/u6073678/1353979

[Wed May 27 17:53:25 2026]
localrule postprocess:
    input: /uufs/chpc.utah.edu/common/home/u6073678/hooknet_project/results/inference/C3L-00081-21_hooknet.done
    output: /uufs/chpc.utah.edu/common/home/u6073678/hooknet_project/results/postprocessed/C3L-00081-21.xml
    jobid: 1
    reason: Missing output files: /uufs/chpc.utah.edu/common/home/u6073678/hooknet_project/results/postprocessed/C3L-00081-21.xml; Input files updated by another job: /uufs/chpc.utah.edu/common/home/u6073678/hooknet_project/results/inference/C3L-00081-21_hooknet.done
    wildcards: project=/uufs/chpc.utah.edu/common/home/u6073678/hooknet_project, slide=C3L-00081-21
    resources: tmpdir=/scratch/local/u6073678/1353979

[Wed May 27 17:53:25 2026]
localrule postprocess:
    input: /uufs/chpc.utah.edu/common/home/u6073678/hooknet_project/results/inference/C3L-00445-21_hooknet.done
    output: /uufs/chpc.utah.edu/common/home/u6073678/hooknet_project/results/postprocessed/C3L-00445-21.xml
    jobid: 7
    reason: Missing output files: /uufs/chpc.utah.edu/common/home/u6073678/hooknet_project/results/postprocessed/C3L-00445-21.xml; Input files updated by another job: /uufs/chpc.utah.edu/common/home/u6073678/hooknet_project/results/inference/C3L-00445-21_hooknet.done
    wildcards: project=/uufs/chpc.utah.edu/common/home/u6073678/hooknet_project, slide=C3L-00445-21
    resources: tmpdir=/scratch/local/u6073678/1353979

[Wed May 27 17:53:25 2026]
localrule postprocess:
    input: /uufs/chpc.utah.edu/common/home/u6073678/hooknet_project/results/inference/C3L-00415-26_hooknet.done
    output: /uufs/chpc.utah.edu/common/home/u6073678/hooknet_project/results/postprocessed/C3L-00415-26.xml
    jobid: 5
    reason: Missing output files: /uufs/chpc.utah.edu/common/home/u6073678/hooknet_project/results/postprocessed/C3L-00415-26.xml; Input files updated by another job: /uufs/chpc.utah.edu/common/home/u6073678/hooknet_project/results/inference/C3L-00415-26_hooknet.done
    wildcards: project=/uufs/chpc.utah.edu/common/home/u6073678/hooknet_project, slide=C3L-00415-26
    resources: tmpdir=/scratch/local/u6073678/1353979

[Wed May 27 17:53:25 2026]
localrule postprocess:
    input: /uufs/chpc.utah.edu/common/home/u6073678/hooknet_project/results/inference/C3L-00415-23_hooknet.done
    output: /uufs/chpc.utah.edu/common/home/u6073678/hooknet_project/results/postprocessed/C3L-00415-23.xml
    jobid: 3
    reason: Missing output files: /uufs/chpc.utah.edu/common/home/u6073678/hooknet_project/results/postprocessed/C3L-00415-23.xml; Input files updated by another job: /uufs/chpc.utah.edu/common/home/u6073678/hooknet_project/results/inference/C3L-00415-23_hooknet.done
    wildcards: project=/uufs/chpc.utah.edu/common/home/u6073678/hooknet_project, slide=C3L-00415-23
    resources: tmpdir=/scratch/local/u6073678/1353979

[Wed May 27 17:53:33 2026]
Finished jobid: 3 (Rule: postprocess)
6 of 11 steps (55%) done
[Wed May 27 17:53:33 2026]
Finished jobid: 9 (Rule: postprocess)
7 of 11 steps (64%) done
[Wed May 27 17:53:33 2026]
Finished jobid: 5 (Rule: postprocess)
8 of 11 steps (73%) done
[Wed May 27 17:53:33 2026]
Finished jobid: 7 (Rule: postprocess)
9 of 11 steps (82%) done
[Wed May 27 17:53:33 2026]
Finished jobid: 1 (Rule: postprocess)
10 of 11 steps (91%) done
Select jobs to execute...
Execute 1 jobs...
[Wed May 27 17:53:33 2026]
localrule all:
    input: /scratch/general/vast/u6073678/hooknet_tmp/cpu_complete.done, /uufs/chpc.utah.edu/common/home/u6073678/hooknet_project/results/postprocessed/C3L-00081-21.xml, /uufs/chpc.utah.edu/common/home/u6073678/hooknet_project/results/postprocessed/C3L-00415-23.xml, /uufs/chpc.utah.edu/common/home/u6073678/hooknet_project/results/postprocessed/C3L-00415-26.xml, /uufs/chpc.utah.edu/common/home/u6073678/hooknet_project/results/postprocessed/C3L-00445-21.xml, /uufs/chpc.utah.edu/common/home/u6073678/hooknet_project/results/postprocessed/C3L-00445-24.xml
    jobid: 0
    reason: Input files updated by another job: /uufs/chpc.utah.edu/common/home/u6073678/hooknet_project/results/postprocessed/C3L-00445-21.xml, /uufs/chpc.utah.edu/common/home/u6073678/hooknet_project/results/postprocessed/C3L-00415-23.xml, /uufs/chpc.utah.edu/common/home/u6073678/hooknet_project/results/postprocessed/C3L-00445-24.xml, /uufs/chpc.utah.edu/common/home/u6073678/hooknet_project/results/postprocessed/C3L-00415-26.xml, /uufs/chpc.utah.edu/common/home/u6073678/hooknet_project/results/postprocessed/C3L-00081-21.xml
    resources: tmpdir=/scratch/local/u6073678/1353979

[Wed May 27 17:53:33 2026]
Finished jobid: 0 (Rule: all)
11 of 11 steps (100%) done
Complete log(s): /uufs/chpc.utah.edu/common/home/u6073678/hooknet_project/.snakemake/log/2026-05-27T165549.772342.snakemake.log
