None
host: notchpeak1
Building DAG of jobs...
SLURM run ID: 411835fa-08d2-46c3-b183-a507c083446e
Using shell: /usr/bin/bash
Provided remote nodes: 20
Job stats:
job               count
--------------  -------
all                   1
inference           132
xml_to_geojson      132
total               265

Select jobs to execute...
Execute 20 jobs...
[Tue Jun  2 13:20:44 2026]
rule inference:
    input: /scratch/general/vast/u6073678/hooknet_tmp/converted/219114.tif, /scratch/general/vast/u6073678/hooknet_tmp/masks/219114_mask.tif
    output: /uufs/chpc.utah.edu/common/home/u6073678/hooknet_project/results/inference/done/219114_hooknet.done, /uufs/chpc.utah.edu/common/home/u6073678/hooknet_project/results/inference/219114/post-processed/219114_hooknettls_post_processed.xml
    jobid: 14
    reason: Missing output files: /uufs/chpc.utah.edu/common/home/u6073678/hooknet_project/results/inference/219114/post-processed/219114_hooknettls_post_processed.xml
    wildcards: project=/uufs/chpc.utah.edu/common/home/u6073678/hooknet_project, slide=219114
    threads: 8
    resources: mem_mb=32000, mem_mib=30518, disk_mb=4121, disk_mib=3931, tmpdir=<TBD>, slurm_account=rai, slurm_partition=rai-gpu-grn, slurm_extra=--qos=rai-gpu-grn --gres=gpu:1, runtime=60, cpus_per_task=4
Shell command: 
        mkdir -p /scratch/general/vast/u6073678/hooknet_tmp/output/images
        mkdir -p /scratch/general/vast/u6073678/hooknet_tmp/tmp
        mkdir -p /uufs/chpc.utah.edu/common/home/u6073678/hooknet_project/results/inference/219114
        mkdir -p /uufs/chpc.utah.edu/common/home/u6073678/hooknet_project/results/inference/done
        apptainer exec --nv \
            --bind /scratch/general/vast/u6073678/hooknet_tmp:/workspace \
            --bind /scratch/general/vast/u6073678/hooknet_tmp/tmp:/home/user/tmp \
            /uufs/chpc.utah.edu/common/home/u6073678/hooknet_project/containers/hooknet_tls.sif \
            python -m hooknettls \
            hooknettls.default.image_path=/workspace/converted/219114.tif \
            hooknettls.default.mask_path=/workspace/masks/219114_mask.tif \
            hooknettls.default.model_weights=/home/user/pathology-hooknet-tls/weights/lung_weights.h5 \
            hooknettls.default.output_folder=/workspace/output/images/219114/
        cp -r /scratch/general/vast/u6073678/hooknet_tmp/output/images/219114/. \
              /uufs/chpc.utah.edu/common/home/u6073678/hooknet_project/results/inference/219114/
        touch /uufs/chpc.utah.edu/common/home/u6073678/hooknet_project/results/inference/done/219114_hooknet.done
        rm -f  /scratch/general/vast/u6073678/hooknet_tmp/input/219114.svs
        rm -f  /scratch/general/vast/u6073678/hooknet_tmp/masks/219114_mask.tif
        rm -rf /scratch/general/vast/u6073678/hooknet_tmp/output/images/219114/
        rm -rf /scratch/general/vast/u6073678/hooknet_tmp/tmp/*
        
WorkflowError:
SLURM sbatch failed. The error message was sbatch: error: invalid partition specified: rai-gpu-grn
sbatch: error: Batch job submission failed: Invalid partition name specified

  File "/uufs/chpc.utah.edu/common/home/u6073678/.local/lib/python3.12/site-packages/snakemake_executor_plugin_slurm/__init__.py", line 302, in run_job
