None
host: notch068
Building DAG of jobs...
You are running snakemake in a SLURM job context. This is not recommended, as it may lead to unexpected behavior. Please run Snakemake directly on the login node.
SLURM run ID: a7537639-62ff-4f0b-aae3-c66e82b5b158
Using shell: /usr/bin/bash
Provided remote nodes: 20
Job stats:
job               count
--------------  -------
all                   1
inference            86
xml_to_geojson      132
total               219

Select jobs to execute...
Execute 20 jobs...
[Tue Jun 16 14:36:11 2026]
rule inference:
    input: /scratch/general/vast/u6073678/hooknet_tmp/converted/219248.tif, /scratch/general/vast/u6073678/hooknet_tmp/masks/219248_mask.tif
    output: /uufs/chpc.utah.edu/common/home/u6073678/hooknet_project/results/inference/done/219248_hooknet.done, /uufs/chpc.utah.edu/common/home/u6073678/hooknet_project/results/inference/H_E/219248/post-processed/219248_hooknettls_post_processed.xml
    log: /scratch/general/vast/u6073678/hooknet_logs/219248_hooknet.log
    jobid: 160
    reason: Missing output files: /uufs/chpc.utah.edu/common/home/u6073678/hooknet_project/results/inference/H_E/219248/post-processed/219248_hooknettls_post_processed.xml
    wildcards: slide=219248
    threads: 8
    resources: mem_mb=16000, mem_mib=15259, disk_mb=6072, disk_mib=5791, tmpdir=<TBD>, slurm_account=stewartp, slurm_partition=notchpeak-gpu, slurm_extra=--qos=notchpeak-gpu --account=notchpeak-gpu --gres=gpu:1 --clusters=notchpeak, runtime=40, cpus_per_task=4
Shell command: 
        set -euo pipefail
        mkdir -p /scratch/general/vast/u6073678/hooknet_tmp/tmp/219248
        mkdir -p /scratch/general/vast/u6073678/hooknet_tmp/output/images/219248
        mkdir -p /uufs/chpc.utah.edu/common/home/u6073678/hooknet_project/results/inference/H_E/219248
        mkdir -p /uufs/chpc.utah.edu/common/home/u6073678/hooknet_project/results/inference/done
        /uufs/chpc.utah.edu/sys/installdir/apptainer/1.4.1/bin/apptainer exec --nv \
            --bind /scratch/general/vast/u6073678/hooknet_tmp:/workspace \
            --bind /scratch/general/vast/u6073678/hooknet_tmp/tmp/219248:/home/user/tmp \
            /uufs/chpc.utah.edu/common/home/u6073678/hooknet_project/containers/hooknet_tls.sif \
            python -m hooknettls \
            hooknettls.default.image_path=/workspace/converted/219248.tif \
            hooknettls.default.mask_path=/workspace/masks/219248_mask.tif \
            hooknettls.default.model_weights=/home/user/pathology-hooknet-tls/weights/lung_weights.h5 \
            hooknettls.default.output_folder=/workspace/output/images/219248/
        cp -r /scratch/general/vast/u6073678/hooknet_tmp/output/images/219248/. \
              /uufs/chpc.utah.edu/common/home/u6073678/hooknet_project/results/inference/H_E/219248/
        touch /uufs/chpc.utah.edu/common/home/u6073678/hooknet_project/results/inference/done/219248_hooknet.done
        rm -f  /scratch/general/vast/u6073678/hooknet_tmp/input/219248.svs
        rm -f  /scratch/general/vast/u6073678/hooknet_tmp/masks/219248_mask.tif
        rm -rf /scratch/general/vast/u6073678/hooknet_tmp/output/images/219248/
        rm -rf /scratch/general/vast/u6073678/hooknet_tmp/tmp/219248

        > /scratch/general/vast/u6073678/hooknet_logs/219248_hooknet.log 2>&1
        
Job 160 has been submitted with SLURM jobid 13514386 (log: /uufs/chpc.utah.edu/common/home/u6073678/hooknet_project/.snakemake/slurm_logs/rule_inference/219248/13514386.log).
[Tue Jun 16 14:36:12 2026]
rule inference:
    input: /scratch/general/vast/u6073678/hooknet_tmp/converted/219112.tif, /scratch/general/vast/u6073678/hooknet_tmp/masks/219112_mask.tif
    output: /uufs/chpc.utah.edu/common/home/u6073678/hooknet_project/results/inference/done/219112_hooknet.done, /uufs/chpc.utah.edu/common/home/u6073678/hooknet_project/results/inference/H_E/219112/post-processed/219112_hooknettls_post_processed.xml
    log: /scratch/general/vast/u6073678/hooknet_logs/219112_hooknet.log
    jobid: 9
    reason: Missing output files: /uufs/chpc.utah.edu/common/home/u6073678/hooknet_project/results/inference/H_E/219112/post-processed/219112_hooknettls_post_processed.xml
    wildcards: slide=219112
    threads: 8
    resources: mem_mb=16000, mem_mib=15259, disk_mb=5713, disk_mib=5449, tmpdir=<TBD>, slurm_account=stewartp, slurm_partition=notchpeak-gpu, slurm_extra=--qos=notchpeak-gpu --account=notchpeak-gpu --gres=gpu:1 --clusters=notchpeak, runtime=40, cpus_per_task=4
Shell command: 
        set -euo pipefail
        mkdir -p /scratch/general/vast/u6073678/hooknet_tmp/tmp/219112
        mkdir -p /scratch/general/vast/u6073678/hooknet_tmp/output/images/219112
        mkdir -p /uufs/chpc.utah.edu/common/home/u6073678/hooknet_project/results/inference/H_E/219112
        mkdir -p /uufs/chpc.utah.edu/common/home/u6073678/hooknet_project/results/inference/done
        /uufs/chpc.utah.edu/sys/installdir/apptainer/1.4.1/bin/apptainer exec --nv \
            --bind /scratch/general/vast/u6073678/hooknet_tmp:/workspace \
            --bind /scratch/general/vast/u6073678/hooknet_tmp/tmp/219112:/home/user/tmp \
            /uufs/chpc.utah.edu/common/home/u6073678/hooknet_project/containers/hooknet_tls.sif \
            python -m hooknettls \
            hooknettls.default.image_path=/workspace/converted/219112.tif \
            hooknettls.default.mask_path=/workspace/masks/219112_mask.tif \
            hooknettls.default.model_weights=/home/user/pathology-hooknet-tls/weights/lung_weights.h5 \
            hooknettls.default.output_folder=/workspace/output/images/219112/
        cp -r /scratch/general/vast/u6073678/hooknet_tmp/output/images/219112/. \
              /uufs/chpc.utah.edu/common/home/u6073678/hooknet_project/results/inference/H_E/219112/
        touch /uufs/chpc.utah.edu/common/home/u6073678/hooknet_project/results/inference/done/219112_hooknet.done
        rm -f  /scratch/general/vast/u6073678/hooknet_tmp/input/219112.svs
        rm -f  /scratch/general/vast/u6073678/hooknet_tmp/masks/219112_mask.tif
        rm -rf /scratch/general/vast/u6073678/hooknet_tmp/output/images/219112/
        rm -rf /scratch/general/vast/u6073678/hooknet_tmp/tmp/219112

        > /scratch/general/vast/u6073678/hooknet_logs/219112_hooknet.log 2>&1
        
Job 9 has been submitted with SLURM jobid 13514387 (log: /uufs/chpc.utah.edu/common/home/u6073678/hooknet_project/.snakemake/slurm_logs/rule_inference/219112/13514387.log).
[Tue Jun 16 14:36:12 2026]
rule inference:
    input: /scratch/general/vast/u6073678/hooknet_tmp/converted/219260.tif, /scratch/general/vast/u6073678/hooknet_tmp/masks/219260_mask.tif
    output: /uufs/chpc.utah.edu/common/home/u6073678/hooknet_project/results/inference/done/219260_hooknet.done, /uufs/chpc.utah.edu/common/home/u6073678/hooknet_project/results/inference/H_E/219260/post-processed/219260_hooknettls_post_processed.xml
    log: /scratch/general/vast/u6073678/hooknet_logs/219260_hooknet.log
    jobid: 181
    reason: Missing output files: /uufs/chpc.utah.edu/common/home/u6073678/hooknet_project/results/inference/H_E/219260/post-processed/219260_hooknettls_post_processed.xml
    wildcards: slide=219260
    threads: 8
    resources: mem_mb=16000, mem_mib=15259, disk_mb=4831, disk_mib=4608, tmpdir=<TBD>, slurm_account=stewartp, slurm_partition=notchpeak-gpu, slurm_extra=--qos=notchpeak-gpu --account=notchpeak-gpu --gres=gpu:1 --clusters=notchpeak, runtime=40, cpus_per_task=4
Shell command: 
        set -euo pipefail
        mkdir -p /scratch/general/vast/u6073678/hooknet_tmp/tmp/219260
        mkdir -p /scratch/general/vast/u6073678/hooknet_tmp/output/images/219260
        mkdir -p /uufs/chpc.utah.edu/common/home/u6073678/hooknet_project/results/inference/H_E/219260
        mkdir -p /uufs/chpc.utah.edu/common/home/u6073678/hooknet_project/results/inference/done
        /uufs/chpc.utah.edu/sys/installdir/apptainer/1.4.1/bin/apptainer exec --nv \
            --bind /scratch/general/vast/u6073678/hooknet_tmp:/workspace \
            --bind /scratch/general/vast/u6073678/hooknet_tmp/tmp/219260:/home/user/tmp \
            /uufs/chpc.utah.edu/common/home/u6073678/hooknet_project/containers/hooknet_tls.sif \
            python -m hooknettls \
            hooknettls.default.image_path=/workspace/converted/219260.tif \
            hooknettls.default.mask_path=/workspace/masks/219260_mask.tif \
            hooknettls.default.model_weights=/home/user/pathology-hooknet-tls/weights/lung_weights.h5 \
            hooknettls.default.output_folder=/workspace/output/images/219260/
        cp -r /scratch/general/vast/u6073678/hooknet_tmp/output/images/219260/. \
              /uufs/chpc.utah.edu/common/home/u6073678/hooknet_project/results/inference/H_E/219260/
        touch /uufs/chpc.utah.edu/common/home/u6073678/hooknet_project/results/inference/done/219260_hooknet.done
        rm -f  /scratch/general/vast/u6073678/hooknet_tmp/input/219260.svs
        rm -f  /scratch/general/vast/u6073678/hooknet_tmp/masks/219260_mask.tif
        rm -rf /scratch/general/vast/u6073678/hooknet_tmp/output/images/219260/
        rm -rf /scratch/general/vast/u6073678/hooknet_tmp/tmp/219260

        > /scratch/general/vast/u6073678/hooknet_logs/219260_hooknet.log 2>&1
        
Job 181 has been submitted with SLURM jobid 13514388 (log: /uufs/chpc.utah.edu/common/home/u6073678/hooknet_project/.snakemake/slurm_logs/rule_inference/219260/13514388.log).
[Tue Jun 16 14:36:12 2026]
rule inference:
    input: /scratch/general/vast/u6073678/hooknet_tmp/converted/219297.tif, /scratch/general/vast/u6073678/hooknet_tmp/masks/219297_mask.tif
    output: /uufs/chpc.utah.edu/common/home/u6073678/hooknet_project/results/inference/done/219297_hooknet.done, /uufs/chpc.utah.edu/common/home/u6073678/hooknet_project/results/inference/H_E/219297/post-processed/219297_hooknettls_post_processed.xml
    log: /scratch/general/vast/u6073678/hooknet_logs/219297_hooknet.log
    jobid: 213
    reason: Missing output files: /uufs/chpc.utah.edu/common/home/u6073678/hooknet_project/results/inference/H_E/219297/post-processed/219297_hooknettls_post_processed.xml
    wildcards: slide=219297
    threads: 8
    resources: mem_mb=16000, mem_mib=15259, disk_mb=5128, disk_mib=4891, tmpdir=<TBD>, slurm_account=stewartp, slurm_partition=notchpeak-gpu, slurm_extra=--qos=notchpeak-gpu --account=notchpeak-gpu --gres=gpu:1 --clusters=notchpeak, runtime=40, cpus_per_task=4
Shell command: 
        set -euo pipefail
        mkdir -p /scratch/general/vast/u6073678/hooknet_tmp/tmp/219297
        mkdir -p /scratch/general/vast/u6073678/hooknet_tmp/output/images/219297
        mkdir -p /uufs/chpc.utah.edu/common/home/u6073678/hooknet_project/results/inference/H_E/219297
        mkdir -p /uufs/chpc.utah.edu/common/home/u6073678/hooknet_project/results/inference/done
        /uufs/chpc.utah.edu/sys/installdir/apptainer/1.4.1/bin/apptainer exec --nv \
            --bind /scratch/general/vast/u6073678/hooknet_tmp:/workspace \
            --bind /scratch/general/vast/u6073678/hooknet_tmp/tmp/219297:/home/user/tmp \
            /uufs/chpc.utah.edu/common/home/u6073678/hooknet_project/containers/hooknet_tls.sif \
            python -m hooknettls \
            hooknettls.default.image_path=/workspace/converted/219297.tif \
            hooknettls.default.mask_path=/workspace/masks/219297_mask.tif \
            hooknettls.default.model_weights=/home/user/pathology-hooknet-tls/weights/lung_weights.h5 \
            hooknettls.default.output_folder=/workspace/output/images/219297/
        cp -r /scratch/general/vast/u6073678/hooknet_tmp/output/images/219297/. \
              /uufs/chpc.utah.edu/common/home/u6073678/hooknet_project/results/inference/H_E/219297/
        touch /uufs/chpc.utah.edu/common/home/u6073678/hooknet_project/results/inference/done/219297_hooknet.done
        rm -f  /scratch/general/vast/u6073678/hooknet_tmp/input/219297.svs
        rm -f  /scratch/general/vast/u6073678/hooknet_tmp/masks/219297_mask.tif
        rm -rf /scratch/general/vast/u6073678/hooknet_tmp/output/images/219297/
        rm -rf /scratch/general/vast/u6073678/hooknet_tmp/tmp/219297

        > /scratch/general/vast/u6073678/hooknet_logs/219297_hooknet.log 2>&1
        
Job 213 has been submitted with SLURM jobid 13514389 (log: /uufs/chpc.utah.edu/common/home/u6073678/hooknet_project/.snakemake/slurm_logs/rule_inference/219297/13514389.log).
[Tue Jun 16 14:36:13 2026]
rule inference:
    input: /scratch/general/vast/u6073678/hooknet_tmp/converted/219098.tif, /scratch/general/vast/u6073678/hooknet_tmp/masks/219098_mask.tif
    output: /uufs/chpc.utah.edu/common/home/u6073678/hooknet_project/results/inference/done/219098_hooknet.done, /uufs/chpc.utah.edu/common/home/u6073678/hooknet_project/results/inference/H_E/219098/post-processed/219098_hooknettls_post_processed.xml
    log: /scratch/general/vast/u6073678/hooknet_logs/219098_hooknet.log
    jobid: 4
    reason: Missing output files: /uufs/chpc.utah.edu/common/home/u6073678/hooknet_project/results/inference/H_E/219098/post-processed/219098_hooknettls_post_processed.xml
    wildcards: slide=219098
    threads: 8
    resources: mem_mb=16000, mem_mib=15259, disk_mb=5647, disk_mib=5386, tmpdir=<TBD>, slurm_account=stewartp, slurm_partition=notchpeak-gpu, slurm_extra=--qos=notchpeak-gpu --account=notchpeak-gpu --gres=gpu:1 --clusters=notchpeak, runtime=40, cpus_per_task=4
Shell command: 
        set -euo pipefail
        mkdir -p /scratch/general/vast/u6073678/hooknet_tmp/tmp/219098
        mkdir -p /scratch/general/vast/u6073678/hooknet_tmp/output/images/219098
        mkdir -p /uufs/chpc.utah.edu/common/home/u6073678/hooknet_project/results/inference/H_E/219098
        mkdir -p /uufs/chpc.utah.edu/common/home/u6073678/hooknet_project/results/inference/done
        /uufs/chpc.utah.edu/sys/installdir/apptainer/1.4.1/bin/apptainer exec --nv \
            --bind /scratch/general/vast/u6073678/hooknet_tmp:/workspace \
            --bind /scratch/general/vast/u6073678/hooknet_tmp/tmp/219098:/home/user/tmp \
            /uufs/chpc.utah.edu/common/home/u6073678/hooknet_project/containers/hooknet_tls.sif \
            python -m hooknettls \
            hooknettls.default.image_path=/workspace/converted/219098.tif \
            hooknettls.default.mask_path=/workspace/masks/219098_mask.tif \
            hooknettls.default.model_weights=/home/user/pathology-hooknet-tls/weights/lung_weights.h5 \
            hooknettls.default.output_folder=/workspace/output/images/219098/
        cp -r /scratch/general/vast/u6073678/hooknet_tmp/output/images/219098/. \
              /uufs/chpc.utah.edu/common/home/u6073678/hooknet_project/results/inference/H_E/219098/
        touch /uufs/chpc.utah.edu/common/home/u6073678/hooknet_project/results/inference/done/219098_hooknet.done
        rm -f  /scratch/general/vast/u6073678/hooknet_tmp/input/219098.svs
        rm -f  /scratch/general/vast/u6073678/hooknet_tmp/masks/219098_mask.tif
        rm -rf /scratch/general/vast/u6073678/hooknet_tmp/output/images/219098/
        rm -rf /scratch/general/vast/u6073678/hooknet_tmp/tmp/219098

        > /scratch/general/vast/u6073678/hooknet_logs/219098_hooknet.log 2>&1
        
Job 4 has been submitted with SLURM jobid 13514390 (log: /uufs/chpc.utah.edu/common/home/u6073678/hooknet_project/.snakemake/slurm_logs/rule_inference/219098/13514390.log).
[Tue Jun 16 14:36:13 2026]
rule inference:
    input: /scratch/general/vast/u6073678/hooknet_tmp/converted/219252.tif, /scratch/general/vast/u6073678/hooknet_tmp/masks/219252_mask.tif
    output: /uufs/chpc.utah.edu/common/home/u6073678/hooknet_project/results/inference/done/219252_hooknet.done, /uufs/chpc.utah.edu/common/home/u6073678/hooknet_project/results/inference/H_E/219252/post-processed/219252_hooknettls_post_processed.xml
    log: /scratch/general/vast/u6073678/hooknet_logs/219252_hooknet.log
    jobid: 168
    reason: Missing output files: /uufs/chpc.utah.edu/common/home/u6073678/hooknet_project/results/inference/H_E/219252/post-processed/219252_hooknettls_post_processed.xml; Code has changed since last execution
    wildcards: slide=219252
    threads: 8
    resources: mem_mb=16000, mem_mib=15259, disk_mb=4867, disk_mib=4642, tmpdir=<TBD>, slurm_account=stewartp, slurm_partition=notchpeak-gpu, slurm_extra=--qos=notchpeak-gpu --account=notchpeak-gpu --gres=gpu:1 --clusters=notchpeak, runtime=40, cpus_per_task=4
Shell command: 
        set -euo pipefail
        mkdir -p /scratch/general/vast/u6073678/hooknet_tmp/tmp/219252
        mkdir -p /scratch/general/vast/u6073678/hooknet_tmp/output/images/219252
        mkdir -p /uufs/chpc.utah.edu/common/home/u6073678/hooknet_project/results/inference/H_E/219252
        mkdir -p /uufs/chpc.utah.edu/common/home/u6073678/hooknet_project/results/inference/done
        /uufs/chpc.utah.edu/sys/installdir/apptainer/1.4.1/bin/apptainer exec --nv \
            --bind /scratch/general/vast/u6073678/hooknet_tmp:/workspace \
            --bind /scratch/general/vast/u6073678/hooknet_tmp/tmp/219252:/home/user/tmp \
            /uufs/chpc.utah.edu/common/home/u6073678/hooknet_project/containers/hooknet_tls.sif \
            python -m hooknettls \
            hooknettls.default.image_path=/workspace/converted/219252.tif \
            hooknettls.default.mask_path=/workspace/masks/219252_mask.tif \
            hooknettls.default.model_weights=/home/user/pathology-hooknet-tls/weights/lung_weights.h5 \
            hooknettls.default.output_folder=/workspace/output/images/219252/
        cp -r /scratch/general/vast/u6073678/hooknet_tmp/output/images/219252/. \
              /uufs/chpc.utah.edu/common/home/u6073678/hooknet_project/results/inference/H_E/219252/
        touch /uufs/chpc.utah.edu/common/home/u6073678/hooknet_project/results/inference/done/219252_hooknet.done
        rm -f  /scratch/general/vast/u6073678/hooknet_tmp/input/219252.svs
        rm -f  /scratch/general/vast/u6073678/hooknet_tmp/masks/219252_mask.tif
        rm -rf /scratch/general/vast/u6073678/hooknet_tmp/output/images/219252/
        rm -rf /scratch/general/vast/u6073678/hooknet_tmp/tmp/219252

        > /scratch/general/vast/u6073678/hooknet_logs/219252_hooknet.log 2>&1
        
Job 168 has been submitted with SLURM jobid 13514391 (log: /uufs/chpc.utah.edu/common/home/u6073678/hooknet_project/.snakemake/slurm_logs/rule_inference/219252/13514391.log).
[Tue Jun 16 14:36:13 2026]
rule inference:
    input: /scratch/general/vast/u6073678/hooknet_tmp/converted/219258.tif, /scratch/general/vast/u6073678/hooknet_tmp/masks/219258_mask.tif
    output: /uufs/chpc.utah.edu/common/home/u6073678/hooknet_project/results/inference/done/219258_hooknet.done, /uufs/chpc.utah.edu/common/home/u6073678/hooknet_project/results/inference/H_E/219258/post-processed/219258_hooknettls_post_processed.xml
    log: /scratch/general/vast/u6073678/hooknet_logs/219258_hooknet.log
    jobid: 178
    reason: Missing output files: /uufs/chpc.utah.edu/common/home/u6073678/hooknet_project/results/inference/H_E/219258/post-processed/219258_hooknettls_post_processed.xml
    wildcards: slide=219258
    threads: 8
    resources: mem_mb=16000, mem_mib=15259, disk_mb=4676, disk_mib=4460, tmpdir=<TBD>, slurm_account=stewartp, slurm_partition=notchpeak-gpu, slurm_extra=--qos=notchpeak-gpu --account=notchpeak-gpu --gres=gpu:1 --clusters=notchpeak, runtime=40, cpus_per_task=4
Shell command: 
        set -euo pipefail
        mkdir -p /scratch/general/vast/u6073678/hooknet_tmp/tmp/219258
        mkdir -p /scratch/general/vast/u6073678/hooknet_tmp/output/images/219258
        mkdir -p /uufs/chpc.utah.edu/common/home/u6073678/hooknet_project/results/inference/H_E/219258
        mkdir -p /uufs/chpc.utah.edu/common/home/u6073678/hooknet_project/results/inference/done
        /uufs/chpc.utah.edu/sys/installdir/apptainer/1.4.1/bin/apptainer exec --nv \
            --bind /scratch/general/vast/u6073678/hooknet_tmp:/workspace \
            --bind /scratch/general/vast/u6073678/hooknet_tmp/tmp/219258:/home/user/tmp \
            /uufs/chpc.utah.edu/common/home/u6073678/hooknet_project/containers/hooknet_tls.sif \
            python -m hooknettls \
            hooknettls.default.image_path=/workspace/converted/219258.tif \
            hooknettls.default.mask_path=/workspace/masks/219258_mask.tif \
            hooknettls.default.model_weights=/home/user/pathology-hooknet-tls/weights/lung_weights.h5 \
            hooknettls.default.output_folder=/workspace/output/images/219258/
        cp -r /scratch/general/vast/u6073678/hooknet_tmp/output/images/219258/. \
              /uufs/chpc.utah.edu/common/home/u6073678/hooknet_project/results/inference/H_E/219258/
        touch /uufs/chpc.utah.edu/common/home/u6073678/hooknet_project/results/inference/done/219258_hooknet.done
        rm -f  /scratch/general/vast/u6073678/hooknet_tmp/input/219258.svs
        rm -f  /scratch/general/vast/u6073678/hooknet_tmp/masks/219258_mask.tif
        rm -rf /scratch/general/vast/u6073678/hooknet_tmp/output/images/219258/
        rm -rf /scratch/general/vast/u6073678/hooknet_tmp/tmp/219258

        > /scratch/general/vast/u6073678/hooknet_logs/219258_hooknet.log 2>&1
        
Job 178 has been submitted with SLURM jobid 13514392 (log: /uufs/chpc.utah.edu/common/home/u6073678/hooknet_project/.snakemake/slurm_logs/rule_inference/219258/13514392.log).
[Tue Jun 16 14:36:13 2026]
rule inference:
    input: /scratch/general/vast/u6073678/hooknet_tmp/converted/219273.tif, /scratch/general/vast/u6073678/hooknet_tmp/masks/219273_mask.tif
    output: /uufs/chpc.utah.edu/common/home/u6073678/hooknet_project/results/inference/done/219273_hooknet.done, /uufs/chpc.utah.edu/common/home/u6073678/hooknet_project/results/inference/H_E/219273/post-processed/219273_hooknettls_post_processed.xml
    log: /scratch/general/vast/u6073678/hooknet_logs/219273_hooknet.log
    jobid: 200
    reason: Missing output files: /uufs/chpc.utah.edu/common/home/u6073678/hooknet_project/results/inference/H_E/219273/post-processed/219273_hooknettls_post_processed.xml
    wildcards: slide=219273
    threads: 8
    resources: mem_mb=16000, mem_mib=15259, disk_mb=3605, disk_mib=3438, tmpdir=<TBD>, slurm_account=stewartp, slurm_partition=notchpeak-gpu, slurm_extra=--qos=notchpeak-gpu --account=notchpeak-gpu --gres=gpu:1 --clusters=notchpeak, runtime=40, cpus_per_task=4
Shell command: 
        set -euo pipefail
        mkdir -p /scratch/general/vast/u6073678/hooknet_tmp/tmp/219273
        mkdir -p /scratch/general/vast/u6073678/hooknet_tmp/output/images/219273
        mkdir -p /uufs/chpc.utah.edu/common/home/u6073678/hooknet_project/results/inference/H_E/219273
        mkdir -p /uufs/chpc.utah.edu/common/home/u6073678/hooknet_project/results/inference/done
        /uufs/chpc.utah.edu/sys/installdir/apptainer/1.4.1/bin/apptainer exec --nv \
            --bind /scratch/general/vast/u6073678/hooknet_tmp:/workspace \
            --bind /scratch/general/vast/u6073678/hooknet_tmp/tmp/219273:/home/user/tmp \
            /uufs/chpc.utah.edu/common/home/u6073678/hooknet_project/containers/hooknet_tls.sif \
            python -m hooknettls \
            hooknettls.default.image_path=/workspace/converted/219273.tif \
            hooknettls.default.mask_path=/workspace/masks/219273_mask.tif \
            hooknettls.default.model_weights=/home/user/pathology-hooknet-tls/weights/lung_weights.h5 \
            hooknettls.default.output_folder=/workspace/output/images/219273/
        cp -r /scratch/general/vast/u6073678/hooknet_tmp/output/images/219273/. \
              /uufs/chpc.utah.edu/common/home/u6073678/hooknet_project/results/inference/H_E/219273/
        touch /uufs/chpc.utah.edu/common/home/u6073678/hooknet_project/results/inference/done/219273_hooknet.done
        rm -f  /scratch/general/vast/u6073678/hooknet_tmp/input/219273.svs
        rm -f  /scratch/general/vast/u6073678/hooknet_tmp/masks/219273_mask.tif
        rm -rf /scratch/general/vast/u6073678/hooknet_tmp/output/images/219273/
        rm -rf /scratch/general/vast/u6073678/hooknet_tmp/tmp/219273

        > /scratch/general/vast/u6073678/hooknet_logs/219273_hooknet.log 2>&1
        
Job 200 has been submitted with SLURM jobid 13514393 (log: /uufs/chpc.utah.edu/common/home/u6073678/hooknet_project/.snakemake/slurm_logs/rule_inference/219273/13514393.log).
[Tue Jun 16 14:36:14 2026]
rule inference:
    input: /scratch/general/vast/u6073678/hooknet_tmp/converted/219295.tif, /scratch/general/vast/u6073678/hooknet_tmp/masks/219295_mask.tif
    output: /uufs/chpc.utah.edu/common/home/u6073678/hooknet_project/results/inference/done/219295_hooknet.done, /uufs/chpc.utah.edu/common/home/u6073678/hooknet_project/results/inference/H_E/219295/post-processed/219295_hooknettls_post_processed.xml
    log: /scratch/general/vast/u6073678/hooknet_logs/219295_hooknet.log
    jobid: 209
    reason: Missing output files: /uufs/chpc.utah.edu/common/home/u6073678/hooknet_project/results/inference/H_E/219295/post-processed/219295_hooknettls_post_processed.xml; Code has changed since last execution
    wildcards: slide=219295
    threads: 8
    resources: mem_mb=16000, mem_mib=15259, disk_mb=4302, disk_mib=4103, tmpdir=<TBD>, slurm_account=stewartp, slurm_partition=notchpeak-gpu, slurm_extra=--qos=notchpeak-gpu --account=notchpeak-gpu --gres=gpu:1 --clusters=notchpeak, runtime=40, cpus_per_task=4
Shell command: 
        set -euo pipefail
        mkdir -p /scratch/general/vast/u6073678/hooknet_tmp/tmp/219295
        mkdir -p /scratch/general/vast/u6073678/hooknet_tmp/output/images/219295
        mkdir -p /uufs/chpc.utah.edu/common/home/u6073678/hooknet_project/results/inference/H_E/219295
        mkdir -p /uufs/chpc.utah.edu/common/home/u6073678/hooknet_project/results/inference/done
        /uufs/chpc.utah.edu/sys/installdir/apptainer/1.4.1/bin/apptainer exec --nv \
            --bind /scratch/general/vast/u6073678/hooknet_tmp:/workspace \
            --bind /scratch/general/vast/u6073678/hooknet_tmp/tmp/219295:/home/user/tmp \
            /uufs/chpc.utah.edu/common/home/u6073678/hooknet_project/containers/hooknet_tls.sif \
            python -m hooknettls \
            hooknettls.default.image_path=/workspace/converted/219295.tif \
            hooknettls.default.mask_path=/workspace/masks/219295_mask.tif \
            hooknettls.default.model_weights=/home/user/pathology-hooknet-tls/weights/lung_weights.h5 \
            hooknettls.default.output_folder=/workspace/output/images/219295/
        cp -r /scratch/general/vast/u6073678/hooknet_tmp/output/images/219295/. \
              /uufs/chpc.utah.edu/common/home/u6073678/hooknet_project/results/inference/H_E/219295/
        touch /uufs/chpc.utah.edu/common/home/u6073678/hooknet_project/results/inference/done/219295_hooknet.done
        rm -f  /scratch/general/vast/u6073678/hooknet_tmp/input/219295.svs
        rm -f  /scratch/general/vast/u6073678/hooknet_tmp/masks/219295_mask.tif
        rm -rf /scratch/general/vast/u6073678/hooknet_tmp/output/images/219295/
        rm -rf /scratch/general/vast/u6073678/hooknet_tmp/tmp/219295

        > /scratch/general/vast/u6073678/hooknet_logs/219295_hooknet.log 2>&1
        
Job 209 has been submitted with SLURM jobid 13514394 (log: /uufs/chpc.utah.edu/common/home/u6073678/hooknet_project/.snakemake/slurm_logs/rule_inference/219295/13514394.log).
[Tue Jun 16 14:36:14 2026]
rule inference:
    input: /scratch/general/vast/u6073678/hooknet_tmp/converted/219207.tif, /scratch/general/vast/u6073678/hooknet_tmp/masks/219207_mask.tif
    output: /uufs/chpc.utah.edu/common/home/u6073678/hooknet_project/results/inference/done/219207_hooknet.done, /uufs/chpc.utah.edu/common/home/u6073678/hooknet_project/results/inference/H_E/219207/post-processed/219207_hooknettls_post_processed.xml
    log: /scratch/general/vast/u6073678/hooknet_logs/219207_hooknet.log
    jobid: 93
    reason: Missing output files: /uufs/chpc.utah.edu/common/home/u6073678/hooknet_project/results/inference/H_E/219207/post-processed/219207_hooknettls_post_processed.xml
    wildcards: slide=219207
    threads: 8
    resources: mem_mb=16000, mem_mib=15259, disk_mb=5294, disk_mib=5049, tmpdir=<TBD>, slurm_account=stewartp, slurm_partition=notchpeak-gpu, slurm_extra=--qos=notchpeak-gpu --account=notchpeak-gpu --gres=gpu:1 --clusters=notchpeak, runtime=40, cpus_per_task=4
Shell command: 
        set -euo pipefail
        mkdir -p /scratch/general/vast/u6073678/hooknet_tmp/tmp/219207
        mkdir -p /scratch/general/vast/u6073678/hooknet_tmp/output/images/219207
        mkdir -p /uufs/chpc.utah.edu/common/home/u6073678/hooknet_project/results/inference/H_E/219207
        mkdir -p /uufs/chpc.utah.edu/common/home/u6073678/hooknet_project/results/inference/done
        /uufs/chpc.utah.edu/sys/installdir/apptainer/1.4.1/bin/apptainer exec --nv \
            --bind /scratch/general/vast/u6073678/hooknet_tmp:/workspace \
            --bind /scratch/general/vast/u6073678/hooknet_tmp/tmp/219207:/home/user/tmp \
            /uufs/chpc.utah.edu/common/home/u6073678/hooknet_project/containers/hooknet_tls.sif \
            python -m hooknettls \
            hooknettls.default.image_path=/workspace/converted/219207.tif \
            hooknettls.default.mask_path=/workspace/masks/219207_mask.tif \
            hooknettls.default.model_weights=/home/user/pathology-hooknet-tls/weights/lung_weights.h5 \
            hooknettls.default.output_folder=/workspace/output/images/219207/
        cp -r /scratch/general/vast/u6073678/hooknet_tmp/output/images/219207/. \
              /uufs/chpc.utah.edu/common/home/u6073678/hooknet_project/results/inference/H_E/219207/
        touch /uufs/chpc.utah.edu/common/home/u6073678/hooknet_project/results/inference/done/219207_hooknet.done
        rm -f  /scratch/general/vast/u6073678/hooknet_tmp/input/219207.svs
        rm -f  /scratch/general/vast/u6073678/hooknet_tmp/masks/219207_mask.tif
        rm -rf /scratch/general/vast/u6073678/hooknet_tmp/output/images/219207/
        rm -rf /scratch/general/vast/u6073678/hooknet_tmp/tmp/219207

        > /scratch/general/vast/u6073678/hooknet_logs/219207_hooknet.log 2>&1
        
Job 93 has been submitted with SLURM jobid 13514395 (log: /uufs/chpc.utah.edu/common/home/u6073678/hooknet_project/.snakemake/slurm_logs/rule_inference/219207/13514395.log).
[Tue Jun 16 14:36:14 2026]
rule inference:
    input: /scratch/general/vast/u6073678/hooknet_tmp/converted/219234.tif, /scratch/general/vast/u6073678/hooknet_tmp/masks/219234_mask.tif
    output: /uufs/chpc.utah.edu/common/home/u6073678/hooknet_project/results/inference/done/219234_hooknet.done, /uufs/chpc.utah.edu/common/home/u6073678/hooknet_project/results/inference/H_E/219234/post-processed/219234_hooknettls_post_processed.xml
    log: /scratch/general/vast/u6073678/hooknet_logs/219234_hooknet.log
    jobid: 137
    reason: Missing output files: /uufs/chpc.utah.edu/common/home/u6073678/hooknet_project/results/inference/H_E/219234/post-processed/219234_hooknettls_post_processed.xml; Code has changed since last execution
    wildcards: slide=219234
    threads: 8
    resources: mem_mb=16000, mem_mib=15259, disk_mb=4354, disk_mib=4153, tmpdir=<TBD>, slurm_account=stewartp, slurm_partition=notchpeak-gpu, slurm_extra=--qos=notchpeak-gpu --account=notchpeak-gpu --gres=gpu:1 --clusters=notchpeak, runtime=40, cpus_per_task=4
Shell command: 
        set -euo pipefail
        mkdir -p /scratch/general/vast/u6073678/hooknet_tmp/tmp/219234
        mkdir -p /scratch/general/vast/u6073678/hooknet_tmp/output/images/219234
        mkdir -p /uufs/chpc.utah.edu/common/home/u6073678/hooknet_project/results/inference/H_E/219234
        mkdir -p /uufs/chpc.utah.edu/common/home/u6073678/hooknet_project/results/inference/done
        /uufs/chpc.utah.edu/sys/installdir/apptainer/1.4.1/bin/apptainer exec --nv \
            --bind /scratch/general/vast/u6073678/hooknet_tmp:/workspace \
            --bind /scratch/general/vast/u6073678/hooknet_tmp/tmp/219234:/home/user/tmp \
            /uufs/chpc.utah.edu/common/home/u6073678/hooknet_project/containers/hooknet_tls.sif \
            python -m hooknettls \
            hooknettls.default.image_path=/workspace/converted/219234.tif \
            hooknettls.default.mask_path=/workspace/masks/219234_mask.tif \
            hooknettls.default.model_weights=/home/user/pathology-hooknet-tls/weights/lung_weights.h5 \
            hooknettls.default.output_folder=/workspace/output/images/219234/
        cp -r /scratch/general/vast/u6073678/hooknet_tmp/output/images/219234/. \
              /uufs/chpc.utah.edu/common/home/u6073678/hooknet_project/results/inference/H_E/219234/
        touch /uufs/chpc.utah.edu/common/home/u6073678/hooknet_project/results/inference/done/219234_hooknet.done
        rm -f  /scratch/general/vast/u6073678/hooknet_tmp/input/219234.svs
        rm -f  /scratch/general/vast/u6073678/hooknet_tmp/masks/219234_mask.tif
        rm -rf /scratch/general/vast/u6073678/hooknet_tmp/output/images/219234/
        rm -rf /scratch/general/vast/u6073678/hooknet_tmp/tmp/219234

        > /scratch/general/vast/u6073678/hooknet_logs/219234_hooknet.log 2>&1
        
Job 137 has been submitted with SLURM jobid 13514396 (log: /uufs/chpc.utah.edu/common/home/u6073678/hooknet_project/.snakemake/slurm_logs/rule_inference/219234/13514396.log).
[Tue Jun 16 14:36:14 2026]
rule inference:
    input: /scratch/general/vast/u6073678/hooknet_tmp/converted/219298.tif, /scratch/general/vast/u6073678/hooknet_tmp/masks/219298_mask.tif
    output: /uufs/chpc.utah.edu/common/home/u6073678/hooknet_project/results/inference/done/219298_hooknet.done, /uufs/chpc.utah.edu/common/home/u6073678/hooknet_project/results/inference/H_E/219298/post-processed/219298_hooknettls_post_processed.xml
    log: /scratch/general/vast/u6073678/hooknet_logs/219298_hooknet.log
    jobid: 215
    reason: Missing output files: /uufs/chpc.utah.edu/common/home/u6073678/hooknet_project/results/inference/H_E/219298/post-processed/219298_hooknettls_post_processed.xml; Code has changed since last execution
    wildcards: slide=219298
    threads: 8
    resources: mem_mb=16000, mem_mib=15259, disk_mb=2762, disk_mib=2635, tmpdir=<TBD>, slurm_account=stewartp, slurm_partition=notchpeak-gpu, slurm_extra=--qos=notchpeak-gpu --account=notchpeak-gpu --gres=gpu:1 --clusters=notchpeak, runtime=40, cpus_per_task=4
Shell command: 
        set -euo pipefail
        mkdir -p /scratch/general/vast/u6073678/hooknet_tmp/tmp/219298
        mkdir -p /scratch/general/vast/u6073678/hooknet_tmp/output/images/219298
        mkdir -p /uufs/chpc.utah.edu/common/home/u6073678/hooknet_project/results/inference/H_E/219298
        mkdir -p /uufs/chpc.utah.edu/common/home/u6073678/hooknet_project/results/inference/done
        /uufs/chpc.utah.edu/sys/installdir/apptainer/1.4.1/bin/apptainer exec --nv \
            --bind /scratch/general/vast/u6073678/hooknet_tmp:/workspace \
            --bind /scratch/general/vast/u6073678/hooknet_tmp/tmp/219298:/home/user/tmp \
            /uufs/chpc.utah.edu/common/home/u6073678/hooknet_project/containers/hooknet_tls.sif \
            python -m hooknettls \
            hooknettls.default.image_path=/workspace/converted/219298.tif \
            hooknettls.default.mask_path=/workspace/masks/219298_mask.tif \
            hooknettls.default.model_weights=/home/user/pathology-hooknet-tls/weights/lung_weights.h5 \
            hooknettls.default.output_folder=/workspace/output/images/219298/
        cp -r /scratch/general/vast/u6073678/hooknet_tmp/output/images/219298/. \
              /uufs/chpc.utah.edu/common/home/u6073678/hooknet_project/results/inference/H_E/219298/
        touch /uufs/chpc.utah.edu/common/home/u6073678/hooknet_project/results/inference/done/219298_hooknet.done
        rm -f  /scratch/general/vast/u6073678/hooknet_tmp/input/219298.svs
        rm -f  /scratch/general/vast/u6073678/hooknet_tmp/masks/219298_mask.tif
        rm -rf /scratch/general/vast/u6073678/hooknet_tmp/output/images/219298/
        rm -rf /scratch/general/vast/u6073678/hooknet_tmp/tmp/219298

        > /scratch/general/vast/u6073678/hooknet_logs/219298_hooknet.log 2>&1
        
Job 215 has been submitted with SLURM jobid 13514397 (log: /uufs/chpc.utah.edu/common/home/u6073678/hooknet_project/.snakemake/slurm_logs/rule_inference/219298/13514397.log).
[Tue Jun 16 14:36:15 2026]
rule inference:
    input: /scratch/general/vast/u6073678/hooknet_tmp/converted/219241.tif, /scratch/general/vast/u6073678/hooknet_tmp/masks/219241_mask.tif
    output: /uufs/chpc.utah.edu/common/home/u6073678/hooknet_project/results/inference/done/219241_hooknet.done, /uufs/chpc.utah.edu/common/home/u6073678/hooknet_project/results/inference/H_E/219241/post-processed/219241_hooknettls_post_processed.xml
    log: /scratch/general/vast/u6073678/hooknet_logs/219241_hooknet.log
    jobid: 149
    reason: Missing output files: /uufs/chpc.utah.edu/common/home/u6073678/hooknet_project/results/inference/H_E/219241/post-processed/219241_hooknettls_post_processed.xml
    wildcards: slide=219241
    threads: 8
    resources: mem_mb=16000, mem_mib=15259, disk_mb=1759, disk_mib=1678, tmpdir=<TBD>, slurm_account=stewartp, slurm_partition=notchpeak-gpu, slurm_extra=--qos=notchpeak-gpu --account=notchpeak-gpu --gres=gpu:1 --clusters=notchpeak, runtime=40, cpus_per_task=4
Shell command: 
        set -euo pipefail
        mkdir -p /scratch/general/vast/u6073678/hooknet_tmp/tmp/219241
        mkdir -p /scratch/general/vast/u6073678/hooknet_tmp/output/images/219241
        mkdir -p /uufs/chpc.utah.edu/common/home/u6073678/hooknet_project/results/inference/H_E/219241
        mkdir -p /uufs/chpc.utah.edu/common/home/u6073678/hooknet_project/results/inference/done
        /uufs/chpc.utah.edu/sys/installdir/apptainer/1.4.1/bin/apptainer exec --nv \
            --bind /scratch/general/vast/u6073678/hooknet_tmp:/workspace \
            --bind /scratch/general/vast/u6073678/hooknet_tmp/tmp/219241:/home/user/tmp \
            /uufs/chpc.utah.edu/common/home/u6073678/hooknet_project/containers/hooknet_tls.sif \
            python -m hooknettls \
            hooknettls.default.image_path=/workspace/converted/219241.tif \
            hooknettls.default.mask_path=/workspace/masks/219241_mask.tif \
            hooknettls.default.model_weights=/home/user/pathology-hooknet-tls/weights/lung_weights.h5 \
            hooknettls.default.output_folder=/workspace/output/images/219241/
        cp -r /scratch/general/vast/u6073678/hooknet_tmp/output/images/219241/. \
              /uufs/chpc.utah.edu/common/home/u6073678/hooknet_project/results/inference/H_E/219241/
        touch /uufs/chpc.utah.edu/common/home/u6073678/hooknet_project/results/inference/done/219241_hooknet.done
        rm -f  /scratch/general/vast/u6073678/hooknet_tmp/input/219241.svs
        rm -f  /scratch/general/vast/u6073678/hooknet_tmp/masks/219241_mask.tif
        rm -rf /scratch/general/vast/u6073678/hooknet_tmp/output/images/219241/
        rm -rf /scratch/general/vast/u6073678/hooknet_tmp/tmp/219241

        > /scratch/general/vast/u6073678/hooknet_logs/219241_hooknet.log 2>&1
        
Job 149 has been submitted with SLURM jobid 13514398 (log: /uufs/chpc.utah.edu/common/home/u6073678/hooknet_project/.snakemake/slurm_logs/rule_inference/219241/13514398.log).
[Tue Jun 16 14:36:15 2026]
rule inference:
    input: /scratch/general/vast/u6073678/hooknet_tmp/converted/219217.tif, /scratch/general/vast/u6073678/hooknet_tmp/masks/219217_mask.tif
    output: /uufs/chpc.utah.edu/common/home/u6073678/hooknet_project/results/inference/done/219217_hooknet.done, /uufs/chpc.utah.edu/common/home/u6073678/hooknet_project/results/inference/H_E/219217/post-processed/219217_hooknettls_post_processed.xml
    log: /scratch/general/vast/u6073678/hooknet_logs/219217_hooknet.log
    jobid: 111
    reason: Missing output files: /uufs/chpc.utah.edu/common/home/u6073678/hooknet_project/results/inference/H_E/219217/post-processed/219217_hooknettls_post_processed.xml
    wildcards: slide=219217
    threads: 8
    resources: mem_mb=16000, mem_mib=15259, disk_mb=2797, disk_mib=2668, tmpdir=<TBD>, slurm_account=stewartp, slurm_partition=notchpeak-gpu, slurm_extra=--qos=notchpeak-gpu --account=notchpeak-gpu --gres=gpu:1 --clusters=notchpeak, runtime=40, cpus_per_task=4
Shell command: 
        set -euo pipefail
        mkdir -p /scratch/general/vast/u6073678/hooknet_tmp/tmp/219217
        mkdir -p /scratch/general/vast/u6073678/hooknet_tmp/output/images/219217
        mkdir -p /uufs/chpc.utah.edu/common/home/u6073678/hooknet_project/results/inference/H_E/219217
        mkdir -p /uufs/chpc.utah.edu/common/home/u6073678/hooknet_project/results/inference/done
        /uufs/chpc.utah.edu/sys/installdir/apptainer/1.4.1/bin/apptainer exec --nv \
            --bind /scratch/general/vast/u6073678/hooknet_tmp:/workspace \
            --bind /scratch/general/vast/u6073678/hooknet_tmp/tmp/219217:/home/user/tmp \
            /uufs/chpc.utah.edu/common/home/u6073678/hooknet_project/containers/hooknet_tls.sif \
            python -m hooknettls \
            hooknettls.default.image_path=/workspace/converted/219217.tif \
            hooknettls.default.mask_path=/workspace/masks/219217_mask.tif \
            hooknettls.default.model_weights=/home/user/pathology-hooknet-tls/weights/lung_weights.h5 \
            hooknettls.default.output_folder=/workspace/output/images/219217/
        cp -r /scratch/general/vast/u6073678/hooknet_tmp/output/images/219217/. \
              /uufs/chpc.utah.edu/common/home/u6073678/hooknet_project/results/inference/H_E/219217/
        touch /uufs/chpc.utah.edu/common/home/u6073678/hooknet_project/results/inference/done/219217_hooknet.done
        rm -f  /scratch/general/vast/u6073678/hooknet_tmp/input/219217.svs
        rm -f  /scratch/general/vast/u6073678/hooknet_tmp/masks/219217_mask.tif
        rm -rf /scratch/general/vast/u6073678/hooknet_tmp/output/images/219217/
        rm -rf /scratch/general/vast/u6073678/hooknet_tmp/tmp/219217

        > /scratch/general/vast/u6073678/hooknet_logs/219217_hooknet.log 2>&1
        
Job 111 has been submitted with SLURM jobid 13514399 (log: /uufs/chpc.utah.edu/common/home/u6073678/hooknet_project/.snakemake/slurm_logs/rule_inference/219217/13514399.log).
[Tue Jun 16 14:36:15 2026]
rule inference:
    input: /scratch/general/vast/u6073678/hooknet_tmp/converted/219256.tif, /scratch/general/vast/u6073678/hooknet_tmp/masks/219256_mask.tif
    output: /uufs/chpc.utah.edu/common/home/u6073678/hooknet_project/results/inference/done/219256_hooknet.done, /uufs/chpc.utah.edu/common/home/u6073678/hooknet_project/results/inference/H_E/219256/post-processed/219256_hooknettls_post_processed.xml
    log: /scratch/general/vast/u6073678/hooknet_logs/219256_hooknet.log
    jobid: 174
    reason: Missing output files: /uufs/chpc.utah.edu/common/home/u6073678/hooknet_project/results/inference/H_E/219256/post-processed/219256_hooknettls_post_processed.xml
    wildcards: slide=219256
    threads: 8
    resources: mem_mb=16000, mem_mib=15259, disk_mb=2965, disk_mib=2828, tmpdir=<TBD>, slurm_account=stewartp, slurm_partition=notchpeak-gpu, slurm_extra=--qos=notchpeak-gpu --account=notchpeak-gpu --gres=gpu:1 --clusters=notchpeak, runtime=40, cpus_per_task=4
Shell command: 
        set -euo pipefail
        mkdir -p /scratch/general/vast/u6073678/hooknet_tmp/tmp/219256
        mkdir -p /scratch/general/vast/u6073678/hooknet_tmp/output/images/219256
        mkdir -p /uufs/chpc.utah.edu/common/home/u6073678/hooknet_project/results/inference/H_E/219256
        mkdir -p /uufs/chpc.utah.edu/common/home/u6073678/hooknet_project/results/inference/done
        /uufs/chpc.utah.edu/sys/installdir/apptainer/1.4.1/bin/apptainer exec --nv \
            --bind /scratch/general/vast/u6073678/hooknet_tmp:/workspace \
            --bind /scratch/general/vast/u6073678/hooknet_tmp/tmp/219256:/home/user/tmp \
            /uufs/chpc.utah.edu/common/home/u6073678/hooknet_project/containers/hooknet_tls.sif \
            python -m hooknettls \
            hooknettls.default.image_path=/workspace/converted/219256.tif \
            hooknettls.default.mask_path=/workspace/masks/219256_mask.tif \
            hooknettls.default.model_weights=/home/user/pathology-hooknet-tls/weights/lung_weights.h5 \
            hooknettls.default.output_folder=/workspace/output/images/219256/
        cp -r /scratch/general/vast/u6073678/hooknet_tmp/output/images/219256/. \
              /uufs/chpc.utah.edu/common/home/u6073678/hooknet_project/results/inference/H_E/219256/
        touch /uufs/chpc.utah.edu/common/home/u6073678/hooknet_project/results/inference/done/219256_hooknet.done
        rm -f  /scratch/general/vast/u6073678/hooknet_tmp/input/219256.svs
        rm -f  /scratch/general/vast/u6073678/hooknet_tmp/masks/219256_mask.tif
        rm -rf /scratch/general/vast/u6073678/hooknet_tmp/output/images/219256/
        rm -rf /scratch/general/vast/u6073678/hooknet_tmp/tmp/219256

        > /scratch/general/vast/u6073678/hooknet_logs/219256_hooknet.log 2>&1
        
Job 174 has been submitted with SLURM jobid 13514400 (log: /uufs/chpc.utah.edu/common/home/u6073678/hooknet_project/.snakemake/slurm_logs/rule_inference/219256/13514400.log).
[Tue Jun 16 14:36:15 2026]
rule inference:
    input: /scratch/general/vast/u6073678/hooknet_tmp/converted/219226.tif, /scratch/general/vast/u6073678/hooknet_tmp/masks/219226_mask.tif
    output: /uufs/chpc.utah.edu/common/home/u6073678/hooknet_project/results/inference/done/219226_hooknet.done, /uufs/chpc.utah.edu/common/home/u6073678/hooknet_project/results/inference/H_E/219226/post-processed/219226_hooknettls_post_processed.xml
    log: /scratch/general/vast/u6073678/hooknet_logs/219226_hooknet.log
    jobid: 125
    reason: Missing output files: /uufs/chpc.utah.edu/common/home/u6073678/hooknet_project/results/inference/H_E/219226/post-processed/219226_hooknettls_post_processed.xml
    wildcards: slide=219226
    threads: 8
    resources: mem_mb=16000, mem_mib=15259, disk_mb=2906, disk_mib=2772, tmpdir=<TBD>, slurm_account=stewartp, slurm_partition=notchpeak-gpu, slurm_extra=--qos=notchpeak-gpu --account=notchpeak-gpu --gres=gpu:1 --clusters=notchpeak, runtime=40, cpus_per_task=4
Shell command: 
        set -euo pipefail
        mkdir -p /scratch/general/vast/u6073678/hooknet_tmp/tmp/219226
        mkdir -p /scratch/general/vast/u6073678/hooknet_tmp/output/images/219226
        mkdir -p /uufs/chpc.utah.edu/common/home/u6073678/hooknet_project/results/inference/H_E/219226
        mkdir -p /uufs/chpc.utah.edu/common/home/u6073678/hooknet_project/results/inference/done
        /uufs/chpc.utah.edu/sys/installdir/apptainer/1.4.1/bin/apptainer exec --nv \
            --bind /scratch/general/vast/u6073678/hooknet_tmp:/workspace \
            --bind /scratch/general/vast/u6073678/hooknet_tmp/tmp/219226:/home/user/tmp \
            /uufs/chpc.utah.edu/common/home/u6073678/hooknet_project/containers/hooknet_tls.sif \
            python -m hooknettls \
            hooknettls.default.image_path=/workspace/converted/219226.tif \
            hooknettls.default.mask_path=/workspace/masks/219226_mask.tif \
            hooknettls.default.model_weights=/home/user/pathology-hooknet-tls/weights/lung_weights.h5 \
            hooknettls.default.output_folder=/workspace/output/images/219226/
        cp -r /scratch/general/vast/u6073678/hooknet_tmp/output/images/219226/. \
              /uufs/chpc.utah.edu/common/home/u6073678/hooknet_project/results/inference/H_E/219226/
        touch /uufs/chpc.utah.edu/common/home/u6073678/hooknet_project/results/inference/done/219226_hooknet.done
        rm -f  /scratch/general/vast/u6073678/hooknet_tmp/input/219226.svs
        rm -f  /scratch/general/vast/u6073678/hooknet_tmp/masks/219226_mask.tif
        rm -rf /scratch/general/vast/u6073678/hooknet_tmp/output/images/219226/
        rm -rf /scratch/general/vast/u6073678/hooknet_tmp/tmp/219226

        > /scratch/general/vast/u6073678/hooknet_logs/219226_hooknet.log 2>&1
        
Job 125 has been submitted with SLURM jobid 13514401 (log: /uufs/chpc.utah.edu/common/home/u6073678/hooknet_project/.snakemake/slurm_logs/rule_inference/219226/13514401.log).
[Tue Jun 16 14:36:16 2026]
rule inference:
    input: /scratch/general/vast/u6073678/hooknet_tmp/converted/219120.tif, /scratch/general/vast/u6073678/hooknet_tmp/masks/219120_mask.tif
    output: /uufs/chpc.utah.edu/common/home/u6073678/hooknet_project/results/inference/done/219120_hooknet.done, /uufs/chpc.utah.edu/common/home/u6073678/hooknet_project/results/inference/H_E/219120/post-processed/219120_hooknettls_post_processed.xml
    log: /scratch/general/vast/u6073678/hooknet_logs/219120_hooknet.log
    jobid: 19
    reason: Missing output files: /uufs/chpc.utah.edu/common/home/u6073678/hooknet_project/results/inference/H_E/219120/post-processed/219120_hooknettls_post_processed.xml
    wildcards: slide=219120
    threads: 8
    resources: mem_mb=16000, mem_mib=15259, disk_mb=4037, disk_mib=3850, tmpdir=<TBD>, slurm_account=stewartp, slurm_partition=notchpeak-gpu, slurm_extra=--qos=notchpeak-gpu --account=notchpeak-gpu --gres=gpu:1 --clusters=notchpeak, runtime=40, cpus_per_task=4
Shell command: 
        set -euo pipefail
        mkdir -p /scratch/general/vast/u6073678/hooknet_tmp/tmp/219120
        mkdir -p /scratch/general/vast/u6073678/hooknet_tmp/output/images/219120
        mkdir -p /uufs/chpc.utah.edu/common/home/u6073678/hooknet_project/results/inference/H_E/219120
        mkdir -p /uufs/chpc.utah.edu/common/home/u6073678/hooknet_project/results/inference/done
        /uufs/chpc.utah.edu/sys/installdir/apptainer/1.4.1/bin/apptainer exec --nv \
            --bind /scratch/general/vast/u6073678/hooknet_tmp:/workspace \
            --bind /scratch/general/vast/u6073678/hooknet_tmp/tmp/219120:/home/user/tmp \
            /uufs/chpc.utah.edu/common/home/u6073678/hooknet_project/containers/hooknet_tls.sif \
            python -m hooknettls \
            hooknettls.default.image_path=/workspace/converted/219120.tif \
            hooknettls.default.mask_path=/workspace/masks/219120_mask.tif \
            hooknettls.default.model_weights=/home/user/pathology-hooknet-tls/weights/lung_weights.h5 \
            hooknettls.default.output_folder=/workspace/output/images/219120/
        cp -r /scratch/general/vast/u6073678/hooknet_tmp/output/images/219120/. \
              /uufs/chpc.utah.edu/common/home/u6073678/hooknet_project/results/inference/H_E/219120/
        touch /uufs/chpc.utah.edu/common/home/u6073678/hooknet_project/results/inference/done/219120_hooknet.done
        rm -f  /scratch/general/vast/u6073678/hooknet_tmp/input/219120.svs
        rm -f  /scratch/general/vast/u6073678/hooknet_tmp/masks/219120_mask.tif
        rm -rf /scratch/general/vast/u6073678/hooknet_tmp/output/images/219120/
        rm -rf /scratch/general/vast/u6073678/hooknet_tmp/tmp/219120

        > /scratch/general/vast/u6073678/hooknet_logs/219120_hooknet.log 2>&1
        
Job 19 has been submitted with SLURM jobid 13514402 (log: /uufs/chpc.utah.edu/common/home/u6073678/hooknet_project/.snakemake/slurm_logs/rule_inference/219120/13514402.log).
[Tue Jun 16 14:36:16 2026]
rule inference:
    input: /scratch/general/vast/u6073678/hooknet_tmp/converted/219133.tif, /scratch/general/vast/u6073678/hooknet_tmp/masks/219133_mask.tif
    output: /uufs/chpc.utah.edu/common/home/u6073678/hooknet_project/results/inference/done/219133_hooknet.done, /uufs/chpc.utah.edu/common/home/u6073678/hooknet_project/results/inference/H_E/219133/post-processed/219133_hooknettls_post_processed.xml
    log: /scratch/general/vast/u6073678/hooknet_logs/219133_hooknet.log
    jobid: 29
    reason: Missing output files: /uufs/chpc.utah.edu/common/home/u6073678/hooknet_project/results/inference/H_E/219133/post-processed/219133_hooknettls_post_processed.xml; Code has changed since last execution
    wildcards: slide=219133
    threads: 8
    resources: mem_mb=16000, mem_mib=15259, disk_mb=6113, disk_mib=5830, tmpdir=<TBD>, slurm_account=stewartp, slurm_partition=notchpeak-gpu, slurm_extra=--qos=notchpeak-gpu --account=notchpeak-gpu --gres=gpu:1 --clusters=notchpeak, runtime=40, cpus_per_task=4
Shell command: 
        set -euo pipefail
        mkdir -p /scratch/general/vast/u6073678/hooknet_tmp/tmp/219133
        mkdir -p /scratch/general/vast/u6073678/hooknet_tmp/output/images/219133
        mkdir -p /uufs/chpc.utah.edu/common/home/u6073678/hooknet_project/results/inference/H_E/219133
        mkdir -p /uufs/chpc.utah.edu/common/home/u6073678/hooknet_project/results/inference/done
        /uufs/chpc.utah.edu/sys/installdir/apptainer/1.4.1/bin/apptainer exec --nv \
            --bind /scratch/general/vast/u6073678/hooknet_tmp:/workspace \
            --bind /scratch/general/vast/u6073678/hooknet_tmp/tmp/219133:/home/user/tmp \
            /uufs/chpc.utah.edu/common/home/u6073678/hooknet_project/containers/hooknet_tls.sif \
            python -m hooknettls \
            hooknettls.default.image_path=/workspace/converted/219133.tif \
            hooknettls.default.mask_path=/workspace/masks/219133_mask.tif \
            hooknettls.default.model_weights=/home/user/pathology-hooknet-tls/weights/lung_weights.h5 \
            hooknettls.default.output_folder=/workspace/output/images/219133/
        cp -r /scratch/general/vast/u6073678/hooknet_tmp/output/images/219133/. \
              /uufs/chpc.utah.edu/common/home/u6073678/hooknet_project/results/inference/H_E/219133/
        touch /uufs/chpc.utah.edu/common/home/u6073678/hooknet_project/results/inference/done/219133_hooknet.done
        rm -f  /scratch/general/vast/u6073678/hooknet_tmp/input/219133.svs
        rm -f  /scratch/general/vast/u6073678/hooknet_tmp/masks/219133_mask.tif
        rm -rf /scratch/general/vast/u6073678/hooknet_tmp/output/images/219133/
        rm -rf /scratch/general/vast/u6073678/hooknet_tmp/tmp/219133

        > /scratch/general/vast/u6073678/hooknet_logs/219133_hooknet.log 2>&1
        
Job 29 has been submitted with SLURM jobid 13514403 (log: /uufs/chpc.utah.edu/common/home/u6073678/hooknet_project/.snakemake/slurm_logs/rule_inference/219133/13514403.log).
[Tue Jun 16 14:36:16 2026]
rule inference:
    input: /scratch/general/vast/u6073678/hooknet_tmp/converted/219275.tif, /scratch/general/vast/u6073678/hooknet_tmp/masks/219275_mask.tif
    output: /uufs/chpc.utah.edu/common/home/u6073678/hooknet_project/results/inference/done/219275_hooknet.done, /uufs/chpc.utah.edu/common/home/u6073678/hooknet_project/results/inference/H_E/219275/post-processed/219275_hooknettls_post_processed.xml
    log: /scratch/general/vast/u6073678/hooknet_logs/219275_hooknet.log
    jobid: 202
    reason: Missing output files: /uufs/chpc.utah.edu/common/home/u6073678/hooknet_project/results/inference/H_E/219275/post-processed/219275_hooknettls_post_processed.xml
    wildcards: slide=219275
    threads: 8
    resources: mem_mb=16000, mem_mib=15259, disk_mb=4807, disk_mib=4585, tmpdir=<TBD>, slurm_account=stewartp, slurm_partition=notchpeak-gpu, slurm_extra=--qos=notchpeak-gpu --account=notchpeak-gpu --gres=gpu:1 --clusters=notchpeak, runtime=40, cpus_per_task=4
Shell command: 
        set -euo pipefail
        mkdir -p /scratch/general/vast/u6073678/hooknet_tmp/tmp/219275
        mkdir -p /scratch/general/vast/u6073678/hooknet_tmp/output/images/219275
        mkdir -p /uufs/chpc.utah.edu/common/home/u6073678/hooknet_project/results/inference/H_E/219275
        mkdir -p /uufs/chpc.utah.edu/common/home/u6073678/hooknet_project/results/inference/done
        /uufs/chpc.utah.edu/sys/installdir/apptainer/1.4.1/bin/apptainer exec --nv \
            --bind /scratch/general/vast/u6073678/hooknet_tmp:/workspace \
            --bind /scratch/general/vast/u6073678/hooknet_tmp/tmp/219275:/home/user/tmp \
            /uufs/chpc.utah.edu/common/home/u6073678/hooknet_project/containers/hooknet_tls.sif \
            python -m hooknettls \
            hooknettls.default.image_path=/workspace/converted/219275.tif \
            hooknettls.default.mask_path=/workspace/masks/219275_mask.tif \
            hooknettls.default.model_weights=/home/user/pathology-hooknet-tls/weights/lung_weights.h5 \
            hooknettls.default.output_folder=/workspace/output/images/219275/
        cp -r /scratch/general/vast/u6073678/hooknet_tmp/output/images/219275/. \
              /uufs/chpc.utah.edu/common/home/u6073678/hooknet_project/results/inference/H_E/219275/
        touch /uufs/chpc.utah.edu/common/home/u6073678/hooknet_project/results/inference/done/219275_hooknet.done
        rm -f  /scratch/general/vast/u6073678/hooknet_tmp/input/219275.svs
        rm -f  /scratch/general/vast/u6073678/hooknet_tmp/masks/219275_mask.tif
        rm -rf /scratch/general/vast/u6073678/hooknet_tmp/output/images/219275/
        rm -rf /scratch/general/vast/u6073678/hooknet_tmp/tmp/219275

        > /scratch/general/vast/u6073678/hooknet_logs/219275_hooknet.log 2>&1
        
Job 202 has been submitted with SLURM jobid 13514404 (log: /uufs/chpc.utah.edu/common/home/u6073678/hooknet_project/.snakemake/slurm_logs/rule_inference/219275/13514404.log).
[Tue Jun 16 14:36:17 2026]
rule inference:
    input: /scratch/general/vast/u6073678/hooknet_tmp/converted/219183.tif, /scratch/general/vast/u6073678/hooknet_tmp/masks/219183_mask.tif
    output: /uufs/chpc.utah.edu/common/home/u6073678/hooknet_project/results/inference/done/219183_hooknet.done, /uufs/chpc.utah.edu/common/home/u6073678/hooknet_project/results/inference/H_E/219183/post-processed/219183_hooknettls_post_processed.xml
    log: /scratch/general/vast/u6073678/hooknet_logs/219183_hooknet.log
    jobid: 70
    reason: Missing output files: /uufs/chpc.utah.edu/common/home/u6073678/hooknet_project/results/inference/H_E/219183/post-processed/219183_hooknettls_post_processed.xml
    wildcards: slide=219183
    threads: 8
    resources: mem_mb=16000, mem_mib=15259, disk_mb=2583, disk_mib=2464, tmpdir=<TBD>, slurm_account=stewartp, slurm_partition=notchpeak-gpu, slurm_extra=--qos=notchpeak-gpu --account=notchpeak-gpu --gres=gpu:1 --clusters=notchpeak, runtime=40, cpus_per_task=4
Shell command: 
        set -euo pipefail
        mkdir -p /scratch/general/vast/u6073678/hooknet_tmp/tmp/219183
        mkdir -p /scratch/general/vast/u6073678/hooknet_tmp/output/images/219183
        mkdir -p /uufs/chpc.utah.edu/common/home/u6073678/hooknet_project/results/inference/H_E/219183
        mkdir -p /uufs/chpc.utah.edu/common/home/u6073678/hooknet_project/results/inference/done
        /uufs/chpc.utah.edu/sys/installdir/apptainer/1.4.1/bin/apptainer exec --nv \
            --bind /scratch/general/vast/u6073678/hooknet_tmp:/workspace \
            --bind /scratch/general/vast/u6073678/hooknet_tmp/tmp/219183:/home/user/tmp \
            /uufs/chpc.utah.edu/common/home/u6073678/hooknet_project/containers/hooknet_tls.sif \
            python -m hooknettls \
            hooknettls.default.image_path=/workspace/converted/219183.tif \
            hooknettls.default.mask_path=/workspace/masks/219183_mask.tif \
            hooknettls.default.model_weights=/home/user/pathology-hooknet-tls/weights/lung_weights.h5 \
            hooknettls.default.output_folder=/workspace/output/images/219183/
        cp -r /scratch/general/vast/u6073678/hooknet_tmp/output/images/219183/. \
              /uufs/chpc.utah.edu/common/home/u6073678/hooknet_project/results/inference/H_E/219183/
        touch /uufs/chpc.utah.edu/common/home/u6073678/hooknet_project/results/inference/done/219183_hooknet.done
        rm -f  /scratch/general/vast/u6073678/hooknet_tmp/input/219183.svs
        rm -f  /scratch/general/vast/u6073678/hooknet_tmp/masks/219183_mask.tif
        rm -rf /scratch/general/vast/u6073678/hooknet_tmp/output/images/219183/
        rm -rf /scratch/general/vast/u6073678/hooknet_tmp/tmp/219183

        > /scratch/general/vast/u6073678/hooknet_logs/219183_hooknet.log 2>&1
        
Job 70 has been submitted with SLURM jobid 13514405 (log: /uufs/chpc.utah.edu/common/home/u6073678/hooknet_project/.snakemake/slurm_logs/rule_inference/219183/13514405.log).
Select jobs to execute...
[Tue Jun 16 14:41:17 2026]
Finished jobid: 93 (Rule: inference)
1 of 219 steps (0.5%) done
Execute 1 jobs...
[Tue Jun 16 14:41:17 2026]
rule inference:
    input: /scratch/general/vast/u6073678/hooknet_tmp/converted/219201.tif, /scratch/general/vast/u6073678/hooknet_tmp/masks/219201_mask.tif
    output: /uufs/chpc.utah.edu/common/home/u6073678/hooknet_project/results/inference/done/219201_hooknet.done, /uufs/chpc.utah.edu/common/home/u6073678/hooknet_project/results/inference/H_E/219201/post-processed/219201_hooknettls_post_processed.xml
    log: /scratch/general/vast/u6073678/hooknet_logs/219201_hooknet.log
    jobid: 84
    reason: Missing output files: /uufs/chpc.utah.edu/common/home/u6073678/hooknet_project/results/inference/H_E/219201/post-processed/219201_hooknettls_post_processed.xml
    wildcards: slide=219201
    threads: 8
    resources: mem_mb=16000, mem_mib=15259, disk_mb=3767, disk_mib=3593, tmpdir=<TBD>, slurm_account=stewartp, slurm_partition=notchpeak-gpu, slurm_extra=--qos=notchpeak-gpu --account=notchpeak-gpu --gres=gpu:1 --clusters=notchpeak, runtime=40, cpus_per_task=4
Shell command: 
        set -euo pipefail
        mkdir -p /scratch/general/vast/u6073678/hooknet_tmp/tmp/219201
        mkdir -p /scratch/general/vast/u6073678/hooknet_tmp/output/images/219201
        mkdir -p /uufs/chpc.utah.edu/common/home/u6073678/hooknet_project/results/inference/H_E/219201
        mkdir -p /uufs/chpc.utah.edu/common/home/u6073678/hooknet_project/results/inference/done
        /uufs/chpc.utah.edu/sys/installdir/apptainer/1.4.1/bin/apptainer exec --nv \
            --bind /scratch/general/vast/u6073678/hooknet_tmp:/workspace \
            --bind /scratch/general/vast/u6073678/hooknet_tmp/tmp/219201:/home/user/tmp \
            /uufs/chpc.utah.edu/common/home/u6073678/hooknet_project/containers/hooknet_tls.sif \
            python -m hooknettls \
            hooknettls.default.image_path=/workspace/converted/219201.tif \
            hooknettls.default.mask_path=/workspace/masks/219201_mask.tif \
            hooknettls.default.model_weights=/home/user/pathology-hooknet-tls/weights/lung_weights.h5 \
            hooknettls.default.output_folder=/workspace/output/images/219201/
        cp -r /scratch/general/vast/u6073678/hooknet_tmp/output/images/219201/. \
              /uufs/chpc.utah.edu/common/home/u6073678/hooknet_project/results/inference/H_E/219201/
        touch /uufs/chpc.utah.edu/common/home/u6073678/hooknet_project/results/inference/done/219201_hooknet.done
        rm -f  /scratch/general/vast/u6073678/hooknet_tmp/input/219201.svs
        rm -f  /scratch/general/vast/u6073678/hooknet_tmp/masks/219201_mask.tif
        rm -rf /scratch/general/vast/u6073678/hooknet_tmp/output/images/219201/
        rm -rf /scratch/general/vast/u6073678/hooknet_tmp/tmp/219201

        > /scratch/general/vast/u6073678/hooknet_logs/219201_hooknet.log 2>&1
        
Job 84 has been submitted with SLURM jobid 13514471 (log: /uufs/chpc.utah.edu/common/home/u6073678/hooknet_project/.snakemake/slurm_logs/rule_inference/219201/13514471.log).
[Tue Jun 16 14:41:17 2026]
Finished jobid: 137 (Rule: inference)
2 of 219 steps (1%) done
Select jobs to execute...
Execute 1 jobs...
[Tue Jun 16 14:41:17 2026]
rule inference:
    input: /scratch/general/vast/u6073678/hooknet_tmp/converted/219173.tif, /scratch/general/vast/u6073678/hooknet_tmp/masks/219173_mask.tif
    output: /uufs/chpc.utah.edu/common/home/u6073678/hooknet_project/results/inference/done/219173_hooknet.done, /uufs/chpc.utah.edu/common/home/u6073678/hooknet_project/results/inference/H_E/219173/post-processed/219173_hooknettls_post_processed.xml
    log: /scratch/general/vast/u6073678/hooknet_logs/219173_hooknet.log
    jobid: 62
    reason: Missing output files: /uufs/chpc.utah.edu/common/home/u6073678/hooknet_project/results/inference/H_E/219173/post-processed/219173_hooknettls_post_processed.xml
    wildcards: slide=219173
    threads: 8
    resources: mem_mb=16000, mem_mib=15259, disk_mb=3220, disk_mib=3071, tmpdir=<TBD>, slurm_account=stewartp, slurm_partition=notchpeak-gpu, slurm_extra=--qos=notchpeak-gpu --account=notchpeak-gpu --gres=gpu:1 --clusters=notchpeak, runtime=40, cpus_per_task=4
Shell command: 
        set -euo pipefail
        mkdir -p /scratch/general/vast/u6073678/hooknet_tmp/tmp/219173
        mkdir -p /scratch/general/vast/u6073678/hooknet_tmp/output/images/219173
        mkdir -p /uufs/chpc.utah.edu/common/home/u6073678/hooknet_project/results/inference/H_E/219173
        mkdir -p /uufs/chpc.utah.edu/common/home/u6073678/hooknet_project/results/inference/done
        /uufs/chpc.utah.edu/sys/installdir/apptainer/1.4.1/bin/apptainer exec --nv \
            --bind /scratch/general/vast/u6073678/hooknet_tmp:/workspace \
            --bind /scratch/general/vast/u6073678/hooknet_tmp/tmp/219173:/home/user/tmp \
            /uufs/chpc.utah.edu/common/home/u6073678/hooknet_project/containers/hooknet_tls.sif \
            python -m hooknettls \
            hooknettls.default.image_path=/workspace/converted/219173.tif \
            hooknettls.default.mask_path=/workspace/masks/219173_mask.tif \
            hooknettls.default.model_weights=/home/user/pathology-hooknet-tls/weights/lung_weights.h5 \
            hooknettls.default.output_folder=/workspace/output/images/219173/
        cp -r /scratch/general/vast/u6073678/hooknet_tmp/output/images/219173/. \
              /uufs/chpc.utah.edu/common/home/u6073678/hooknet_project/results/inference/H_E/219173/
        touch /uufs/chpc.utah.edu/common/home/u6073678/hooknet_project/results/inference/done/219173_hooknet.done
        rm -f  /scratch/general/vast/u6073678/hooknet_tmp/input/219173.svs
        rm -f  /scratch/general/vast/u6073678/hooknet_tmp/masks/219173_mask.tif
        rm -rf /scratch/general/vast/u6073678/hooknet_tmp/output/images/219173/
        rm -rf /scratch/general/vast/u6073678/hooknet_tmp/tmp/219173

        > /scratch/general/vast/u6073678/hooknet_logs/219173_hooknet.log 2>&1
        
Job 62 has been submitted with SLURM jobid 13514472 (log: /uufs/chpc.utah.edu/common/home/u6073678/hooknet_project/.snakemake/slurm_logs/rule_inference/219173/13514472.log).
Select jobs to execute...
[Tue Jun 16 14:46:18 2026]
Finished jobid: 149 (Rule: inference)
3 of 219 steps (1%) done
Execute 1 jobs...
[Tue Jun 16 14:46:18 2026]
rule inference:
    input: /scratch/general/vast/u6073678/hooknet_tmp/converted/219171.tif, /scratch/general/vast/u6073678/hooknet_tmp/masks/219171_mask.tif
    output: /uufs/chpc.utah.edu/common/home/u6073678/hooknet_project/results/inference/done/219171_hooknet.done, /uufs/chpc.utah.edu/common/home/u6073678/hooknet_project/results/inference/H_E/219171/post-processed/219171_hooknettls_post_processed.xml
    log: /scratch/general/vast/u6073678/hooknet_logs/219171_hooknet.log
    jobid: 60
    reason: Missing output files: /uufs/chpc.utah.edu/common/home/u6073678/hooknet_project/results/inference/H_E/219171/post-processed/219171_hooknettls_post_processed.xml
    wildcards: slide=219171
    threads: 8
    resources: mem_mb=16000, mem_mib=15259, disk_mb=5028, disk_mib=4796, tmpdir=<TBD>, slurm_account=stewartp, slurm_partition=notchpeak-gpu, slurm_extra=--qos=notchpeak-gpu --account=notchpeak-gpu --gres=gpu:1 --clusters=notchpeak, runtime=40, cpus_per_task=4
Shell command: 
        set -euo pipefail
        mkdir -p /scratch/general/vast/u6073678/hooknet_tmp/tmp/219171
        mkdir -p /scratch/general/vast/u6073678/hooknet_tmp/output/images/219171
        mkdir -p /uufs/chpc.utah.edu/common/home/u6073678/hooknet_project/results/inference/H_E/219171
        mkdir -p /uufs/chpc.utah.edu/common/home/u6073678/hooknet_project/results/inference/done
        /uufs/chpc.utah.edu/sys/installdir/apptainer/1.4.1/bin/apptainer exec --nv \
            --bind /scratch/general/vast/u6073678/hooknet_tmp:/workspace \
            --bind /scratch/general/vast/u6073678/hooknet_tmp/tmp/219171:/home/user/tmp \
            /uufs/chpc.utah.edu/common/home/u6073678/hooknet_project/containers/hooknet_tls.sif \
            python -m hooknettls \
            hooknettls.default.image_path=/workspace/converted/219171.tif \
            hooknettls.default.mask_path=/workspace/masks/219171_mask.tif \
            hooknettls.default.model_weights=/home/user/pathology-hooknet-tls/weights/lung_weights.h5 \
            hooknettls.default.output_folder=/workspace/output/images/219171/
        cp -r /scratch/general/vast/u6073678/hooknet_tmp/output/images/219171/. \
              /uufs/chpc.utah.edu/common/home/u6073678/hooknet_project/results/inference/H_E/219171/
        touch /uufs/chpc.utah.edu/common/home/u6073678/hooknet_project/results/inference/done/219171_hooknet.done
        rm -f  /scratch/general/vast/u6073678/hooknet_tmp/input/219171.svs
        rm -f  /scratch/general/vast/u6073678/hooknet_tmp/masks/219171_mask.tif
        rm -rf /scratch/general/vast/u6073678/hooknet_tmp/output/images/219171/
        rm -rf /scratch/general/vast/u6073678/hooknet_tmp/tmp/219171

        > /scratch/general/vast/u6073678/hooknet_logs/219171_hooknet.log 2>&1
        
Job 60 has been submitted with SLURM jobid 13514545 (log: /uufs/chpc.utah.edu/common/home/u6073678/hooknet_project/.snakemake/slurm_logs/rule_inference/219171/13514545.log).
Select jobs to execute...
[Tue Jun 16 14:46:58 2026]
Finished jobid: 160 (Rule: inference)
4 of 219 steps (2%) done
Execute 1 jobs...
[Tue Jun 16 14:46:58 2026]
rule inference:
    input: /scratch/general/vast/u6073678/hooknet_tmp/converted/219121.tif, /scratch/general/vast/u6073678/hooknet_tmp/masks/219121_mask.tif
    output: /uufs/chpc.utah.edu/common/home/u6073678/hooknet_project/results/inference/done/219121_hooknet.done, /uufs/chpc.utah.edu/common/home/u6073678/hooknet_project/results/inference/H_E/219121/post-processed/219121_hooknettls_post_processed.xml
    log: /scratch/general/vast/u6073678/hooknet_logs/219121_hooknet.log
    jobid: 21
    reason: Missing output files: /uufs/chpc.utah.edu/common/home/u6073678/hooknet_project/results/inference/H_E/219121/post-processed/219121_hooknettls_post_processed.xml
    wildcards: slide=219121
    threads: 8
    resources: mem_mb=16000, mem_mib=15259, disk_mb=4028, disk_mib=3842, tmpdir=<TBD>, slurm_account=stewartp, slurm_partition=notchpeak-gpu, slurm_extra=--qos=notchpeak-gpu --account=notchpeak-gpu --gres=gpu:1 --clusters=notchpeak, runtime=40, cpus_per_task=4
Shell command: 
        set -euo pipefail
        mkdir -p /scratch/general/vast/u6073678/hooknet_tmp/tmp/219121
        mkdir -p /scratch/general/vast/u6073678/hooknet_tmp/output/images/219121
        mkdir -p /uufs/chpc.utah.edu/common/home/u6073678/hooknet_project/results/inference/H_E/219121
        mkdir -p /uufs/chpc.utah.edu/common/home/u6073678/hooknet_project/results/inference/done
        /uufs/chpc.utah.edu/sys/installdir/apptainer/1.4.1/bin/apptainer exec --nv \
            --bind /scratch/general/vast/u6073678/hooknet_tmp:/workspace \
            --bind /scratch/general/vast/u6073678/hooknet_tmp/tmp/219121:/home/user/tmp \
            /uufs/chpc.utah.edu/common/home/u6073678/hooknet_project/containers/hooknet_tls.sif \
            python -m hooknettls \
            hooknettls.default.image_path=/workspace/converted/219121.tif \
            hooknettls.default.mask_path=/workspace/masks/219121_mask.tif \
            hooknettls.default.model_weights=/home/user/pathology-hooknet-tls/weights/lung_weights.h5 \
            hooknettls.default.output_folder=/workspace/output/images/219121/
        cp -r /scratch/general/vast/u6073678/hooknet_tmp/output/images/219121/. \
              /uufs/chpc.utah.edu/common/home/u6073678/hooknet_project/results/inference/H_E/219121/
        touch /uufs/chpc.utah.edu/common/home/u6073678/hooknet_project/results/inference/done/219121_hooknet.done
        rm -f  /scratch/general/vast/u6073678/hooknet_tmp/input/219121.svs
        rm -f  /scratch/general/vast/u6073678/hooknet_tmp/masks/219121_mask.tif
        rm -rf /scratch/general/vast/u6073678/hooknet_tmp/output/images/219121/
        rm -rf /scratch/general/vast/u6073678/hooknet_tmp/tmp/219121

        > /scratch/general/vast/u6073678/hooknet_logs/219121_hooknet.log 2>&1
        
Job 21 has been submitted with SLURM jobid 13514546 (log: /uufs/chpc.utah.edu/common/home/u6073678/hooknet_project/.snakemake/slurm_logs/rule_inference/219121/13514546.log).
[Tue Jun 16 14:46:58 2026]
Finished jobid: 111 (Rule: inference)
5 of 219 steps (2%) done
Select jobs to execute...
Execute 1 jobs...
[Tue Jun 16 14:46:59 2026]
rule inference:
    input: /scratch/general/vast/u6073678/hooknet_tmp/converted/219235.tif, /scratch/general/vast/u6073678/hooknet_tmp/masks/219235_mask.tif
    output: /uufs/chpc.utah.edu/common/home/u6073678/hooknet_project/results/inference/done/219235_hooknet.done, /uufs/chpc.utah.edu/common/home/u6073678/hooknet_project/results/inference/H_E/219235/post-processed/219235_hooknettls_post_processed.xml
    log: /scratch/general/vast/u6073678/hooknet_logs/219235_hooknet.log
    jobid: 139
    reason: Missing output files: /uufs/chpc.utah.edu/common/home/u6073678/hooknet_project/results/inference/H_E/219235/post-processed/219235_hooknettls_post_processed.xml
    wildcards: slide=219235
    threads: 8
    resources: mem_mb=16000, mem_mib=15259, disk_mb=4335, disk_mib=4135, tmpdir=<TBD>, slurm_account=stewartp, slurm_partition=notchpeak-gpu, slurm_extra=--qos=notchpeak-gpu --account=notchpeak-gpu --gres=gpu:1 --clusters=notchpeak, runtime=40, cpus_per_task=4
Shell command: 
        set -euo pipefail
        mkdir -p /scratch/general/vast/u6073678/hooknet_tmp/tmp/219235
        mkdir -p /scratch/general/vast/u6073678/hooknet_tmp/output/images/219235
        mkdir -p /uufs/chpc.utah.edu/common/home/u6073678/hooknet_project/results/inference/H_E/219235
        mkdir -p /uufs/chpc.utah.edu/common/home/u6073678/hooknet_project/results/inference/done
        /uufs/chpc.utah.edu/sys/installdir/apptainer/1.4.1/bin/apptainer exec --nv \
            --bind /scratch/general/vast/u6073678/hooknet_tmp:/workspace \
            --bind /scratch/general/vast/u6073678/hooknet_tmp/tmp/219235:/home/user/tmp \
            /uufs/chpc.utah.edu/common/home/u6073678/hooknet_project/containers/hooknet_tls.sif \
            python -m hooknettls \
            hooknettls.default.image_path=/workspace/converted/219235.tif \
            hooknettls.default.mask_path=/workspace/masks/219235_mask.tif \
            hooknettls.default.model_weights=/home/user/pathology-hooknet-tls/weights/lung_weights.h5 \
            hooknettls.default.output_folder=/workspace/output/images/219235/
        cp -r /scratch/general/vast/u6073678/hooknet_tmp/output/images/219235/. \
              /uufs/chpc.utah.edu/common/home/u6073678/hooknet_project/results/inference/H_E/219235/
        touch /uufs/chpc.utah.edu/common/home/u6073678/hooknet_project/results/inference/done/219235_hooknet.done
        rm -f  /scratch/general/vast/u6073678/hooknet_tmp/input/219235.svs
        rm -f  /scratch/general/vast/u6073678/hooknet_tmp/masks/219235_mask.tif
        rm -rf /scratch/general/vast/u6073678/hooknet_tmp/output/images/219235/
        rm -rf /scratch/general/vast/u6073678/hooknet_tmp/tmp/219235

        > /scratch/general/vast/u6073678/hooknet_logs/219235_hooknet.log 2>&1
        
Job 139 has been submitted with SLURM jobid 13514547 (log: /uufs/chpc.utah.edu/common/home/u6073678/hooknet_project/.snakemake/slurm_logs/rule_inference/219235/13514547.log).
Select jobs to execute...
[Tue Jun 16 14:50:38 2026]
Finished jobid: 125 (Rule: inference)
6 of 219 steps (3%) done
Execute 1 jobs...
[Tue Jun 16 14:50:39 2026]
rule inference:
    input: /scratch/general/vast/u6073678/hooknet_tmp/converted/219233.tif, /scratch/general/vast/u6073678/hooknet_tmp/masks/219233_mask.tif
    output: /uufs/chpc.utah.edu/common/home/u6073678/hooknet_project/results/inference/done/219233_hooknet.done, /uufs/chpc.utah.edu/common/home/u6073678/hooknet_project/results/inference/H_E/219233/post-processed/219233_hooknettls_post_processed.xml
    log: /scratch/general/vast/u6073678/hooknet_logs/219233_hooknet.log
    jobid: 135
    reason: Missing output files: /uufs/chpc.utah.edu/common/home/u6073678/hooknet_project/results/inference/H_E/219233/post-processed/219233_hooknettls_post_processed.xml
    wildcards: slide=219233
    threads: 8
    resources: mem_mb=16000, mem_mib=15259, disk_mb=5794, disk_mib=5526, tmpdir=<TBD>, slurm_account=stewartp, slurm_partition=notchpeak-gpu, slurm_extra=--qos=notchpeak-gpu --account=notchpeak-gpu --gres=gpu:1 --clusters=notchpeak, runtime=40, cpus_per_task=4
Shell command: 
        set -euo pipefail
        mkdir -p /scratch/general/vast/u6073678/hooknet_tmp/tmp/219233
        mkdir -p /scratch/general/vast/u6073678/hooknet_tmp/output/images/219233
        mkdir -p /uufs/chpc.utah.edu/common/home/u6073678/hooknet_project/results/inference/H_E/219233
        mkdir -p /uufs/chpc.utah.edu/common/home/u6073678/hooknet_project/results/inference/done
        /uufs/chpc.utah.edu/sys/installdir/apptainer/1.4.1/bin/apptainer exec --nv \
            --bind /scratch/general/vast/u6073678/hooknet_tmp:/workspace \
            --bind /scratch/general/vast/u6073678/hooknet_tmp/tmp/219233:/home/user/tmp \
            /uufs/chpc.utah.edu/common/home/u6073678/hooknet_project/containers/hooknet_tls.sif \
            python -m hooknettls \
            hooknettls.default.image_path=/workspace/converted/219233.tif \
            hooknettls.default.mask_path=/workspace/masks/219233_mask.tif \
            hooknettls.default.model_weights=/home/user/pathology-hooknet-tls/weights/lung_weights.h5 \
            hooknettls.default.output_folder=/workspace/output/images/219233/
        cp -r /scratch/general/vast/u6073678/hooknet_tmp/output/images/219233/. \
              /uufs/chpc.utah.edu/common/home/u6073678/hooknet_project/results/inference/H_E/219233/
        touch /uufs/chpc.utah.edu/common/home/u6073678/hooknet_project/results/inference/done/219233_hooknet.done
        rm -f  /scratch/general/vast/u6073678/hooknet_tmp/input/219233.svs
        rm -f  /scratch/general/vast/u6073678/hooknet_tmp/masks/219233_mask.tif
        rm -rf /scratch/general/vast/u6073678/hooknet_tmp/output/images/219233/
        rm -rf /scratch/general/vast/u6073678/hooknet_tmp/tmp/219233

        > /scratch/general/vast/u6073678/hooknet_logs/219233_hooknet.log 2>&1
        
Job 135 has been submitted with SLURM jobid 13514600 (log: /uufs/chpc.utah.edu/common/home/u6073678/hooknet_project/.snakemake/slurm_logs/rule_inference/219233/13514600.log).
Select jobs to execute...
[Tue Jun 16 14:51:18 2026]
Finished jobid: 19 (Rule: inference)
7 of 219 steps (3%) done
Execute 1 jobs...
[Tue Jun 16 14:51:19 2026]
rule inference:
    input: /scratch/general/vast/u6073678/hooknet_tmp/converted/219144.tif, /scratch/general/vast/u6073678/hooknet_tmp/masks/219144_mask.tif
    output: /uufs/chpc.utah.edu/common/home/u6073678/hooknet_project/results/inference/done/219144_hooknet.done, /uufs/chpc.utah.edu/common/home/u6073678/hooknet_project/results/inference/H_E/219144/post-processed/219144_hooknettls_post_processed.xml
    log: /scratch/general/vast/u6073678/hooknet_logs/219144_hooknet.log
    jobid: 42
    reason: Missing output files: /uufs/chpc.utah.edu/common/home/u6073678/hooknet_project/results/inference/H_E/219144/post-processed/219144_hooknettls_post_processed.xml
    wildcards: slide=219144
    threads: 8
    resources: mem_mb=16000, mem_mib=15259, disk_mb=5690, disk_mib=5427, tmpdir=<TBD>, slurm_account=stewartp, slurm_partition=notchpeak-gpu, slurm_extra=--qos=notchpeak-gpu --account=notchpeak-gpu --gres=gpu:1 --clusters=notchpeak, runtime=40, cpus_per_task=4
Shell command: 
        set -euo pipefail
        mkdir -p /scratch/general/vast/u6073678/hooknet_tmp/tmp/219144
        mkdir -p /scratch/general/vast/u6073678/hooknet_tmp/output/images/219144
        mkdir -p /uufs/chpc.utah.edu/common/home/u6073678/hooknet_project/results/inference/H_E/219144
        mkdir -p /uufs/chpc.utah.edu/common/home/u6073678/hooknet_project/results/inference/done
        /uufs/chpc.utah.edu/sys/installdir/apptainer/1.4.1/bin/apptainer exec --nv \
            --bind /scratch/general/vast/u6073678/hooknet_tmp:/workspace \
            --bind /scratch/general/vast/u6073678/hooknet_tmp/tmp/219144:/home/user/tmp \
            /uufs/chpc.utah.edu/common/home/u6073678/hooknet_project/containers/hooknet_tls.sif \
            python -m hooknettls \
            hooknettls.default.image_path=/workspace/converted/219144.tif \
            hooknettls.default.mask_path=/workspace/masks/219144_mask.tif \
            hooknettls.default.model_weights=/home/user/pathology-hooknet-tls/weights/lung_weights.h5 \
            hooknettls.default.output_folder=/workspace/output/images/219144/
        cp -r /scratch/general/vast/u6073678/hooknet_tmp/output/images/219144/. \
              /uufs/chpc.utah.edu/common/home/u6073678/hooknet_project/results/inference/H_E/219144/
        touch /uufs/chpc.utah.edu/common/home/u6073678/hooknet_project/results/inference/done/219144_hooknet.done
        rm -f  /scratch/general/vast/u6073678/hooknet_tmp/input/219144.svs
        rm -f  /scratch/general/vast/u6073678/hooknet_tmp/masks/219144_mask.tif
        rm -rf /scratch/general/vast/u6073678/hooknet_tmp/output/images/219144/
        rm -rf /scratch/general/vast/u6073678/hooknet_tmp/tmp/219144

        > /scratch/general/vast/u6073678/hooknet_logs/219144_hooknet.log 2>&1
        
Job 42 has been submitted with SLURM jobid 13514602 (log: /uufs/chpc.utah.edu/common/home/u6073678/hooknet_project/.snakemake/slurm_logs/rule_inference/219144/13514602.log).
Select jobs to execute...
[Tue Jun 16 14:52:49 2026]
Finished jobid: 174 (Rule: inference)
8 of 219 steps (4%) done
Execute 1 jobs...
[Tue Jun 16 14:52:49 2026]
rule inference:
    input: /scratch/general/vast/u6073678/hooknet_tmp/converted/219222.tif, /scratch/general/vast/u6073678/hooknet_tmp/masks/219222_mask.tif
    output: /uufs/chpc.utah.edu/common/home/u6073678/hooknet_project/results/inference/done/219222_hooknet.done, /uufs/chpc.utah.edu/common/home/u6073678/hooknet_project/results/inference/H_E/219222/post-processed/219222_hooknettls_post_processed.xml
    log: /scratch/general/vast/u6073678/hooknet_logs/219222_hooknet.log
    jobid: 118
    reason: Missing output files: /uufs/chpc.utah.edu/common/home/u6073678/hooknet_project/results/inference/H_E/219222/post-processed/219222_hooknettls_post_processed.xml; Code has changed since last execution
    wildcards: slide=219222
    threads: 8
    resources: mem_mb=16000, mem_mib=15259, disk_mb=5927, disk_mib=5653, tmpdir=<TBD>, slurm_account=stewartp, slurm_partition=notchpeak-gpu, slurm_extra=--qos=notchpeak-gpu --account=notchpeak-gpu --gres=gpu:1 --clusters=notchpeak, runtime=40, cpus_per_task=4
Shell command: 
        set -euo pipefail
        mkdir -p /scratch/general/vast/u6073678/hooknet_tmp/tmp/219222
        mkdir -p /scratch/general/vast/u6073678/hooknet_tmp/output/images/219222
        mkdir -p /uufs/chpc.utah.edu/common/home/u6073678/hooknet_project/results/inference/H_E/219222
        mkdir -p /uufs/chpc.utah.edu/common/home/u6073678/hooknet_project/results/inference/done
        /uufs/chpc.utah.edu/sys/installdir/apptainer/1.4.1/bin/apptainer exec --nv \
            --bind /scratch/general/vast/u6073678/hooknet_tmp:/workspace \
            --bind /scratch/general/vast/u6073678/hooknet_tmp/tmp/219222:/home/user/tmp \
            /uufs/chpc.utah.edu/common/home/u6073678/hooknet_project/containers/hooknet_tls.sif \
            python -m hooknettls \
            hooknettls.default.image_path=/workspace/converted/219222.tif \
            hooknettls.default.mask_path=/workspace/masks/219222_mask.tif \
            hooknettls.default.model_weights=/home/user/pathology-hooknet-tls/weights/lung_weights.h5 \
            hooknettls.default.output_folder=/workspace/output/images/219222/
        cp -r /scratch/general/vast/u6073678/hooknet_tmp/output/images/219222/. \
              /uufs/chpc.utah.edu/common/home/u6073678/hooknet_project/results/inference/H_E/219222/
        touch /uufs/chpc.utah.edu/common/home/u6073678/hooknet_project/results/inference/done/219222_hooknet.done
        rm -f  /scratch/general/vast/u6073678/hooknet_tmp/input/219222.svs
        rm -f  /scratch/general/vast/u6073678/hooknet_tmp/masks/219222_mask.tif
        rm -rf /scratch/general/vast/u6073678/hooknet_tmp/output/images/219222/
        rm -rf /scratch/general/vast/u6073678/hooknet_tmp/tmp/219222

        > /scratch/general/vast/u6073678/hooknet_logs/219222_hooknet.log 2>&1
        
Job 118 has been submitted with SLURM jobid 13514627 (log: /uufs/chpc.utah.edu/common/home/u6073678/hooknet_project/.snakemake/slurm_logs/rule_inference/219222/13514627.log).
Select jobs to execute...
