None
host: notchpeak1
Building DAG of jobs...
SLURM run ID: 8326686e-c667-4780-8163-132884d77263
Using shell: /usr/bin/bash
Provided remote nodes: 20
Job stats:
job               count
--------------  -------
all                   1
inference           132
xml_to_geojson      132
total               265

Select jobs to execute...
Execute 20 jobs...
[Tue Jun  2 13:28:08 2026]
rule inference:
    input: /scratch/general/vast/u6073678/hooknet_tmp/converted/219239.tif, /scratch/general/vast/u6073678/hooknet_tmp/masks/219239_mask.tif
    output: /uufs/chpc.utah.edu/common/home/u6073678/hooknet_project/results/inference/done/219239_hooknet.done, /uufs/chpc.utah.edu/common/home/u6073678/hooknet_project/results/inference/219239/post-processed/219239_hooknettls_post_processed.xml
    jobid: 174
    reason: Missing output files: /uufs/chpc.utah.edu/common/home/u6073678/hooknet_project/results/inference/219239/post-processed/219239_hooknettls_post_processed.xml
    wildcards: project=/uufs/chpc.utah.edu/common/home/u6073678/hooknet_project, slide=219239
    threads: 8
    resources: mem_mb=32000, mem_mib=30518, disk_mb=4588, disk_mib=4376, tmpdir=<TBD>, slurm_account=rai, slurm_partition=rai-gpu-grn, slurm_extra=--qos=rai-gpu-grn --gres=gpu:1 --cluster=granite, runtime=60, cpus_per_task=4
Shell command: 
        mkdir -p /scratch/general/vast/u6073678/hooknet_tmp/output/images
        mkdir -p /scratch/general/vast/u6073678/hooknet_tmp/tmp
        mkdir -p /uufs/chpc.utah.edu/common/home/u6073678/hooknet_project/results/inference/219239
        mkdir -p /uufs/chpc.utah.edu/common/home/u6073678/hooknet_project/results/inference/done
        apptainer exec --nv \
            --bind /scratch/general/vast/u6073678/hooknet_tmp:/workspace \
            --bind /scratch/general/vast/u6073678/hooknet_tmp/tmp:/home/user/tmp \
            /uufs/chpc.utah.edu/common/home/u6073678/hooknet_project/containers/hooknet_tls.sif \
            python -m hooknettls \
            hooknettls.default.image_path=/workspace/converted/219239.tif \
            hooknettls.default.mask_path=/workspace/masks/219239_mask.tif \
            hooknettls.default.model_weights=/home/user/pathology-hooknet-tls/weights/lung_weights.h5 \
            hooknettls.default.output_folder=/workspace/output/images/219239/
        cp -r /scratch/general/vast/u6073678/hooknet_tmp/output/images/219239/. \
              /uufs/chpc.utah.edu/common/home/u6073678/hooknet_project/results/inference/219239/
        touch /uufs/chpc.utah.edu/common/home/u6073678/hooknet_project/results/inference/done/219239_hooknet.done
        rm -f  /scratch/general/vast/u6073678/hooknet_tmp/input/219239.svs
        rm -f  /scratch/general/vast/u6073678/hooknet_tmp/masks/219239_mask.tif
        rm -rf /scratch/general/vast/u6073678/hooknet_tmp/output/images/219239/
        rm -rf /scratch/general/vast/u6073678/hooknet_tmp/tmp/*
        
Job 174 has been submitted with SLURM jobid 1382061 (log: /uufs/chpc.utah.edu/common/home/u6073678/hooknet_project/.snakemake/slurm_logs/rule_inference/_uufs_chpc.utah.edu_common_home_u6073678_hooknet_project_219239/1382061.log).
[Tue Jun  2 13:28:08 2026]
rule inference:
    input: /scratch/general/vast/u6073678/hooknet_tmp/converted/219114.tif, /scratch/general/vast/u6073678/hooknet_tmp/masks/219114_mask.tif
    output: /uufs/chpc.utah.edu/common/home/u6073678/hooknet_project/results/inference/done/219114_hooknet.done, /uufs/chpc.utah.edu/common/home/u6073678/hooknet_project/results/inference/219114/post-processed/219114_hooknettls_post_processed.xml
    jobid: 14
    reason: Missing output files: /uufs/chpc.utah.edu/common/home/u6073678/hooknet_project/results/inference/219114/post-processed/219114_hooknettls_post_processed.xml
    wildcards: project=/uufs/chpc.utah.edu/common/home/u6073678/hooknet_project, slide=219114
    threads: 8
    resources: mem_mb=32000, mem_mib=30518, disk_mb=4121, disk_mib=3931, tmpdir=<TBD>, slurm_account=rai, slurm_partition=rai-gpu-grn, slurm_extra=--qos=rai-gpu-grn --gres=gpu:1 --cluster=granite, runtime=60, cpus_per_task=4
Shell command: 
        mkdir -p /scratch/general/vast/u6073678/hooknet_tmp/output/images
        mkdir -p /scratch/general/vast/u6073678/hooknet_tmp/tmp
        mkdir -p /uufs/chpc.utah.edu/common/home/u6073678/hooknet_project/results/inference/219114
        mkdir -p /uufs/chpc.utah.edu/common/home/u6073678/hooknet_project/results/inference/done
        apptainer exec --nv \
            --bind /scratch/general/vast/u6073678/hooknet_tmp:/workspace \
            --bind /scratch/general/vast/u6073678/hooknet_tmp/tmp:/home/user/tmp \
            /uufs/chpc.utah.edu/common/home/u6073678/hooknet_project/containers/hooknet_tls.sif \
            python -m hooknettls \
            hooknettls.default.image_path=/workspace/converted/219114.tif \
            hooknettls.default.mask_path=/workspace/masks/219114_mask.tif \
            hooknettls.default.model_weights=/home/user/pathology-hooknet-tls/weights/lung_weights.h5 \
            hooknettls.default.output_folder=/workspace/output/images/219114/
        cp -r /scratch/general/vast/u6073678/hooknet_tmp/output/images/219114/. \
              /uufs/chpc.utah.edu/common/home/u6073678/hooknet_project/results/inference/219114/
        touch /uufs/chpc.utah.edu/common/home/u6073678/hooknet_project/results/inference/done/219114_hooknet.done
        rm -f  /scratch/general/vast/u6073678/hooknet_tmp/input/219114.svs
        rm -f  /scratch/general/vast/u6073678/hooknet_tmp/masks/219114_mask.tif
        rm -rf /scratch/general/vast/u6073678/hooknet_tmp/output/images/219114/
        rm -rf /scratch/general/vast/u6073678/hooknet_tmp/tmp/*
        
Job 14 has been submitted with SLURM jobid 1382062 (log: /uufs/chpc.utah.edu/common/home/u6073678/hooknet_project/.snakemake/slurm_logs/rule_inference/_uufs_chpc.utah.edu_common_home_u6073678_hooknet_project_219114/1382062.log).
[Tue Jun  2 13:28:08 2026]
rule inference:
    input: /scratch/general/vast/u6073678/hooknet_tmp/converted/219249.tif, /scratch/general/vast/u6073678/hooknet_tmp/masks/219249_mask.tif
    output: /uufs/chpc.utah.edu/common/home/u6073678/hooknet_project/results/inference/done/219249_hooknet.done, /uufs/chpc.utah.edu/common/home/u6073678/hooknet_project/results/inference/219249/post-processed/219249_hooknettls_post_processed.xml
    jobid: 194
    reason: Missing output files: /uufs/chpc.utah.edu/common/home/u6073678/hooknet_project/results/inference/219249/post-processed/219249_hooknettls_post_processed.xml
    wildcards: project=/uufs/chpc.utah.edu/common/home/u6073678/hooknet_project, slide=219249
    threads: 8
    resources: mem_mb=32000, mem_mib=30518, disk_mb=2817, disk_mib=2687, tmpdir=<TBD>, slurm_account=rai, slurm_partition=rai-gpu-grn, slurm_extra=--qos=rai-gpu-grn --gres=gpu:1 --cluster=granite, runtime=60, cpus_per_task=4
Shell command: 
        mkdir -p /scratch/general/vast/u6073678/hooknet_tmp/output/images
        mkdir -p /scratch/general/vast/u6073678/hooknet_tmp/tmp
        mkdir -p /uufs/chpc.utah.edu/common/home/u6073678/hooknet_project/results/inference/219249
        mkdir -p /uufs/chpc.utah.edu/common/home/u6073678/hooknet_project/results/inference/done
        apptainer exec --nv \
            --bind /scratch/general/vast/u6073678/hooknet_tmp:/workspace \
            --bind /scratch/general/vast/u6073678/hooknet_tmp/tmp:/home/user/tmp \
            /uufs/chpc.utah.edu/common/home/u6073678/hooknet_project/containers/hooknet_tls.sif \
            python -m hooknettls \
            hooknettls.default.image_path=/workspace/converted/219249.tif \
            hooknettls.default.mask_path=/workspace/masks/219249_mask.tif \
            hooknettls.default.model_weights=/home/user/pathology-hooknet-tls/weights/lung_weights.h5 \
            hooknettls.default.output_folder=/workspace/output/images/219249/
        cp -r /scratch/general/vast/u6073678/hooknet_tmp/output/images/219249/. \
              /uufs/chpc.utah.edu/common/home/u6073678/hooknet_project/results/inference/219249/
        touch /uufs/chpc.utah.edu/common/home/u6073678/hooknet_project/results/inference/done/219249_hooknet.done
        rm -f  /scratch/general/vast/u6073678/hooknet_tmp/input/219249.svs
        rm -f  /scratch/general/vast/u6073678/hooknet_tmp/masks/219249_mask.tif
        rm -rf /scratch/general/vast/u6073678/hooknet_tmp/output/images/219249/
        rm -rf /scratch/general/vast/u6073678/hooknet_tmp/tmp/*
        
Job 194 has been submitted with SLURM jobid 1382063 (log: /uufs/chpc.utah.edu/common/home/u6073678/hooknet_project/.snakemake/slurm_logs/rule_inference/_uufs_chpc.utah.edu_common_home_u6073678_hooknet_project_219249/1382063.log).
[Tue Jun  2 13:28:09 2026]
rule inference:
    input: /scratch/general/vast/u6073678/hooknet_tmp/converted/219234.tif, /scratch/general/vast/u6073678/hooknet_tmp/masks/219234_mask.tif
    output: /uufs/chpc.utah.edu/common/home/u6073678/hooknet_project/results/inference/done/219234_hooknet.done, /uufs/chpc.utah.edu/common/home/u6073678/hooknet_project/results/inference/219234/post-processed/219234_hooknettls_post_processed.xml
    jobid: 164
    reason: Missing output files: /uufs/chpc.utah.edu/common/home/u6073678/hooknet_project/results/inference/219234/post-processed/219234_hooknettls_post_processed.xml
    wildcards: project=/uufs/chpc.utah.edu/common/home/u6073678/hooknet_project, slide=219234
    threads: 8
    resources: mem_mb=32000, mem_mib=30518, disk_mb=4354, disk_mib=4153, tmpdir=<TBD>, slurm_account=rai, slurm_partition=rai-gpu-grn, slurm_extra=--qos=rai-gpu-grn --gres=gpu:1 --cluster=granite, runtime=60, cpus_per_task=4
Shell command: 
        mkdir -p /scratch/general/vast/u6073678/hooknet_tmp/output/images
        mkdir -p /scratch/general/vast/u6073678/hooknet_tmp/tmp
        mkdir -p /uufs/chpc.utah.edu/common/home/u6073678/hooknet_project/results/inference/219234
        mkdir -p /uufs/chpc.utah.edu/common/home/u6073678/hooknet_project/results/inference/done
        apptainer exec --nv \
            --bind /scratch/general/vast/u6073678/hooknet_tmp:/workspace \
            --bind /scratch/general/vast/u6073678/hooknet_tmp/tmp:/home/user/tmp \
            /uufs/chpc.utah.edu/common/home/u6073678/hooknet_project/containers/hooknet_tls.sif \
            python -m hooknettls \
            hooknettls.default.image_path=/workspace/converted/219234.tif \
            hooknettls.default.mask_path=/workspace/masks/219234_mask.tif \
            hooknettls.default.model_weights=/home/user/pathology-hooknet-tls/weights/lung_weights.h5 \
            hooknettls.default.output_folder=/workspace/output/images/219234/
        cp -r /scratch/general/vast/u6073678/hooknet_tmp/output/images/219234/. \
              /uufs/chpc.utah.edu/common/home/u6073678/hooknet_project/results/inference/219234/
        touch /uufs/chpc.utah.edu/common/home/u6073678/hooknet_project/results/inference/done/219234_hooknet.done
        rm -f  /scratch/general/vast/u6073678/hooknet_tmp/input/219234.svs
        rm -f  /scratch/general/vast/u6073678/hooknet_tmp/masks/219234_mask.tif
        rm -rf /scratch/general/vast/u6073678/hooknet_tmp/output/images/219234/
        rm -rf /scratch/general/vast/u6073678/hooknet_tmp/tmp/*
        
Job 164 has been submitted with SLURM jobid 1382064 (log: /uufs/chpc.utah.edu/common/home/u6073678/hooknet_project/.snakemake/slurm_logs/rule_inference/_uufs_chpc.utah.edu_common_home_u6073678_hooknet_project_219234/1382064.log).
[Tue Jun  2 13:28:09 2026]
rule inference:
    input: /scratch/general/vast/u6073678/hooknet_tmp/converted/219214.tif, /scratch/general/vast/u6073678/hooknet_tmp/masks/219214_mask.tif
    output: /uufs/chpc.utah.edu/common/home/u6073678/hooknet_project/results/inference/done/219214_hooknet.done, /uufs/chpc.utah.edu/common/home/u6073678/hooknet_project/results/inference/219214/post-processed/219214_hooknettls_post_processed.xml
    jobid: 124
    reason: Missing output files: /uufs/chpc.utah.edu/common/home/u6073678/hooknet_project/results/inference/219214/post-processed/219214_hooknettls_post_processed.xml
    wildcards: project=/uufs/chpc.utah.edu/common/home/u6073678/hooknet_project, slide=219214
    threads: 8
    resources: mem_mb=32000, mem_mib=30518, disk_mb=2439, disk_mib=2327, tmpdir=<TBD>, slurm_account=rai, slurm_partition=rai-gpu-grn, slurm_extra=--qos=rai-gpu-grn --gres=gpu:1 --cluster=granite, runtime=60, cpus_per_task=4
Shell command: 
        mkdir -p /scratch/general/vast/u6073678/hooknet_tmp/output/images
        mkdir -p /scratch/general/vast/u6073678/hooknet_tmp/tmp
        mkdir -p /uufs/chpc.utah.edu/common/home/u6073678/hooknet_project/results/inference/219214
        mkdir -p /uufs/chpc.utah.edu/common/home/u6073678/hooknet_project/results/inference/done
        apptainer exec --nv \
            --bind /scratch/general/vast/u6073678/hooknet_tmp:/workspace \
            --bind /scratch/general/vast/u6073678/hooknet_tmp/tmp:/home/user/tmp \
            /uufs/chpc.utah.edu/common/home/u6073678/hooknet_project/containers/hooknet_tls.sif \
            python -m hooknettls \
            hooknettls.default.image_path=/workspace/converted/219214.tif \
            hooknettls.default.mask_path=/workspace/masks/219214_mask.tif \
            hooknettls.default.model_weights=/home/user/pathology-hooknet-tls/weights/lung_weights.h5 \
            hooknettls.default.output_folder=/workspace/output/images/219214/
        cp -r /scratch/general/vast/u6073678/hooknet_tmp/output/images/219214/. \
              /uufs/chpc.utah.edu/common/home/u6073678/hooknet_project/results/inference/219214/
        touch /uufs/chpc.utah.edu/common/home/u6073678/hooknet_project/results/inference/done/219214_hooknet.done
        rm -f  /scratch/general/vast/u6073678/hooknet_tmp/input/219214.svs
        rm -f  /scratch/general/vast/u6073678/hooknet_tmp/masks/219214_mask.tif
        rm -rf /scratch/general/vast/u6073678/hooknet_tmp/output/images/219214/
        rm -rf /scratch/general/vast/u6073678/hooknet_tmp/tmp/*
        
Job 124 has been submitted with SLURM jobid 1382065 (log: /uufs/chpc.utah.edu/common/home/u6073678/hooknet_project/.snakemake/slurm_logs/rule_inference/_uufs_chpc.utah.edu_common_home_u6073678_hooknet_project_219214/1382065.log).
[Tue Jun  2 13:28:09 2026]
rule inference:
    input: /scratch/general/vast/u6073678/hooknet_tmp/converted/219133.tif, /scratch/general/vast/u6073678/hooknet_tmp/masks/219133_mask.tif
    output: /uufs/chpc.utah.edu/common/home/u6073678/hooknet_project/results/inference/done/219133_hooknet.done, /uufs/chpc.utah.edu/common/home/u6073678/hooknet_project/results/inference/219133/post-processed/219133_hooknettls_post_processed.xml
    jobid: 34
    reason: Missing output files: /uufs/chpc.utah.edu/common/home/u6073678/hooknet_project/results/inference/219133/post-processed/219133_hooknettls_post_processed.xml
    wildcards: project=/uufs/chpc.utah.edu/common/home/u6073678/hooknet_project, slide=219133
    threads: 8
    resources: mem_mb=32000, mem_mib=30518, disk_mb=6113, disk_mib=5830, tmpdir=<TBD>, slurm_account=rai, slurm_partition=rai-gpu-grn, slurm_extra=--qos=rai-gpu-grn --gres=gpu:1 --cluster=granite, runtime=60, cpus_per_task=4
Shell command: 
        mkdir -p /scratch/general/vast/u6073678/hooknet_tmp/output/images
        mkdir -p /scratch/general/vast/u6073678/hooknet_tmp/tmp
        mkdir -p /uufs/chpc.utah.edu/common/home/u6073678/hooknet_project/results/inference/219133
        mkdir -p /uufs/chpc.utah.edu/common/home/u6073678/hooknet_project/results/inference/done
        apptainer exec --nv \
            --bind /scratch/general/vast/u6073678/hooknet_tmp:/workspace \
            --bind /scratch/general/vast/u6073678/hooknet_tmp/tmp:/home/user/tmp \
            /uufs/chpc.utah.edu/common/home/u6073678/hooknet_project/containers/hooknet_tls.sif \
            python -m hooknettls \
            hooknettls.default.image_path=/workspace/converted/219133.tif \
            hooknettls.default.mask_path=/workspace/masks/219133_mask.tif \
            hooknettls.default.model_weights=/home/user/pathology-hooknet-tls/weights/lung_weights.h5 \
            hooknettls.default.output_folder=/workspace/output/images/219133/
        cp -r /scratch/general/vast/u6073678/hooknet_tmp/output/images/219133/. \
              /uufs/chpc.utah.edu/common/home/u6073678/hooknet_project/results/inference/219133/
        touch /uufs/chpc.utah.edu/common/home/u6073678/hooknet_project/results/inference/done/219133_hooknet.done
        rm -f  /scratch/general/vast/u6073678/hooknet_tmp/input/219133.svs
        rm -f  /scratch/general/vast/u6073678/hooknet_tmp/masks/219133_mask.tif
        rm -rf /scratch/general/vast/u6073678/hooknet_tmp/output/images/219133/
        rm -rf /scratch/general/vast/u6073678/hooknet_tmp/tmp/*
        
Job 34 has been submitted with SLURM jobid 1382066 (log: /uufs/chpc.utah.edu/common/home/u6073678/hooknet_project/.snakemake/slurm_logs/rule_inference/_uufs_chpc.utah.edu_common_home_u6073678_hooknet_project_219133/1382066.log).
[Tue Jun  2 13:28:10 2026]
rule inference:
    input: /scratch/general/vast/u6073678/hooknet_tmp/converted/219150.tif, /scratch/general/vast/u6073678/hooknet_tmp/masks/219150_mask.tif
    output: /uufs/chpc.utah.edu/common/home/u6073678/hooknet_project/results/inference/done/219150_hooknet.done, /uufs/chpc.utah.edu/common/home/u6073678/hooknet_project/results/inference/219150/post-processed/219150_hooknettls_post_processed.xml
    jobid: 54
    reason: Missing output files: /uufs/chpc.utah.edu/common/home/u6073678/hooknet_project/results/inference/219150/post-processed/219150_hooknettls_post_processed.xml
    wildcards: project=/uufs/chpc.utah.edu/common/home/u6073678/hooknet_project, slide=219150
    threads: 8
    resources: mem_mb=32000, mem_mib=30518, disk_mb=4247, disk_mib=4051, tmpdir=<TBD>, slurm_account=rai, slurm_partition=rai-gpu-grn, slurm_extra=--qos=rai-gpu-grn --gres=gpu:1 --cluster=granite, runtime=60, cpus_per_task=4
Shell command: 
        mkdir -p /scratch/general/vast/u6073678/hooknet_tmp/output/images
        mkdir -p /scratch/general/vast/u6073678/hooknet_tmp/tmp
        mkdir -p /uufs/chpc.utah.edu/common/home/u6073678/hooknet_project/results/inference/219150
        mkdir -p /uufs/chpc.utah.edu/common/home/u6073678/hooknet_project/results/inference/done
        apptainer exec --nv \
            --bind /scratch/general/vast/u6073678/hooknet_tmp:/workspace \
            --bind /scratch/general/vast/u6073678/hooknet_tmp/tmp:/home/user/tmp \
            /uufs/chpc.utah.edu/common/home/u6073678/hooknet_project/containers/hooknet_tls.sif \
            python -m hooknettls \
            hooknettls.default.image_path=/workspace/converted/219150.tif \
            hooknettls.default.mask_path=/workspace/masks/219150_mask.tif \
            hooknettls.default.model_weights=/home/user/pathology-hooknet-tls/weights/lung_weights.h5 \
            hooknettls.default.output_folder=/workspace/output/images/219150/
        cp -r /scratch/general/vast/u6073678/hooknet_tmp/output/images/219150/. \
              /uufs/chpc.utah.edu/common/home/u6073678/hooknet_project/results/inference/219150/
        touch /uufs/chpc.utah.edu/common/home/u6073678/hooknet_project/results/inference/done/219150_hooknet.done
        rm -f  /scratch/general/vast/u6073678/hooknet_tmp/input/219150.svs
        rm -f  /scratch/general/vast/u6073678/hooknet_tmp/masks/219150_mask.tif
        rm -rf /scratch/general/vast/u6073678/hooknet_tmp/output/images/219150/
        rm -rf /scratch/general/vast/u6073678/hooknet_tmp/tmp/*
        
Job 54 has been submitted with SLURM jobid 1382067 (log: /uufs/chpc.utah.edu/common/home/u6073678/hooknet_project/.snakemake/slurm_logs/rule_inference/_uufs_chpc.utah.edu_common_home_u6073678_hooknet_project_219150/1382067.log).
[Tue Jun  2 13:28:10 2026]
rule inference:
    input: /scratch/general/vast/u6073678/hooknet_tmp/converted/219199.tif, /scratch/general/vast/u6073678/hooknet_tmp/masks/219199_mask.tif
    output: /uufs/chpc.utah.edu/common/home/u6073678/hooknet_project/results/inference/done/219199_hooknet.done, /uufs/chpc.utah.edu/common/home/u6073678/hooknet_project/results/inference/219199/post-processed/219199_hooknettls_post_processed.xml
    jobid: 94
    reason: Missing output files: /uufs/chpc.utah.edu/common/home/u6073678/hooknet_project/results/inference/219199/post-processed/219199_hooknettls_post_processed.xml
    wildcards: project=/uufs/chpc.utah.edu/common/home/u6073678/hooknet_project, slide=219199
    threads: 8
    resources: mem_mb=32000, mem_mib=30518, disk_mb=6511, disk_mib=6210, tmpdir=<TBD>, slurm_account=rai, slurm_partition=rai-gpu-grn, slurm_extra=--qos=rai-gpu-grn --gres=gpu:1 --cluster=granite, runtime=60, cpus_per_task=4
Shell command: 
        mkdir -p /scratch/general/vast/u6073678/hooknet_tmp/output/images
        mkdir -p /scratch/general/vast/u6073678/hooknet_tmp/tmp
        mkdir -p /uufs/chpc.utah.edu/common/home/u6073678/hooknet_project/results/inference/219199
        mkdir -p /uufs/chpc.utah.edu/common/home/u6073678/hooknet_project/results/inference/done
        apptainer exec --nv \
            --bind /scratch/general/vast/u6073678/hooknet_tmp:/workspace \
            --bind /scratch/general/vast/u6073678/hooknet_tmp/tmp:/home/user/tmp \
            /uufs/chpc.utah.edu/common/home/u6073678/hooknet_project/containers/hooknet_tls.sif \
            python -m hooknettls \
            hooknettls.default.image_path=/workspace/converted/219199.tif \
            hooknettls.default.mask_path=/workspace/masks/219199_mask.tif \
            hooknettls.default.model_weights=/home/user/pathology-hooknet-tls/weights/lung_weights.h5 \
            hooknettls.default.output_folder=/workspace/output/images/219199/
        cp -r /scratch/general/vast/u6073678/hooknet_tmp/output/images/219199/. \
              /uufs/chpc.utah.edu/common/home/u6073678/hooknet_project/results/inference/219199/
        touch /uufs/chpc.utah.edu/common/home/u6073678/hooknet_project/results/inference/done/219199_hooknet.done
        rm -f  /scratch/general/vast/u6073678/hooknet_tmp/input/219199.svs
        rm -f  /scratch/general/vast/u6073678/hooknet_tmp/masks/219199_mask.tif
        rm -rf /scratch/general/vast/u6073678/hooknet_tmp/output/images/219199/
        rm -rf /scratch/general/vast/u6073678/hooknet_tmp/tmp/*
        
Job 94 has been submitted with SLURM jobid 1382068 (log: /uufs/chpc.utah.edu/common/home/u6073678/hooknet_project/.snakemake/slurm_logs/rule_inference/_uufs_chpc.utah.edu_common_home_u6073678_hooknet_project_219199/1382068.log).
[Tue Jun  2 13:28:10 2026]
rule inference:
    input: /scratch/general/vast/u6073678/hooknet_tmp/converted/219229.tif, /scratch/general/vast/u6073678/hooknet_tmp/masks/219229_mask.tif
    output: /uufs/chpc.utah.edu/common/home/u6073678/hooknet_project/results/inference/done/219229_hooknet.done, /uufs/chpc.utah.edu/common/home/u6073678/hooknet_project/results/inference/219229/post-processed/219229_hooknettls_post_processed.xml
    jobid: 154
    reason: Missing output files: /uufs/chpc.utah.edu/common/home/u6073678/hooknet_project/results/inference/219229/post-processed/219229_hooknettls_post_processed.xml
    wildcards: project=/uufs/chpc.utah.edu/common/home/u6073678/hooknet_project, slide=219229
    threads: 8
    resources: mem_mb=32000, mem_mib=30518, disk_mb=4854, disk_mib=4630, tmpdir=<TBD>, slurm_account=rai, slurm_partition=rai-gpu-grn, slurm_extra=--qos=rai-gpu-grn --gres=gpu:1 --cluster=granite, runtime=60, cpus_per_task=4
Shell command: 
        mkdir -p /scratch/general/vast/u6073678/hooknet_tmp/output/images
        mkdir -p /scratch/general/vast/u6073678/hooknet_tmp/tmp
        mkdir -p /uufs/chpc.utah.edu/common/home/u6073678/hooknet_project/results/inference/219229
        mkdir -p /uufs/chpc.utah.edu/common/home/u6073678/hooknet_project/results/inference/done
        apptainer exec --nv \
            --bind /scratch/general/vast/u6073678/hooknet_tmp:/workspace \
            --bind /scratch/general/vast/u6073678/hooknet_tmp/tmp:/home/user/tmp \
            /uufs/chpc.utah.edu/common/home/u6073678/hooknet_project/containers/hooknet_tls.sif \
            python -m hooknettls \
            hooknettls.default.image_path=/workspace/converted/219229.tif \
            hooknettls.default.mask_path=/workspace/masks/219229_mask.tif \
            hooknettls.default.model_weights=/home/user/pathology-hooknet-tls/weights/lung_weights.h5 \
            hooknettls.default.output_folder=/workspace/output/images/219229/
        cp -r /scratch/general/vast/u6073678/hooknet_tmp/output/images/219229/. \
              /uufs/chpc.utah.edu/common/home/u6073678/hooknet_project/results/inference/219229/
        touch /uufs/chpc.utah.edu/common/home/u6073678/hooknet_project/results/inference/done/219229_hooknet.done
        rm -f  /scratch/general/vast/u6073678/hooknet_tmp/input/219229.svs
        rm -f  /scratch/general/vast/u6073678/hooknet_tmp/masks/219229_mask.tif
        rm -rf /scratch/general/vast/u6073678/hooknet_tmp/output/images/219229/
        rm -rf /scratch/general/vast/u6073678/hooknet_tmp/tmp/*
        
Job 154 has been submitted with SLURM jobid 1382070 (log: /uufs/chpc.utah.edu/common/home/u6073678/hooknet_project/.snakemake/slurm_logs/rule_inference/_uufs_chpc.utah.edu_common_home_u6073678_hooknet_project_219229/1382070.log).
[Tue Jun  2 13:28:11 2026]
rule inference:
    input: /scratch/general/vast/u6073678/hooknet_tmp/converted/219269.tif, /scratch/general/vast/u6073678/hooknet_tmp/masks/219269_mask.tif
    output: /uufs/chpc.utah.edu/common/home/u6073678/hooknet_project/results/inference/done/219269_hooknet.done, /uufs/chpc.utah.edu/common/home/u6073678/hooknet_project/results/inference/219269/post-processed/219269_hooknettls_post_processed.xml
    jobid: 234
    reason: Missing output files: /uufs/chpc.utah.edu/common/home/u6073678/hooknet_project/results/inference/219269/post-processed/219269_hooknettls_post_processed.xml
    wildcards: project=/uufs/chpc.utah.edu/common/home/u6073678/hooknet_project, slide=219269
    threads: 8
    resources: mem_mb=32000, mem_mib=30518, disk_mb=2952, disk_mib=2816, tmpdir=<TBD>, slurm_account=rai, slurm_partition=rai-gpu-grn, slurm_extra=--qos=rai-gpu-grn --gres=gpu:1 --cluster=granite, runtime=60, cpus_per_task=4
Shell command: 
        mkdir -p /scratch/general/vast/u6073678/hooknet_tmp/output/images
        mkdir -p /scratch/general/vast/u6073678/hooknet_tmp/tmp
        mkdir -p /uufs/chpc.utah.edu/common/home/u6073678/hooknet_project/results/inference/219269
        mkdir -p /uufs/chpc.utah.edu/common/home/u6073678/hooknet_project/results/inference/done
        apptainer exec --nv \
            --bind /scratch/general/vast/u6073678/hooknet_tmp:/workspace \
            --bind /scratch/general/vast/u6073678/hooknet_tmp/tmp:/home/user/tmp \
            /uufs/chpc.utah.edu/common/home/u6073678/hooknet_project/containers/hooknet_tls.sif \
            python -m hooknettls \
            hooknettls.default.image_path=/workspace/converted/219269.tif \
            hooknettls.default.mask_path=/workspace/masks/219269_mask.tif \
            hooknettls.default.model_weights=/home/user/pathology-hooknet-tls/weights/lung_weights.h5 \
            hooknettls.default.output_folder=/workspace/output/images/219269/
        cp -r /scratch/general/vast/u6073678/hooknet_tmp/output/images/219269/. \
              /uufs/chpc.utah.edu/common/home/u6073678/hooknet_project/results/inference/219269/
        touch /uufs/chpc.utah.edu/common/home/u6073678/hooknet_project/results/inference/done/219269_hooknet.done
        rm -f  /scratch/general/vast/u6073678/hooknet_tmp/input/219269.svs
        rm -f  /scratch/general/vast/u6073678/hooknet_tmp/masks/219269_mask.tif
        rm -rf /scratch/general/vast/u6073678/hooknet_tmp/output/images/219269/
        rm -rf /scratch/general/vast/u6073678/hooknet_tmp/tmp/*
        
Job 234 has been submitted with SLURM jobid 1382071 (log: /uufs/chpc.utah.edu/common/home/u6073678/hooknet_project/.snakemake/slurm_logs/rule_inference/_uufs_chpc.utah.edu_common_home_u6073678_hooknet_project_219269/1382071.log).
[Tue Jun  2 13:28:11 2026]
rule inference:
    input: /scratch/general/vast/u6073678/hooknet_tmp/converted/219232.tif, /scratch/general/vast/u6073678/hooknet_tmp/masks/219232_mask.tif
    output: /uufs/chpc.utah.edu/common/home/u6073678/hooknet_project/results/inference/done/219232_hooknet.done, /uufs/chpc.utah.edu/common/home/u6073678/hooknet_project/results/inference/219232/post-processed/219232_hooknettls_post_processed.xml
    jobid: 160
    reason: Missing output files: /uufs/chpc.utah.edu/common/home/u6073678/hooknet_project/results/inference/219232/post-processed/219232_hooknettls_post_processed.xml
    wildcards: project=/uufs/chpc.utah.edu/common/home/u6073678/hooknet_project, slide=219232
    threads: 8
    resources: mem_mb=32000, mem_mib=30518, disk_mb=2597, disk_mib=2477, tmpdir=<TBD>, slurm_account=rai, slurm_partition=rai-gpu-grn, slurm_extra=--qos=rai-gpu-grn --gres=gpu:1 --cluster=granite, runtime=60, cpus_per_task=4
Shell command: 
        mkdir -p /scratch/general/vast/u6073678/hooknet_tmp/output/images
        mkdir -p /scratch/general/vast/u6073678/hooknet_tmp/tmp
        mkdir -p /uufs/chpc.utah.edu/common/home/u6073678/hooknet_project/results/inference/219232
        mkdir -p /uufs/chpc.utah.edu/common/home/u6073678/hooknet_project/results/inference/done
        apptainer exec --nv \
            --bind /scratch/general/vast/u6073678/hooknet_tmp:/workspace \
            --bind /scratch/general/vast/u6073678/hooknet_tmp/tmp:/home/user/tmp \
            /uufs/chpc.utah.edu/common/home/u6073678/hooknet_project/containers/hooknet_tls.sif \
            python -m hooknettls \
            hooknettls.default.image_path=/workspace/converted/219232.tif \
            hooknettls.default.mask_path=/workspace/masks/219232_mask.tif \
            hooknettls.default.model_weights=/home/user/pathology-hooknet-tls/weights/lung_weights.h5 \
            hooknettls.default.output_folder=/workspace/output/images/219232/
        cp -r /scratch/general/vast/u6073678/hooknet_tmp/output/images/219232/. \
              /uufs/chpc.utah.edu/common/home/u6073678/hooknet_project/results/inference/219232/
        touch /uufs/chpc.utah.edu/common/home/u6073678/hooknet_project/results/inference/done/219232_hooknet.done
        rm -f  /scratch/general/vast/u6073678/hooknet_tmp/input/219232.svs
        rm -f  /scratch/general/vast/u6073678/hooknet_tmp/masks/219232_mask.tif
        rm -rf /scratch/general/vast/u6073678/hooknet_tmp/output/images/219232/
        rm -rf /scratch/general/vast/u6073678/hooknet_tmp/tmp/*
        
Job 160 has been submitted with SLURM jobid 1382072 (log: /uufs/chpc.utah.edu/common/home/u6073678/hooknet_project/.snakemake/slurm_logs/rule_inference/_uufs_chpc.utah.edu_common_home_u6073678_hooknet_project_219232/1382072.log).
[Tue Jun  2 13:28:12 2026]
rule inference:
    input: /scratch/general/vast/u6073678/hooknet_tmp/converted/219136.tif, /scratch/general/vast/u6073678/hooknet_tmp/masks/219136_mask.tif
    output: /uufs/chpc.utah.edu/common/home/u6073678/hooknet_project/results/inference/done/219136_hooknet.done, /uufs/chpc.utah.edu/common/home/u6073678/hooknet_project/results/inference/219136/post-processed/219136_hooknettls_post_processed.xml
    jobid: 40
    reason: Missing output files: /uufs/chpc.utah.edu/common/home/u6073678/hooknet_project/results/inference/219136/post-processed/219136_hooknettls_post_processed.xml
    wildcards: project=/uufs/chpc.utah.edu/common/home/u6073678/hooknet_project, slide=219136
    threads: 8
    resources: mem_mb=32000, mem_mib=30518, disk_mb=4887, disk_mib=4661, tmpdir=<TBD>, slurm_account=rai, slurm_partition=rai-gpu-grn, slurm_extra=--qos=rai-gpu-grn --gres=gpu:1 --cluster=granite, runtime=60, cpus_per_task=4
Shell command: 
        mkdir -p /scratch/general/vast/u6073678/hooknet_tmp/output/images
        mkdir -p /scratch/general/vast/u6073678/hooknet_tmp/tmp
        mkdir -p /uufs/chpc.utah.edu/common/home/u6073678/hooknet_project/results/inference/219136
        mkdir -p /uufs/chpc.utah.edu/common/home/u6073678/hooknet_project/results/inference/done
        apptainer exec --nv \
            --bind /scratch/general/vast/u6073678/hooknet_tmp:/workspace \
            --bind /scratch/general/vast/u6073678/hooknet_tmp/tmp:/home/user/tmp \
            /uufs/chpc.utah.edu/common/home/u6073678/hooknet_project/containers/hooknet_tls.sif \
            python -m hooknettls \
            hooknettls.default.image_path=/workspace/converted/219136.tif \
            hooknettls.default.mask_path=/workspace/masks/219136_mask.tif \
            hooknettls.default.model_weights=/home/user/pathology-hooknet-tls/weights/lung_weights.h5 \
            hooknettls.default.output_folder=/workspace/output/images/219136/
        cp -r /scratch/general/vast/u6073678/hooknet_tmp/output/images/219136/. \
              /uufs/chpc.utah.edu/common/home/u6073678/hooknet_project/results/inference/219136/
        touch /uufs/chpc.utah.edu/common/home/u6073678/hooknet_project/results/inference/done/219136_hooknet.done
        rm -f  /scratch/general/vast/u6073678/hooknet_tmp/input/219136.svs
        rm -f  /scratch/general/vast/u6073678/hooknet_tmp/masks/219136_mask.tif
        rm -rf /scratch/general/vast/u6073678/hooknet_tmp/output/images/219136/
        rm -rf /scratch/general/vast/u6073678/hooknet_tmp/tmp/*
        
Job 40 has been submitted with SLURM jobid 1382073 (log: /uufs/chpc.utah.edu/common/home/u6073678/hooknet_project/.snakemake/slurm_logs/rule_inference/_uufs_chpc.utah.edu_common_home_u6073678_hooknet_project_219136/1382073.log).
[Tue Jun  2 13:28:12 2026]
rule inference:
    input: /scratch/general/vast/u6073678/hooknet_tmp/converted/219118.tif, /scratch/general/vast/u6073678/hooknet_tmp/masks/219118_mask.tif
    output: /uufs/chpc.utah.edu/common/home/u6073678/hooknet_project/results/inference/done/219118_hooknet.done, /uufs/chpc.utah.edu/common/home/u6073678/hooknet_project/results/inference/219118/post-processed/219118_hooknettls_post_processed.xml
    jobid: 20
    reason: Missing output files: /uufs/chpc.utah.edu/common/home/u6073678/hooknet_project/results/inference/219118/post-processed/219118_hooknettls_post_processed.xml
    wildcards: project=/uufs/chpc.utah.edu/common/home/u6073678/hooknet_project, slide=219118
    threads: 8
    resources: mem_mb=32000, mem_mib=30518, disk_mb=3596, disk_mib=3430, tmpdir=<TBD>, slurm_account=rai, slurm_partition=rai-gpu-grn, slurm_extra=--qos=rai-gpu-grn --gres=gpu:1 --cluster=granite, runtime=60, cpus_per_task=4
Shell command: 
        mkdir -p /scratch/general/vast/u6073678/hooknet_tmp/output/images
        mkdir -p /scratch/general/vast/u6073678/hooknet_tmp/tmp
        mkdir -p /uufs/chpc.utah.edu/common/home/u6073678/hooknet_project/results/inference/219118
        mkdir -p /uufs/chpc.utah.edu/common/home/u6073678/hooknet_project/results/inference/done
        apptainer exec --nv \
            --bind /scratch/general/vast/u6073678/hooknet_tmp:/workspace \
            --bind /scratch/general/vast/u6073678/hooknet_tmp/tmp:/home/user/tmp \
            /uufs/chpc.utah.edu/common/home/u6073678/hooknet_project/containers/hooknet_tls.sif \
            python -m hooknettls \
            hooknettls.default.image_path=/workspace/converted/219118.tif \
            hooknettls.default.mask_path=/workspace/masks/219118_mask.tif \
            hooknettls.default.model_weights=/home/user/pathology-hooknet-tls/weights/lung_weights.h5 \
            hooknettls.default.output_folder=/workspace/output/images/219118/
        cp -r /scratch/general/vast/u6073678/hooknet_tmp/output/images/219118/. \
              /uufs/chpc.utah.edu/common/home/u6073678/hooknet_project/results/inference/219118/
        touch /uufs/chpc.utah.edu/common/home/u6073678/hooknet_project/results/inference/done/219118_hooknet.done
        rm -f  /scratch/general/vast/u6073678/hooknet_tmp/input/219118.svs
        rm -f  /scratch/general/vast/u6073678/hooknet_tmp/masks/219118_mask.tif
        rm -rf /scratch/general/vast/u6073678/hooknet_tmp/output/images/219118/
        rm -rf /scratch/general/vast/u6073678/hooknet_tmp/tmp/*
        
Job 20 has been submitted with SLURM jobid 1382074 (log: /uufs/chpc.utah.edu/common/home/u6073678/hooknet_project/.snakemake/slurm_logs/rule_inference/_uufs_chpc.utah.edu_common_home_u6073678_hooknet_project_219118/1382074.log).
[Tue Jun  2 13:28:12 2026]
rule inference:
    input: /scratch/general/vast/u6073678/hooknet_tmp/converted/219298.tif, /scratch/general/vast/u6073678/hooknet_tmp/masks/219298_mask.tif
    output: /uufs/chpc.utah.edu/common/home/u6073678/hooknet_project/results/inference/done/219298_hooknet.done, /uufs/chpc.utah.edu/common/home/u6073678/hooknet_project/results/inference/219298/post-processed/219298_hooknettls_post_processed.xml
    jobid: 260
    reason: Missing output files: /uufs/chpc.utah.edu/common/home/u6073678/hooknet_project/results/inference/219298/post-processed/219298_hooknettls_post_processed.xml
    wildcards: project=/uufs/chpc.utah.edu/common/home/u6073678/hooknet_project, slide=219298
    threads: 8
    resources: mem_mb=32000, mem_mib=30518, disk_mb=2762, disk_mib=2635, tmpdir=<TBD>, slurm_account=rai, slurm_partition=rai-gpu-grn, slurm_extra=--qos=rai-gpu-grn --gres=gpu:1 --cluster=granite, runtime=60, cpus_per_task=4
Shell command: 
        mkdir -p /scratch/general/vast/u6073678/hooknet_tmp/output/images
        mkdir -p /scratch/general/vast/u6073678/hooknet_tmp/tmp
        mkdir -p /uufs/chpc.utah.edu/common/home/u6073678/hooknet_project/results/inference/219298
        mkdir -p /uufs/chpc.utah.edu/common/home/u6073678/hooknet_project/results/inference/done
        apptainer exec --nv \
            --bind /scratch/general/vast/u6073678/hooknet_tmp:/workspace \
            --bind /scratch/general/vast/u6073678/hooknet_tmp/tmp:/home/user/tmp \
            /uufs/chpc.utah.edu/common/home/u6073678/hooknet_project/containers/hooknet_tls.sif \
            python -m hooknettls \
            hooknettls.default.image_path=/workspace/converted/219298.tif \
            hooknettls.default.mask_path=/workspace/masks/219298_mask.tif \
            hooknettls.default.model_weights=/home/user/pathology-hooknet-tls/weights/lung_weights.h5 \
            hooknettls.default.output_folder=/workspace/output/images/219298/
        cp -r /scratch/general/vast/u6073678/hooknet_tmp/output/images/219298/. \
              /uufs/chpc.utah.edu/common/home/u6073678/hooknet_project/results/inference/219298/
        touch /uufs/chpc.utah.edu/common/home/u6073678/hooknet_project/results/inference/done/219298_hooknet.done
        rm -f  /scratch/general/vast/u6073678/hooknet_tmp/input/219298.svs
        rm -f  /scratch/general/vast/u6073678/hooknet_tmp/masks/219298_mask.tif
        rm -rf /scratch/general/vast/u6073678/hooknet_tmp/output/images/219298/
        rm -rf /scratch/general/vast/u6073678/hooknet_tmp/tmp/*
        
Job 260 has been submitted with SLURM jobid 1382075 (log: /uufs/chpc.utah.edu/common/home/u6073678/hooknet_project/.snakemake/slurm_logs/rule_inference/_uufs_chpc.utah.edu_common_home_u6073678_hooknet_project_219298/1382075.log).
[Tue Jun  2 13:28:12 2026]
rule inference:
    input: /scratch/general/vast/u6073678/hooknet_tmp/converted/219154.tif, /scratch/general/vast/u6073678/hooknet_tmp/masks/219154_mask.tif
    output: /uufs/chpc.utah.edu/common/home/u6073678/hooknet_project/results/inference/done/219154_hooknet.done, /uufs/chpc.utah.edu/common/home/u6073678/hooknet_project/results/inference/219154/post-processed/219154_hooknettls_post_processed.xml
    jobid: 60
    reason: Missing output files: /uufs/chpc.utah.edu/common/home/u6073678/hooknet_project/results/inference/219154/post-processed/219154_hooknettls_post_processed.xml
    wildcards: project=/uufs/chpc.utah.edu/common/home/u6073678/hooknet_project, slide=219154
    threads: 8
    resources: mem_mb=32000, mem_mib=30518, disk_mb=3242, disk_mib=3092, tmpdir=<TBD>, slurm_account=rai, slurm_partition=rai-gpu-grn, slurm_extra=--qos=rai-gpu-grn --gres=gpu:1 --cluster=granite, runtime=60, cpus_per_task=4
Shell command: 
        mkdir -p /scratch/general/vast/u6073678/hooknet_tmp/output/images
        mkdir -p /scratch/general/vast/u6073678/hooknet_tmp/tmp
        mkdir -p /uufs/chpc.utah.edu/common/home/u6073678/hooknet_project/results/inference/219154
        mkdir -p /uufs/chpc.utah.edu/common/home/u6073678/hooknet_project/results/inference/done
        apptainer exec --nv \
            --bind /scratch/general/vast/u6073678/hooknet_tmp:/workspace \
            --bind /scratch/general/vast/u6073678/hooknet_tmp/tmp:/home/user/tmp \
            /uufs/chpc.utah.edu/common/home/u6073678/hooknet_project/containers/hooknet_tls.sif \
            python -m hooknettls \
            hooknettls.default.image_path=/workspace/converted/219154.tif \
            hooknettls.default.mask_path=/workspace/masks/219154_mask.tif \
            hooknettls.default.model_weights=/home/user/pathology-hooknet-tls/weights/lung_weights.h5 \
            hooknettls.default.output_folder=/workspace/output/images/219154/
        cp -r /scratch/general/vast/u6073678/hooknet_tmp/output/images/219154/. \
              /uufs/chpc.utah.edu/common/home/u6073678/hooknet_project/results/inference/219154/
        touch /uufs/chpc.utah.edu/common/home/u6073678/hooknet_project/results/inference/done/219154_hooknet.done
        rm -f  /scratch/general/vast/u6073678/hooknet_tmp/input/219154.svs
        rm -f  /scratch/general/vast/u6073678/hooknet_tmp/masks/219154_mask.tif
        rm -rf /scratch/general/vast/u6073678/hooknet_tmp/output/images/219154/
        rm -rf /scratch/general/vast/u6073678/hooknet_tmp/tmp/*
        
Job 60 has been submitted with SLURM jobid 1382076 (log: /uufs/chpc.utah.edu/common/home/u6073678/hooknet_project/.snakemake/slurm_logs/rule_inference/_uufs_chpc.utah.edu_common_home_u6073678_hooknet_project_219154/1382076.log).
[Tue Jun  2 13:28:13 2026]
rule inference:
    input: /scratch/general/vast/u6073678/hooknet_tmp/converted/219182.tif, /scratch/general/vast/u6073678/hooknet_tmp/masks/219182_mask.tif
    output: /uufs/chpc.utah.edu/common/home/u6073678/hooknet_project/results/inference/done/219182_hooknet.done, /uufs/chpc.utah.edu/common/home/u6073678/hooknet_project/results/inference/219182/post-processed/219182_hooknettls_post_processed.xml
    jobid: 80
    reason: Missing output files: /uufs/chpc.utah.edu/common/home/u6073678/hooknet_project/results/inference/219182/post-processed/219182_hooknettls_post_processed.xml
    wildcards: project=/uufs/chpc.utah.edu/common/home/u6073678/hooknet_project, slide=219182
    threads: 8
    resources: mem_mb=32000, mem_mib=30518, disk_mb=3035, disk_mib=2895, tmpdir=<TBD>, slurm_account=rai, slurm_partition=rai-gpu-grn, slurm_extra=--qos=rai-gpu-grn --gres=gpu:1 --cluster=granite, runtime=60, cpus_per_task=4
Shell command: 
        mkdir -p /scratch/general/vast/u6073678/hooknet_tmp/output/images
        mkdir -p /scratch/general/vast/u6073678/hooknet_tmp/tmp
        mkdir -p /uufs/chpc.utah.edu/common/home/u6073678/hooknet_project/results/inference/219182
        mkdir -p /uufs/chpc.utah.edu/common/home/u6073678/hooknet_project/results/inference/done
        apptainer exec --nv \
            --bind /scratch/general/vast/u6073678/hooknet_tmp:/workspace \
            --bind /scratch/general/vast/u6073678/hooknet_tmp/tmp:/home/user/tmp \
            /uufs/chpc.utah.edu/common/home/u6073678/hooknet_project/containers/hooknet_tls.sif \
            python -m hooknettls \
            hooknettls.default.image_path=/workspace/converted/219182.tif \
            hooknettls.default.mask_path=/workspace/masks/219182_mask.tif \
            hooknettls.default.model_weights=/home/user/pathology-hooknet-tls/weights/lung_weights.h5 \
            hooknettls.default.output_folder=/workspace/output/images/219182/
        cp -r /scratch/general/vast/u6073678/hooknet_tmp/output/images/219182/. \
              /uufs/chpc.utah.edu/common/home/u6073678/hooknet_project/results/inference/219182/
        touch /uufs/chpc.utah.edu/common/home/u6073678/hooknet_project/results/inference/done/219182_hooknet.done
        rm -f  /scratch/general/vast/u6073678/hooknet_tmp/input/219182.svs
        rm -f  /scratch/general/vast/u6073678/hooknet_tmp/masks/219182_mask.tif
        rm -rf /scratch/general/vast/u6073678/hooknet_tmp/output/images/219182/
        rm -rf /scratch/general/vast/u6073678/hooknet_tmp/tmp/*
        
Job 80 has been submitted with SLURM jobid 1382077 (log: /uufs/chpc.utah.edu/common/home/u6073678/hooknet_project/.snakemake/slurm_logs/rule_inference/_uufs_chpc.utah.edu_common_home_u6073678_hooknet_project_219182/1382077.log).
[Tue Jun  2 13:28:13 2026]
rule inference:
    input: /scratch/general/vast/u6073678/hooknet_tmp/converted/219202.tif, /scratch/general/vast/u6073678/hooknet_tmp/masks/219202_mask.tif
    output: /uufs/chpc.utah.edu/common/home/u6073678/hooknet_project/results/inference/done/219202_hooknet.done, /uufs/chpc.utah.edu/common/home/u6073678/hooknet_project/results/inference/219202/post-processed/219202_hooknettls_post_processed.xml
    jobid: 100
    reason: Missing output files: /uufs/chpc.utah.edu/common/home/u6073678/hooknet_project/results/inference/219202/post-processed/219202_hooknettls_post_processed.xml
    wildcards: project=/uufs/chpc.utah.edu/common/home/u6073678/hooknet_project, slide=219202
    threads: 8
    resources: mem_mb=32000, mem_mib=30518, disk_mb=2327, disk_mib=2220, tmpdir=<TBD>, slurm_account=rai, slurm_partition=rai-gpu-grn, slurm_extra=--qos=rai-gpu-grn --gres=gpu:1 --cluster=granite, runtime=60, cpus_per_task=4
Shell command: 
        mkdir -p /scratch/general/vast/u6073678/hooknet_tmp/output/images
        mkdir -p /scratch/general/vast/u6073678/hooknet_tmp/tmp
        mkdir -p /uufs/chpc.utah.edu/common/home/u6073678/hooknet_project/results/inference/219202
        mkdir -p /uufs/chpc.utah.edu/common/home/u6073678/hooknet_project/results/inference/done
        apptainer exec --nv \
            --bind /scratch/general/vast/u6073678/hooknet_tmp:/workspace \
            --bind /scratch/general/vast/u6073678/hooknet_tmp/tmp:/home/user/tmp \
            /uufs/chpc.utah.edu/common/home/u6073678/hooknet_project/containers/hooknet_tls.sif \
            python -m hooknettls \
            hooknettls.default.image_path=/workspace/converted/219202.tif \
            hooknettls.default.mask_path=/workspace/masks/219202_mask.tif \
            hooknettls.default.model_weights=/home/user/pathology-hooknet-tls/weights/lung_weights.h5 \
            hooknettls.default.output_folder=/workspace/output/images/219202/
        cp -r /scratch/general/vast/u6073678/hooknet_tmp/output/images/219202/. \
              /uufs/chpc.utah.edu/common/home/u6073678/hooknet_project/results/inference/219202/
        touch /uufs/chpc.utah.edu/common/home/u6073678/hooknet_project/results/inference/done/219202_hooknet.done
        rm -f  /scratch/general/vast/u6073678/hooknet_tmp/input/219202.svs
        rm -f  /scratch/general/vast/u6073678/hooknet_tmp/masks/219202_mask.tif
        rm -rf /scratch/general/vast/u6073678/hooknet_tmp/output/images/219202/
        rm -rf /scratch/general/vast/u6073678/hooknet_tmp/tmp/*
        
Job 100 has been submitted with SLURM jobid 1382078 (log: /uufs/chpc.utah.edu/common/home/u6073678/hooknet_project/.snakemake/slurm_logs/rule_inference/_uufs_chpc.utah.edu_common_home_u6073678_hooknet_project_219202/1382078.log).
[Tue Jun  2 13:28:13 2026]
rule inference:
    input: /scratch/general/vast/u6073678/hooknet_tmp/converted/219222.tif, /scratch/general/vast/u6073678/hooknet_tmp/masks/219222_mask.tif
    output: /uufs/chpc.utah.edu/common/home/u6073678/hooknet_project/results/inference/done/219222_hooknet.done, /uufs/chpc.utah.edu/common/home/u6073678/hooknet_project/results/inference/219222/post-processed/219222_hooknettls_post_processed.xml
    jobid: 140
    reason: Missing output files: /uufs/chpc.utah.edu/common/home/u6073678/hooknet_project/results/inference/219222/post-processed/219222_hooknettls_post_processed.xml
    wildcards: project=/uufs/chpc.utah.edu/common/home/u6073678/hooknet_project, slide=219222
    threads: 8
    resources: mem_mb=32000, mem_mib=30518, disk_mb=5927, disk_mib=5653, tmpdir=<TBD>, slurm_account=rai, slurm_partition=rai-gpu-grn, slurm_extra=--qos=rai-gpu-grn --gres=gpu:1 --cluster=granite, runtime=60, cpus_per_task=4
Shell command: 
        mkdir -p /scratch/general/vast/u6073678/hooknet_tmp/output/images
        mkdir -p /scratch/general/vast/u6073678/hooknet_tmp/tmp
        mkdir -p /uufs/chpc.utah.edu/common/home/u6073678/hooknet_project/results/inference/219222
        mkdir -p /uufs/chpc.utah.edu/common/home/u6073678/hooknet_project/results/inference/done
        apptainer exec --nv \
            --bind /scratch/general/vast/u6073678/hooknet_tmp:/workspace \
            --bind /scratch/general/vast/u6073678/hooknet_tmp/tmp:/home/user/tmp \
            /uufs/chpc.utah.edu/common/home/u6073678/hooknet_project/containers/hooknet_tls.sif \
            python -m hooknettls \
            hooknettls.default.image_path=/workspace/converted/219222.tif \
            hooknettls.default.mask_path=/workspace/masks/219222_mask.tif \
            hooknettls.default.model_weights=/home/user/pathology-hooknet-tls/weights/lung_weights.h5 \
            hooknettls.default.output_folder=/workspace/output/images/219222/
        cp -r /scratch/general/vast/u6073678/hooknet_tmp/output/images/219222/. \
              /uufs/chpc.utah.edu/common/home/u6073678/hooknet_project/results/inference/219222/
        touch /uufs/chpc.utah.edu/common/home/u6073678/hooknet_project/results/inference/done/219222_hooknet.done
        rm -f  /scratch/general/vast/u6073678/hooknet_tmp/input/219222.svs
        rm -f  /scratch/general/vast/u6073678/hooknet_tmp/masks/219222_mask.tif
        rm -rf /scratch/general/vast/u6073678/hooknet_tmp/output/images/219222/
        rm -rf /scratch/general/vast/u6073678/hooknet_tmp/tmp/*
        
Job 140 has been submitted with SLURM jobid 1382079 (log: /uufs/chpc.utah.edu/common/home/u6073678/hooknet_project/.snakemake/slurm_logs/rule_inference/_uufs_chpc.utah.edu_common_home_u6073678_hooknet_project_219222/1382079.log).
[Tue Jun  2 13:28:14 2026]
rule inference:
    input: /scratch/general/vast/u6073678/hooknet_tmp/converted/219242.tif, /scratch/general/vast/u6073678/hooknet_tmp/masks/219242_mask.tif
    output: /uufs/chpc.utah.edu/common/home/u6073678/hooknet_project/results/inference/done/219242_hooknet.done, /uufs/chpc.utah.edu/common/home/u6073678/hooknet_project/results/inference/219242/post-processed/219242_hooknettls_post_processed.xml
    jobid: 180
    reason: Missing output files: /uufs/chpc.utah.edu/common/home/u6073678/hooknet_project/results/inference/219242/post-processed/219242_hooknettls_post_processed.xml
    wildcards: project=/uufs/chpc.utah.edu/common/home/u6073678/hooknet_project, slide=219242
    threads: 8
    resources: mem_mb=32000, mem_mib=30518, disk_mb=6680, disk_mib=6371, tmpdir=<TBD>, slurm_account=rai, slurm_partition=rai-gpu-grn, slurm_extra=--qos=rai-gpu-grn --gres=gpu:1 --cluster=granite, runtime=60, cpus_per_task=4
Shell command: 
        mkdir -p /scratch/general/vast/u6073678/hooknet_tmp/output/images
        mkdir -p /scratch/general/vast/u6073678/hooknet_tmp/tmp
        mkdir -p /uufs/chpc.utah.edu/common/home/u6073678/hooknet_project/results/inference/219242
        mkdir -p /uufs/chpc.utah.edu/common/home/u6073678/hooknet_project/results/inference/done
        apptainer exec --nv \
            --bind /scratch/general/vast/u6073678/hooknet_tmp:/workspace \
            --bind /scratch/general/vast/u6073678/hooknet_tmp/tmp:/home/user/tmp \
            /uufs/chpc.utah.edu/common/home/u6073678/hooknet_project/containers/hooknet_tls.sif \
            python -m hooknettls \
            hooknettls.default.image_path=/workspace/converted/219242.tif \
            hooknettls.default.mask_path=/workspace/masks/219242_mask.tif \
            hooknettls.default.model_weights=/home/user/pathology-hooknet-tls/weights/lung_weights.h5 \
            hooknettls.default.output_folder=/workspace/output/images/219242/
        cp -r /scratch/general/vast/u6073678/hooknet_tmp/output/images/219242/. \
              /uufs/chpc.utah.edu/common/home/u6073678/hooknet_project/results/inference/219242/
        touch /uufs/chpc.utah.edu/common/home/u6073678/hooknet_project/results/inference/done/219242_hooknet.done
        rm -f  /scratch/general/vast/u6073678/hooknet_tmp/input/219242.svs
        rm -f  /scratch/general/vast/u6073678/hooknet_tmp/masks/219242_mask.tif
        rm -rf /scratch/general/vast/u6073678/hooknet_tmp/output/images/219242/
        rm -rf /scratch/general/vast/u6073678/hooknet_tmp/tmp/*
        
Job 180 has been submitted with SLURM jobid 1382080 (log: /uufs/chpc.utah.edu/common/home/u6073678/hooknet_project/.snakemake/slurm_logs/rule_inference/_uufs_chpc.utah.edu_common_home_u6073678_hooknet_project_219242/1382080.log).
[Tue Jun  2 13:28:14 2026]
rule inference:
    input: /scratch/general/vast/u6073678/hooknet_tmp/converted/219262.tif, /scratch/general/vast/u6073678/hooknet_tmp/masks/219262_mask.tif
    output: /uufs/chpc.utah.edu/common/home/u6073678/hooknet_project/results/inference/done/219262_hooknet.done, /uufs/chpc.utah.edu/common/home/u6073678/hooknet_project/results/inference/219262/post-processed/219262_hooknettls_post_processed.xml
    jobid: 220
    reason: Missing output files: /uufs/chpc.utah.edu/common/home/u6073678/hooknet_project/results/inference/219262/post-processed/219262_hooknettls_post_processed.xml
    wildcards: project=/uufs/chpc.utah.edu/common/home/u6073678/hooknet_project, slide=219262
    threads: 8
    resources: mem_mb=32000, mem_mib=30518, disk_mb=2237, disk_mib=2134, tmpdir=<TBD>, slurm_account=rai, slurm_partition=rai-gpu-grn, slurm_extra=--qos=rai-gpu-grn --gres=gpu:1 --cluster=granite, runtime=60, cpus_per_task=4
Shell command: 
        mkdir -p /scratch/general/vast/u6073678/hooknet_tmp/output/images
        mkdir -p /scratch/general/vast/u6073678/hooknet_tmp/tmp
        mkdir -p /uufs/chpc.utah.edu/common/home/u6073678/hooknet_project/results/inference/219262
        mkdir -p /uufs/chpc.utah.edu/common/home/u6073678/hooknet_project/results/inference/done
        apptainer exec --nv \
            --bind /scratch/general/vast/u6073678/hooknet_tmp:/workspace \
            --bind /scratch/general/vast/u6073678/hooknet_tmp/tmp:/home/user/tmp \
            /uufs/chpc.utah.edu/common/home/u6073678/hooknet_project/containers/hooknet_tls.sif \
            python -m hooknettls \
            hooknettls.default.image_path=/workspace/converted/219262.tif \
            hooknettls.default.mask_path=/workspace/masks/219262_mask.tif \
            hooknettls.default.model_weights=/home/user/pathology-hooknet-tls/weights/lung_weights.h5 \
            hooknettls.default.output_folder=/workspace/output/images/219262/
        cp -r /scratch/general/vast/u6073678/hooknet_tmp/output/images/219262/. \
              /uufs/chpc.utah.edu/common/home/u6073678/hooknet_project/results/inference/219262/
        touch /uufs/chpc.utah.edu/common/home/u6073678/hooknet_project/results/inference/done/219262_hooknet.done
        rm -f  /scratch/general/vast/u6073678/hooknet_tmp/input/219262.svs
        rm -f  /scratch/general/vast/u6073678/hooknet_tmp/masks/219262_mask.tif
        rm -rf /scratch/general/vast/u6073678/hooknet_tmp/output/images/219262/
        rm -rf /scratch/general/vast/u6073678/hooknet_tmp/tmp/*
        
Job 220 has been submitted with SLURM jobid 1382081 (log: /uufs/chpc.utah.edu/common/home/u6073678/hooknet_project/.snakemake/slurm_logs/rule_inference/_uufs_chpc.utah.edu_common_home_u6073678_hooknet_project_219262/1382081.log).
Select jobs to execute...
[Tue Jun  2 13:30:18 2026]
Error in rule inference:
    message: SLURM-job '1382061' failed, SLURM status is: 'FAILED'. For further error details see the cluster/cloud log and the log files of the involved rule(s).
    jobid: 174
    input: /scratch/general/vast/u6073678/hooknet_tmp/converted/219239.tif, /scratch/general/vast/u6073678/hooknet_tmp/masks/219239_mask.tif
    output: /uufs/chpc.utah.edu/common/home/u6073678/hooknet_project/results/inference/done/219239_hooknet.done, /uufs/chpc.utah.edu/common/home/u6073678/hooknet_project/results/inference/219239/post-processed/219239_hooknettls_post_processed.xml
    log: /uufs/chpc.utah.edu/common/home/u6073678/hooknet_project/.snakemake/slurm_logs/rule_inference/_uufs_chpc.utah.edu_common_home_u6073678_hooknet_project_219239/1382061.log (check log file(s) for error details)
    shell:
        
        mkdir -p /scratch/general/vast/u6073678/hooknet_tmp/output/images
        mkdir -p /scratch/general/vast/u6073678/hooknet_tmp/tmp
        mkdir -p /uufs/chpc.utah.edu/common/home/u6073678/hooknet_project/results/inference/219239
        mkdir -p /uufs/chpc.utah.edu/common/home/u6073678/hooknet_project/results/inference/done
        apptainer exec --nv \
            --bind /scratch/general/vast/u6073678/hooknet_tmp:/workspace \
            --bind /scratch/general/vast/u6073678/hooknet_tmp/tmp:/home/user/tmp \
            /uufs/chpc.utah.edu/common/home/u6073678/hooknet_project/containers/hooknet_tls.sif \
            python -m hooknettls \
            hooknettls.default.image_path=/workspace/converted/219239.tif \
            hooknettls.default.mask_path=/workspace/masks/219239_mask.tif \
            hooknettls.default.model_weights=/home/user/pathology-hooknet-tls/weights/lung_weights.h5 \
            hooknettls.default.output_folder=/workspace/output/images/219239/
        cp -r /scratch/general/vast/u6073678/hooknet_tmp/output/images/219239/. \
              /uufs/chpc.utah.edu/common/home/u6073678/hooknet_project/results/inference/219239/
        touch /uufs/chpc.utah.edu/common/home/u6073678/hooknet_project/results/inference/done/219239_hooknet.done
        rm -f  /scratch/general/vast/u6073678/hooknet_tmp/input/219239.svs
        rm -f  /scratch/general/vast/u6073678/hooknet_tmp/masks/219239_mask.tif
        rm -rf /scratch/general/vast/u6073678/hooknet_tmp/output/images/219239/
        rm -rf /scratch/general/vast/u6073678/hooknet_tmp/tmp/*
        
        (command exited with non-zero exit code)
    external_jobid: 1382061
[Tue Jun  2 13:30:18 2026]
Error in rule inference:
    message: SLURM-job '1382062' failed, SLURM status is: 'FAILED'. For further error details see the cluster/cloud log and the log files of the involved rule(s).
    jobid: 14
    input: /scratch/general/vast/u6073678/hooknet_tmp/converted/219114.tif, /scratch/general/vast/u6073678/hooknet_tmp/masks/219114_mask.tif
    output: /uufs/chpc.utah.edu/common/home/u6073678/hooknet_project/results/inference/done/219114_hooknet.done, /uufs/chpc.utah.edu/common/home/u6073678/hooknet_project/results/inference/219114/post-processed/219114_hooknettls_post_processed.xml
    log: /uufs/chpc.utah.edu/common/home/u6073678/hooknet_project/.snakemake/slurm_logs/rule_inference/_uufs_chpc.utah.edu_common_home_u6073678_hooknet_project_219114/1382062.log (check log file(s) for error details)
    shell:
        
        mkdir -p /scratch/general/vast/u6073678/hooknet_tmp/output/images
        mkdir -p /scratch/general/vast/u6073678/hooknet_tmp/tmp
        mkdir -p /uufs/chpc.utah.edu/common/home/u6073678/hooknet_project/results/inference/219114
        mkdir -p /uufs/chpc.utah.edu/common/home/u6073678/hooknet_project/results/inference/done
        apptainer exec --nv \
            --bind /scratch/general/vast/u6073678/hooknet_tmp:/workspace \
            --bind /scratch/general/vast/u6073678/hooknet_tmp/tmp:/home/user/tmp \
            /uufs/chpc.utah.edu/common/home/u6073678/hooknet_project/containers/hooknet_tls.sif \
            python -m hooknettls \
            hooknettls.default.image_path=/workspace/converted/219114.tif \
            hooknettls.default.mask_path=/workspace/masks/219114_mask.tif \
            hooknettls.default.model_weights=/home/user/pathology-hooknet-tls/weights/lung_weights.h5 \
            hooknettls.default.output_folder=/workspace/output/images/219114/
        cp -r /scratch/general/vast/u6073678/hooknet_tmp/output/images/219114/. \
              /uufs/chpc.utah.edu/common/home/u6073678/hooknet_project/results/inference/219114/
        touch /uufs/chpc.utah.edu/common/home/u6073678/hooknet_project/results/inference/done/219114_hooknet.done
        rm -f  /scratch/general/vast/u6073678/hooknet_tmp/input/219114.svs
        rm -f  /scratch/general/vast/u6073678/hooknet_tmp/masks/219114_mask.tif
        rm -rf /scratch/general/vast/u6073678/hooknet_tmp/output/images/219114/
        rm -rf /scratch/general/vast/u6073678/hooknet_tmp/tmp/*
        
        (command exited with non-zero exit code)
    external_jobid: 1382062
[Tue Jun  2 13:30:18 2026]
Error in rule inference:
    message: SLURM-job '1382063' failed, SLURM status is: 'FAILED'. For further error details see the cluster/cloud log and the log files of the involved rule(s).
    jobid: 194
    input: /scratch/general/vast/u6073678/hooknet_tmp/converted/219249.tif, /scratch/general/vast/u6073678/hooknet_tmp/masks/219249_mask.tif
    output: /uufs/chpc.utah.edu/common/home/u6073678/hooknet_project/results/inference/done/219249_hooknet.done, /uufs/chpc.utah.edu/common/home/u6073678/hooknet_project/results/inference/219249/post-processed/219249_hooknettls_post_processed.xml
    log: /uufs/chpc.utah.edu/common/home/u6073678/hooknet_project/.snakemake/slurm_logs/rule_inference/_uufs_chpc.utah.edu_common_home_u6073678_hooknet_project_219249/1382063.log (check log file(s) for error details)
    shell:
        
        mkdir -p /scratch/general/vast/u6073678/hooknet_tmp/output/images
        mkdir -p /scratch/general/vast/u6073678/hooknet_tmp/tmp
        mkdir -p /uufs/chpc.utah.edu/common/home/u6073678/hooknet_project/results/inference/219249
        mkdir -p /uufs/chpc.utah.edu/common/home/u6073678/hooknet_project/results/inference/done
        apptainer exec --nv \
            --bind /scratch/general/vast/u6073678/hooknet_tmp:/workspace \
            --bind /scratch/general/vast/u6073678/hooknet_tmp/tmp:/home/user/tmp \
            /uufs/chpc.utah.edu/common/home/u6073678/hooknet_project/containers/hooknet_tls.sif \
            python -m hooknettls \
            hooknettls.default.image_path=/workspace/converted/219249.tif \
            hooknettls.default.mask_path=/workspace/masks/219249_mask.tif \
            hooknettls.default.model_weights=/home/user/pathology-hooknet-tls/weights/lung_weights.h5 \
            hooknettls.default.output_folder=/workspace/output/images/219249/
        cp -r /scratch/general/vast/u6073678/hooknet_tmp/output/images/219249/. \
              /uufs/chpc.utah.edu/common/home/u6073678/hooknet_project/results/inference/219249/
        touch /uufs/chpc.utah.edu/common/home/u6073678/hooknet_project/results/inference/done/219249_hooknet.done
        rm -f  /scratch/general/vast/u6073678/hooknet_tmp/input/219249.svs
        rm -f  /scratch/general/vast/u6073678/hooknet_tmp/masks/219249_mask.tif
        rm -rf /scratch/general/vast/u6073678/hooknet_tmp/output/images/219249/
        rm -rf /scratch/general/vast/u6073678/hooknet_tmp/tmp/*
        
        (command exited with non-zero exit code)
    external_jobid: 1382063
[Tue Jun  2 13:30:18 2026]
Error in rule inference:
    message: SLURM-job '1382064' failed, SLURM status is: 'FAILED'. For further error details see the cluster/cloud log and the log files of the involved rule(s).
    jobid: 164
    input: /scratch/general/vast/u6073678/hooknet_tmp/converted/219234.tif, /scratch/general/vast/u6073678/hooknet_tmp/masks/219234_mask.tif
    output: /uufs/chpc.utah.edu/common/home/u6073678/hooknet_project/results/inference/done/219234_hooknet.done, /uufs/chpc.utah.edu/common/home/u6073678/hooknet_project/results/inference/219234/post-processed/219234_hooknettls_post_processed.xml
    log: /uufs/chpc.utah.edu/common/home/u6073678/hooknet_project/.snakemake/slurm_logs/rule_inference/_uufs_chpc.utah.edu_common_home_u6073678_hooknet_project_219234/1382064.log (check log file(s) for error details)
    shell:
        
        mkdir -p /scratch/general/vast/u6073678/hooknet_tmp/output/images
        mkdir -p /scratch/general/vast/u6073678/hooknet_tmp/tmp
        mkdir -p /uufs/chpc.utah.edu/common/home/u6073678/hooknet_project/results/inference/219234
        mkdir -p /uufs/chpc.utah.edu/common/home/u6073678/hooknet_project/results/inference/done
        apptainer exec --nv \
            --bind /scratch/general/vast/u6073678/hooknet_tmp:/workspace \
            --bind /scratch/general/vast/u6073678/hooknet_tmp/tmp:/home/user/tmp \
            /uufs/chpc.utah.edu/common/home/u6073678/hooknet_project/containers/hooknet_tls.sif \
            python -m hooknettls \
            hooknettls.default.image_path=/workspace/converted/219234.tif \
            hooknettls.default.mask_path=/workspace/masks/219234_mask.tif \
            hooknettls.default.model_weights=/home/user/pathology-hooknet-tls/weights/lung_weights.h5 \
            hooknettls.default.output_folder=/workspace/output/images/219234/
        cp -r /scratch/general/vast/u6073678/hooknet_tmp/output/images/219234/. \
              /uufs/chpc.utah.edu/common/home/u6073678/hooknet_project/results/inference/219234/
        touch /uufs/chpc.utah.edu/common/home/u6073678/hooknet_project/results/inference/done/219234_hooknet.done
        rm -f  /scratch/general/vast/u6073678/hooknet_tmp/input/219234.svs
        rm -f  /scratch/general/vast/u6073678/hooknet_tmp/masks/219234_mask.tif
        rm -rf /scratch/general/vast/u6073678/hooknet_tmp/output/images/219234/
        rm -rf /scratch/general/vast/u6073678/hooknet_tmp/tmp/*
        
        (command exited with non-zero exit code)
    external_jobid: 1382064
[Tue Jun  2 13:30:18 2026]
Error in rule inference:
    message: SLURM-job '1382065' failed, SLURM status is: 'FAILED'. For further error details see the cluster/cloud log and the log files of the involved rule(s).
    jobid: 124
    input: /scratch/general/vast/u6073678/hooknet_tmp/converted/219214.tif, /scratch/general/vast/u6073678/hooknet_tmp/masks/219214_mask.tif
    output: /uufs/chpc.utah.edu/common/home/u6073678/hooknet_project/results/inference/done/219214_hooknet.done, /uufs/chpc.utah.edu/common/home/u6073678/hooknet_project/results/inference/219214/post-processed/219214_hooknettls_post_processed.xml
    log: /uufs/chpc.utah.edu/common/home/u6073678/hooknet_project/.snakemake/slurm_logs/rule_inference/_uufs_chpc.utah.edu_common_home_u6073678_hooknet_project_219214/1382065.log (check log file(s) for error details)
    shell:
        
        mkdir -p /scratch/general/vast/u6073678/hooknet_tmp/output/images
        mkdir -p /scratch/general/vast/u6073678/hooknet_tmp/tmp
        mkdir -p /uufs/chpc.utah.edu/common/home/u6073678/hooknet_project/results/inference/219214
        mkdir -p /uufs/chpc.utah.edu/common/home/u6073678/hooknet_project/results/inference/done
        apptainer exec --nv \
            --bind /scratch/general/vast/u6073678/hooknet_tmp:/workspace \
            --bind /scratch/general/vast/u6073678/hooknet_tmp/tmp:/home/user/tmp \
            /uufs/chpc.utah.edu/common/home/u6073678/hooknet_project/containers/hooknet_tls.sif \
            python -m hooknettls \
            hooknettls.default.image_path=/workspace/converted/219214.tif \
            hooknettls.default.mask_path=/workspace/masks/219214_mask.tif \
            hooknettls.default.model_weights=/home/user/pathology-hooknet-tls/weights/lung_weights.h5 \
            hooknettls.default.output_folder=/workspace/output/images/219214/
        cp -r /scratch/general/vast/u6073678/hooknet_tmp/output/images/219214/. \
              /uufs/chpc.utah.edu/common/home/u6073678/hooknet_project/results/inference/219214/
        touch /uufs/chpc.utah.edu/common/home/u6073678/hooknet_project/results/inference/done/219214_hooknet.done
        rm -f  /scratch/general/vast/u6073678/hooknet_tmp/input/219214.svs
        rm -f  /scratch/general/vast/u6073678/hooknet_tmp/masks/219214_mask.tif
        rm -rf /scratch/general/vast/u6073678/hooknet_tmp/output/images/219214/
        rm -rf /scratch/general/vast/u6073678/hooknet_tmp/tmp/*
        
        (command exited with non-zero exit code)
    external_jobid: 1382065
[Tue Jun  2 13:30:18 2026]
Error in rule inference:
    message: SLURM-job '1382066' failed, SLURM status is: 'FAILED'. For further error details see the cluster/cloud log and the log files of the involved rule(s).
    jobid: 34
    input: /scratch/general/vast/u6073678/hooknet_tmp/converted/219133.tif, /scratch/general/vast/u6073678/hooknet_tmp/masks/219133_mask.tif
    output: /uufs/chpc.utah.edu/common/home/u6073678/hooknet_project/results/inference/done/219133_hooknet.done, /uufs/chpc.utah.edu/common/home/u6073678/hooknet_project/results/inference/219133/post-processed/219133_hooknettls_post_processed.xml
    log: /uufs/chpc.utah.edu/common/home/u6073678/hooknet_project/.snakemake/slurm_logs/rule_inference/_uufs_chpc.utah.edu_common_home_u6073678_hooknet_project_219133/1382066.log (check log file(s) for error details)
    shell:
        
        mkdir -p /scratch/general/vast/u6073678/hooknet_tmp/output/images
        mkdir -p /scratch/general/vast/u6073678/hooknet_tmp/tmp
        mkdir -p /uufs/chpc.utah.edu/common/home/u6073678/hooknet_project/results/inference/219133
        mkdir -p /uufs/chpc.utah.edu/common/home/u6073678/hooknet_project/results/inference/done
        apptainer exec --nv \
            --bind /scratch/general/vast/u6073678/hooknet_tmp:/workspace \
            --bind /scratch/general/vast/u6073678/hooknet_tmp/tmp:/home/user/tmp \
            /uufs/chpc.utah.edu/common/home/u6073678/hooknet_project/containers/hooknet_tls.sif \
            python -m hooknettls \
            hooknettls.default.image_path=/workspace/converted/219133.tif \
            hooknettls.default.mask_path=/workspace/masks/219133_mask.tif \
            hooknettls.default.model_weights=/home/user/pathology-hooknet-tls/weights/lung_weights.h5 \
            hooknettls.default.output_folder=/workspace/output/images/219133/
        cp -r /scratch/general/vast/u6073678/hooknet_tmp/output/images/219133/. \
              /uufs/chpc.utah.edu/common/home/u6073678/hooknet_project/results/inference/219133/
        touch /uufs/chpc.utah.edu/common/home/u6073678/hooknet_project/results/inference/done/219133_hooknet.done
        rm -f  /scratch/general/vast/u6073678/hooknet_tmp/input/219133.svs
        rm -f  /scratch/general/vast/u6073678/hooknet_tmp/masks/219133_mask.tif
        rm -rf /scratch/general/vast/u6073678/hooknet_tmp/output/images/219133/
        rm -rf /scratch/general/vast/u6073678/hooknet_tmp/tmp/*
        
        (command exited with non-zero exit code)
    external_jobid: 1382066
[Tue Jun  2 13:30:18 2026]
Error in rule inference:
    message: SLURM-job '1382067' failed, SLURM status is: 'FAILED'. For further error details see the cluster/cloud log and the log files of the involved rule(s).
    jobid: 54
    input: /scratch/general/vast/u6073678/hooknet_tmp/converted/219150.tif, /scratch/general/vast/u6073678/hooknet_tmp/masks/219150_mask.tif
    output: /uufs/chpc.utah.edu/common/home/u6073678/hooknet_project/results/inference/done/219150_hooknet.done, /uufs/chpc.utah.edu/common/home/u6073678/hooknet_project/results/inference/219150/post-processed/219150_hooknettls_post_processed.xml
    log: /uufs/chpc.utah.edu/common/home/u6073678/hooknet_project/.snakemake/slurm_logs/rule_inference/_uufs_chpc.utah.edu_common_home_u6073678_hooknet_project_219150/1382067.log (check log file(s) for error details)
    shell:
        
        mkdir -p /scratch/general/vast/u6073678/hooknet_tmp/output/images
        mkdir -p /scratch/general/vast/u6073678/hooknet_tmp/tmp
        mkdir -p /uufs/chpc.utah.edu/common/home/u6073678/hooknet_project/results/inference/219150
        mkdir -p /uufs/chpc.utah.edu/common/home/u6073678/hooknet_project/results/inference/done
        apptainer exec --nv \
            --bind /scratch/general/vast/u6073678/hooknet_tmp:/workspace \
            --bind /scratch/general/vast/u6073678/hooknet_tmp/tmp:/home/user/tmp \
            /uufs/chpc.utah.edu/common/home/u6073678/hooknet_project/containers/hooknet_tls.sif \
            python -m hooknettls \
            hooknettls.default.image_path=/workspace/converted/219150.tif \
            hooknettls.default.mask_path=/workspace/masks/219150_mask.tif \
            hooknettls.default.model_weights=/home/user/pathology-hooknet-tls/weights/lung_weights.h5 \
            hooknettls.default.output_folder=/workspace/output/images/219150/
        cp -r /scratch/general/vast/u6073678/hooknet_tmp/output/images/219150/. \
              /uufs/chpc.utah.edu/common/home/u6073678/hooknet_project/results/inference/219150/
        touch /uufs/chpc.utah.edu/common/home/u6073678/hooknet_project/results/inference/done/219150_hooknet.done
        rm -f  /scratch/general/vast/u6073678/hooknet_tmp/input/219150.svs
        rm -f  /scratch/general/vast/u6073678/hooknet_tmp/masks/219150_mask.tif
        rm -rf /scratch/general/vast/u6073678/hooknet_tmp/output/images/219150/
        rm -rf /scratch/general/vast/u6073678/hooknet_tmp/tmp/*
        
        (command exited with non-zero exit code)
    external_jobid: 1382067
Terminating processes on user request, this might take some time.
Complete log(s): /uufs/chpc.utah.edu/common/home/u6073678/hooknet_project/.snakemake/log/2026-06-02T132807.497846.snakemake.log
WorkflowError:
At least one job did not complete successfully.
