None
host: notchpeak1
Building DAG of jobs...
SLURM run ID: 6d6da1c1-46ff-45c7-be61-64f09541acf3
Using shell: /usr/bin/bash
Provided remote nodes: 20
Job stats:
job               count
--------------  -------
all                   1
inference           132
xml_to_geojson      132
total               265

Select jobs to execute...
Execute 20 jobs...
[Tue Jun  2 12:37:56 2026]
rule inference:
    input: /scratch/general/vast/u6073678/hooknet_tmp/converted/219219.tif, /scratch/general/vast/u6073678/hooknet_tmp/masks/219219_mask.tif
    output: /uufs/chpc.utah.edu/common/home/u6073678/hooknet_project/results/inference/done/219219_hooknet.done, /uufs/chpc.utah.edu/common/home/u6073678/hooknet_project/results/inference/219219/post-processed/219219_hooknettls_post_processed.xml
    jobid: 134
    reason: Missing output files: /uufs/chpc.utah.edu/common/home/u6073678/hooknet_project/results/inference/219219/post-processed/219219_hooknettls_post_processed.xml
    wildcards: project=/uufs/chpc.utah.edu/common/home/u6073678/hooknet_project, slide=219219
    threads: 8
    resources: mem_mb=32000, mem_mib=30518, disk_mb=2724, disk_mib=2598, tmpdir=<TBD>, slurm_account=rai, slurm_partition=rai-gpu-grn, slurm_extra=--qos=rai-gpu-grn --gres=gpu:1, runtime=60, cpus_per_task=4
Shell command: 
        mkdir -p /scratch/general/vast/u6073678/hooknet_tmp/output/images
        mkdir -p /scratch/general/vast/u6073678/hooknet_tmp/tmp
        mkdir -p /uufs/chpc.utah.edu/common/home/u6073678/hooknet_project/results/inference/219219
        mkdir -p /uufs/chpc.utah.edu/common/home/u6073678/hooknet_project/results/inference/done
        apptainer exec --nv \
            --bind /scratch/general/vast/u6073678/hooknet_tmp:/workspace \
            --bind /scratch/general/vast/u6073678/hooknet_tmp/tmp:/home/user/tmp \
            /uufs/chpc.utah.edu/common/home/u6073678/hooknet_project/containers/hooknet_tls.sif \
            python -m hooknettls \
            hooknettls.default.image_path=/workspace/converted/219219.tif \
            hooknettls.default.mask_path=/workspace/masks/219219_mask.tif \
            hooknettls.default.model_weights=/home/user/pathology-hooknet-tls/weights/lung_weights.h5 \
            hooknettls.default.output_folder=/workspace/output/images/219219/
        cp -r /scratch/general/vast/u6073678/hooknet_tmp/output/images/219219/. \
              /uufs/chpc.utah.edu/common/home/u6073678/hooknet_project/results/inference/219219/
        touch /uufs/chpc.utah.edu/common/home/u6073678/hooknet_project/results/inference/done/219219_hooknet.done
        rm -f  /scratch/general/vast/u6073678/hooknet_tmp/input/219219.svs
        rm -f  /scratch/general/vast/u6073678/hooknet_tmp/masks/219219_mask.tif
        rm -rf /scratch/general/vast/u6073678/hooknet_tmp/output/images/219219/
        rm -rf /scratch/general/vast/u6073678/hooknet_tmp/tmp/*
        
WorkflowError:
The given account rai appears to be invalid. Available accounts:
notchpeak-gpu, stewartp, owner-gpu-guest, owner-guest, notchpeak-shared-sh+, dtn
