Assuming unrestricted shared filesystem usage.
None
host: notchpeak2
Building DAG of jobs...
Using shell: /usr/bin/bash
Provided cores: 8
Rules claiming more threads will be scaled down.
Job stats:
job          count
---------  -------
convert          1
inference        1
mask             1
validate         1
total            4

Select jobs to execute...
Execute 1 jobs...
[Tue May 26 16:44:42 2026]
localrule validate:
    input: /uufs/chpc.utah.edu/common/home/u6073678/hooknet_project/box_raw/H_E/LSCC/C3L-00415-23.svs
    output: results/logs/C3L-00415-23.validated.txt
    jobid: 2
    reason: Missing output files: results/logs/C3L-00415-23.validated.txt
    wildcards: slide=C3L-00415-23
    resources: tmpdir=/tmp
Shell command: 
        mkdir -p results/logs
        echo "Validated /uufs/chpc.utah.edu/common/home/u6073678/hooknet_project/box_raw/H_E/LSCC/C3L-00415-23.svs" > results/logs/C3L-00415-23.validated.txt
        
[Tue May 26 16:44:42 2026]
Finished jobid: 2 (Rule: validate)
1 of 4 steps (25%) done
Select jobs to execute...
Execute 1 jobs...
[Tue May 26 16:44:42 2026]
localrule convert:
    input: /uufs/chpc.utah.edu/common/home/u6073678/hooknet_project/box_raw/H_E/LSCC/C3L-00415-23.svs, results/logs/C3L-00415-23.validated.txt
    output: results/converted/C3L-00415-23.tif
    jobid: 1
    reason: Input files updated by another job: results/logs/C3L-00415-23.validated.txt; Set of input files has changed since last execution; Code has changed since last execution
    wildcards: slide=C3L-00415-23
    resources: tmpdir=/tmp
Shell command: 
        mkdir -p results/converted

        apptainer exec         --bind /uufs/chpc.utah.edu/common/home/u6073678/hooknet_project:/project         /uufs/chpc.utah.edu/common/home/u6073678/hooknet_project/containers/hooknet_tls.sif         python /project/scripts/save_image_at_spacing.py.py         -i /uufs/chpc.utah.edu/common/home/u6073678/hooknet_project/box_raw/H_E/LSCC/C3L-00415-23.svs         -s 0.5         -o /project/results/converted/ 
        
RuleException:
CalledProcessError in file "/uufs/chpc.utah.edu/common/home/u6073678/hooknet_project/Snakefile", line 69:
Command 'set -euo pipefail;  
        mkdir -p results/converted

        apptainer exec         --bind /uufs/chpc.utah.edu/common/home/u6073678/hooknet_project:/project         /uufs/chpc.utah.edu/common/home/u6073678/hooknet_project/containers/hooknet_tls.sif         python /project/scripts/save_image_at_spacing.py.py         -i /uufs/chpc.utah.edu/common/home/u6073678/hooknet_project/box_raw/H_E/LSCC/C3L-00415-23.svs         -s 0.5         -o /project/results/converted/' returned non-zero exit status 127.
[Tue May 26 16:44:42 2026]
Error in rule convert:
    message: None
    jobid: 1
    input: /uufs/chpc.utah.edu/common/home/u6073678/hooknet_project/box_raw/H_E/LSCC/C3L-00415-23.svs, results/logs/C3L-00415-23.validated.txt
    output: results/converted/C3L-00415-23.tif
    shell:
        
        mkdir -p results/converted

        apptainer exec         --bind /uufs/chpc.utah.edu/common/home/u6073678/hooknet_project:/project         /uufs/chpc.utah.edu/common/home/u6073678/hooknet_project/containers/hooknet_tls.sif         python /project/scripts/save_image_at_spacing.py.py         -i /uufs/chpc.utah.edu/common/home/u6073678/hooknet_project/box_raw/H_E/LSCC/C3L-00415-23.svs         -s 0.5         -o /project/results/converted/ 
        
        (command exited with non-zero exit code)
Shutting down, this might take some time.
Exiting because a job execution failed. Look below for error messages
[Tue May 26 16:44:42 2026]
Error in rule convert:
    message: None
    jobid: 1
    input: /uufs/chpc.utah.edu/common/home/u6073678/hooknet_project/box_raw/H_E/LSCC/C3L-00415-23.svs, results/logs/C3L-00415-23.validated.txt
    output: results/converted/C3L-00415-23.tif
    shell:
        
        mkdir -p results/converted

        apptainer exec         --bind /uufs/chpc.utah.edu/common/home/u6073678/hooknet_project:/project         /uufs/chpc.utah.edu/common/home/u6073678/hooknet_project/containers/hooknet_tls.sif         python /project/scripts/save_image_at_spacing.py.py         -i /uufs/chpc.utah.edu/common/home/u6073678/hooknet_project/box_raw/H_E/LSCC/C3L-00415-23.svs         -s 0.5         -o /project/results/converted/ 
        
        (command exited with non-zero exit code)
Complete log(s): /uufs/chpc.utah.edu/common/home/u6073678/hooknet_project/.snakemake/log/2026-05-26T164442.082742.snakemake.log
WorkflowError:
At least one job did not complete successfully.
