None
host: grn027
Building DAG of jobs...
You are running snakemake in a SLURM job context. This is not recommended, as it may lead to unexpected behavior. Please run Snakemake directly on the login node.
SLURM run ID: ad4eb6ad-5112-4953-8e73-3970e98912e0
Using shell: /usr/bin/bash
Provided remote nodes: 20
Job stats:
job               count
--------------  -------
all                   1
inference           132
xml_to_geojson      132
total               265

Select jobs to execute...
Execute 20 jobs...
[Tue Jun  2 13:42:49 2026]
rule inference:
    input: /scratch/general/vast/u6073678/hooknet_tmp/converted/219232.tif, /scratch/general/vast/u6073678/hooknet_tmp/masks/219232_mask.tif
    output: /uufs/chpc.utah.edu/common/home/u6073678/hooknet_project/results/inference/done/219232_hooknet.done, /uufs/chpc.utah.edu/common/home/u6073678/hooknet_project/results/inference/219232/post-processed/219232_hooknettls_post_processed.xml
    jobid: 160
    reason: Missing output files: /uufs/chpc.utah.edu/common/home/u6073678/hooknet_project/results/inference/219232/post-processed/219232_hooknettls_post_processed.xml
    wildcards: project=/uufs/chpc.utah.edu/common/home/u6073678/hooknet_project, slide=219232
    threads: 8
    resources: mem_mb=32000, mem_mib=30518, disk_mb=2597, disk_mib=2477, tmpdir=<TBD>, slurm_account=rai, slurm_partition=rai-gpu-grn, slurm_extra=--qos=rai-gpu-grn --gres=gpu:1 --cluster=granite, runtime=60, cpus_per_task=4
Shell command: 
        mkdir -p /scratch/general/vast/u6073678/hooknet_tmp/output/images
        mkdir -p /scratch/general/vast/u6073678/hooknet_tmp/tmp
        mkdir -p /uufs/chpc.utah.edu/common/home/u6073678/hooknet_project/results/inference/219232
        mkdir -p /uufs/chpc.utah.edu/common/home/u6073678/hooknet_project/results/inference/done
        apptainer exec --nv \
            --bind /scratch/general/vast/u6073678/hooknet_tmp:/workspace \
            --bind /scratch/general/vast/u6073678/hooknet_tmp/tmp:/home/user/tmp \
            /uufs/chpc.utah.edu/common/home/u6073678/hooknet_project/containers/hooknet_tls.sif \
            python -m hooknettls \
            hooknettls.default.image_path=/workspace/converted/219232.tif \
            hooknettls.default.mask_path=/workspace/masks/219232_mask.tif \
            hooknettls.default.model_weights=/home/user/pathology-hooknet-tls/weights/lung_weights.h5 \
            hooknettls.default.output_folder=/workspace/output/images/219232/
        cp -r /scratch/general/vast/u6073678/hooknet_tmp/output/images/219232/. \
              /uufs/chpc.utah.edu/common/home/u6073678/hooknet_project/results/inference/219232/
        touch /uufs/chpc.utah.edu/common/home/u6073678/hooknet_project/results/inference/done/219232_hooknet.done
        rm -f  /scratch/general/vast/u6073678/hooknet_tmp/input/219232.svs
        rm -f  /scratch/general/vast/u6073678/hooknet_tmp/masks/219232_mask.tif
        rm -rf /scratch/general/vast/u6073678/hooknet_tmp/output/images/219232/
        rm -rf /scratch/general/vast/u6073678/hooknet_tmp/tmp/*
        
Job 160 has been submitted with SLURM jobid 1382111 (log: /uufs/chpc.utah.edu/common/home/u6073678/hooknet_project/.snakemake/slurm_logs/rule_inference/_uufs_chpc.utah.edu_common_home_u6073678_hooknet_project_219232/1382111.log).
[Tue Jun  2 13:42:49 2026]
rule inference:
    input: /scratch/general/vast/u6073678/hooknet_tmp/converted/219292.tif, /scratch/general/vast/u6073678/hooknet_tmp/masks/219292_mask.tif
    output: /uufs/chpc.utah.edu/common/home/u6073678/hooknet_project/results/inference/done/219292_hooknet.done, /uufs/chpc.utah.edu/common/home/u6073678/hooknet_project/results/inference/219292/post-processed/219292_hooknettls_post_processed.xml
    jobid: 250
    reason: Missing output files: /uufs/chpc.utah.edu/common/home/u6073678/hooknet_project/results/inference/219292/post-processed/219292_hooknettls_post_processed.xml
    wildcards: project=/uufs/chpc.utah.edu/common/home/u6073678/hooknet_project, slide=219292
    threads: 8
    resources: mem_mb=32000, mem_mib=30518, disk_mb=4885, disk_mib=4659, tmpdir=<TBD>, slurm_account=rai, slurm_partition=rai-gpu-grn, slurm_extra=--qos=rai-gpu-grn --gres=gpu:1 --cluster=granite, runtime=60, cpus_per_task=4
Shell command: 
        mkdir -p /scratch/general/vast/u6073678/hooknet_tmp/output/images
        mkdir -p /scratch/general/vast/u6073678/hooknet_tmp/tmp
        mkdir -p /uufs/chpc.utah.edu/common/home/u6073678/hooknet_project/results/inference/219292
        mkdir -p /uufs/chpc.utah.edu/common/home/u6073678/hooknet_project/results/inference/done
        apptainer exec --nv \
            --bind /scratch/general/vast/u6073678/hooknet_tmp:/workspace \
            --bind /scratch/general/vast/u6073678/hooknet_tmp/tmp:/home/user/tmp \
            /uufs/chpc.utah.edu/common/home/u6073678/hooknet_project/containers/hooknet_tls.sif \
            python -m hooknettls \
            hooknettls.default.image_path=/workspace/converted/219292.tif \
            hooknettls.default.mask_path=/workspace/masks/219292_mask.tif \
            hooknettls.default.model_weights=/home/user/pathology-hooknet-tls/weights/lung_weights.h5 \
            hooknettls.default.output_folder=/workspace/output/images/219292/
        cp -r /scratch/general/vast/u6073678/hooknet_tmp/output/images/219292/. \
              /uufs/chpc.utah.edu/common/home/u6073678/hooknet_project/results/inference/219292/
        touch /uufs/chpc.utah.edu/common/home/u6073678/hooknet_project/results/inference/done/219292_hooknet.done
        rm -f  /scratch/general/vast/u6073678/hooknet_tmp/input/219292.svs
        rm -f  /scratch/general/vast/u6073678/hooknet_tmp/masks/219292_mask.tif
        rm -rf /scratch/general/vast/u6073678/hooknet_tmp/output/images/219292/
        rm -rf /scratch/general/vast/u6073678/hooknet_tmp/tmp/*
        
Job 250 has been submitted with SLURM jobid 1382112 (log: /uufs/chpc.utah.edu/common/home/u6073678/hooknet_project/.snakemake/slurm_logs/rule_inference/_uufs_chpc.utah.edu_common_home_u6073678_hooknet_project_219292/1382112.log).
[Tue Jun  2 13:42:49 2026]
rule inference:
    input: /scratch/general/vast/u6073678/hooknet_tmp/converted/219212.tif, /scratch/general/vast/u6073678/hooknet_tmp/masks/219212_mask.tif
    output: /uufs/chpc.utah.edu/common/home/u6073678/hooknet_project/results/inference/done/219212_hooknet.done, /uufs/chpc.utah.edu/common/home/u6073678/hooknet_project/results/inference/219212/post-processed/219212_hooknettls_post_processed.xml
    jobid: 120
    reason: Missing output files: /uufs/chpc.utah.edu/common/home/u6073678/hooknet_project/results/inference/219212/post-processed/219212_hooknettls_post_processed.xml
    wildcards: project=/uufs/chpc.utah.edu/common/home/u6073678/hooknet_project, slide=219212
    threads: 8
    resources: mem_mb=32000, mem_mib=30518, disk_mb=3731, disk_mib=3559, tmpdir=<TBD>, slurm_account=rai, slurm_partition=rai-gpu-grn, slurm_extra=--qos=rai-gpu-grn --gres=gpu:1 --cluster=granite, runtime=60, cpus_per_task=4
Shell command: 
        mkdir -p /scratch/general/vast/u6073678/hooknet_tmp/output/images
        mkdir -p /scratch/general/vast/u6073678/hooknet_tmp/tmp
        mkdir -p /uufs/chpc.utah.edu/common/home/u6073678/hooknet_project/results/inference/219212
        mkdir -p /uufs/chpc.utah.edu/common/home/u6073678/hooknet_project/results/inference/done
        apptainer exec --nv \
            --bind /scratch/general/vast/u6073678/hooknet_tmp:/workspace \
            --bind /scratch/general/vast/u6073678/hooknet_tmp/tmp:/home/user/tmp \
            /uufs/chpc.utah.edu/common/home/u6073678/hooknet_project/containers/hooknet_tls.sif \
            python -m hooknettls \
            hooknettls.default.image_path=/workspace/converted/219212.tif \
            hooknettls.default.mask_path=/workspace/masks/219212_mask.tif \
            hooknettls.default.model_weights=/home/user/pathology-hooknet-tls/weights/lung_weights.h5 \
            hooknettls.default.output_folder=/workspace/output/images/219212/
        cp -r /scratch/general/vast/u6073678/hooknet_tmp/output/images/219212/. \
              /uufs/chpc.utah.edu/common/home/u6073678/hooknet_project/results/inference/219212/
        touch /uufs/chpc.utah.edu/common/home/u6073678/hooknet_project/results/inference/done/219212_hooknet.done
        rm -f  /scratch/general/vast/u6073678/hooknet_tmp/input/219212.svs
        rm -f  /scratch/general/vast/u6073678/hooknet_tmp/masks/219212_mask.tif
        rm -rf /scratch/general/vast/u6073678/hooknet_tmp/output/images/219212/
        rm -rf /scratch/general/vast/u6073678/hooknet_tmp/tmp/*
        
Job 120 has been submitted with SLURM jobid 1382113 (log: /uufs/chpc.utah.edu/common/home/u6073678/hooknet_project/.snakemake/slurm_logs/rule_inference/_uufs_chpc.utah.edu_common_home_u6073678_hooknet_project_219212/1382113.log).
[Tue Jun  2 13:42:49 2026]
rule inference:
    input: /scratch/general/vast/u6073678/hooknet_tmp/converted/219298.tif, /scratch/general/vast/u6073678/hooknet_tmp/masks/219298_mask.tif
    output: /uufs/chpc.utah.edu/common/home/u6073678/hooknet_project/results/inference/done/219298_hooknet.done, /uufs/chpc.utah.edu/common/home/u6073678/hooknet_project/results/inference/219298/post-processed/219298_hooknettls_post_processed.xml
    jobid: 260
    reason: Missing output files: /uufs/chpc.utah.edu/common/home/u6073678/hooknet_project/results/inference/219298/post-processed/219298_hooknettls_post_processed.xml
    wildcards: project=/uufs/chpc.utah.edu/common/home/u6073678/hooknet_project, slide=219298
    threads: 8
    resources: mem_mb=32000, mem_mib=30518, disk_mb=2762, disk_mib=2635, tmpdir=<TBD>, slurm_account=rai, slurm_partition=rai-gpu-grn, slurm_extra=--qos=rai-gpu-grn --gres=gpu:1 --cluster=granite, runtime=60, cpus_per_task=4
Shell command: 
        mkdir -p /scratch/general/vast/u6073678/hooknet_tmp/output/images
        mkdir -p /scratch/general/vast/u6073678/hooknet_tmp/tmp
        mkdir -p /uufs/chpc.utah.edu/common/home/u6073678/hooknet_project/results/inference/219298
        mkdir -p /uufs/chpc.utah.edu/common/home/u6073678/hooknet_project/results/inference/done
        apptainer exec --nv \
            --bind /scratch/general/vast/u6073678/hooknet_tmp:/workspace \
            --bind /scratch/general/vast/u6073678/hooknet_tmp/tmp:/home/user/tmp \
            /uufs/chpc.utah.edu/common/home/u6073678/hooknet_project/containers/hooknet_tls.sif \
            python -m hooknettls \
            hooknettls.default.image_path=/workspace/converted/219298.tif \
            hooknettls.default.mask_path=/workspace/masks/219298_mask.tif \
            hooknettls.default.model_weights=/home/user/pathology-hooknet-tls/weights/lung_weights.h5 \
            hooknettls.default.output_folder=/workspace/output/images/219298/
        cp -r /scratch/general/vast/u6073678/hooknet_tmp/output/images/219298/. \
              /uufs/chpc.utah.edu/common/home/u6073678/hooknet_project/results/inference/219298/
        touch /uufs/chpc.utah.edu/common/home/u6073678/hooknet_project/results/inference/done/219298_hooknet.done
        rm -f  /scratch/general/vast/u6073678/hooknet_tmp/input/219298.svs
        rm -f  /scratch/general/vast/u6073678/hooknet_tmp/masks/219298_mask.tif
        rm -rf /scratch/general/vast/u6073678/hooknet_tmp/output/images/219298/
        rm -rf /scratch/general/vast/u6073678/hooknet_tmp/tmp/*
        
Job 260 has been submitted with SLURM jobid 1382114 (log: /uufs/chpc.utah.edu/common/home/u6073678/hooknet_project/.snakemake/slurm_logs/rule_inference/_uufs_chpc.utah.edu_common_home_u6073678_hooknet_project_219298/1382114.log).
[Tue Jun  2 13:42:49 2026]
rule inference:
    input: /scratch/general/vast/u6073678/hooknet_tmp/converted/219118.tif, /scratch/general/vast/u6073678/hooknet_tmp/masks/219118_mask.tif
    output: /uufs/chpc.utah.edu/common/home/u6073678/hooknet_project/results/inference/done/219118_hooknet.done, /uufs/chpc.utah.edu/common/home/u6073678/hooknet_project/results/inference/219118/post-processed/219118_hooknettls_post_processed.xml
    jobid: 20
    reason: Missing output files: /uufs/chpc.utah.edu/common/home/u6073678/hooknet_project/results/inference/219118/post-processed/219118_hooknettls_post_processed.xml
    wildcards: project=/uufs/chpc.utah.edu/common/home/u6073678/hooknet_project, slide=219118
    threads: 8
    resources: mem_mb=32000, mem_mib=30518, disk_mb=3596, disk_mib=3430, tmpdir=<TBD>, slurm_account=rai, slurm_partition=rai-gpu-grn, slurm_extra=--qos=rai-gpu-grn --gres=gpu:1 --cluster=granite, runtime=60, cpus_per_task=4
Shell command: 
        mkdir -p /scratch/general/vast/u6073678/hooknet_tmp/output/images
        mkdir -p /scratch/general/vast/u6073678/hooknet_tmp/tmp
        mkdir -p /uufs/chpc.utah.edu/common/home/u6073678/hooknet_project/results/inference/219118
        mkdir -p /uufs/chpc.utah.edu/common/home/u6073678/hooknet_project/results/inference/done
        apptainer exec --nv \
            --bind /scratch/general/vast/u6073678/hooknet_tmp:/workspace \
            --bind /scratch/general/vast/u6073678/hooknet_tmp/tmp:/home/user/tmp \
            /uufs/chpc.utah.edu/common/home/u6073678/hooknet_project/containers/hooknet_tls.sif \
            python -m hooknettls \
            hooknettls.default.image_path=/workspace/converted/219118.tif \
            hooknettls.default.mask_path=/workspace/masks/219118_mask.tif \
            hooknettls.default.model_weights=/home/user/pathology-hooknet-tls/weights/lung_weights.h5 \
            hooknettls.default.output_folder=/workspace/output/images/219118/
        cp -r /scratch/general/vast/u6073678/hooknet_tmp/output/images/219118/. \
              /uufs/chpc.utah.edu/common/home/u6073678/hooknet_project/results/inference/219118/
        touch /uufs/chpc.utah.edu/common/home/u6073678/hooknet_project/results/inference/done/219118_hooknet.done
        rm -f  /scratch/general/vast/u6073678/hooknet_tmp/input/219118.svs
        rm -f  /scratch/general/vast/u6073678/hooknet_tmp/masks/219118_mask.tif
        rm -rf /scratch/general/vast/u6073678/hooknet_tmp/output/images/219118/
        rm -rf /scratch/general/vast/u6073678/hooknet_tmp/tmp/*
        
Job 20 has been submitted with SLURM jobid 1382115 (log: /uufs/chpc.utah.edu/common/home/u6073678/hooknet_project/.snakemake/slurm_logs/rule_inference/_uufs_chpc.utah.edu_common_home_u6073678_hooknet_project_219118/1382115.log).
[Tue Jun  2 13:42:50 2026]
rule inference:
    input: /scratch/general/vast/u6073678/hooknet_tmp/converted/219154.tif, /scratch/general/vast/u6073678/hooknet_tmp/masks/219154_mask.tif
    output: /uufs/chpc.utah.edu/common/home/u6073678/hooknet_project/results/inference/done/219154_hooknet.done, /uufs/chpc.utah.edu/common/home/u6073678/hooknet_project/results/inference/219154/post-processed/219154_hooknettls_post_processed.xml
    jobid: 60
    reason: Missing output files: /uufs/chpc.utah.edu/common/home/u6073678/hooknet_project/results/inference/219154/post-processed/219154_hooknettls_post_processed.xml
    wildcards: project=/uufs/chpc.utah.edu/common/home/u6073678/hooknet_project, slide=219154
    threads: 8
    resources: mem_mb=32000, mem_mib=30518, disk_mb=3242, disk_mib=3092, tmpdir=<TBD>, slurm_account=rai, slurm_partition=rai-gpu-grn, slurm_extra=--qos=rai-gpu-grn --gres=gpu:1 --cluster=granite, runtime=60, cpus_per_task=4
Shell command: 
        mkdir -p /scratch/general/vast/u6073678/hooknet_tmp/output/images
        mkdir -p /scratch/general/vast/u6073678/hooknet_tmp/tmp
        mkdir -p /uufs/chpc.utah.edu/common/home/u6073678/hooknet_project/results/inference/219154
        mkdir -p /uufs/chpc.utah.edu/common/home/u6073678/hooknet_project/results/inference/done
        apptainer exec --nv \
            --bind /scratch/general/vast/u6073678/hooknet_tmp:/workspace \
            --bind /scratch/general/vast/u6073678/hooknet_tmp/tmp:/home/user/tmp \
            /uufs/chpc.utah.edu/common/home/u6073678/hooknet_project/containers/hooknet_tls.sif \
            python -m hooknettls \
            hooknettls.default.image_path=/workspace/converted/219154.tif \
            hooknettls.default.mask_path=/workspace/masks/219154_mask.tif \
            hooknettls.default.model_weights=/home/user/pathology-hooknet-tls/weights/lung_weights.h5 \
            hooknettls.default.output_folder=/workspace/output/images/219154/
        cp -r /scratch/general/vast/u6073678/hooknet_tmp/output/images/219154/. \
              /uufs/chpc.utah.edu/common/home/u6073678/hooknet_project/results/inference/219154/
        touch /uufs/chpc.utah.edu/common/home/u6073678/hooknet_project/results/inference/done/219154_hooknet.done
        rm -f  /scratch/general/vast/u6073678/hooknet_tmp/input/219154.svs
        rm -f  /scratch/general/vast/u6073678/hooknet_tmp/masks/219154_mask.tif
        rm -rf /scratch/general/vast/u6073678/hooknet_tmp/output/images/219154/
        rm -rf /scratch/general/vast/u6073678/hooknet_tmp/tmp/*
        
Job 60 has been submitted with SLURM jobid 1382116 (log: /uufs/chpc.utah.edu/common/home/u6073678/hooknet_project/.snakemake/slurm_logs/rule_inference/_uufs_chpc.utah.edu_common_home_u6073678_hooknet_project_219154/1382116.log).
[Tue Jun  2 13:42:50 2026]
rule inference:
    input: /scratch/general/vast/u6073678/hooknet_tmp/converted/219202.tif, /scratch/general/vast/u6073678/hooknet_tmp/masks/219202_mask.tif
    output: /uufs/chpc.utah.edu/common/home/u6073678/hooknet_project/results/inference/done/219202_hooknet.done, /uufs/chpc.utah.edu/common/home/u6073678/hooknet_project/results/inference/219202/post-processed/219202_hooknettls_post_processed.xml
    jobid: 100
    reason: Missing output files: /uufs/chpc.utah.edu/common/home/u6073678/hooknet_project/results/inference/219202/post-processed/219202_hooknettls_post_processed.xml
    wildcards: project=/uufs/chpc.utah.edu/common/home/u6073678/hooknet_project, slide=219202
    threads: 8
    resources: mem_mb=32000, mem_mib=30518, disk_mb=2327, disk_mib=2220, tmpdir=<TBD>, slurm_account=rai, slurm_partition=rai-gpu-grn, slurm_extra=--qos=rai-gpu-grn --gres=gpu:1 --cluster=granite, runtime=60, cpus_per_task=4
Shell command: 
        mkdir -p /scratch/general/vast/u6073678/hooknet_tmp/output/images
        mkdir -p /scratch/general/vast/u6073678/hooknet_tmp/tmp
        mkdir -p /uufs/chpc.utah.edu/common/home/u6073678/hooknet_project/results/inference/219202
        mkdir -p /uufs/chpc.utah.edu/common/home/u6073678/hooknet_project/results/inference/done
        apptainer exec --nv \
            --bind /scratch/general/vast/u6073678/hooknet_tmp:/workspace \
            --bind /scratch/general/vast/u6073678/hooknet_tmp/tmp:/home/user/tmp \
            /uufs/chpc.utah.edu/common/home/u6073678/hooknet_project/containers/hooknet_tls.sif \
            python -m hooknettls \
            hooknettls.default.image_path=/workspace/converted/219202.tif \
            hooknettls.default.mask_path=/workspace/masks/219202_mask.tif \
            hooknettls.default.model_weights=/home/user/pathology-hooknet-tls/weights/lung_weights.h5 \
            hooknettls.default.output_folder=/workspace/output/images/219202/
        cp -r /scratch/general/vast/u6073678/hooknet_tmp/output/images/219202/. \
              /uufs/chpc.utah.edu/common/home/u6073678/hooknet_project/results/inference/219202/
        touch /uufs/chpc.utah.edu/common/home/u6073678/hooknet_project/results/inference/done/219202_hooknet.done
        rm -f  /scratch/general/vast/u6073678/hooknet_tmp/input/219202.svs
        rm -f  /scratch/general/vast/u6073678/hooknet_tmp/masks/219202_mask.tif
        rm -rf /scratch/general/vast/u6073678/hooknet_tmp/output/images/219202/
        rm -rf /scratch/general/vast/u6073678/hooknet_tmp/tmp/*
        
Job 100 has been submitted with SLURM jobid 1382117 (log: /uufs/chpc.utah.edu/common/home/u6073678/hooknet_project/.snakemake/slurm_logs/rule_inference/_uufs_chpc.utah.edu_common_home_u6073678_hooknet_project_219202/1382117.log).
[Tue Jun  2 13:42:50 2026]
rule inference:
    input: /scratch/general/vast/u6073678/hooknet_tmp/converted/219222.tif, /scratch/general/vast/u6073678/hooknet_tmp/masks/219222_mask.tif
    output: /uufs/chpc.utah.edu/common/home/u6073678/hooknet_project/results/inference/done/219222_hooknet.done, /uufs/chpc.utah.edu/common/home/u6073678/hooknet_project/results/inference/219222/post-processed/219222_hooknettls_post_processed.xml
    jobid: 140
    reason: Missing output files: /uufs/chpc.utah.edu/common/home/u6073678/hooknet_project/results/inference/219222/post-processed/219222_hooknettls_post_processed.xml
    wildcards: project=/uufs/chpc.utah.edu/common/home/u6073678/hooknet_project, slide=219222
    threads: 8
    resources: mem_mb=32000, mem_mib=30518, disk_mb=5927, disk_mib=5653, tmpdir=<TBD>, slurm_account=rai, slurm_partition=rai-gpu-grn, slurm_extra=--qos=rai-gpu-grn --gres=gpu:1 --cluster=granite, runtime=60, cpus_per_task=4
Shell command: 
        mkdir -p /scratch/general/vast/u6073678/hooknet_tmp/output/images
        mkdir -p /scratch/general/vast/u6073678/hooknet_tmp/tmp
        mkdir -p /uufs/chpc.utah.edu/common/home/u6073678/hooknet_project/results/inference/219222
        mkdir -p /uufs/chpc.utah.edu/common/home/u6073678/hooknet_project/results/inference/done
        apptainer exec --nv \
            --bind /scratch/general/vast/u6073678/hooknet_tmp:/workspace \
            --bind /scratch/general/vast/u6073678/hooknet_tmp/tmp:/home/user/tmp \
            /uufs/chpc.utah.edu/common/home/u6073678/hooknet_project/containers/hooknet_tls.sif \
            python -m hooknettls \
            hooknettls.default.image_path=/workspace/converted/219222.tif \
            hooknettls.default.mask_path=/workspace/masks/219222_mask.tif \
            hooknettls.default.model_weights=/home/user/pathology-hooknet-tls/weights/lung_weights.h5 \
            hooknettls.default.output_folder=/workspace/output/images/219222/
        cp -r /scratch/general/vast/u6073678/hooknet_tmp/output/images/219222/. \
              /uufs/chpc.utah.edu/common/home/u6073678/hooknet_project/results/inference/219222/
        touch /uufs/chpc.utah.edu/common/home/u6073678/hooknet_project/results/inference/done/219222_hooknet.done
        rm -f  /scratch/general/vast/u6073678/hooknet_tmp/input/219222.svs
        rm -f  /scratch/general/vast/u6073678/hooknet_tmp/masks/219222_mask.tif
        rm -rf /scratch/general/vast/u6073678/hooknet_tmp/output/images/219222/
        rm -rf /scratch/general/vast/u6073678/hooknet_tmp/tmp/*
        
Job 140 has been submitted with SLURM jobid 1382118 (log: /uufs/chpc.utah.edu/common/home/u6073678/hooknet_project/.snakemake/slurm_logs/rule_inference/_uufs_chpc.utah.edu_common_home_u6073678_hooknet_project_219222/1382118.log).
Terminating processes on user request, this might take some time.
Complete log(s): /uufs/chpc.utah.edu/common/home/u6073678/hooknet_project/.snakemake/log/2026-06-02T134240.881600.snakemake.log
WorkflowError:
At least one job did not complete successfully.
