Assuming unrestricted shared filesystem usage.
None
host: notch308
Building DAG of jobs...
Using shell: /usr/bin/bash
Provided cores: 8
Rules claiming more threads will be scaled down.
Job stats:
job      count
-----  -------
all          1
total        1

Select jobs to execute...
Execute 1 jobs...
[Fri May 22 15:27:23 2026]
localrule all:
    jobid: 0
    reason: Rules with neither input nor output files are always executed.
    resources: tmpdir=/scratch/local/u6073678/13100636
Shell command: None
[Fri May 22 15:27:23 2026]
Finished jobid: 0 (Rule: all)
1 of 1 steps (100%) done
Complete log(s): /uufs/chpc.utah.edu/common/home/u6073678/hooknet_project/.snakemake/log/2026-05-22T152723.895243.snakemake.log
