None
host: notchpeak1
Building DAG of jobs...
SLURM run ID: a030acd1-8e4e-4035-8a7e-ca96380b3f85
Using shell: /usr/bin/bash
Provided remote nodes: 20
Job stats:
job               count
--------------  -------
all                   1
inference           128
xml_to_geojson      132
total               261

Select jobs to execute...
Execute 20 jobs...
[Mon Jun  8 17:00:25 2026]
rule inference:
    input: /scratch/general/vast/u6073678/hooknet_tmp/converted/219239.tif, /scratch/general/vast/u6073678/hooknet_tmp/masks/219239_mask.tif
    output: /uufs/chpc.utah.edu/common/home/u6073678/hooknet_project/results/inference/done/219239_hooknet.done, /uufs/chpc.utah.edu/common/home/u6073678/hooknet_project/results/inference/H_E/219239/post-processed/219239_hooknettls_post_processed.xml
    jobid: 172
    reason: Missing output files: /uufs/chpc.utah.edu/common/home/u6073678/hooknet_project/results/inference/H_E/219239/post-processed/219239_hooknettls_post_processed.xml; Code has changed since last execution
    wildcards: slide=219239
    threads: 8
    resources: mem_mb=32000, mem_mib=30518, disk_mb=4588, disk_mib=4376, tmpdir=<TBD>, slurm_account=stewartp, slurm_partition=notchpeak-gpu, slurm_extra=--qos=notchpeak-gpu --account=notchpeak-gpu --gres=gpu:1 --clusters=notchpeak, runtime=60, cpus_per_task=4
Shell command: 
        module load apptainer
        
        rm -rf /scratch/general/vast/u6073678/hooknet_tmp/tmp && mkdir -p /scratch/general/vast/u6073678/hooknet_tmp/tmp
        mkdir -p /scratch/general/vast/u6073678/hooknet_tmp/output/images
        mkdir -p /uufs/chpc.utah.edu/common/home/u6073678/hooknet_project/results/inference/H_E/219239
        mkdir -p /uufs/chpc.utah.edu/common/home/u6073678/hooknet_project/results/inference/done
        apptainer exec --nv \
            --bind /scratch/general/vast/u6073678/hooknet_tmp:/workspace \
            --bind /scratch/general/vast/u6073678/hooknet_tmp/tmp:/home/user/tmp \
            /uufs/chpc.utah.edu/common/home/u6073678/hooknet_project/containers/hooknet_tls.sif \
            python -m hooknettls \
            hooknettls.default.image_path=/workspace/converted/219239.tif \
            hooknettls.default.mask_path=/workspace/masks/219239_mask.tif \
            hooknettls.default.model_weights=/home/user/pathology-hooknet-tls/weights/lung_weights.h5 \
            hooknettls.default.output_folder=/workspace/output/images/219239/
        cp -r /scratch/general/vast/u6073678/hooknet_tmp/output/images/219239/. \
              /uufs/chpc.utah.edu/common/home/u6073678/hooknet_project/results/inference/H_E/219239/
        touch /uufs/chpc.utah.edu/common/home/u6073678/hooknet_project/results/inference/done/219239_hooknet.done
        rm -f  /scratch/general/vast/u6073678/hooknet_tmp/input/219239.svs
        rm -f  /scratch/general/vast/u6073678/hooknet_tmp/masks/219239_mask.tif
        rm -rf /scratch/general/vast/u6073678/hooknet_tmp/output/images/219239/
        rm -rf /scratch/general/vast/u6073678/hooknet_tmp/tmp/*
        
Job 172 has been submitted with SLURM jobid 13390336 (log: /uufs/chpc.utah.edu/common/home/u6073678/hooknet_project/.snakemake/slurm_logs/rule_inference/219239/13390336.log).
[Mon Jun  8 17:00:25 2026]
rule inference:
    input: /scratch/general/vast/u6073678/hooknet_tmp/converted/219161.tif, /scratch/general/vast/u6073678/hooknet_tmp/masks/219161_mask.tif
    output: /uufs/chpc.utah.edu/common/home/u6073678/hooknet_project/results/inference/done/219161_hooknet.done, /uufs/chpc.utah.edu/common/home/u6073678/hooknet_project/results/inference/H_E/219161/post-processed/219161_hooknettls_post_processed.xml
    jobid: 64
    reason: Missing output files: /uufs/chpc.utah.edu/common/home/u6073678/hooknet_project/results/inference/H_E/219161/post-processed/219161_hooknettls_post_processed.xml
    wildcards: slide=219161
    threads: 8
    resources: mem_mb=32000, mem_mib=30518, disk_mb=4828, disk_mib=4605, tmpdir=<TBD>, slurm_account=stewartp, slurm_partition=notchpeak-gpu, slurm_extra=--qos=notchpeak-gpu --account=notchpeak-gpu --gres=gpu:1 --clusters=notchpeak, runtime=60, cpus_per_task=4
Shell command: 
        module load apptainer
        
        rm -rf /scratch/general/vast/u6073678/hooknet_tmp/tmp && mkdir -p /scratch/general/vast/u6073678/hooknet_tmp/tmp
        mkdir -p /scratch/general/vast/u6073678/hooknet_tmp/output/images
        mkdir -p /uufs/chpc.utah.edu/common/home/u6073678/hooknet_project/results/inference/H_E/219161
        mkdir -p /uufs/chpc.utah.edu/common/home/u6073678/hooknet_project/results/inference/done
        apptainer exec --nv \
            --bind /scratch/general/vast/u6073678/hooknet_tmp:/workspace \
            --bind /scratch/general/vast/u6073678/hooknet_tmp/tmp:/home/user/tmp \
            /uufs/chpc.utah.edu/common/home/u6073678/hooknet_project/containers/hooknet_tls.sif \
            python -m hooknettls \
            hooknettls.default.image_path=/workspace/converted/219161.tif \
            hooknettls.default.mask_path=/workspace/masks/219161_mask.tif \
            hooknettls.default.model_weights=/home/user/pathology-hooknet-tls/weights/lung_weights.h5 \
            hooknettls.default.output_folder=/workspace/output/images/219161/
        cp -r /scratch/general/vast/u6073678/hooknet_tmp/output/images/219161/. \
              /uufs/chpc.utah.edu/common/home/u6073678/hooknet_project/results/inference/H_E/219161/
        touch /uufs/chpc.utah.edu/common/home/u6073678/hooknet_project/results/inference/done/219161_hooknet.done
        rm -f  /scratch/general/vast/u6073678/hooknet_tmp/input/219161.svs
        rm -f  /scratch/general/vast/u6073678/hooknet_tmp/masks/219161_mask.tif
        rm -rf /scratch/general/vast/u6073678/hooknet_tmp/output/images/219161/
        rm -rf /scratch/general/vast/u6073678/hooknet_tmp/tmp/*
        
Job 64 has been submitted with SLURM jobid 13390337 (log: /uufs/chpc.utah.edu/common/home/u6073678/hooknet_project/.snakemake/slurm_logs/rule_inference/219161/13390337.log).
[Mon Jun  8 17:00:26 2026]
rule inference:
    input: /scratch/general/vast/u6073678/hooknet_tmp/converted/219204.tif, /scratch/general/vast/u6073678/hooknet_tmp/masks/219204_mask.tif
    output: /uufs/chpc.utah.edu/common/home/u6073678/hooknet_project/results/inference/done/219204_hooknet.done, /uufs/chpc.utah.edu/common/home/u6073678/hooknet_project/results/inference/H_E/219204/post-processed/219204_hooknettls_post_processed.xml
    jobid: 103
    reason: Missing output files: /uufs/chpc.utah.edu/common/home/u6073678/hooknet_project/results/inference/H_E/219204/post-processed/219204_hooknettls_post_processed.xml
    wildcards: slide=219204
    threads: 8
    resources: mem_mb=32000, mem_mib=30518, disk_mb=4239, disk_mib=4043, tmpdir=<TBD>, slurm_account=stewartp, slurm_partition=notchpeak-gpu, slurm_extra=--qos=notchpeak-gpu --account=notchpeak-gpu --gres=gpu:1 --clusters=notchpeak, runtime=60, cpus_per_task=4
Shell command: 
        module load apptainer
        
        rm -rf /scratch/general/vast/u6073678/hooknet_tmp/tmp && mkdir -p /scratch/general/vast/u6073678/hooknet_tmp/tmp
        mkdir -p /scratch/general/vast/u6073678/hooknet_tmp/output/images
        mkdir -p /uufs/chpc.utah.edu/common/home/u6073678/hooknet_project/results/inference/H_E/219204
        mkdir -p /uufs/chpc.utah.edu/common/home/u6073678/hooknet_project/results/inference/done
        apptainer exec --nv \
            --bind /scratch/general/vast/u6073678/hooknet_tmp:/workspace \
            --bind /scratch/general/vast/u6073678/hooknet_tmp/tmp:/home/user/tmp \
            /uufs/chpc.utah.edu/common/home/u6073678/hooknet_project/containers/hooknet_tls.sif \
            python -m hooknettls \
            hooknettls.default.image_path=/workspace/converted/219204.tif \
            hooknettls.default.mask_path=/workspace/masks/219204_mask.tif \
            hooknettls.default.model_weights=/home/user/pathology-hooknet-tls/weights/lung_weights.h5 \
            hooknettls.default.output_folder=/workspace/output/images/219204/
        cp -r /scratch/general/vast/u6073678/hooknet_tmp/output/images/219204/. \
              /uufs/chpc.utah.edu/common/home/u6073678/hooknet_project/results/inference/H_E/219204/
        touch /uufs/chpc.utah.edu/common/home/u6073678/hooknet_project/results/inference/done/219204_hooknet.done
        rm -f  /scratch/general/vast/u6073678/hooknet_tmp/input/219204.svs
        rm -f  /scratch/general/vast/u6073678/hooknet_tmp/masks/219204_mask.tif
        rm -rf /scratch/general/vast/u6073678/hooknet_tmp/output/images/219204/
        rm -rf /scratch/general/vast/u6073678/hooknet_tmp/tmp/*
        
Job 103 has been submitted with SLURM jobid 13390338 (log: /uufs/chpc.utah.edu/common/home/u6073678/hooknet_project/.snakemake/slurm_logs/rule_inference/219204/13390338.log).
[Mon Jun  8 17:00:26 2026]
rule inference:
    input: /scratch/general/vast/u6073678/hooknet_tmp/converted/219295.tif, /scratch/general/vast/u6073678/hooknet_tmp/masks/219295_mask.tif
    output: /uufs/chpc.utah.edu/common/home/u6073678/hooknet_project/results/inference/done/219295_hooknet.done, /uufs/chpc.utah.edu/common/home/u6073678/hooknet_project/results/inference/H_E/219295/post-processed/219295_hooknettls_post_processed.xml
    jobid: 250
    reason: Missing output files: /uufs/chpc.utah.edu/common/home/u6073678/hooknet_project/results/inference/H_E/219295/post-processed/219295_hooknettls_post_processed.xml; Code has changed since last execution
    wildcards: slide=219295
    threads: 8
    resources: mem_mb=32000, mem_mib=30518, disk_mb=4302, disk_mib=4103, tmpdir=<TBD>, slurm_account=stewartp, slurm_partition=notchpeak-gpu, slurm_extra=--qos=notchpeak-gpu --account=notchpeak-gpu --gres=gpu:1 --clusters=notchpeak, runtime=60, cpus_per_task=4
Shell command: 
        module load apptainer
        
        rm -rf /scratch/general/vast/u6073678/hooknet_tmp/tmp && mkdir -p /scratch/general/vast/u6073678/hooknet_tmp/tmp
        mkdir -p /scratch/general/vast/u6073678/hooknet_tmp/output/images
        mkdir -p /uufs/chpc.utah.edu/common/home/u6073678/hooknet_project/results/inference/H_E/219295
        mkdir -p /uufs/chpc.utah.edu/common/home/u6073678/hooknet_project/results/inference/done
        apptainer exec --nv \
            --bind /scratch/general/vast/u6073678/hooknet_tmp:/workspace \
            --bind /scratch/general/vast/u6073678/hooknet_tmp/tmp:/home/user/tmp \
            /uufs/chpc.utah.edu/common/home/u6073678/hooknet_project/containers/hooknet_tls.sif \
            python -m hooknettls \
            hooknettls.default.image_path=/workspace/converted/219295.tif \
            hooknettls.default.mask_path=/workspace/masks/219295_mask.tif \
            hooknettls.default.model_weights=/home/user/pathology-hooknet-tls/weights/lung_weights.h5 \
            hooknettls.default.output_folder=/workspace/output/images/219295/
        cp -r /scratch/general/vast/u6073678/hooknet_tmp/output/images/219295/. \
              /uufs/chpc.utah.edu/common/home/u6073678/hooknet_project/results/inference/H_E/219295/
        touch /uufs/chpc.utah.edu/common/home/u6073678/hooknet_project/results/inference/done/219295_hooknet.done
        rm -f  /scratch/general/vast/u6073678/hooknet_tmp/input/219295.svs
        rm -f  /scratch/general/vast/u6073678/hooknet_tmp/masks/219295_mask.tif
        rm -rf /scratch/general/vast/u6073678/hooknet_tmp/output/images/219295/
        rm -rf /scratch/general/vast/u6073678/hooknet_tmp/tmp/*
        
Job 250 has been submitted with SLURM jobid 13390339 (log: /uufs/chpc.utah.edu/common/home/u6073678/hooknet_project/.snakemake/slurm_logs/rule_inference/219295/13390339.log).
[Mon Jun  8 17:00:27 2026]
rule inference:
    input: /scratch/general/vast/u6073678/hooknet_tmp/converted/219229.tif, /scratch/general/vast/u6073678/hooknet_tmp/masks/219229_mask.tif
    output: /uufs/chpc.utah.edu/common/home/u6073678/hooknet_project/results/inference/done/219229_hooknet.done, /uufs/chpc.utah.edu/common/home/u6073678/hooknet_project/results/inference/H_E/219229/post-processed/219229_hooknettls_post_processed.xml
    jobid: 152
    reason: Missing output files: /uufs/chpc.utah.edu/common/home/u6073678/hooknet_project/results/inference/H_E/219229/post-processed/219229_hooknettls_post_processed.xml; Code has changed since last execution
    wildcards: slide=219229
    threads: 8
    resources: mem_mb=32000, mem_mib=30518, disk_mb=4854, disk_mib=4630, tmpdir=<TBD>, slurm_account=stewartp, slurm_partition=notchpeak-gpu, slurm_extra=--qos=notchpeak-gpu --account=notchpeak-gpu --gres=gpu:1 --clusters=notchpeak, runtime=60, cpus_per_task=4
Shell command: 
        module load apptainer
        
        rm -rf /scratch/general/vast/u6073678/hooknet_tmp/tmp && mkdir -p /scratch/general/vast/u6073678/hooknet_tmp/tmp
        mkdir -p /scratch/general/vast/u6073678/hooknet_tmp/output/images
        mkdir -p /uufs/chpc.utah.edu/common/home/u6073678/hooknet_project/results/inference/H_E/219229
        mkdir -p /uufs/chpc.utah.edu/common/home/u6073678/hooknet_project/results/inference/done
        apptainer exec --nv \
            --bind /scratch/general/vast/u6073678/hooknet_tmp:/workspace \
            --bind /scratch/general/vast/u6073678/hooknet_tmp/tmp:/home/user/tmp \
            /uufs/chpc.utah.edu/common/home/u6073678/hooknet_project/containers/hooknet_tls.sif \
            python -m hooknettls \
            hooknettls.default.image_path=/workspace/converted/219229.tif \
            hooknettls.default.mask_path=/workspace/masks/219229_mask.tif \
            hooknettls.default.model_weights=/home/user/pathology-hooknet-tls/weights/lung_weights.h5 \
            hooknettls.default.output_folder=/workspace/output/images/219229/
        cp -r /scratch/general/vast/u6073678/hooknet_tmp/output/images/219229/. \
              /uufs/chpc.utah.edu/common/home/u6073678/hooknet_project/results/inference/H_E/219229/
        touch /uufs/chpc.utah.edu/common/home/u6073678/hooknet_project/results/inference/done/219229_hooknet.done
        rm -f  /scratch/general/vast/u6073678/hooknet_tmp/input/219229.svs
        rm -f  /scratch/general/vast/u6073678/hooknet_tmp/masks/219229_mask.tif
        rm -rf /scratch/general/vast/u6073678/hooknet_tmp/output/images/219229/
        rm -rf /scratch/general/vast/u6073678/hooknet_tmp/tmp/*
        
Job 152 has been submitted with SLURM jobid 13390340 (log: /uufs/chpc.utah.edu/common/home/u6073678/hooknet_project/.snakemake/slurm_logs/rule_inference/219229/13390340.log).
[Mon Jun  8 17:00:27 2026]
rule inference:
    input: /scratch/general/vast/u6073678/hooknet_tmp/converted/219192.tif, /scratch/general/vast/u6073678/hooknet_tmp/masks/219192_mask.tif
    output: /uufs/chpc.utah.edu/common/home/u6073678/hooknet_project/results/inference/done/219192_hooknet.done, /uufs/chpc.utah.edu/common/home/u6073678/hooknet_project/results/inference/H_E/219192/post-processed/219192_hooknettls_post_processed.xml
    jobid: 84
    reason: Missing output files: /uufs/chpc.utah.edu/common/home/u6073678/hooknet_project/results/inference/H_E/219192/post-processed/219192_hooknettls_post_processed.xml
    wildcards: slide=219192
    threads: 8
    resources: mem_mb=32000, mem_mib=30518, disk_mb=3094, disk_mib=2951, tmpdir=<TBD>, slurm_account=stewartp, slurm_partition=notchpeak-gpu, slurm_extra=--qos=notchpeak-gpu --account=notchpeak-gpu --gres=gpu:1 --clusters=notchpeak, runtime=60, cpus_per_task=4
Shell command: 
        module load apptainer
        
        rm -rf /scratch/general/vast/u6073678/hooknet_tmp/tmp && mkdir -p /scratch/general/vast/u6073678/hooknet_tmp/tmp
        mkdir -p /scratch/general/vast/u6073678/hooknet_tmp/output/images
        mkdir -p /uufs/chpc.utah.edu/common/home/u6073678/hooknet_project/results/inference/H_E/219192
        mkdir -p /uufs/chpc.utah.edu/common/home/u6073678/hooknet_project/results/inference/done
        apptainer exec --nv \
            --bind /scratch/general/vast/u6073678/hooknet_tmp:/workspace \
            --bind /scratch/general/vast/u6073678/hooknet_tmp/tmp:/home/user/tmp \
            /uufs/chpc.utah.edu/common/home/u6073678/hooknet_project/containers/hooknet_tls.sif \
            python -m hooknettls \
            hooknettls.default.image_path=/workspace/converted/219192.tif \
            hooknettls.default.mask_path=/workspace/masks/219192_mask.tif \
            hooknettls.default.model_weights=/home/user/pathology-hooknet-tls/weights/lung_weights.h5 \
            hooknettls.default.output_folder=/workspace/output/images/219192/
        cp -r /scratch/general/vast/u6073678/hooknet_tmp/output/images/219192/. \
              /uufs/chpc.utah.edu/common/home/u6073678/hooknet_project/results/inference/H_E/219192/
        touch /uufs/chpc.utah.edu/common/home/u6073678/hooknet_project/results/inference/done/219192_hooknet.done
        rm -f  /scratch/general/vast/u6073678/hooknet_tmp/input/219192.svs
        rm -f  /scratch/general/vast/u6073678/hooknet_tmp/masks/219192_mask.tif
        rm -rf /scratch/general/vast/u6073678/hooknet_tmp/output/images/219192/
        rm -rf /scratch/general/vast/u6073678/hooknet_tmp/tmp/*
        
Job 84 has been submitted with SLURM jobid 13390341 (log: /uufs/chpc.utah.edu/common/home/u6073678/hooknet_project/.snakemake/slurm_logs/rule_inference/219192/13390341.log).
[Mon Jun  8 17:00:28 2026]
rule inference:
    input: /scratch/general/vast/u6073678/hooknet_tmp/converted/219269.tif, /scratch/general/vast/u6073678/hooknet_tmp/masks/219269_mask.tif
    output: /uufs/chpc.utah.edu/common/home/u6073678/hooknet_project/results/inference/done/219269_hooknet.done, /uufs/chpc.utah.edu/common/home/u6073678/hooknet_project/results/inference/H_E/219269/post-processed/219269_hooknettls_post_processed.xml
    jobid: 230
    reason: Missing output files: /uufs/chpc.utah.edu/common/home/u6073678/hooknet_project/results/inference/H_E/219269/post-processed/219269_hooknettls_post_processed.xml; Code has changed since last execution
    wildcards: slide=219269
    threads: 8
    resources: mem_mb=32000, mem_mib=30518, disk_mb=2952, disk_mib=2816, tmpdir=<TBD>, slurm_account=stewartp, slurm_partition=notchpeak-gpu, slurm_extra=--qos=notchpeak-gpu --account=notchpeak-gpu --gres=gpu:1 --clusters=notchpeak, runtime=60, cpus_per_task=4
Shell command: 
        module load apptainer
        
        rm -rf /scratch/general/vast/u6073678/hooknet_tmp/tmp && mkdir -p /scratch/general/vast/u6073678/hooknet_tmp/tmp
        mkdir -p /scratch/general/vast/u6073678/hooknet_tmp/output/images
        mkdir -p /uufs/chpc.utah.edu/common/home/u6073678/hooknet_project/results/inference/H_E/219269
        mkdir -p /uufs/chpc.utah.edu/common/home/u6073678/hooknet_project/results/inference/done
        apptainer exec --nv \
            --bind /scratch/general/vast/u6073678/hooknet_tmp:/workspace \
            --bind /scratch/general/vast/u6073678/hooknet_tmp/tmp:/home/user/tmp \
            /uufs/chpc.utah.edu/common/home/u6073678/hooknet_project/containers/hooknet_tls.sif \
            python -m hooknettls \
            hooknettls.default.image_path=/workspace/converted/219269.tif \
            hooknettls.default.mask_path=/workspace/masks/219269_mask.tif \
            hooknettls.default.model_weights=/home/user/pathology-hooknet-tls/weights/lung_weights.h5 \
            hooknettls.default.output_folder=/workspace/output/images/219269/
        cp -r /scratch/general/vast/u6073678/hooknet_tmp/output/images/219269/. \
              /uufs/chpc.utah.edu/common/home/u6073678/hooknet_project/results/inference/H_E/219269/
        touch /uufs/chpc.utah.edu/common/home/u6073678/hooknet_project/results/inference/done/219269_hooknet.done
        rm -f  /scratch/general/vast/u6073678/hooknet_tmp/input/219269.svs
        rm -f  /scratch/general/vast/u6073678/hooknet_tmp/masks/219269_mask.tif
        rm -rf /scratch/general/vast/u6073678/hooknet_tmp/output/images/219269/
        rm -rf /scratch/general/vast/u6073678/hooknet_tmp/tmp/*
        
Job 230 has been submitted with SLURM jobid 13390342 (log: /uufs/chpc.utah.edu/common/home/u6073678/hooknet_project/.snakemake/slurm_logs/rule_inference/219269/13390342.log).
[Mon Jun  8 17:00:28 2026]
rule inference:
    input: /scratch/general/vast/u6073678/hooknet_tmp/converted/219114.tif, /scratch/general/vast/u6073678/hooknet_tmp/masks/219114_mask.tif
    output: /uufs/chpc.utah.edu/common/home/u6073678/hooknet_project/results/inference/done/219114_hooknet.done, /uufs/chpc.utah.edu/common/home/u6073678/hooknet_project/results/inference/H_E/219114/post-processed/219114_hooknettls_post_processed.xml
    jobid: 14
    reason: Missing output files: /uufs/chpc.utah.edu/common/home/u6073678/hooknet_project/results/inference/H_E/219114/post-processed/219114_hooknettls_post_processed.xml; Code has changed since last execution
    wildcards: slide=219114
    threads: 8
    resources: mem_mb=32000, mem_mib=30518, disk_mb=4121, disk_mib=3931, tmpdir=<TBD>, slurm_account=stewartp, slurm_partition=notchpeak-gpu, slurm_extra=--qos=notchpeak-gpu --account=notchpeak-gpu --gres=gpu:1 --clusters=notchpeak, runtime=60, cpus_per_task=4
Shell command: 
        module load apptainer
        
        rm -rf /scratch/general/vast/u6073678/hooknet_tmp/tmp && mkdir -p /scratch/general/vast/u6073678/hooknet_tmp/tmp
        mkdir -p /scratch/general/vast/u6073678/hooknet_tmp/output/images
        mkdir -p /uufs/chpc.utah.edu/common/home/u6073678/hooknet_project/results/inference/H_E/219114
        mkdir -p /uufs/chpc.utah.edu/common/home/u6073678/hooknet_project/results/inference/done
        apptainer exec --nv \
            --bind /scratch/general/vast/u6073678/hooknet_tmp:/workspace \
            --bind /scratch/general/vast/u6073678/hooknet_tmp/tmp:/home/user/tmp \
            /uufs/chpc.utah.edu/common/home/u6073678/hooknet_project/containers/hooknet_tls.sif \
            python -m hooknettls \
            hooknettls.default.image_path=/workspace/converted/219114.tif \
            hooknettls.default.mask_path=/workspace/masks/219114_mask.tif \
            hooknettls.default.model_weights=/home/user/pathology-hooknet-tls/weights/lung_weights.h5 \
            hooknettls.default.output_folder=/workspace/output/images/219114/
        cp -r /scratch/general/vast/u6073678/hooknet_tmp/output/images/219114/. \
              /uufs/chpc.utah.edu/common/home/u6073678/hooknet_project/results/inference/H_E/219114/
        touch /uufs/chpc.utah.edu/common/home/u6073678/hooknet_project/results/inference/done/219114_hooknet.done
        rm -f  /scratch/general/vast/u6073678/hooknet_tmp/input/219114.svs
        rm -f  /scratch/general/vast/u6073678/hooknet_tmp/masks/219114_mask.tif
        rm -rf /scratch/general/vast/u6073678/hooknet_tmp/output/images/219114/
        rm -rf /scratch/general/vast/u6073678/hooknet_tmp/tmp/*
        
Job 14 has been submitted with SLURM jobid 13390343 (log: /uufs/chpc.utah.edu/common/home/u6073678/hooknet_project/.snakemake/slurm_logs/rule_inference/219114/13390343.log).
[Mon Jun  8 17:00:28 2026]
rule inference:
    input: /scratch/general/vast/u6073678/hooknet_tmp/converted/219199.tif, /scratch/general/vast/u6073678/hooknet_tmp/masks/219199_mask.tif
    output: /uufs/chpc.utah.edu/common/home/u6073678/hooknet_project/results/inference/done/219199_hooknet.done, /uufs/chpc.utah.edu/common/home/u6073678/hooknet_project/results/inference/H_E/219199/post-processed/219199_hooknettls_post_processed.xml
    jobid: 94
    reason: Missing output files: /uufs/chpc.utah.edu/common/home/u6073678/hooknet_project/results/inference/H_E/219199/post-processed/219199_hooknettls_post_processed.xml; Code has changed since last execution
    wildcards: slide=219199
    threads: 8
    resources: mem_mb=32000, mem_mib=30518, disk_mb=6511, disk_mib=6210, tmpdir=<TBD>, slurm_account=stewartp, slurm_partition=notchpeak-gpu, slurm_extra=--qos=notchpeak-gpu --account=notchpeak-gpu --gres=gpu:1 --clusters=notchpeak, runtime=60, cpus_per_task=4
Shell command: 
        module load apptainer
        
        rm -rf /scratch/general/vast/u6073678/hooknet_tmp/tmp && mkdir -p /scratch/general/vast/u6073678/hooknet_tmp/tmp
        mkdir -p /scratch/general/vast/u6073678/hooknet_tmp/output/images
        mkdir -p /uufs/chpc.utah.edu/common/home/u6073678/hooknet_project/results/inference/H_E/219199
        mkdir -p /uufs/chpc.utah.edu/common/home/u6073678/hooknet_project/results/inference/done
        apptainer exec --nv \
            --bind /scratch/general/vast/u6073678/hooknet_tmp:/workspace \
            --bind /scratch/general/vast/u6073678/hooknet_tmp/tmp:/home/user/tmp \
            /uufs/chpc.utah.edu/common/home/u6073678/hooknet_project/containers/hooknet_tls.sif \
            python -m hooknettls \
            hooknettls.default.image_path=/workspace/converted/219199.tif \
            hooknettls.default.mask_path=/workspace/masks/219199_mask.tif \
            hooknettls.default.model_weights=/home/user/pathology-hooknet-tls/weights/lung_weights.h5 \
            hooknettls.default.output_folder=/workspace/output/images/219199/
        cp -r /scratch/general/vast/u6073678/hooknet_tmp/output/images/219199/. \
              /uufs/chpc.utah.edu/common/home/u6073678/hooknet_project/results/inference/H_E/219199/
        touch /uufs/chpc.utah.edu/common/home/u6073678/hooknet_project/results/inference/done/219199_hooknet.done
        rm -f  /scratch/general/vast/u6073678/hooknet_tmp/input/219199.svs
        rm -f  /scratch/general/vast/u6073678/hooknet_tmp/masks/219199_mask.tif
        rm -rf /scratch/general/vast/u6073678/hooknet_tmp/output/images/219199/
        rm -rf /scratch/general/vast/u6073678/hooknet_tmp/tmp/*
        
Job 94 has been submitted with SLURM jobid 13390344 (log: /uufs/chpc.utah.edu/common/home/u6073678/hooknet_project/.snakemake/slurm_logs/rule_inference/219199/13390344.log).
[Mon Jun  8 17:00:29 2026]
rule inference:
    input: /scratch/general/vast/u6073678/hooknet_tmp/converted/219150.tif, /scratch/general/vast/u6073678/hooknet_tmp/masks/219150_mask.tif
    output: /uufs/chpc.utah.edu/common/home/u6073678/hooknet_project/results/inference/done/219150_hooknet.done, /uufs/chpc.utah.edu/common/home/u6073678/hooknet_project/results/inference/H_E/219150/post-processed/219150_hooknettls_post_processed.xml
    jobid: 54
    reason: Missing output files: /uufs/chpc.utah.edu/common/home/u6073678/hooknet_project/results/inference/H_E/219150/post-processed/219150_hooknettls_post_processed.xml; Code has changed since last execution
    wildcards: slide=219150
    threads: 8
    resources: mem_mb=32000, mem_mib=30518, disk_mb=4247, disk_mib=4051, tmpdir=<TBD>, slurm_account=stewartp, slurm_partition=notchpeak-gpu, slurm_extra=--qos=notchpeak-gpu --account=notchpeak-gpu --gres=gpu:1 --clusters=notchpeak, runtime=60, cpus_per_task=4
Shell command: 
        module load apptainer
        
        rm -rf /scratch/general/vast/u6073678/hooknet_tmp/tmp && mkdir -p /scratch/general/vast/u6073678/hooknet_tmp/tmp
        mkdir -p /scratch/general/vast/u6073678/hooknet_tmp/output/images
        mkdir -p /uufs/chpc.utah.edu/common/home/u6073678/hooknet_project/results/inference/H_E/219150
        mkdir -p /uufs/chpc.utah.edu/common/home/u6073678/hooknet_project/results/inference/done
        apptainer exec --nv \
            --bind /scratch/general/vast/u6073678/hooknet_tmp:/workspace \
            --bind /scratch/general/vast/u6073678/hooknet_tmp/tmp:/home/user/tmp \
            /uufs/chpc.utah.edu/common/home/u6073678/hooknet_project/containers/hooknet_tls.sif \
            python -m hooknettls \
            hooknettls.default.image_path=/workspace/converted/219150.tif \
            hooknettls.default.mask_path=/workspace/masks/219150_mask.tif \
            hooknettls.default.model_weights=/home/user/pathology-hooknet-tls/weights/lung_weights.h5 \
            hooknettls.default.output_folder=/workspace/output/images/219150/
        cp -r /scratch/general/vast/u6073678/hooknet_tmp/output/images/219150/. \
              /uufs/chpc.utah.edu/common/home/u6073678/hooknet_project/results/inference/H_E/219150/
        touch /uufs/chpc.utah.edu/common/home/u6073678/hooknet_project/results/inference/done/219150_hooknet.done
        rm -f  /scratch/general/vast/u6073678/hooknet_tmp/input/219150.svs
        rm -f  /scratch/general/vast/u6073678/hooknet_tmp/masks/219150_mask.tif
        rm -rf /scratch/general/vast/u6073678/hooknet_tmp/output/images/219150/
        rm -rf /scratch/general/vast/u6073678/hooknet_tmp/tmp/*
        
Job 54 has been submitted with SLURM jobid 13390345 (log: /uufs/chpc.utah.edu/common/home/u6073678/hooknet_project/.snakemake/slurm_logs/rule_inference/219150/13390345.log).
[Mon Jun  8 17:00:29 2026]
rule inference:
    input: /scratch/general/vast/u6073678/hooknet_tmp/converted/219209.tif, /scratch/general/vast/u6073678/hooknet_tmp/masks/219209_mask.tif
    output: /uufs/chpc.utah.edu/common/home/u6073678/hooknet_project/results/inference/done/219209_hooknet.done, /uufs/chpc.utah.edu/common/home/u6073678/hooknet_project/results/inference/H_E/219209/post-processed/219209_hooknettls_post_processed.xml
    jobid: 113
    reason: Missing output files: /uufs/chpc.utah.edu/common/home/u6073678/hooknet_project/results/inference/H_E/219209/post-processed/219209_hooknettls_post_processed.xml; Code has changed since last execution
    wildcards: slide=219209
    threads: 8
    resources: mem_mb=32000, mem_mib=30518, disk_mb=3393, disk_mib=3236, tmpdir=<TBD>, slurm_account=stewartp, slurm_partition=notchpeak-gpu, slurm_extra=--qos=notchpeak-gpu --account=notchpeak-gpu --gres=gpu:1 --clusters=notchpeak, runtime=60, cpus_per_task=4
Shell command: 
        module load apptainer
        
        rm -rf /scratch/general/vast/u6073678/hooknet_tmp/tmp && mkdir -p /scratch/general/vast/u6073678/hooknet_tmp/tmp
        mkdir -p /scratch/general/vast/u6073678/hooknet_tmp/output/images
        mkdir -p /uufs/chpc.utah.edu/common/home/u6073678/hooknet_project/results/inference/H_E/219209
        mkdir -p /uufs/chpc.utah.edu/common/home/u6073678/hooknet_project/results/inference/done
        apptainer exec --nv \
            --bind /scratch/general/vast/u6073678/hooknet_tmp:/workspace \
            --bind /scratch/general/vast/u6073678/hooknet_tmp/tmp:/home/user/tmp \
            /uufs/chpc.utah.edu/common/home/u6073678/hooknet_project/containers/hooknet_tls.sif \
            python -m hooknettls \
            hooknettls.default.image_path=/workspace/converted/219209.tif \
            hooknettls.default.mask_path=/workspace/masks/219209_mask.tif \
            hooknettls.default.model_weights=/home/user/pathology-hooknet-tls/weights/lung_weights.h5 \
            hooknettls.default.output_folder=/workspace/output/images/219209/
        cp -r /scratch/general/vast/u6073678/hooknet_tmp/output/images/219209/. \
              /uufs/chpc.utah.edu/common/home/u6073678/hooknet_project/results/inference/H_E/219209/
        touch /uufs/chpc.utah.edu/common/home/u6073678/hooknet_project/results/inference/done/219209_hooknet.done
        rm -f  /scratch/general/vast/u6073678/hooknet_tmp/input/219209.svs
        rm -f  /scratch/general/vast/u6073678/hooknet_tmp/masks/219209_mask.tif
        rm -rf /scratch/general/vast/u6073678/hooknet_tmp/output/images/219209/
        rm -rf /scratch/general/vast/u6073678/hooknet_tmp/tmp/*
        
Job 113 has been submitted with SLURM jobid 13390346 (log: /uufs/chpc.utah.edu/common/home/u6073678/hooknet_project/.snakemake/slurm_logs/rule_inference/219209/13390346.log).
[Mon Jun  8 17:00:30 2026]
rule inference:
    input: /scratch/general/vast/u6073678/hooknet_tmp/converted/219175.tif, /scratch/general/vast/u6073678/hooknet_tmp/masks/219175_mask.tif
    output: /uufs/chpc.utah.edu/common/home/u6073678/hooknet_project/results/inference/done/219175_hooknet.done, /uufs/chpc.utah.edu/common/home/u6073678/hooknet_project/results/inference/H_E/219175/post-processed/219175_hooknettls_post_processed.xml
    jobid: 74
    reason: Missing output files: /uufs/chpc.utah.edu/common/home/u6073678/hooknet_project/results/inference/H_E/219175/post-processed/219175_hooknettls_post_processed.xml; Code has changed since last execution
    wildcards: slide=219175
    threads: 8
    resources: mem_mb=32000, mem_mib=30518, disk_mb=4035, disk_mib=3849, tmpdir=<TBD>, slurm_account=stewartp, slurm_partition=notchpeak-gpu, slurm_extra=--qos=notchpeak-gpu --account=notchpeak-gpu --gres=gpu:1 --clusters=notchpeak, runtime=60, cpus_per_task=4
Shell command: 
        module load apptainer
        
        rm -rf /scratch/general/vast/u6073678/hooknet_tmp/tmp && mkdir -p /scratch/general/vast/u6073678/hooknet_tmp/tmp
        mkdir -p /scratch/general/vast/u6073678/hooknet_tmp/output/images
        mkdir -p /uufs/chpc.utah.edu/common/home/u6073678/hooknet_project/results/inference/H_E/219175
        mkdir -p /uufs/chpc.utah.edu/common/home/u6073678/hooknet_project/results/inference/done
        apptainer exec --nv \
            --bind /scratch/general/vast/u6073678/hooknet_tmp:/workspace \
            --bind /scratch/general/vast/u6073678/hooknet_tmp/tmp:/home/user/tmp \
            /uufs/chpc.utah.edu/common/home/u6073678/hooknet_project/containers/hooknet_tls.sif \
            python -m hooknettls \
            hooknettls.default.image_path=/workspace/converted/219175.tif \
            hooknettls.default.mask_path=/workspace/masks/219175_mask.tif \
            hooknettls.default.model_weights=/home/user/pathology-hooknet-tls/weights/lung_weights.h5 \
            hooknettls.default.output_folder=/workspace/output/images/219175/
        cp -r /scratch/general/vast/u6073678/hooknet_tmp/output/images/219175/. \
              /uufs/chpc.utah.edu/common/home/u6073678/hooknet_project/results/inference/H_E/219175/
        touch /uufs/chpc.utah.edu/common/home/u6073678/hooknet_project/results/inference/done/219175_hooknet.done
        rm -f  /scratch/general/vast/u6073678/hooknet_tmp/input/219175.svs
        rm -f  /scratch/general/vast/u6073678/hooknet_tmp/masks/219175_mask.tif
        rm -rf /scratch/general/vast/u6073678/hooknet_tmp/output/images/219175/
        rm -rf /scratch/general/vast/u6073678/hooknet_tmp/tmp/*
        
Job 74 has been submitted with SLURM jobid 13390347 (log: /uufs/chpc.utah.edu/common/home/u6073678/hooknet_project/.snakemake/slurm_logs/rule_inference/219175/13390347.log).
[Mon Jun  8 17:00:30 2026]
rule inference:
    input: /scratch/general/vast/u6073678/hooknet_tmp/converted/219126.tif, /scratch/general/vast/u6073678/hooknet_tmp/masks/219126_mask.tif
    output: /uufs/chpc.utah.edu/common/home/u6073678/hooknet_project/results/inference/done/219126_hooknet.done, /uufs/chpc.utah.edu/common/home/u6073678/hooknet_project/results/inference/H_E/219126/post-processed/219126_hooknettls_post_processed.xml
    jobid: 28
    reason: Missing output files: /uufs/chpc.utah.edu/common/home/u6073678/hooknet_project/results/inference/H_E/219126/post-processed/219126_hooknettls_post_processed.xml; Code has changed since last execution
    wildcards: slide=219126
    threads: 8
    resources: mem_mb=32000, mem_mib=30518, disk_mb=3286, disk_mib=3134, tmpdir=<TBD>, slurm_account=stewartp, slurm_partition=notchpeak-gpu, slurm_extra=--qos=notchpeak-gpu --account=notchpeak-gpu --gres=gpu:1 --clusters=notchpeak, runtime=60, cpus_per_task=4
Shell command: 
        module load apptainer
        
        rm -rf /scratch/general/vast/u6073678/hooknet_tmp/tmp && mkdir -p /scratch/general/vast/u6073678/hooknet_tmp/tmp
        mkdir -p /scratch/general/vast/u6073678/hooknet_tmp/output/images
        mkdir -p /uufs/chpc.utah.edu/common/home/u6073678/hooknet_project/results/inference/H_E/219126
        mkdir -p /uufs/chpc.utah.edu/common/home/u6073678/hooknet_project/results/inference/done
        apptainer exec --nv \
            --bind /scratch/general/vast/u6073678/hooknet_tmp:/workspace \
            --bind /scratch/general/vast/u6073678/hooknet_tmp/tmp:/home/user/tmp \
            /uufs/chpc.utah.edu/common/home/u6073678/hooknet_project/containers/hooknet_tls.sif \
            python -m hooknettls \
            hooknettls.default.image_path=/workspace/converted/219126.tif \
            hooknettls.default.mask_path=/workspace/masks/219126_mask.tif \
            hooknettls.default.model_weights=/home/user/pathology-hooknet-tls/weights/lung_weights.h5 \
            hooknettls.default.output_folder=/workspace/output/images/219126/
        cp -r /scratch/general/vast/u6073678/hooknet_tmp/output/images/219126/. \
              /uufs/chpc.utah.edu/common/home/u6073678/hooknet_project/results/inference/H_E/219126/
        touch /uufs/chpc.utah.edu/common/home/u6073678/hooknet_project/results/inference/done/219126_hooknet.done
        rm -f  /scratch/general/vast/u6073678/hooknet_tmp/input/219126.svs
        rm -f  /scratch/general/vast/u6073678/hooknet_tmp/masks/219126_mask.tif
        rm -rf /scratch/general/vast/u6073678/hooknet_tmp/output/images/219126/
        rm -rf /scratch/general/vast/u6073678/hooknet_tmp/tmp/*
        
Job 28 has been submitted with SLURM jobid 13390348 (log: /uufs/chpc.utah.edu/common/home/u6073678/hooknet_project/.snakemake/slurm_logs/rule_inference/219126/13390348.log).
[Mon Jun  8 17:00:30 2026]
rule inference:
    input: /scratch/general/vast/u6073678/hooknet_tmp/converted/219136.tif, /scratch/general/vast/u6073678/hooknet_tmp/masks/219136_mask.tif
    output: /uufs/chpc.utah.edu/common/home/u6073678/hooknet_project/results/inference/done/219136_hooknet.done, /uufs/chpc.utah.edu/common/home/u6073678/hooknet_project/results/inference/H_E/219136/post-processed/219136_hooknettls_post_processed.xml
    jobid: 40
    reason: Missing output files: /uufs/chpc.utah.edu/common/home/u6073678/hooknet_project/results/inference/H_E/219136/post-processed/219136_hooknettls_post_processed.xml; Code has changed since last execution
    wildcards: slide=219136
    threads: 8
    resources: mem_mb=32000, mem_mib=30518, disk_mb=4887, disk_mib=4661, tmpdir=<TBD>, slurm_account=stewartp, slurm_partition=notchpeak-gpu, slurm_extra=--qos=notchpeak-gpu --account=notchpeak-gpu --gres=gpu:1 --clusters=notchpeak, runtime=60, cpus_per_task=4
Shell command: 
        module load apptainer
        
        rm -rf /scratch/general/vast/u6073678/hooknet_tmp/tmp && mkdir -p /scratch/general/vast/u6073678/hooknet_tmp/tmp
        mkdir -p /scratch/general/vast/u6073678/hooknet_tmp/output/images
        mkdir -p /uufs/chpc.utah.edu/common/home/u6073678/hooknet_project/results/inference/H_E/219136
        mkdir -p /uufs/chpc.utah.edu/common/home/u6073678/hooknet_project/results/inference/done
        apptainer exec --nv \
            --bind /scratch/general/vast/u6073678/hooknet_tmp:/workspace \
            --bind /scratch/general/vast/u6073678/hooknet_tmp/tmp:/home/user/tmp \
            /uufs/chpc.utah.edu/common/home/u6073678/hooknet_project/containers/hooknet_tls.sif \
            python -m hooknettls \
            hooknettls.default.image_path=/workspace/converted/219136.tif \
            hooknettls.default.mask_path=/workspace/masks/219136_mask.tif \
            hooknettls.default.model_weights=/home/user/pathology-hooknet-tls/weights/lung_weights.h5 \
            hooknettls.default.output_folder=/workspace/output/images/219136/
        cp -r /scratch/general/vast/u6073678/hooknet_tmp/output/images/219136/. \
              /uufs/chpc.utah.edu/common/home/u6073678/hooknet_project/results/inference/H_E/219136/
        touch /uufs/chpc.utah.edu/common/home/u6073678/hooknet_project/results/inference/done/219136_hooknet.done
        rm -f  /scratch/general/vast/u6073678/hooknet_tmp/input/219136.svs
        rm -f  /scratch/general/vast/u6073678/hooknet_tmp/masks/219136_mask.tif
        rm -rf /scratch/general/vast/u6073678/hooknet_tmp/output/images/219136/
        rm -rf /scratch/general/vast/u6073678/hooknet_tmp/tmp/*
        
Job 40 has been submitted with SLURM jobid 13390349 (log: /uufs/chpc.utah.edu/common/home/u6073678/hooknet_project/.snakemake/slurm_logs/rule_inference/219136/13390349.log).
[Mon Jun  8 17:00:31 2026]
rule inference:
    input: /scratch/general/vast/u6073678/hooknet_tmp/converted/219212.tif, /scratch/general/vast/u6073678/hooknet_tmp/masks/219212_mask.tif
    output: /uufs/chpc.utah.edu/common/home/u6073678/hooknet_project/results/inference/done/219212_hooknet.done, /uufs/chpc.utah.edu/common/home/u6073678/hooknet_project/results/inference/H_E/219212/post-processed/219212_hooknettls_post_processed.xml
    jobid: 119
    reason: Missing output files: /uufs/chpc.utah.edu/common/home/u6073678/hooknet_project/results/inference/H_E/219212/post-processed/219212_hooknettls_post_processed.xml; Code has changed since last execution
    wildcards: slide=219212
    threads: 8
    resources: mem_mb=32000, mem_mib=30518, disk_mb=3731, disk_mib=3559, tmpdir=<TBD>, slurm_account=stewartp, slurm_partition=notchpeak-gpu, slurm_extra=--qos=notchpeak-gpu --account=notchpeak-gpu --gres=gpu:1 --clusters=notchpeak, runtime=60, cpus_per_task=4
Shell command: 
        module load apptainer
        
        rm -rf /scratch/general/vast/u6073678/hooknet_tmp/tmp && mkdir -p /scratch/general/vast/u6073678/hooknet_tmp/tmp
        mkdir -p /scratch/general/vast/u6073678/hooknet_tmp/output/images
        mkdir -p /uufs/chpc.utah.edu/common/home/u6073678/hooknet_project/results/inference/H_E/219212
        mkdir -p /uufs/chpc.utah.edu/common/home/u6073678/hooknet_project/results/inference/done
        apptainer exec --nv \
            --bind /scratch/general/vast/u6073678/hooknet_tmp:/workspace \
            --bind /scratch/general/vast/u6073678/hooknet_tmp/tmp:/home/user/tmp \
            /uufs/chpc.utah.edu/common/home/u6073678/hooknet_project/containers/hooknet_tls.sif \
            python -m hooknettls \
            hooknettls.default.image_path=/workspace/converted/219212.tif \
            hooknettls.default.mask_path=/workspace/masks/219212_mask.tif \
            hooknettls.default.model_weights=/home/user/pathology-hooknet-tls/weights/lung_weights.h5 \
            hooknettls.default.output_folder=/workspace/output/images/219212/
        cp -r /scratch/general/vast/u6073678/hooknet_tmp/output/images/219212/. \
              /uufs/chpc.utah.edu/common/home/u6073678/hooknet_project/results/inference/H_E/219212/
        touch /uufs/chpc.utah.edu/common/home/u6073678/hooknet_project/results/inference/done/219212_hooknet.done
        rm -f  /scratch/general/vast/u6073678/hooknet_tmp/input/219212.svs
        rm -f  /scratch/general/vast/u6073678/hooknet_tmp/masks/219212_mask.tif
        rm -rf /scratch/general/vast/u6073678/hooknet_tmp/output/images/219212/
        rm -rf /scratch/general/vast/u6073678/hooknet_tmp/tmp/*
        
Job 119 has been submitted with SLURM jobid 13390350 (log: /uufs/chpc.utah.edu/common/home/u6073678/hooknet_project/.snakemake/slurm_logs/rule_inference/219212/13390350.log).
[Mon Jun  8 17:00:31 2026]
rule inference:
    input: /scratch/general/vast/u6073678/hooknet_tmp/converted/219154.tif, /scratch/general/vast/u6073678/hooknet_tmp/masks/219154_mask.tif
    output: /uufs/chpc.utah.edu/common/home/u6073678/hooknet_project/results/inference/done/219154_hooknet.done, /uufs/chpc.utah.edu/common/home/u6073678/hooknet_project/results/inference/H_E/219154/post-processed/219154_hooknettls_post_processed.xml
    jobid: 60
    reason: Missing output files: /uufs/chpc.utah.edu/common/home/u6073678/hooknet_project/results/inference/H_E/219154/post-processed/219154_hooknettls_post_processed.xml; Code has changed since last execution
    wildcards: slide=219154
    threads: 8
    resources: mem_mb=32000, mem_mib=30518, disk_mb=3242, disk_mib=3092, tmpdir=<TBD>, slurm_account=stewartp, slurm_partition=notchpeak-gpu, slurm_extra=--qos=notchpeak-gpu --account=notchpeak-gpu --gres=gpu:1 --clusters=notchpeak, runtime=60, cpus_per_task=4
Shell command: 
        module load apptainer
        
        rm -rf /scratch/general/vast/u6073678/hooknet_tmp/tmp && mkdir -p /scratch/general/vast/u6073678/hooknet_tmp/tmp
        mkdir -p /scratch/general/vast/u6073678/hooknet_tmp/output/images
        mkdir -p /uufs/chpc.utah.edu/common/home/u6073678/hooknet_project/results/inference/H_E/219154
        mkdir -p /uufs/chpc.utah.edu/common/home/u6073678/hooknet_project/results/inference/done
        apptainer exec --nv \
            --bind /scratch/general/vast/u6073678/hooknet_tmp:/workspace \
            --bind /scratch/general/vast/u6073678/hooknet_tmp/tmp:/home/user/tmp \
            /uufs/chpc.utah.edu/common/home/u6073678/hooknet_project/containers/hooknet_tls.sif \
            python -m hooknettls \
            hooknettls.default.image_path=/workspace/converted/219154.tif \
            hooknettls.default.mask_path=/workspace/masks/219154_mask.tif \
            hooknettls.default.model_weights=/home/user/pathology-hooknet-tls/weights/lung_weights.h5 \
            hooknettls.default.output_folder=/workspace/output/images/219154/
        cp -r /scratch/general/vast/u6073678/hooknet_tmp/output/images/219154/. \
              /uufs/chpc.utah.edu/common/home/u6073678/hooknet_project/results/inference/H_E/219154/
        touch /uufs/chpc.utah.edu/common/home/u6073678/hooknet_project/results/inference/done/219154_hooknet.done
        rm -f  /scratch/general/vast/u6073678/hooknet_tmp/input/219154.svs
        rm -f  /scratch/general/vast/u6073678/hooknet_tmp/masks/219154_mask.tif
        rm -rf /scratch/general/vast/u6073678/hooknet_tmp/output/images/219154/
        rm -rf /scratch/general/vast/u6073678/hooknet_tmp/tmp/*
        
Job 60 has been submitted with SLURM jobid 13390351 (log: /uufs/chpc.utah.edu/common/home/u6073678/hooknet_project/.snakemake/slurm_logs/rule_inference/219154/13390351.log).
[Mon Jun  8 17:00:31 2026]
rule inference:
    input: /scratch/general/vast/u6073678/hooknet_tmp/converted/219298.tif, /scratch/general/vast/u6073678/hooknet_tmp/masks/219298_mask.tif
    output: /uufs/chpc.utah.edu/common/home/u6073678/hooknet_project/results/inference/done/219298_hooknet.done, /uufs/chpc.utah.edu/common/home/u6073678/hooknet_project/results/inference/H_E/219298/post-processed/219298_hooknettls_post_processed.xml
    jobid: 256
    reason: Missing output files: /uufs/chpc.utah.edu/common/home/u6073678/hooknet_project/results/inference/H_E/219298/post-processed/219298_hooknettls_post_processed.xml; Code has changed since last execution
    wildcards: slide=219298
    threads: 8
    resources: mem_mb=32000, mem_mib=30518, disk_mb=2762, disk_mib=2635, tmpdir=<TBD>, slurm_account=stewartp, slurm_partition=notchpeak-gpu, slurm_extra=--qos=notchpeak-gpu --account=notchpeak-gpu --gres=gpu:1 --clusters=notchpeak, runtime=60, cpus_per_task=4
Shell command: 
        module load apptainer
        
        rm -rf /scratch/general/vast/u6073678/hooknet_tmp/tmp && mkdir -p /scratch/general/vast/u6073678/hooknet_tmp/tmp
        mkdir -p /scratch/general/vast/u6073678/hooknet_tmp/output/images
        mkdir -p /uufs/chpc.utah.edu/common/home/u6073678/hooknet_project/results/inference/H_E/219298
        mkdir -p /uufs/chpc.utah.edu/common/home/u6073678/hooknet_project/results/inference/done
        apptainer exec --nv \
            --bind /scratch/general/vast/u6073678/hooknet_tmp:/workspace \
            --bind /scratch/general/vast/u6073678/hooknet_tmp/tmp:/home/user/tmp \
            /uufs/chpc.utah.edu/common/home/u6073678/hooknet_project/containers/hooknet_tls.sif \
            python -m hooknettls \
            hooknettls.default.image_path=/workspace/converted/219298.tif \
            hooknettls.default.mask_path=/workspace/masks/219298_mask.tif \
            hooknettls.default.model_weights=/home/user/pathology-hooknet-tls/weights/lung_weights.h5 \
            hooknettls.default.output_folder=/workspace/output/images/219298/
        cp -r /scratch/general/vast/u6073678/hooknet_tmp/output/images/219298/. \
              /uufs/chpc.utah.edu/common/home/u6073678/hooknet_project/results/inference/H_E/219298/
        touch /uufs/chpc.utah.edu/common/home/u6073678/hooknet_project/results/inference/done/219298_hooknet.done
        rm -f  /scratch/general/vast/u6073678/hooknet_tmp/input/219298.svs
        rm -f  /scratch/general/vast/u6073678/hooknet_tmp/masks/219298_mask.tif
        rm -rf /scratch/general/vast/u6073678/hooknet_tmp/output/images/219298/
        rm -rf /scratch/general/vast/u6073678/hooknet_tmp/tmp/*
        
Job 256 has been submitted with SLURM jobid 13390352 (log: /uufs/chpc.utah.edu/common/home/u6073678/hooknet_project/.snakemake/slurm_logs/rule_inference/219298/13390352.log).
[Mon Jun  8 17:00:32 2026]
rule inference:
    input: /scratch/general/vast/u6073678/hooknet_tmp/converted/219272.tif, /scratch/general/vast/u6073678/hooknet_tmp/masks/219272_mask.tif
    output: /uufs/chpc.utah.edu/common/home/u6073678/hooknet_project/results/inference/done/219272_hooknet.done, /uufs/chpc.utah.edu/common/home/u6073678/hooknet_project/results/inference/H_E/219272/post-processed/219272_hooknettls_post_processed.xml
    jobid: 236
    reason: Missing output files: /uufs/chpc.utah.edu/common/home/u6073678/hooknet_project/results/inference/H_E/219272/post-processed/219272_hooknettls_post_processed.xml; Code has changed since last execution
    wildcards: slide=219272
    threads: 8
    resources: mem_mb=32000, mem_mib=30518, disk_mb=3084, disk_mib=2942, tmpdir=<TBD>, slurm_account=stewartp, slurm_partition=notchpeak-gpu, slurm_extra=--qos=notchpeak-gpu --account=notchpeak-gpu --gres=gpu:1 --clusters=notchpeak, runtime=60, cpus_per_task=4
Shell command: 
        module load apptainer
        
        rm -rf /scratch/general/vast/u6073678/hooknet_tmp/tmp && mkdir -p /scratch/general/vast/u6073678/hooknet_tmp/tmp
        mkdir -p /scratch/general/vast/u6073678/hooknet_tmp/output/images
        mkdir -p /uufs/chpc.utah.edu/common/home/u6073678/hooknet_project/results/inference/H_E/219272
        mkdir -p /uufs/chpc.utah.edu/common/home/u6073678/hooknet_project/results/inference/done
        apptainer exec --nv \
            --bind /scratch/general/vast/u6073678/hooknet_tmp:/workspace \
            --bind /scratch/general/vast/u6073678/hooknet_tmp/tmp:/home/user/tmp \
            /uufs/chpc.utah.edu/common/home/u6073678/hooknet_project/containers/hooknet_tls.sif \
            python -m hooknettls \
            hooknettls.default.image_path=/workspace/converted/219272.tif \
            hooknettls.default.mask_path=/workspace/masks/219272_mask.tif \
            hooknettls.default.model_weights=/home/user/pathology-hooknet-tls/weights/lung_weights.h5 \
            hooknettls.default.output_folder=/workspace/output/images/219272/
        cp -r /scratch/general/vast/u6073678/hooknet_tmp/output/images/219272/. \
              /uufs/chpc.utah.edu/common/home/u6073678/hooknet_project/results/inference/H_E/219272/
        touch /uufs/chpc.utah.edu/common/home/u6073678/hooknet_project/results/inference/done/219272_hooknet.done
        rm -f  /scratch/general/vast/u6073678/hooknet_tmp/input/219272.svs
        rm -f  /scratch/general/vast/u6073678/hooknet_tmp/masks/219272_mask.tif
        rm -rf /scratch/general/vast/u6073678/hooknet_tmp/output/images/219272/
        rm -rf /scratch/general/vast/u6073678/hooknet_tmp/tmp/*
        
Job 236 has been submitted with SLURM jobid 13390353 (log: /uufs/chpc.utah.edu/common/home/u6073678/hooknet_project/.snakemake/slurm_logs/rule_inference/219272/13390353.log).
[Mon Jun  8 17:00:32 2026]
rule inference:
    input: /scratch/general/vast/u6073678/hooknet_tmp/converted/219249.tif, /scratch/general/vast/u6073678/hooknet_tmp/masks/219249_mask.tif
    output: /uufs/chpc.utah.edu/common/home/u6073678/hooknet_project/results/inference/done/219249_hooknet.done, /uufs/chpc.utah.edu/common/home/u6073678/hooknet_project/results/inference/H_E/219249/post-processed/219249_hooknettls_post_processed.xml
    jobid: 191
    reason: Missing output files: /uufs/chpc.utah.edu/common/home/u6073678/hooknet_project/results/inference/H_E/219249/post-processed/219249_hooknettls_post_processed.xml; Code has changed since last execution
    wildcards: slide=219249
    threads: 8
    resources: mem_mb=32000, mem_mib=30518, disk_mb=2817, disk_mib=2687, tmpdir=<TBD>, slurm_account=stewartp, slurm_partition=notchpeak-gpu, slurm_extra=--qos=notchpeak-gpu --account=notchpeak-gpu --gres=gpu:1 --clusters=notchpeak, runtime=60, cpus_per_task=4
Shell command: 
        module load apptainer
        
        rm -rf /scratch/general/vast/u6073678/hooknet_tmp/tmp && mkdir -p /scratch/general/vast/u6073678/hooknet_tmp/tmp
        mkdir -p /scratch/general/vast/u6073678/hooknet_tmp/output/images
        mkdir -p /uufs/chpc.utah.edu/common/home/u6073678/hooknet_project/results/inference/H_E/219249
        mkdir -p /uufs/chpc.utah.edu/common/home/u6073678/hooknet_project/results/inference/done
        apptainer exec --nv \
            --bind /scratch/general/vast/u6073678/hooknet_tmp:/workspace \
            --bind /scratch/general/vast/u6073678/hooknet_tmp/tmp:/home/user/tmp \
            /uufs/chpc.utah.edu/common/home/u6073678/hooknet_project/containers/hooknet_tls.sif \
            python -m hooknettls \
            hooknettls.default.image_path=/workspace/converted/219249.tif \
            hooknettls.default.mask_path=/workspace/masks/219249_mask.tif \
            hooknettls.default.model_weights=/home/user/pathology-hooknet-tls/weights/lung_weights.h5 \
            hooknettls.default.output_folder=/workspace/output/images/219249/
        cp -r /scratch/general/vast/u6073678/hooknet_tmp/output/images/219249/. \
              /uufs/chpc.utah.edu/common/home/u6073678/hooknet_project/results/inference/H_E/219249/
        touch /uufs/chpc.utah.edu/common/home/u6073678/hooknet_project/results/inference/done/219249_hooknet.done
        rm -f  /scratch/general/vast/u6073678/hooknet_tmp/input/219249.svs
        rm -f  /scratch/general/vast/u6073678/hooknet_tmp/masks/219249_mask.tif
        rm -rf /scratch/general/vast/u6073678/hooknet_tmp/output/images/219249/
        rm -rf /scratch/general/vast/u6073678/hooknet_tmp/tmp/*
        
Job 191 has been submitted with SLURM jobid 13390355 (log: /uufs/chpc.utah.edu/common/home/u6073678/hooknet_project/.snakemake/slurm_logs/rule_inference/219249/13390355.log).
[Mon Jun  8 17:00:33 2026]
rule inference:
    input: /scratch/general/vast/u6073678/hooknet_tmp/converted/219133.tif, /scratch/general/vast/u6073678/hooknet_tmp/masks/219133_mask.tif
    output: /uufs/chpc.utah.edu/common/home/u6073678/hooknet_project/results/inference/done/219133_hooknet.done, /uufs/chpc.utah.edu/common/home/u6073678/hooknet_project/results/inference/H_E/219133/post-processed/219133_hooknettls_post_processed.xml
    jobid: 34
    reason: Missing output files: /uufs/chpc.utah.edu/common/home/u6073678/hooknet_project/results/inference/H_E/219133/post-processed/219133_hooknettls_post_processed.xml; Code has changed since last execution
    wildcards: slide=219133
    threads: 8
    resources: mem_mb=32000, mem_mib=30518, disk_mb=6113, disk_mib=5830, tmpdir=<TBD>, slurm_account=stewartp, slurm_partition=notchpeak-gpu, slurm_extra=--qos=notchpeak-gpu --account=notchpeak-gpu --gres=gpu:1 --clusters=notchpeak, runtime=60, cpus_per_task=4
Shell command: 
        module load apptainer
        
        rm -rf /scratch/general/vast/u6073678/hooknet_tmp/tmp && mkdir -p /scratch/general/vast/u6073678/hooknet_tmp/tmp
        mkdir -p /scratch/general/vast/u6073678/hooknet_tmp/output/images
        mkdir -p /uufs/chpc.utah.edu/common/home/u6073678/hooknet_project/results/inference/H_E/219133
        mkdir -p /uufs/chpc.utah.edu/common/home/u6073678/hooknet_project/results/inference/done
        apptainer exec --nv \
            --bind /scratch/general/vast/u6073678/hooknet_tmp:/workspace \
            --bind /scratch/general/vast/u6073678/hooknet_tmp/tmp:/home/user/tmp \
            /uufs/chpc.utah.edu/common/home/u6073678/hooknet_project/containers/hooknet_tls.sif \
            python -m hooknettls \
            hooknettls.default.image_path=/workspace/converted/219133.tif \
            hooknettls.default.mask_path=/workspace/masks/219133_mask.tif \
            hooknettls.default.model_weights=/home/user/pathology-hooknet-tls/weights/lung_weights.h5 \
            hooknettls.default.output_folder=/workspace/output/images/219133/
        cp -r /scratch/general/vast/u6073678/hooknet_tmp/output/images/219133/. \
              /uufs/chpc.utah.edu/common/home/u6073678/hooknet_project/results/inference/H_E/219133/
        touch /uufs/chpc.utah.edu/common/home/u6073678/hooknet_project/results/inference/done/219133_hooknet.done
        rm -f  /scratch/general/vast/u6073678/hooknet_tmp/input/219133.svs
        rm -f  /scratch/general/vast/u6073678/hooknet_tmp/masks/219133_mask.tif
        rm -rf /scratch/general/vast/u6073678/hooknet_tmp/output/images/219133/
        rm -rf /scratch/general/vast/u6073678/hooknet_tmp/tmp/*
        
Job 34 has been submitted with SLURM jobid 13390358 (log: /uufs/chpc.utah.edu/common/home/u6073678/hooknet_project/.snakemake/slurm_logs/rule_inference/219133/13390358.log).
Select jobs to execute...
Terminating processes on user request, this might take some time.
Complete log(s): /uufs/chpc.utah.edu/common/home/u6073678/hooknet_project/.snakemake/log/2026-06-08T170020.218423.snakemake.log
WorkflowError:
At least one job did not complete successfully.
