None
host: grn026
Building DAG of jobs...
You are running snakemake in a SLURM job context. This is not recommended, as it may lead to unexpected behavior. Please run Snakemake directly on the login node.
SLURM run ID: 7f75d602-5394-4632-bff8-eac2105cea30
Using shell: /usr/bin/bash
Provided remote nodes: 20
Job stats:
job               count
--------------  -------
all                   1
inference           128
xml_to_geojson      132
total               261

Select jobs to execute...
Execute 20 jobs...
[Tue Jun  2 15:42:24 2026]
rule inference:
    input: /scratch/general/vast/u6073678/hooknet_tmp/converted/219295.tif, /scratch/general/vast/u6073678/hooknet_tmp/masks/219295_mask.tif
    output: /uufs/chpc.utah.edu/common/home/u6073678/hooknet_project/results/inference/done/219295_hooknet.done, /uufs/chpc.utah.edu/common/home/u6073678/hooknet_project/results/inference/219295/post-processed/219295_hooknettls_post_processed.xml
    jobid: 250
    reason: Missing output files: /uufs/chpc.utah.edu/common/home/u6073678/hooknet_project/results/inference/219295/post-processed/219295_hooknettls_post_processed.xml; Code has changed since last execution
    wildcards: project=/uufs/chpc.utah.edu/common/home/u6073678/hooknet_project, slide=219295
    threads: 8
    resources: mem_mb=32000, mem_mib=30518, disk_mb=4302, disk_mib=4103, tmpdir=<TBD>, slurm_account=stewartp, slurm_partition=rai-gpu-grn, slurm_extra=--qos=rai-gpu-grn --account=rai --gres=gpu:1 --cluster=granite, runtime=60, cpus_per_task=4
Shell command: 
        rm -rf /scratch/general/vast/u6073678/hooknet_tmp/tmp && mkdir -p /scratch/general/vast/u6073678/hooknet_tmp/tmp
        mkdir -p /scratch/general/vast/u6073678/hooknet_tmp/output/images
        mkdir -p /uufs/chpc.utah.edu/common/home/u6073678/hooknet_project/results/inference/219295
        mkdir -p /uufs/chpc.utah.edu/common/home/u6073678/hooknet_project/results/inference/done
        apptainer exec --nv \
            --bind /scratch/general/vast/u6073678/hooknet_tmp:/workspace \
            --bind /scratch/general/vast/u6073678/hooknet_tmp/tmp:/home/user/tmp \
            /uufs/chpc.utah.edu/common/home/u6073678/hooknet_project/containers/hooknet_tls.sif \
            python -m hooknettls \
            hooknettls.default.image_path=/workspace/converted/219295.tif \
            hooknettls.default.mask_path=/workspace/masks/219295_mask.tif \
            hooknettls.default.model_weights=/home/user/pathology-hooknet-tls/weights/lung_weights.h5 \
            hooknettls.default.output_folder=/workspace/output/images/219295/
        cp -r /scratch/general/vast/u6073678/hooknet_tmp/output/images/219295/. \
              /uufs/chpc.utah.edu/common/home/u6073678/hooknet_project/results/inference/219295/
        touch /uufs/chpc.utah.edu/common/home/u6073678/hooknet_project/results/inference/done/219295_hooknet.done
        rm -f  /scratch/general/vast/u6073678/hooknet_tmp/input/219295.svs
        rm -f  /scratch/general/vast/u6073678/hooknet_tmp/masks/219295_mask.tif
        rm -rf /scratch/general/vast/u6073678/hooknet_tmp/output/images/219295/
        rm -rf /scratch/general/vast/u6073678/hooknet_tmp/tmp/*
        
Job 250 has been submitted with SLURM jobid 1383204 (log: /uufs/chpc.utah.edu/common/home/u6073678/hooknet_project/.snakemake/slurm_logs/rule_inference/_uufs_chpc.utah.edu_common_home_u6073678_hooknet_project_219295/1383204.log).
[Tue Jun  2 15:42:24 2026]
rule inference:
    input: /scratch/general/vast/u6073678/hooknet_tmp/converted/219161.tif, /scratch/general/vast/u6073678/hooknet_tmp/masks/219161_mask.tif
    output: /uufs/chpc.utah.edu/common/home/u6073678/hooknet_project/results/inference/done/219161_hooknet.done, /uufs/chpc.utah.edu/common/home/u6073678/hooknet_project/results/inference/219161/post-processed/219161_hooknettls_post_processed.xml
    jobid: 64
    reason: Missing output files: /uufs/chpc.utah.edu/common/home/u6073678/hooknet_project/results/inference/219161/post-processed/219161_hooknettls_post_processed.xml
    wildcards: project=/uufs/chpc.utah.edu/common/home/u6073678/hooknet_project, slide=219161
    threads: 8
    resources: mem_mb=32000, mem_mib=30518, disk_mb=4828, disk_mib=4605, tmpdir=<TBD>, slurm_account=stewartp, slurm_partition=rai-gpu-grn, slurm_extra=--qos=rai-gpu-grn --account=rai --gres=gpu:1 --cluster=granite, runtime=60, cpus_per_task=4
Shell command: 
        rm -rf /scratch/general/vast/u6073678/hooknet_tmp/tmp && mkdir -p /scratch/general/vast/u6073678/hooknet_tmp/tmp
        mkdir -p /scratch/general/vast/u6073678/hooknet_tmp/output/images
        mkdir -p /uufs/chpc.utah.edu/common/home/u6073678/hooknet_project/results/inference/219161
        mkdir -p /uufs/chpc.utah.edu/common/home/u6073678/hooknet_project/results/inference/done
        apptainer exec --nv \
            --bind /scratch/general/vast/u6073678/hooknet_tmp:/workspace \
            --bind /scratch/general/vast/u6073678/hooknet_tmp/tmp:/home/user/tmp \
            /uufs/chpc.utah.edu/common/home/u6073678/hooknet_project/containers/hooknet_tls.sif \
            python -m hooknettls \
            hooknettls.default.image_path=/workspace/converted/219161.tif \
            hooknettls.default.mask_path=/workspace/masks/219161_mask.tif \
            hooknettls.default.model_weights=/home/user/pathology-hooknet-tls/weights/lung_weights.h5 \
            hooknettls.default.output_folder=/workspace/output/images/219161/
        cp -r /scratch/general/vast/u6073678/hooknet_tmp/output/images/219161/. \
              /uufs/chpc.utah.edu/common/home/u6073678/hooknet_project/results/inference/219161/
        touch /uufs/chpc.utah.edu/common/home/u6073678/hooknet_project/results/inference/done/219161_hooknet.done
        rm -f  /scratch/general/vast/u6073678/hooknet_tmp/input/219161.svs
        rm -f  /scratch/general/vast/u6073678/hooknet_tmp/masks/219161_mask.tif
        rm -rf /scratch/general/vast/u6073678/hooknet_tmp/output/images/219161/
        rm -rf /scratch/general/vast/u6073678/hooknet_tmp/tmp/*
        
Job 64 has been submitted with SLURM jobid 1383205 (log: /uufs/chpc.utah.edu/common/home/u6073678/hooknet_project/.snakemake/slurm_logs/rule_inference/_uufs_chpc.utah.edu_common_home_u6073678_hooknet_project_219161/1383205.log).
[Tue Jun  2 15:42:24 2026]
rule inference:
    input: /scratch/general/vast/u6073678/hooknet_tmp/converted/219239.tif, /scratch/general/vast/u6073678/hooknet_tmp/masks/219239_mask.tif
    output: /uufs/chpc.utah.edu/common/home/u6073678/hooknet_project/results/inference/done/219239_hooknet.done, /uufs/chpc.utah.edu/common/home/u6073678/hooknet_project/results/inference/219239/post-processed/219239_hooknettls_post_processed.xml
    jobid: 172
    reason: Missing output files: /uufs/chpc.utah.edu/common/home/u6073678/hooknet_project/results/inference/219239/post-processed/219239_hooknettls_post_processed.xml; Code has changed since last execution
    wildcards: project=/uufs/chpc.utah.edu/common/home/u6073678/hooknet_project, slide=219239
    threads: 8
    resources: mem_mb=32000, mem_mib=30518, disk_mb=4588, disk_mib=4376, tmpdir=<TBD>, slurm_account=stewartp, slurm_partition=rai-gpu-grn, slurm_extra=--qos=rai-gpu-grn --account=rai --gres=gpu:1 --cluster=granite, runtime=60, cpus_per_task=4
Shell command: 
        rm -rf /scratch/general/vast/u6073678/hooknet_tmp/tmp && mkdir -p /scratch/general/vast/u6073678/hooknet_tmp/tmp
        mkdir -p /scratch/general/vast/u6073678/hooknet_tmp/output/images
        mkdir -p /uufs/chpc.utah.edu/common/home/u6073678/hooknet_project/results/inference/219239
        mkdir -p /uufs/chpc.utah.edu/common/home/u6073678/hooknet_project/results/inference/done
        apptainer exec --nv \
            --bind /scratch/general/vast/u6073678/hooknet_tmp:/workspace \
            --bind /scratch/general/vast/u6073678/hooknet_tmp/tmp:/home/user/tmp \
            /uufs/chpc.utah.edu/common/home/u6073678/hooknet_project/containers/hooknet_tls.sif \
            python -m hooknettls \
            hooknettls.default.image_path=/workspace/converted/219239.tif \
            hooknettls.default.mask_path=/workspace/masks/219239_mask.tif \
            hooknettls.default.model_weights=/home/user/pathology-hooknet-tls/weights/lung_weights.h5 \
            hooknettls.default.output_folder=/workspace/output/images/219239/
        cp -r /scratch/general/vast/u6073678/hooknet_tmp/output/images/219239/. \
              /uufs/chpc.utah.edu/common/home/u6073678/hooknet_project/results/inference/219239/
        touch /uufs/chpc.utah.edu/common/home/u6073678/hooknet_project/results/inference/done/219239_hooknet.done
        rm -f  /scratch/general/vast/u6073678/hooknet_tmp/input/219239.svs
        rm -f  /scratch/general/vast/u6073678/hooknet_tmp/masks/219239_mask.tif
        rm -rf /scratch/general/vast/u6073678/hooknet_tmp/output/images/219239/
        rm -rf /scratch/general/vast/u6073678/hooknet_tmp/tmp/*
        
Job 172 has been submitted with SLURM jobid 1383206 (log: /uufs/chpc.utah.edu/common/home/u6073678/hooknet_project/.snakemake/slurm_logs/rule_inference/_uufs_chpc.utah.edu_common_home_u6073678_hooknet_project_219239/1383206.log).
[Tue Jun  2 15:42:24 2026]
rule inference:
    input: /scratch/general/vast/u6073678/hooknet_tmp/converted/219094.tif, /scratch/general/vast/u6073678/hooknet_tmp/masks/219094_mask.tif
    output: /uufs/chpc.utah.edu/common/home/u6073678/hooknet_project/results/inference/done/219094_hooknet.done, /uufs/chpc.utah.edu/common/home/u6073678/hooknet_project/results/inference/219094/post-processed/219094_hooknettls_post_processed.xml
    jobid: 4
    reason: Missing output files: /uufs/chpc.utah.edu/common/home/u6073678/hooknet_project/results/inference/219094/post-processed/219094_hooknettls_post_processed.xml
    wildcards: project=/uufs/chpc.utah.edu/common/home/u6073678/hooknet_project, slide=219094
    threads: 8
    resources: mem_mb=32000, mem_mib=30518, disk_mb=3014, disk_mib=2875, tmpdir=<TBD>, slurm_account=stewartp, slurm_partition=rai-gpu-grn, slurm_extra=--qos=rai-gpu-grn --account=rai --gres=gpu:1 --cluster=granite, runtime=60, cpus_per_task=4
Shell command: 
        rm -rf /scratch/general/vast/u6073678/hooknet_tmp/tmp && mkdir -p /scratch/general/vast/u6073678/hooknet_tmp/tmp
        mkdir -p /scratch/general/vast/u6073678/hooknet_tmp/output/images
        mkdir -p /uufs/chpc.utah.edu/common/home/u6073678/hooknet_project/results/inference/219094
        mkdir -p /uufs/chpc.utah.edu/common/home/u6073678/hooknet_project/results/inference/done
        apptainer exec --nv \
            --bind /scratch/general/vast/u6073678/hooknet_tmp:/workspace \
            --bind /scratch/general/vast/u6073678/hooknet_tmp/tmp:/home/user/tmp \
            /uufs/chpc.utah.edu/common/home/u6073678/hooknet_project/containers/hooknet_tls.sif \
            python -m hooknettls \
            hooknettls.default.image_path=/workspace/converted/219094.tif \
            hooknettls.default.mask_path=/workspace/masks/219094_mask.tif \
            hooknettls.default.model_weights=/home/user/pathology-hooknet-tls/weights/lung_weights.h5 \
            hooknettls.default.output_folder=/workspace/output/images/219094/
        cp -r /scratch/general/vast/u6073678/hooknet_tmp/output/images/219094/. \
              /uufs/chpc.utah.edu/common/home/u6073678/hooknet_project/results/inference/219094/
        touch /uufs/chpc.utah.edu/common/home/u6073678/hooknet_project/results/inference/done/219094_hooknet.done
        rm -f  /scratch/general/vast/u6073678/hooknet_tmp/input/219094.svs
        rm -f  /scratch/general/vast/u6073678/hooknet_tmp/masks/219094_mask.tif
        rm -rf /scratch/general/vast/u6073678/hooknet_tmp/output/images/219094/
        rm -rf /scratch/general/vast/u6073678/hooknet_tmp/tmp/*
        
Job 4 has been submitted with SLURM jobid 1383207 (log: /uufs/chpc.utah.edu/common/home/u6073678/hooknet_project/.snakemake/slurm_logs/rule_inference/_uufs_chpc.utah.edu_common_home_u6073678_hooknet_project_219094/1383207.log).
[Tue Jun  2 15:42:24 2026]
rule inference:
    input: /scratch/general/vast/u6073678/hooknet_tmp/converted/219234.tif, /scratch/general/vast/u6073678/hooknet_tmp/masks/219234_mask.tif
    output: /uufs/chpc.utah.edu/common/home/u6073678/hooknet_project/results/inference/done/219234_hooknet.done, /uufs/chpc.utah.edu/common/home/u6073678/hooknet_project/results/inference/219234/post-processed/219234_hooknettls_post_processed.xml
    jobid: 162
    reason: Missing output files: /uufs/chpc.utah.edu/common/home/u6073678/hooknet_project/results/inference/219234/post-processed/219234_hooknettls_post_processed.xml; Code has changed since last execution
    wildcards: project=/uufs/chpc.utah.edu/common/home/u6073678/hooknet_project, slide=219234
    threads: 8
    resources: mem_mb=32000, mem_mib=30518, disk_mb=4354, disk_mib=4153, tmpdir=<TBD>, slurm_account=stewartp, slurm_partition=rai-gpu-grn, slurm_extra=--qos=rai-gpu-grn --account=rai --gres=gpu:1 --cluster=granite, runtime=60, cpus_per_task=4
Shell command: 
        rm -rf /scratch/general/vast/u6073678/hooknet_tmp/tmp && mkdir -p /scratch/general/vast/u6073678/hooknet_tmp/tmp
        mkdir -p /scratch/general/vast/u6073678/hooknet_tmp/output/images
        mkdir -p /uufs/chpc.utah.edu/common/home/u6073678/hooknet_project/results/inference/219234
        mkdir -p /uufs/chpc.utah.edu/common/home/u6073678/hooknet_project/results/inference/done
        apptainer exec --nv \
            --bind /scratch/general/vast/u6073678/hooknet_tmp:/workspace \
            --bind /scratch/general/vast/u6073678/hooknet_tmp/tmp:/home/user/tmp \
            /uufs/chpc.utah.edu/common/home/u6073678/hooknet_project/containers/hooknet_tls.sif \
            python -m hooknettls \
            hooknettls.default.image_path=/workspace/converted/219234.tif \
            hooknettls.default.mask_path=/workspace/masks/219234_mask.tif \
            hooknettls.default.model_weights=/home/user/pathology-hooknet-tls/weights/lung_weights.h5 \
            hooknettls.default.output_folder=/workspace/output/images/219234/
        cp -r /scratch/general/vast/u6073678/hooknet_tmp/output/images/219234/. \
              /uufs/chpc.utah.edu/common/home/u6073678/hooknet_project/results/inference/219234/
        touch /uufs/chpc.utah.edu/common/home/u6073678/hooknet_project/results/inference/done/219234_hooknet.done
        rm -f  /scratch/general/vast/u6073678/hooknet_tmp/input/219234.svs
        rm -f  /scratch/general/vast/u6073678/hooknet_tmp/masks/219234_mask.tif
        rm -rf /scratch/general/vast/u6073678/hooknet_tmp/output/images/219234/
        rm -rf /scratch/general/vast/u6073678/hooknet_tmp/tmp/*
        
Job 162 has been submitted with SLURM jobid 1383208 (log: /uufs/chpc.utah.edu/common/home/u6073678/hooknet_project/.snakemake/slurm_logs/rule_inference/_uufs_chpc.utah.edu_common_home_u6073678_hooknet_project_219234/1383208.log).
[Tue Jun  2 15:42:25 2026]
rule inference:
    input: /scratch/general/vast/u6073678/hooknet_tmp/converted/219175.tif, /scratch/general/vast/u6073678/hooknet_tmp/masks/219175_mask.tif
    output: /uufs/chpc.utah.edu/common/home/u6073678/hooknet_project/results/inference/done/219175_hooknet.done, /uufs/chpc.utah.edu/common/home/u6073678/hooknet_project/results/inference/219175/post-processed/219175_hooknettls_post_processed.xml
    jobid: 74
    reason: Missing output files: /uufs/chpc.utah.edu/common/home/u6073678/hooknet_project/results/inference/219175/post-processed/219175_hooknettls_post_processed.xml; Code has changed since last execution
    wildcards: project=/uufs/chpc.utah.edu/common/home/u6073678/hooknet_project, slide=219175
    threads: 8
    resources: mem_mb=32000, mem_mib=30518, disk_mb=4035, disk_mib=3849, tmpdir=<TBD>, slurm_account=stewartp, slurm_partition=rai-gpu-grn, slurm_extra=--qos=rai-gpu-grn --account=rai --gres=gpu:1 --cluster=granite, runtime=60, cpus_per_task=4
Shell command: 
        rm -rf /scratch/general/vast/u6073678/hooknet_tmp/tmp && mkdir -p /scratch/general/vast/u6073678/hooknet_tmp/tmp
        mkdir -p /scratch/general/vast/u6073678/hooknet_tmp/output/images
        mkdir -p /uufs/chpc.utah.edu/common/home/u6073678/hooknet_project/results/inference/219175
        mkdir -p /uufs/chpc.utah.edu/common/home/u6073678/hooknet_project/results/inference/done
        apptainer exec --nv \
            --bind /scratch/general/vast/u6073678/hooknet_tmp:/workspace \
            --bind /scratch/general/vast/u6073678/hooknet_tmp/tmp:/home/user/tmp \
            /uufs/chpc.utah.edu/common/home/u6073678/hooknet_project/containers/hooknet_tls.sif \
            python -m hooknettls \
            hooknettls.default.image_path=/workspace/converted/219175.tif \
            hooknettls.default.mask_path=/workspace/masks/219175_mask.tif \
            hooknettls.default.model_weights=/home/user/pathology-hooknet-tls/weights/lung_weights.h5 \
            hooknettls.default.output_folder=/workspace/output/images/219175/
        cp -r /scratch/general/vast/u6073678/hooknet_tmp/output/images/219175/. \
              /uufs/chpc.utah.edu/common/home/u6073678/hooknet_project/results/inference/219175/
        touch /uufs/chpc.utah.edu/common/home/u6073678/hooknet_project/results/inference/done/219175_hooknet.done
        rm -f  /scratch/general/vast/u6073678/hooknet_tmp/input/219175.svs
        rm -f  /scratch/general/vast/u6073678/hooknet_tmp/masks/219175_mask.tif
        rm -rf /scratch/general/vast/u6073678/hooknet_tmp/output/images/219175/
        rm -rf /scratch/general/vast/u6073678/hooknet_tmp/tmp/*
        
Job 74 has been submitted with SLURM jobid 1383209 (log: /uufs/chpc.utah.edu/common/home/u6073678/hooknet_project/.snakemake/slurm_logs/rule_inference/_uufs_chpc.utah.edu_common_home_u6073678_hooknet_project_219175/1383209.log).
[Tue Jun  2 15:42:25 2026]
rule inference:
    input: /scratch/general/vast/u6073678/hooknet_tmp/converted/219150.tif, /scratch/general/vast/u6073678/hooknet_tmp/masks/219150_mask.tif
    output: /uufs/chpc.utah.edu/common/home/u6073678/hooknet_project/results/inference/done/219150_hooknet.done, /uufs/chpc.utah.edu/common/home/u6073678/hooknet_project/results/inference/219150/post-processed/219150_hooknettls_post_processed.xml
    jobid: 54
    reason: Missing output files: /uufs/chpc.utah.edu/common/home/u6073678/hooknet_project/results/inference/219150/post-processed/219150_hooknettls_post_processed.xml; Code has changed since last execution
    wildcards: project=/uufs/chpc.utah.edu/common/home/u6073678/hooknet_project, slide=219150
    threads: 8
    resources: mem_mb=32000, mem_mib=30518, disk_mb=4247, disk_mib=4051, tmpdir=<TBD>, slurm_account=stewartp, slurm_partition=rai-gpu-grn, slurm_extra=--qos=rai-gpu-grn --account=rai --gres=gpu:1 --cluster=granite, runtime=60, cpus_per_task=4
Shell command: 
        rm -rf /scratch/general/vast/u6073678/hooknet_tmp/tmp && mkdir -p /scratch/general/vast/u6073678/hooknet_tmp/tmp
        mkdir -p /scratch/general/vast/u6073678/hooknet_tmp/output/images
        mkdir -p /uufs/chpc.utah.edu/common/home/u6073678/hooknet_project/results/inference/219150
        mkdir -p /uufs/chpc.utah.edu/common/home/u6073678/hooknet_project/results/inference/done
        apptainer exec --nv \
            --bind /scratch/general/vast/u6073678/hooknet_tmp:/workspace \
            --bind /scratch/general/vast/u6073678/hooknet_tmp/tmp:/home/user/tmp \
            /uufs/chpc.utah.edu/common/home/u6073678/hooknet_project/containers/hooknet_tls.sif \
            python -m hooknettls \
            hooknettls.default.image_path=/workspace/converted/219150.tif \
            hooknettls.default.mask_path=/workspace/masks/219150_mask.tif \
            hooknettls.default.model_weights=/home/user/pathology-hooknet-tls/weights/lung_weights.h5 \
            hooknettls.default.output_folder=/workspace/output/images/219150/
        cp -r /scratch/general/vast/u6073678/hooknet_tmp/output/images/219150/. \
              /uufs/chpc.utah.edu/common/home/u6073678/hooknet_project/results/inference/219150/
        touch /uufs/chpc.utah.edu/common/home/u6073678/hooknet_project/results/inference/done/219150_hooknet.done
        rm -f  /scratch/general/vast/u6073678/hooknet_tmp/input/219150.svs
        rm -f  /scratch/general/vast/u6073678/hooknet_tmp/masks/219150_mask.tif
        rm -rf /scratch/general/vast/u6073678/hooknet_tmp/output/images/219150/
        rm -rf /scratch/general/vast/u6073678/hooknet_tmp/tmp/*
        
Job 54 has been submitted with SLURM jobid 1383210 (log: /uufs/chpc.utah.edu/common/home/u6073678/hooknet_project/.snakemake/slurm_logs/rule_inference/_uufs_chpc.utah.edu_common_home_u6073678_hooknet_project_219150/1383210.log).
[Tue Jun  2 15:42:25 2026]
rule inference:
    input: /scratch/general/vast/u6073678/hooknet_tmp/converted/219114.tif, /scratch/general/vast/u6073678/hooknet_tmp/masks/219114_mask.tif
    output: /uufs/chpc.utah.edu/common/home/u6073678/hooknet_project/results/inference/done/219114_hooknet.done, /uufs/chpc.utah.edu/common/home/u6073678/hooknet_project/results/inference/219114/post-processed/219114_hooknettls_post_processed.xml
    jobid: 14
    reason: Missing output files: /uufs/chpc.utah.edu/common/home/u6073678/hooknet_project/results/inference/219114/post-processed/219114_hooknettls_post_processed.xml; Code has changed since last execution
    wildcards: project=/uufs/chpc.utah.edu/common/home/u6073678/hooknet_project, slide=219114
    threads: 8
    resources: mem_mb=32000, mem_mib=30518, disk_mb=4121, disk_mib=3931, tmpdir=<TBD>, slurm_account=stewartp, slurm_partition=rai-gpu-grn, slurm_extra=--qos=rai-gpu-grn --account=rai --gres=gpu:1 --cluster=granite, runtime=60, cpus_per_task=4
Shell command: 
        rm -rf /scratch/general/vast/u6073678/hooknet_tmp/tmp && mkdir -p /scratch/general/vast/u6073678/hooknet_tmp/tmp
        mkdir -p /scratch/general/vast/u6073678/hooknet_tmp/output/images
        mkdir -p /uufs/chpc.utah.edu/common/home/u6073678/hooknet_project/results/inference/219114
        mkdir -p /uufs/chpc.utah.edu/common/home/u6073678/hooknet_project/results/inference/done
        apptainer exec --nv \
            --bind /scratch/general/vast/u6073678/hooknet_tmp:/workspace \
            --bind /scratch/general/vast/u6073678/hooknet_tmp/tmp:/home/user/tmp \
            /uufs/chpc.utah.edu/common/home/u6073678/hooknet_project/containers/hooknet_tls.sif \
            python -m hooknettls \
            hooknettls.default.image_path=/workspace/converted/219114.tif \
            hooknettls.default.mask_path=/workspace/masks/219114_mask.tif \
            hooknettls.default.model_weights=/home/user/pathology-hooknet-tls/weights/lung_weights.h5 \
            hooknettls.default.output_folder=/workspace/output/images/219114/
        cp -r /scratch/general/vast/u6073678/hooknet_tmp/output/images/219114/. \
              /uufs/chpc.utah.edu/common/home/u6073678/hooknet_project/results/inference/219114/
        touch /uufs/chpc.utah.edu/common/home/u6073678/hooknet_project/results/inference/done/219114_hooknet.done
        rm -f  /scratch/general/vast/u6073678/hooknet_tmp/input/219114.svs
        rm -f  /scratch/general/vast/u6073678/hooknet_tmp/masks/219114_mask.tif
        rm -rf /scratch/general/vast/u6073678/hooknet_tmp/output/images/219114/
        rm -rf /scratch/general/vast/u6073678/hooknet_tmp/tmp/*
        
Job 14 has been submitted with SLURM jobid 1383211 (log: /uufs/chpc.utah.edu/common/home/u6073678/hooknet_project/.snakemake/slurm_logs/rule_inference/_uufs_chpc.utah.edu_common_home_u6073678_hooknet_project_219114/1383211.log).
[Tue Jun  2 15:42:25 2026]
rule inference:
    input: /scratch/general/vast/u6073678/hooknet_tmp/converted/219209.tif, /scratch/general/vast/u6073678/hooknet_tmp/masks/219209_mask.tif
    output: /uufs/chpc.utah.edu/common/home/u6073678/hooknet_project/results/inference/done/219209_hooknet.done, /uufs/chpc.utah.edu/common/home/u6073678/hooknet_project/results/inference/219209/post-processed/219209_hooknettls_post_processed.xml
    jobid: 113
    reason: Missing output files: /uufs/chpc.utah.edu/common/home/u6073678/hooknet_project/results/inference/219209/post-processed/219209_hooknettls_post_processed.xml
    wildcards: project=/uufs/chpc.utah.edu/common/home/u6073678/hooknet_project, slide=219209
    threads: 8
    resources: mem_mb=32000, mem_mib=30518, disk_mb=3393, disk_mib=3236, tmpdir=<TBD>, slurm_account=stewartp, slurm_partition=rai-gpu-grn, slurm_extra=--qos=rai-gpu-grn --account=rai --gres=gpu:1 --cluster=granite, runtime=60, cpus_per_task=4
Shell command: 
        rm -rf /scratch/general/vast/u6073678/hooknet_tmp/tmp && mkdir -p /scratch/general/vast/u6073678/hooknet_tmp/tmp
        mkdir -p /scratch/general/vast/u6073678/hooknet_tmp/output/images
        mkdir -p /uufs/chpc.utah.edu/common/home/u6073678/hooknet_project/results/inference/219209
        mkdir -p /uufs/chpc.utah.edu/common/home/u6073678/hooknet_project/results/inference/done
        apptainer exec --nv \
            --bind /scratch/general/vast/u6073678/hooknet_tmp:/workspace \
            --bind /scratch/general/vast/u6073678/hooknet_tmp/tmp:/home/user/tmp \
            /uufs/chpc.utah.edu/common/home/u6073678/hooknet_project/containers/hooknet_tls.sif \
            python -m hooknettls \
            hooknettls.default.image_path=/workspace/converted/219209.tif \
            hooknettls.default.mask_path=/workspace/masks/219209_mask.tif \
            hooknettls.default.model_weights=/home/user/pathology-hooknet-tls/weights/lung_weights.h5 \
            hooknettls.default.output_folder=/workspace/output/images/219209/
        cp -r /scratch/general/vast/u6073678/hooknet_tmp/output/images/219209/. \
              /uufs/chpc.utah.edu/common/home/u6073678/hooknet_project/results/inference/219209/
        touch /uufs/chpc.utah.edu/common/home/u6073678/hooknet_project/results/inference/done/219209_hooknet.done
        rm -f  /scratch/general/vast/u6073678/hooknet_tmp/input/219209.svs
        rm -f  /scratch/general/vast/u6073678/hooknet_tmp/masks/219209_mask.tif
        rm -rf /scratch/general/vast/u6073678/hooknet_tmp/output/images/219209/
        rm -rf /scratch/general/vast/u6073678/hooknet_tmp/tmp/*
        
Job 113 has been submitted with SLURM jobid 1383212 (log: /uufs/chpc.utah.edu/common/home/u6073678/hooknet_project/.snakemake/slurm_logs/rule_inference/_uufs_chpc.utah.edu_common_home_u6073678_hooknet_project_219209/1383212.log).
[Tue Jun  2 15:42:25 2026]
rule inference:
    input: /scratch/general/vast/u6073678/hooknet_tmp/converted/219269.tif, /scratch/general/vast/u6073678/hooknet_tmp/masks/219269_mask.tif
    output: /uufs/chpc.utah.edu/common/home/u6073678/hooknet_project/results/inference/done/219269_hooknet.done, /uufs/chpc.utah.edu/common/home/u6073678/hooknet_project/results/inference/219269/post-processed/219269_hooknettls_post_processed.xml
    jobid: 230
    reason: Missing output files: /uufs/chpc.utah.edu/common/home/u6073678/hooknet_project/results/inference/219269/post-processed/219269_hooknettls_post_processed.xml; Code has changed since last execution
    wildcards: project=/uufs/chpc.utah.edu/common/home/u6073678/hooknet_project, slide=219269
    threads: 8
    resources: mem_mb=32000, mem_mib=30518, disk_mb=2952, disk_mib=2816, tmpdir=<TBD>, slurm_account=stewartp, slurm_partition=rai-gpu-grn, slurm_extra=--qos=rai-gpu-grn --account=rai --gres=gpu:1 --cluster=granite, runtime=60, cpus_per_task=4
Shell command: 
        rm -rf /scratch/general/vast/u6073678/hooknet_tmp/tmp && mkdir -p /scratch/general/vast/u6073678/hooknet_tmp/tmp
        mkdir -p /scratch/general/vast/u6073678/hooknet_tmp/output/images
        mkdir -p /uufs/chpc.utah.edu/common/home/u6073678/hooknet_project/results/inference/219269
        mkdir -p /uufs/chpc.utah.edu/common/home/u6073678/hooknet_project/results/inference/done
        apptainer exec --nv \
            --bind /scratch/general/vast/u6073678/hooknet_tmp:/workspace \
            --bind /scratch/general/vast/u6073678/hooknet_tmp/tmp:/home/user/tmp \
            /uufs/chpc.utah.edu/common/home/u6073678/hooknet_project/containers/hooknet_tls.sif \
            python -m hooknettls \
            hooknettls.default.image_path=/workspace/converted/219269.tif \
            hooknettls.default.mask_path=/workspace/masks/219269_mask.tif \
            hooknettls.default.model_weights=/home/user/pathology-hooknet-tls/weights/lung_weights.h5 \
            hooknettls.default.output_folder=/workspace/output/images/219269/
        cp -r /scratch/general/vast/u6073678/hooknet_tmp/output/images/219269/. \
              /uufs/chpc.utah.edu/common/home/u6073678/hooknet_project/results/inference/219269/
        touch /uufs/chpc.utah.edu/common/home/u6073678/hooknet_project/results/inference/done/219269_hooknet.done
        rm -f  /scratch/general/vast/u6073678/hooknet_tmp/input/219269.svs
        rm -f  /scratch/general/vast/u6073678/hooknet_tmp/masks/219269_mask.tif
        rm -rf /scratch/general/vast/u6073678/hooknet_tmp/output/images/219269/
        rm -rf /scratch/general/vast/u6073678/hooknet_tmp/tmp/*
        
Job 230 has been submitted with SLURM jobid 1383213 (log: /uufs/chpc.utah.edu/common/home/u6073678/hooknet_project/.snakemake/slurm_logs/rule_inference/_uufs_chpc.utah.edu_common_home_u6073678_hooknet_project_219269/1383213.log).
[Tue Jun  2 15:42:25 2026]
rule inference:
    input: /scratch/general/vast/u6073678/hooknet_tmp/converted/219133.tif, /scratch/general/vast/u6073678/hooknet_tmp/masks/219133_mask.tif
    output: /uufs/chpc.utah.edu/common/home/u6073678/hooknet_project/results/inference/done/219133_hooknet.done, /uufs/chpc.utah.edu/common/home/u6073678/hooknet_project/results/inference/219133/post-processed/219133_hooknettls_post_processed.xml
    jobid: 34
    reason: Missing output files: /uufs/chpc.utah.edu/common/home/u6073678/hooknet_project/results/inference/219133/post-processed/219133_hooknettls_post_processed.xml; Code has changed since last execution
    wildcards: project=/uufs/chpc.utah.edu/common/home/u6073678/hooknet_project, slide=219133
    threads: 8
    resources: mem_mb=32000, mem_mib=30518, disk_mb=6113, disk_mib=5830, tmpdir=<TBD>, slurm_account=stewartp, slurm_partition=rai-gpu-grn, slurm_extra=--qos=rai-gpu-grn --account=rai --gres=gpu:1 --cluster=granite, runtime=60, cpus_per_task=4
Shell command: 
        rm -rf /scratch/general/vast/u6073678/hooknet_tmp/tmp && mkdir -p /scratch/general/vast/u6073678/hooknet_tmp/tmp
        mkdir -p /scratch/general/vast/u6073678/hooknet_tmp/output/images
        mkdir -p /uufs/chpc.utah.edu/common/home/u6073678/hooknet_project/results/inference/219133
        mkdir -p /uufs/chpc.utah.edu/common/home/u6073678/hooknet_project/results/inference/done
        apptainer exec --nv \
            --bind /scratch/general/vast/u6073678/hooknet_tmp:/workspace \
            --bind /scratch/general/vast/u6073678/hooknet_tmp/tmp:/home/user/tmp \
            /uufs/chpc.utah.edu/common/home/u6073678/hooknet_project/containers/hooknet_tls.sif \
            python -m hooknettls \
            hooknettls.default.image_path=/workspace/converted/219133.tif \
            hooknettls.default.mask_path=/workspace/masks/219133_mask.tif \
            hooknettls.default.model_weights=/home/user/pathology-hooknet-tls/weights/lung_weights.h5 \
            hooknettls.default.output_folder=/workspace/output/images/219133/
        cp -r /scratch/general/vast/u6073678/hooknet_tmp/output/images/219133/. \
              /uufs/chpc.utah.edu/common/home/u6073678/hooknet_project/results/inference/219133/
        touch /uufs/chpc.utah.edu/common/home/u6073678/hooknet_project/results/inference/done/219133_hooknet.done
        rm -f  /scratch/general/vast/u6073678/hooknet_tmp/input/219133.svs
        rm -f  /scratch/general/vast/u6073678/hooknet_tmp/masks/219133_mask.tif
        rm -rf /scratch/general/vast/u6073678/hooknet_tmp/output/images/219133/
        rm -rf /scratch/general/vast/u6073678/hooknet_tmp/tmp/*
        
Job 34 has been submitted with SLURM jobid 1383214 (log: /uufs/chpc.utah.edu/common/home/u6073678/hooknet_project/.snakemake/slurm_logs/rule_inference/_uufs_chpc.utah.edu_common_home_u6073678_hooknet_project_219133/1383214.log).
[Tue Jun  2 15:42:26 2026]
rule inference:
    input: /scratch/general/vast/u6073678/hooknet_tmp/converted/219229.tif, /scratch/general/vast/u6073678/hooknet_tmp/masks/219229_mask.tif
    output: /uufs/chpc.utah.edu/common/home/u6073678/hooknet_project/results/inference/done/219229_hooknet.done, /uufs/chpc.utah.edu/common/home/u6073678/hooknet_project/results/inference/219229/post-processed/219229_hooknettls_post_processed.xml
    jobid: 152
    reason: Missing output files: /uufs/chpc.utah.edu/common/home/u6073678/hooknet_project/results/inference/219229/post-processed/219229_hooknettls_post_processed.xml; Code has changed since last execution
    wildcards: project=/uufs/chpc.utah.edu/common/home/u6073678/hooknet_project, slide=219229
    threads: 8
    resources: mem_mb=32000, mem_mib=30518, disk_mb=4854, disk_mib=4630, tmpdir=<TBD>, slurm_account=stewartp, slurm_partition=rai-gpu-grn, slurm_extra=--qos=rai-gpu-grn --account=rai --gres=gpu:1 --cluster=granite, runtime=60, cpus_per_task=4
Shell command: 
        rm -rf /scratch/general/vast/u6073678/hooknet_tmp/tmp && mkdir -p /scratch/general/vast/u6073678/hooknet_tmp/tmp
        mkdir -p /scratch/general/vast/u6073678/hooknet_tmp/output/images
        mkdir -p /uufs/chpc.utah.edu/common/home/u6073678/hooknet_project/results/inference/219229
        mkdir -p /uufs/chpc.utah.edu/common/home/u6073678/hooknet_project/results/inference/done
        apptainer exec --nv \
            --bind /scratch/general/vast/u6073678/hooknet_tmp:/workspace \
            --bind /scratch/general/vast/u6073678/hooknet_tmp/tmp:/home/user/tmp \
            /uufs/chpc.utah.edu/common/home/u6073678/hooknet_project/containers/hooknet_tls.sif \
            python -m hooknettls \
            hooknettls.default.image_path=/workspace/converted/219229.tif \
            hooknettls.default.mask_path=/workspace/masks/219229_mask.tif \
            hooknettls.default.model_weights=/home/user/pathology-hooknet-tls/weights/lung_weights.h5 \
            hooknettls.default.output_folder=/workspace/output/images/219229/
        cp -r /scratch/general/vast/u6073678/hooknet_tmp/output/images/219229/. \
              /uufs/chpc.utah.edu/common/home/u6073678/hooknet_project/results/inference/219229/
        touch /uufs/chpc.utah.edu/common/home/u6073678/hooknet_project/results/inference/done/219229_hooknet.done
        rm -f  /scratch/general/vast/u6073678/hooknet_tmp/input/219229.svs
        rm -f  /scratch/general/vast/u6073678/hooknet_tmp/masks/219229_mask.tif
        rm -rf /scratch/general/vast/u6073678/hooknet_tmp/output/images/219229/
        rm -rf /scratch/general/vast/u6073678/hooknet_tmp/tmp/*
        
Job 152 has been submitted with SLURM jobid 1383215 (log: /uufs/chpc.utah.edu/common/home/u6073678/hooknet_project/.snakemake/slurm_logs/rule_inference/_uufs_chpc.utah.edu_common_home_u6073678_hooknet_project_219229/1383215.log).
[Tue Jun  2 15:42:26 2026]
rule inference:
    input: /scratch/general/vast/u6073678/hooknet_tmp/converted/219245.tif, /scratch/general/vast/u6073678/hooknet_tmp/masks/219245_mask.tif
    output: /uufs/chpc.utah.edu/common/home/u6073678/hooknet_project/results/inference/done/219245_hooknet.done, /uufs/chpc.utah.edu/common/home/u6073678/hooknet_project/results/inference/219245/post-processed/219245_hooknettls_post_processed.xml
    jobid: 183
    reason: Missing output files: /uufs/chpc.utah.edu/common/home/u6073678/hooknet_project/results/inference/219245/post-processed/219245_hooknettls_post_processed.xml
    wildcards: project=/uufs/chpc.utah.edu/common/home/u6073678/hooknet_project, slide=219245
    threads: 8
    resources: mem_mb=32000, mem_mib=30518, disk_mb=4269, disk_mib=4072, tmpdir=<TBD>, slurm_account=stewartp, slurm_partition=rai-gpu-grn, slurm_extra=--qos=rai-gpu-grn --account=rai --gres=gpu:1 --cluster=granite, runtime=60, cpus_per_task=4
Shell command: 
        rm -rf /scratch/general/vast/u6073678/hooknet_tmp/tmp && mkdir -p /scratch/general/vast/u6073678/hooknet_tmp/tmp
        mkdir -p /scratch/general/vast/u6073678/hooknet_tmp/output/images
        mkdir -p /uufs/chpc.utah.edu/common/home/u6073678/hooknet_project/results/inference/219245
        mkdir -p /uufs/chpc.utah.edu/common/home/u6073678/hooknet_project/results/inference/done
        apptainer exec --nv \
            --bind /scratch/general/vast/u6073678/hooknet_tmp:/workspace \
            --bind /scratch/general/vast/u6073678/hooknet_tmp/tmp:/home/user/tmp \
            /uufs/chpc.utah.edu/common/home/u6073678/hooknet_project/containers/hooknet_tls.sif \
            python -m hooknettls \
            hooknettls.default.image_path=/workspace/converted/219245.tif \
            hooknettls.default.mask_path=/workspace/masks/219245_mask.tif \
            hooknettls.default.model_weights=/home/user/pathology-hooknet-tls/weights/lung_weights.h5 \
            hooknettls.default.output_folder=/workspace/output/images/219245/
        cp -r /scratch/general/vast/u6073678/hooknet_tmp/output/images/219245/. \
              /uufs/chpc.utah.edu/common/home/u6073678/hooknet_project/results/inference/219245/
        touch /uufs/chpc.utah.edu/common/home/u6073678/hooknet_project/results/inference/done/219245_hooknet.done
        rm -f  /scratch/general/vast/u6073678/hooknet_tmp/input/219245.svs
        rm -f  /scratch/general/vast/u6073678/hooknet_tmp/masks/219245_mask.tif
        rm -rf /scratch/general/vast/u6073678/hooknet_tmp/output/images/219245/
        rm -rf /scratch/general/vast/u6073678/hooknet_tmp/tmp/*
        
Job 183 has been submitted with SLURM jobid 1383216 (log: /uufs/chpc.utah.edu/common/home/u6073678/hooknet_project/.snakemake/slurm_logs/rule_inference/_uufs_chpc.utah.edu_common_home_u6073678_hooknet_project_219245/1383216.log).
[Tue Jun  2 15:42:26 2026]
rule inference:
    input: /scratch/general/vast/u6073678/hooknet_tmp/converted/219136.tif, /scratch/general/vast/u6073678/hooknet_tmp/masks/219136_mask.tif
    output: /uufs/chpc.utah.edu/common/home/u6073678/hooknet_project/results/inference/done/219136_hooknet.done, /uufs/chpc.utah.edu/common/home/u6073678/hooknet_project/results/inference/219136/post-processed/219136_hooknettls_post_processed.xml
    jobid: 40
    reason: Missing output files: /uufs/chpc.utah.edu/common/home/u6073678/hooknet_project/results/inference/219136/post-processed/219136_hooknettls_post_processed.xml; Code has changed since last execution
    wildcards: project=/uufs/chpc.utah.edu/common/home/u6073678/hooknet_project, slide=219136
    threads: 8
    resources: mem_mb=32000, mem_mib=30518, disk_mb=4887, disk_mib=4661, tmpdir=<TBD>, slurm_account=stewartp, slurm_partition=rai-gpu-grn, slurm_extra=--qos=rai-gpu-grn --account=rai --gres=gpu:1 --cluster=granite, runtime=60, cpus_per_task=4
Shell command: 
        rm -rf /scratch/general/vast/u6073678/hooknet_tmp/tmp && mkdir -p /scratch/general/vast/u6073678/hooknet_tmp/tmp
        mkdir -p /scratch/general/vast/u6073678/hooknet_tmp/output/images
        mkdir -p /uufs/chpc.utah.edu/common/home/u6073678/hooknet_project/results/inference/219136
        mkdir -p /uufs/chpc.utah.edu/common/home/u6073678/hooknet_project/results/inference/done
        apptainer exec --nv \
            --bind /scratch/general/vast/u6073678/hooknet_tmp:/workspace \
            --bind /scratch/general/vast/u6073678/hooknet_tmp/tmp:/home/user/tmp \
            /uufs/chpc.utah.edu/common/home/u6073678/hooknet_project/containers/hooknet_tls.sif \
            python -m hooknettls \
            hooknettls.default.image_path=/workspace/converted/219136.tif \
            hooknettls.default.mask_path=/workspace/masks/219136_mask.tif \
            hooknettls.default.model_weights=/home/user/pathology-hooknet-tls/weights/lung_weights.h5 \
            hooknettls.default.output_folder=/workspace/output/images/219136/
        cp -r /scratch/general/vast/u6073678/hooknet_tmp/output/images/219136/. \
              /uufs/chpc.utah.edu/common/home/u6073678/hooknet_project/results/inference/219136/
        touch /uufs/chpc.utah.edu/common/home/u6073678/hooknet_project/results/inference/done/219136_hooknet.done
        rm -f  /scratch/general/vast/u6073678/hooknet_tmp/input/219136.svs
        rm -f  /scratch/general/vast/u6073678/hooknet_tmp/masks/219136_mask.tif
        rm -rf /scratch/general/vast/u6073678/hooknet_tmp/output/images/219136/
        rm -rf /scratch/general/vast/u6073678/hooknet_tmp/tmp/*
        
Job 40 has been submitted with SLURM jobid 1383217 (log: /uufs/chpc.utah.edu/common/home/u6073678/hooknet_project/.snakemake/slurm_logs/rule_inference/_uufs_chpc.utah.edu_common_home_u6073678_hooknet_project_219136/1383217.log).
[Tue Jun  2 15:42:26 2026]
rule inference:
    input: /scratch/general/vast/u6073678/hooknet_tmp/converted/219232.tif, /scratch/general/vast/u6073678/hooknet_tmp/masks/219232_mask.tif
    output: /uufs/chpc.utah.edu/common/home/u6073678/hooknet_project/results/inference/done/219232_hooknet.done, /uufs/chpc.utah.edu/common/home/u6073678/hooknet_project/results/inference/219232/post-processed/219232_hooknettls_post_processed.xml
    jobid: 158
    reason: Missing output files: /uufs/chpc.utah.edu/common/home/u6073678/hooknet_project/results/inference/219232/post-processed/219232_hooknettls_post_processed.xml; Code has changed since last execution
    wildcards: project=/uufs/chpc.utah.edu/common/home/u6073678/hooknet_project, slide=219232
    threads: 8
    resources: mem_mb=32000, mem_mib=30518, disk_mb=2597, disk_mib=2477, tmpdir=<TBD>, slurm_account=stewartp, slurm_partition=rai-gpu-grn, slurm_extra=--qos=rai-gpu-grn --account=rai --gres=gpu:1 --cluster=granite, runtime=60, cpus_per_task=4
Shell command: 
        rm -rf /scratch/general/vast/u6073678/hooknet_tmp/tmp && mkdir -p /scratch/general/vast/u6073678/hooknet_tmp/tmp
        mkdir -p /scratch/general/vast/u6073678/hooknet_tmp/output/images
        mkdir -p /uufs/chpc.utah.edu/common/home/u6073678/hooknet_project/results/inference/219232
        mkdir -p /uufs/chpc.utah.edu/common/home/u6073678/hooknet_project/results/inference/done
        apptainer exec --nv \
            --bind /scratch/general/vast/u6073678/hooknet_tmp:/workspace \
            --bind /scratch/general/vast/u6073678/hooknet_tmp/tmp:/home/user/tmp \
            /uufs/chpc.utah.edu/common/home/u6073678/hooknet_project/containers/hooknet_tls.sif \
            python -m hooknettls \
            hooknettls.default.image_path=/workspace/converted/219232.tif \
            hooknettls.default.mask_path=/workspace/masks/219232_mask.tif \
            hooknettls.default.model_weights=/home/user/pathology-hooknet-tls/weights/lung_weights.h5 \
            hooknettls.default.output_folder=/workspace/output/images/219232/
        cp -r /scratch/general/vast/u6073678/hooknet_tmp/output/images/219232/. \
              /uufs/chpc.utah.edu/common/home/u6073678/hooknet_project/results/inference/219232/
        touch /uufs/chpc.utah.edu/common/home/u6073678/hooknet_project/results/inference/done/219232_hooknet.done
        rm -f  /scratch/general/vast/u6073678/hooknet_tmp/input/219232.svs
        rm -f  /scratch/general/vast/u6073678/hooknet_tmp/masks/219232_mask.tif
        rm -rf /scratch/general/vast/u6073678/hooknet_tmp/output/images/219232/
        rm -rf /scratch/general/vast/u6073678/hooknet_tmp/tmp/*
        
Job 158 has been submitted with SLURM jobid 1383218 (log: /uufs/chpc.utah.edu/common/home/u6073678/hooknet_project/.snakemake/slurm_logs/rule_inference/_uufs_chpc.utah.edu_common_home_u6073678_hooknet_project_219232/1383218.log).
[Tue Jun  2 15:42:27 2026]
rule inference:
    input: /scratch/general/vast/u6073678/hooknet_tmp/converted/219222.tif, /scratch/general/vast/u6073678/hooknet_tmp/masks/219222_mask.tif
    output: /uufs/chpc.utah.edu/common/home/u6073678/hooknet_project/results/inference/done/219222_hooknet.done, /uufs/chpc.utah.edu/common/home/u6073678/hooknet_project/results/inference/219222/post-processed/219222_hooknettls_post_processed.xml
    jobid: 138
    reason: Missing output files: /uufs/chpc.utah.edu/common/home/u6073678/hooknet_project/results/inference/219222/post-processed/219222_hooknettls_post_processed.xml; Code has changed since last execution
    wildcards: project=/uufs/chpc.utah.edu/common/home/u6073678/hooknet_project, slide=219222
    threads: 8
    resources: mem_mb=32000, mem_mib=30518, disk_mb=5927, disk_mib=5653, tmpdir=<TBD>, slurm_account=stewartp, slurm_partition=rai-gpu-grn, slurm_extra=--qos=rai-gpu-grn --account=rai --gres=gpu:1 --cluster=granite, runtime=60, cpus_per_task=4
Shell command: 
        rm -rf /scratch/general/vast/u6073678/hooknet_tmp/tmp && mkdir -p /scratch/general/vast/u6073678/hooknet_tmp/tmp
        mkdir -p /scratch/general/vast/u6073678/hooknet_tmp/output/images
        mkdir -p /uufs/chpc.utah.edu/common/home/u6073678/hooknet_project/results/inference/219222
        mkdir -p /uufs/chpc.utah.edu/common/home/u6073678/hooknet_project/results/inference/done
        apptainer exec --nv \
            --bind /scratch/general/vast/u6073678/hooknet_tmp:/workspace \
            --bind /scratch/general/vast/u6073678/hooknet_tmp/tmp:/home/user/tmp \
            /uufs/chpc.utah.edu/common/home/u6073678/hooknet_project/containers/hooknet_tls.sif \
            python -m hooknettls \
            hooknettls.default.image_path=/workspace/converted/219222.tif \
            hooknettls.default.mask_path=/workspace/masks/219222_mask.tif \
            hooknettls.default.model_weights=/home/user/pathology-hooknet-tls/weights/lung_weights.h5 \
            hooknettls.default.output_folder=/workspace/output/images/219222/
        cp -r /scratch/general/vast/u6073678/hooknet_tmp/output/images/219222/. \
              /uufs/chpc.utah.edu/common/home/u6073678/hooknet_project/results/inference/219222/
        touch /uufs/chpc.utah.edu/common/home/u6073678/hooknet_project/results/inference/done/219222_hooknet.done
        rm -f  /scratch/general/vast/u6073678/hooknet_tmp/input/219222.svs
        rm -f  /scratch/general/vast/u6073678/hooknet_tmp/masks/219222_mask.tif
        rm -rf /scratch/general/vast/u6073678/hooknet_tmp/output/images/219222/
        rm -rf /scratch/general/vast/u6073678/hooknet_tmp/tmp/*
        
Job 138 has been submitted with SLURM jobid 1383219 (log: /uufs/chpc.utah.edu/common/home/u6073678/hooknet_project/.snakemake/slurm_logs/rule_inference/_uufs_chpc.utah.edu_common_home_u6073678_hooknet_project_219222/1383219.log).
[Tue Jun  2 15:42:27 2026]
rule inference:
    input: /scratch/general/vast/u6073678/hooknet_tmp/converted/219118.tif, /scratch/general/vast/u6073678/hooknet_tmp/masks/219118_mask.tif
    output: /uufs/chpc.utah.edu/common/home/u6073678/hooknet_project/results/inference/done/219118_hooknet.done, /uufs/chpc.utah.edu/common/home/u6073678/hooknet_project/results/inference/219118/post-processed/219118_hooknettls_post_processed.xml
    jobid: 20
    reason: Missing output files: /uufs/chpc.utah.edu/common/home/u6073678/hooknet_project/results/inference/219118/post-processed/219118_hooknettls_post_processed.xml; Code has changed since last execution
    wildcards: project=/uufs/chpc.utah.edu/common/home/u6073678/hooknet_project, slide=219118
    threads: 8
    resources: mem_mb=32000, mem_mib=30518, disk_mb=3596, disk_mib=3430, tmpdir=<TBD>, slurm_account=stewartp, slurm_partition=rai-gpu-grn, slurm_extra=--qos=rai-gpu-grn --account=rai --gres=gpu:1 --cluster=granite, runtime=60, cpus_per_task=4
Shell command: 
        rm -rf /scratch/general/vast/u6073678/hooknet_tmp/tmp && mkdir -p /scratch/general/vast/u6073678/hooknet_tmp/tmp
        mkdir -p /scratch/general/vast/u6073678/hooknet_tmp/output/images
        mkdir -p /uufs/chpc.utah.edu/common/home/u6073678/hooknet_project/results/inference/219118
        mkdir -p /uufs/chpc.utah.edu/common/home/u6073678/hooknet_project/results/inference/done
        apptainer exec --nv \
            --bind /scratch/general/vast/u6073678/hooknet_tmp:/workspace \
            --bind /scratch/general/vast/u6073678/hooknet_tmp/tmp:/home/user/tmp \
            /uufs/chpc.utah.edu/common/home/u6073678/hooknet_project/containers/hooknet_tls.sif \
            python -m hooknettls \
            hooknettls.default.image_path=/workspace/converted/219118.tif \
            hooknettls.default.mask_path=/workspace/masks/219118_mask.tif \
            hooknettls.default.model_weights=/home/user/pathology-hooknet-tls/weights/lung_weights.h5 \
            hooknettls.default.output_folder=/workspace/output/images/219118/
        cp -r /scratch/general/vast/u6073678/hooknet_tmp/output/images/219118/. \
              /uufs/chpc.utah.edu/common/home/u6073678/hooknet_project/results/inference/219118/
        touch /uufs/chpc.utah.edu/common/home/u6073678/hooknet_project/results/inference/done/219118_hooknet.done
        rm -f  /scratch/general/vast/u6073678/hooknet_tmp/input/219118.svs
        rm -f  /scratch/general/vast/u6073678/hooknet_tmp/masks/219118_mask.tif
        rm -rf /scratch/general/vast/u6073678/hooknet_tmp/output/images/219118/
        rm -rf /scratch/general/vast/u6073678/hooknet_tmp/tmp/*
        
Job 20 has been submitted with SLURM jobid 1383220 (log: /uufs/chpc.utah.edu/common/home/u6073678/hooknet_project/.snakemake/slurm_logs/rule_inference/_uufs_chpc.utah.edu_common_home_u6073678_hooknet_project_219118/1383220.log).
[Tue Jun  2 15:42:27 2026]
rule inference:
    input: /scratch/general/vast/u6073678/hooknet_tmp/converted/219298.tif, /scratch/general/vast/u6073678/hooknet_tmp/masks/219298_mask.tif
    output: /uufs/chpc.utah.edu/common/home/u6073678/hooknet_project/results/inference/done/219298_hooknet.done, /uufs/chpc.utah.edu/common/home/u6073678/hooknet_project/results/inference/219298/post-processed/219298_hooknettls_post_processed.xml
    jobid: 256
    reason: Missing output files: /uufs/chpc.utah.edu/common/home/u6073678/hooknet_project/results/inference/219298/post-processed/219298_hooknettls_post_processed.xml; Code has changed since last execution
    wildcards: project=/uufs/chpc.utah.edu/common/home/u6073678/hooknet_project, slide=219298
    threads: 8
    resources: mem_mb=32000, mem_mib=30518, disk_mb=2762, disk_mib=2635, tmpdir=<TBD>, slurm_account=stewartp, slurm_partition=rai-gpu-grn, slurm_extra=--qos=rai-gpu-grn --account=rai --gres=gpu:1 --cluster=granite, runtime=60, cpus_per_task=4
Shell command: 
        rm -rf /scratch/general/vast/u6073678/hooknet_tmp/tmp && mkdir -p /scratch/general/vast/u6073678/hooknet_tmp/tmp
        mkdir -p /scratch/general/vast/u6073678/hooknet_tmp/output/images
        mkdir -p /uufs/chpc.utah.edu/common/home/u6073678/hooknet_project/results/inference/219298
        mkdir -p /uufs/chpc.utah.edu/common/home/u6073678/hooknet_project/results/inference/done
        apptainer exec --nv \
            --bind /scratch/general/vast/u6073678/hooknet_tmp:/workspace \
            --bind /scratch/general/vast/u6073678/hooknet_tmp/tmp:/home/user/tmp \
            /uufs/chpc.utah.edu/common/home/u6073678/hooknet_project/containers/hooknet_tls.sif \
            python -m hooknettls \
            hooknettls.default.image_path=/workspace/converted/219298.tif \
            hooknettls.default.mask_path=/workspace/masks/219298_mask.tif \
            hooknettls.default.model_weights=/home/user/pathology-hooknet-tls/weights/lung_weights.h5 \
            hooknettls.default.output_folder=/workspace/output/images/219298/
        cp -r /scratch/general/vast/u6073678/hooknet_tmp/output/images/219298/. \
              /uufs/chpc.utah.edu/common/home/u6073678/hooknet_project/results/inference/219298/
        touch /uufs/chpc.utah.edu/common/home/u6073678/hooknet_project/results/inference/done/219298_hooknet.done
        rm -f  /scratch/general/vast/u6073678/hooknet_tmp/input/219298.svs
        rm -f  /scratch/general/vast/u6073678/hooknet_tmp/masks/219298_mask.tif
        rm -rf /scratch/general/vast/u6073678/hooknet_tmp/output/images/219298/
        rm -rf /scratch/general/vast/u6073678/hooknet_tmp/tmp/*
        
Job 256 has been submitted with SLURM jobid 1383221 (log: /uufs/chpc.utah.edu/common/home/u6073678/hooknet_project/.snakemake/slurm_logs/rule_inference/_uufs_chpc.utah.edu_common_home_u6073678_hooknet_project_219298/1383221.log).
[Tue Jun  2 15:42:27 2026]
rule inference:
    input: /scratch/general/vast/u6073678/hooknet_tmp/converted/219154.tif, /scratch/general/vast/u6073678/hooknet_tmp/masks/219154_mask.tif
    output: /uufs/chpc.utah.edu/common/home/u6073678/hooknet_project/results/inference/done/219154_hooknet.done, /uufs/chpc.utah.edu/common/home/u6073678/hooknet_project/results/inference/219154/post-processed/219154_hooknettls_post_processed.xml
    jobid: 60
    reason: Missing output files: /uufs/chpc.utah.edu/common/home/u6073678/hooknet_project/results/inference/219154/post-processed/219154_hooknettls_post_processed.xml; Code has changed since last execution
    wildcards: project=/uufs/chpc.utah.edu/common/home/u6073678/hooknet_project, slide=219154
    threads: 8
    resources: mem_mb=32000, mem_mib=30518, disk_mb=3242, disk_mib=3092, tmpdir=<TBD>, slurm_account=stewartp, slurm_partition=rai-gpu-grn, slurm_extra=--qos=rai-gpu-grn --account=rai --gres=gpu:1 --cluster=granite, runtime=60, cpus_per_task=4
Shell command: 
        rm -rf /scratch/general/vast/u6073678/hooknet_tmp/tmp && mkdir -p /scratch/general/vast/u6073678/hooknet_tmp/tmp
        mkdir -p /scratch/general/vast/u6073678/hooknet_tmp/output/images
        mkdir -p /uufs/chpc.utah.edu/common/home/u6073678/hooknet_project/results/inference/219154
        mkdir -p /uufs/chpc.utah.edu/common/home/u6073678/hooknet_project/results/inference/done
        apptainer exec --nv \
            --bind /scratch/general/vast/u6073678/hooknet_tmp:/workspace \
            --bind /scratch/general/vast/u6073678/hooknet_tmp/tmp:/home/user/tmp \
            /uufs/chpc.utah.edu/common/home/u6073678/hooknet_project/containers/hooknet_tls.sif \
            python -m hooknettls \
            hooknettls.default.image_path=/workspace/converted/219154.tif \
            hooknettls.default.mask_path=/workspace/masks/219154_mask.tif \
            hooknettls.default.model_weights=/home/user/pathology-hooknet-tls/weights/lung_weights.h5 \
            hooknettls.default.output_folder=/workspace/output/images/219154/
        cp -r /scratch/general/vast/u6073678/hooknet_tmp/output/images/219154/. \
              /uufs/chpc.utah.edu/common/home/u6073678/hooknet_project/results/inference/219154/
        touch /uufs/chpc.utah.edu/common/home/u6073678/hooknet_project/results/inference/done/219154_hooknet.done
        rm -f  /scratch/general/vast/u6073678/hooknet_tmp/input/219154.svs
        rm -f  /scratch/general/vast/u6073678/hooknet_tmp/masks/219154_mask.tif
        rm -rf /scratch/general/vast/u6073678/hooknet_tmp/output/images/219154/
        rm -rf /scratch/general/vast/u6073678/hooknet_tmp/tmp/*
        
Job 60 has been submitted with SLURM jobid 1383222 (log: /uufs/chpc.utah.edu/common/home/u6073678/hooknet_project/.snakemake/slurm_logs/rule_inference/_uufs_chpc.utah.edu_common_home_u6073678_hooknet_project_219154/1383222.log).
[Tue Jun  2 15:42:27 2026]
rule inference:
    input: /scratch/general/vast/u6073678/hooknet_tmp/converted/219212.tif, /scratch/general/vast/u6073678/hooknet_tmp/masks/219212_mask.tif
    output: /uufs/chpc.utah.edu/common/home/u6073678/hooknet_project/results/inference/done/219212_hooknet.done, /uufs/chpc.utah.edu/common/home/u6073678/hooknet_project/results/inference/219212/post-processed/219212_hooknettls_post_processed.xml
    jobid: 119
    reason: Missing output files: /uufs/chpc.utah.edu/common/home/u6073678/hooknet_project/results/inference/219212/post-processed/219212_hooknettls_post_processed.xml
    wildcards: project=/uufs/chpc.utah.edu/common/home/u6073678/hooknet_project, slide=219212
    threads: 8
    resources: mem_mb=32000, mem_mib=30518, disk_mb=3731, disk_mib=3559, tmpdir=<TBD>, slurm_account=stewartp, slurm_partition=rai-gpu-grn, slurm_extra=--qos=rai-gpu-grn --account=rai --gres=gpu:1 --cluster=granite, runtime=60, cpus_per_task=4
Shell command: 
        rm -rf /scratch/general/vast/u6073678/hooknet_tmp/tmp && mkdir -p /scratch/general/vast/u6073678/hooknet_tmp/tmp
        mkdir -p /scratch/general/vast/u6073678/hooknet_tmp/output/images
        mkdir -p /uufs/chpc.utah.edu/common/home/u6073678/hooknet_project/results/inference/219212
        mkdir -p /uufs/chpc.utah.edu/common/home/u6073678/hooknet_project/results/inference/done
        apptainer exec --nv \
            --bind /scratch/general/vast/u6073678/hooknet_tmp:/workspace \
            --bind /scratch/general/vast/u6073678/hooknet_tmp/tmp:/home/user/tmp \
            /uufs/chpc.utah.edu/common/home/u6073678/hooknet_project/containers/hooknet_tls.sif \
            python -m hooknettls \
            hooknettls.default.image_path=/workspace/converted/219212.tif \
            hooknettls.default.mask_path=/workspace/masks/219212_mask.tif \
            hooknettls.default.model_weights=/home/user/pathology-hooknet-tls/weights/lung_weights.h5 \
            hooknettls.default.output_folder=/workspace/output/images/219212/
        cp -r /scratch/general/vast/u6073678/hooknet_tmp/output/images/219212/. \
              /uufs/chpc.utah.edu/common/home/u6073678/hooknet_project/results/inference/219212/
        touch /uufs/chpc.utah.edu/common/home/u6073678/hooknet_project/results/inference/done/219212_hooknet.done
        rm -f  /scratch/general/vast/u6073678/hooknet_tmp/input/219212.svs
        rm -f  /scratch/general/vast/u6073678/hooknet_tmp/masks/219212_mask.tif
        rm -rf /scratch/general/vast/u6073678/hooknet_tmp/output/images/219212/
        rm -rf /scratch/general/vast/u6073678/hooknet_tmp/tmp/*
        
Job 119 has been submitted with SLURM jobid 1383223 (log: /uufs/chpc.utah.edu/common/home/u6073678/hooknet_project/.snakemake/slurm_logs/rule_inference/_uufs_chpc.utah.edu_common_home_u6073678_hooknet_project_219212/1383223.log).
Select jobs to execute...
Terminating processes on user request, this might take some time.
Complete log(s): /uufs/chpc.utah.edu/common/home/u6073678/hooknet_project/.snakemake/log/2026-06-02T154216.162473.snakemake.log
WorkflowError:
At least one job did not complete successfully.
