Assuming unrestricted shared filesystem usage.
None
host: notch308
Building DAG of jobs...
Using shell: /usr/bin/bash
Provided cores: 8
Rules claiming more threads will be scaled down.
Job stats:
job        count
-------  -------
all            1
convert        1
mask           1
total          3

Select jobs to execute...
Execute 1 jobs...
[Fri May 22 15:47:54 2026]
localrule convert:
    input: /uufs/chpc.utah.edu/common/home/u6073678/hooknet_project/box_raw/H_E/LSCC/C3L-00415-23.svs
    output: results/converted/C3L-00415-23.tif
    jobid: 2
    reason: Missing output files: results/converted/C3L-00415-23.tif; Set of input files has changed since last execution
    wildcards: slide=C3L-00415-23
    resources: tmpdir=/scratch/local/u6073678/13100636
Shell command: 
        apptainer exec /uufs/chpc.utah.edu/common/home/u6073678/hooknet_project/containers/hooknet_tls.sif         python /uufs/chpc.utah.edu/common/home/u6073678/hooknet_project/scripts/save_image_at_spacing.py.py         -i /uufs/chpc.utah.edu/common/home/u6073678/hooknet_project/box_raw/H_E/LSCC/C3L-00415-23.svs         -s 0.5         -o results/converted/ 
        
[Fri May 22 15:48:46 2026]
Finished jobid: 2 (Rule: convert)
1 of 3 steps (33%) done
Select jobs to execute...
Execute 1 jobs...
[Fri May 22 15:48:46 2026]
localrule mask:
    input: results/converted/C3L-00415-23.tif
    output: results/masks/C3L-00415-23_mask.tif
    jobid: 1
    reason: Missing output files: results/masks/C3L-00415-23_mask.tif; Input files updated by another job: results/converted/C3L-00415-23.tif
    wildcards: slide=C3L-00415-23
    resources: tmpdir=/scratch/local/u6073678/13100636
Shell command: 
        apptainer exec /uufs/chpc.utah.edu/common/home/u6073678/hooknet_project/containers/hooknet_tls.sif         python /uufs/chpc.utah.edu/common/home/u6073678/hooknet_project/scripts/create_mask_tif.py         --input results/converted/C3L-00415-23.tif         --output results/masks/C3L-00415-23_mask.tif
        
[Fri May 22 15:48:56 2026]
Finished jobid: 1 (Rule: mask)
2 of 3 steps (67%) done
Select jobs to execute...
Execute 1 jobs...
[Fri May 22 15:48:56 2026]
localrule all:
    input: results/masks/C3L-00415-23_mask.tif
    jobid: 0
    reason: Input files updated by another job: results/masks/C3L-00415-23_mask.tif
    resources: tmpdir=/scratch/local/u6073678/13100636
Shell command: None
[Fri May 22 15:48:56 2026]
Finished jobid: 0 (Rule: all)
3 of 3 steps (100%) done
Complete log(s): /uufs/chpc.utah.edu/common/home/u6073678/hooknet_project/.snakemake/log/2026-05-22T154753.584397.snakemake.log
