Assuming unrestricted shared filesystem usage.
None
host: grn025
Building DAG of jobs...
Using shell: /usr/bin/bash
Provided cores: 8
Rules claiming more threads will be scaled down.
Job stats:
job          count
---------  -------
all              1
convert          1
inference        1
mask             1
total            4

Select jobs to execute...
Execute 1 jobs...
[Wed May 27 12:14:28 2026]
localrule convert:
    input: /uufs/chpc.utah.edu/common/home/u6073678/hooknet_project/box_raw/H_E/LSCC/C3L-00415-23.svs, /uufs/chpc.utah.edu/common/home/u6073678/hooknet_project/results/logs/C3L-00415-23.validated.txt
    output: /scratch/general/vast/u6073678/hooknet_tmp/converted/C3L-00415-23.tif
    jobid: 2
    reason: Missing output files: /scratch/general/vast/u6073678/hooknet_tmp/converted/C3L-00415-23.tif
    wildcards: work=/scratch/general/vast/u6073678/hooknet_tmp, slide=C3L-00415-23
    resources: tmpdir=/scratch/local/u6073678/1350980

RuleException:
CalledProcessError in file "/uufs/chpc.utah.edu/common/home/u6073678/hooknet_project/Snakefile", line 71:
Command 'set -euo pipefail;  
        mkdir -p /scratch/general/vast/u6073678/hooknet_tmp/input
        mkdir -p /scratch/general/vast/u6073678/hooknet_tmp/converted
        mkdir -p /scratch/general/vast/u6073678/hooknet_tmp/tmp

        cp /uufs/chpc.utah.edu/common/home/u6073678/hooknet_project/box_raw/H_E/LSCC/C3L-00415-23.svs /scratch/general/vast/u6073678/hooknet_tmp/input/C3L-00415-23.svs

        apptainer exec         --bind /scratch/general/vast/u6073678/hooknet_tmp:/workspace         --bind /scratch/general/vast/u6073678/hooknet_tmp/tmp:/home/user/tmp         /uufs/chpc.utah.edu/common/home/u6073678/hooknet_project/containers/hooknet_tls.sif         python /uufs/chpc.utah.edu/common/home/u6073678/hooknet_project/scripts/save_image_at_spacing.py.py         -i /workspace/input/C3L-00415-23.svs         -s 0.5         -o /workspace/converted/          -t /workspace/tmp/' died with <Signals.SIGKILL: 9>.
[Wed May 27 12:33:34 2026]
Error in rule convert:
    message: None
    jobid: 2
    input: /uufs/chpc.utah.edu/common/home/u6073678/hooknet_project/box_raw/H_E/LSCC/C3L-00415-23.svs, /uufs/chpc.utah.edu/common/home/u6073678/hooknet_project/results/logs/C3L-00415-23.validated.txt
    output: /scratch/general/vast/u6073678/hooknet_tmp/converted/C3L-00415-23.tif
    shell:
        
        mkdir -p /scratch/general/vast/u6073678/hooknet_tmp/input
        mkdir -p /scratch/general/vast/u6073678/hooknet_tmp/converted
        mkdir -p /scratch/general/vast/u6073678/hooknet_tmp/tmp

        cp /uufs/chpc.utah.edu/common/home/u6073678/hooknet_project/box_raw/H_E/LSCC/C3L-00415-23.svs /scratch/general/vast/u6073678/hooknet_tmp/input/C3L-00415-23.svs

        apptainer exec         --bind /scratch/general/vast/u6073678/hooknet_tmp:/workspace         --bind /scratch/general/vast/u6073678/hooknet_tmp/tmp:/home/user/tmp         /uufs/chpc.utah.edu/common/home/u6073678/hooknet_project/containers/hooknet_tls.sif         python /uufs/chpc.utah.edu/common/home/u6073678/hooknet_project/scripts/save_image_at_spacing.py.py         -i /workspace/input/C3L-00415-23.svs         -s 0.5         -o /workspace/converted/          -t /workspace/tmp/
        
        (command exited with non-zero exit code)
Shutting down, this might take some time.
Exiting because a job execution failed. Look below for error messages
[Wed May 27 12:33:36 2026]
Error in rule convert:
    message: None
    jobid: 2
    input: /uufs/chpc.utah.edu/common/home/u6073678/hooknet_project/box_raw/H_E/LSCC/C3L-00415-23.svs, /uufs/chpc.utah.edu/common/home/u6073678/hooknet_project/results/logs/C3L-00415-23.validated.txt
    output: /scratch/general/vast/u6073678/hooknet_tmp/converted/C3L-00415-23.tif
    shell:
        
        mkdir -p /scratch/general/vast/u6073678/hooknet_tmp/input
        mkdir -p /scratch/general/vast/u6073678/hooknet_tmp/converted
        mkdir -p /scratch/general/vast/u6073678/hooknet_tmp/tmp

        cp /uufs/chpc.utah.edu/common/home/u6073678/hooknet_project/box_raw/H_E/LSCC/C3L-00415-23.svs /scratch/general/vast/u6073678/hooknet_tmp/input/C3L-00415-23.svs

        apptainer exec         --bind /scratch/general/vast/u6073678/hooknet_tmp:/workspace         --bind /scratch/general/vast/u6073678/hooknet_tmp/tmp:/home/user/tmp         /uufs/chpc.utah.edu/common/home/u6073678/hooknet_project/containers/hooknet_tls.sif         python /uufs/chpc.utah.edu/common/home/u6073678/hooknet_project/scripts/save_image_at_spacing.py.py         -i /workspace/input/C3L-00415-23.svs         -s 0.5         -o /workspace/converted/          -t /workspace/tmp/
        
        (command exited with non-zero exit code)
Complete log(s): /uufs/chpc.utah.edu/common/home/u6073678/hooknet_project/.snakemake/log/2026-05-27T121428.281816.snakemake.log
WorkflowError:
At least one job did not complete successfully.
