Assuming unrestricted shared filesystem usage.
None
host: lp233
Building DAG of jobs...
Using shell: /usr/bin/bash
Provided cores: 8
Rules claiming more threads will be scaled down.
Job stats:
job             count
------------  -------
all                 1
convert             4
cpu_complete        1
mask                4
validate            4
total              14

Select jobs to execute...
Execute 4 jobs...
[Wed May 27 16:13:02 2026]
localrule validate:
    input: /uufs/chpc.utah.edu/common/home/u6073678/hooknet_project/box_raw/H_E/LSCC/C3L-00445-24.svs
    output: /uufs/chpc.utah.edu/common/home/u6073678/hooknet_project/results/logs/C3L-00445-24.validated.txt
    jobid: 16
    reason: Missing output files: /uufs/chpc.utah.edu/common/home/u6073678/hooknet_project/results/logs/C3L-00445-24.validated.txt; Updated input files: /uufs/chpc.utah.edu/common/home/u6073678/hooknet_project/box_raw/H_E/LSCC/C3L-00445-24.svs
    wildcards: slide=C3L-00445-24
    resources: tmpdir=/scratch/local/u6073678/9148384

[Wed May 27 16:13:02 2026]
localrule validate:
    input: /uufs/chpc.utah.edu/common/home/u6073678/hooknet_project/box_raw/H_E/LSCC/C3L-00415-26.svs
    output: /uufs/chpc.utah.edu/common/home/u6073678/hooknet_project/results/logs/C3L-00415-26.validated.txt
    jobid: 10
    reason: Missing output files: /uufs/chpc.utah.edu/common/home/u6073678/hooknet_project/results/logs/C3L-00415-26.validated.txt; Updated input files: /uufs/chpc.utah.edu/common/home/u6073678/hooknet_project/box_raw/H_E/LSCC/C3L-00415-26.svs
    wildcards: slide=C3L-00415-26
    resources: tmpdir=/scratch/local/u6073678/9148384

[Wed May 27 16:13:02 2026]
localrule validate:
    input: /uufs/chpc.utah.edu/common/home/u6073678/hooknet_project/box_raw/H_E/LSCC/C3L-00081-21.svs
    output: /uufs/chpc.utah.edu/common/home/u6073678/hooknet_project/results/logs/C3L-00081-21.validated.txt
    jobid: 4
    reason: Missing output files: /uufs/chpc.utah.edu/common/home/u6073678/hooknet_project/results/logs/C3L-00081-21.validated.txt; Updated input files: /uufs/chpc.utah.edu/common/home/u6073678/hooknet_project/box_raw/H_E/LSCC/C3L-00081-21.svs
    wildcards: slide=C3L-00081-21
    resources: tmpdir=/scratch/local/u6073678/9148384

[Wed May 27 16:13:02 2026]
localrule validate:
    input: /uufs/chpc.utah.edu/common/home/u6073678/hooknet_project/box_raw/H_E/LSCC/C3L-00445-21.svs
    output: /uufs/chpc.utah.edu/common/home/u6073678/hooknet_project/results/logs/C3L-00445-21.validated.txt
    jobid: 13
    reason: Missing output files: /uufs/chpc.utah.edu/common/home/u6073678/hooknet_project/results/logs/C3L-00445-21.validated.txt; Updated input files: /uufs/chpc.utah.edu/common/home/u6073678/hooknet_project/box_raw/H_E/LSCC/C3L-00445-21.svs
    wildcards: slide=C3L-00445-21
    resources: tmpdir=/scratch/local/u6073678/9148384

[Wed May 27 16:13:02 2026]
Finished jobid: 16 (Rule: validate)
1 of 14 steps (7%) done
[Wed May 27 16:13:02 2026]
Finished jobid: 10 (Rule: validate)
2 of 14 steps (14%) done
[Wed May 27 16:13:02 2026]
Finished jobid: 4 (Rule: validate)
3 of 14 steps (21%) done
Select jobs to execute...
[Wed May 27 16:13:02 2026]
Finished jobid: 13 (Rule: validate)
4 of 14 steps (29%) done
Execute 1 jobs...
[Wed May 27 16:13:02 2026]
localrule convert:
    input: /uufs/chpc.utah.edu/common/home/u6073678/hooknet_project/box_raw/H_E/LSCC/C3L-00081-21.svs, /uufs/chpc.utah.edu/common/home/u6073678/hooknet_project/results/logs/C3L-00081-21.validated.txt
    output: /scratch/general/vast/u6073678/hooknet_tmp/converted/C3L-00081-21.tif
    jobid: 3
    reason: Missing output files: /scratch/general/vast/u6073678/hooknet_tmp/converted/C3L-00081-21.tif; Input files updated by another job: /uufs/chpc.utah.edu/common/home/u6073678/hooknet_project/results/logs/C3L-00081-21.validated.txt
    wildcards: slide=C3L-00081-21
    threads: 8
    resources: tmpdir=/scratch/local/u6073678/9148384

Select jobs to execute...
RuleException:
CalledProcessError in file "/uufs/chpc.utah.edu/common/home/u6073678/hooknet_project/Snakefile.cpu", line 44:
Command 'set -euo pipefail;  
        mkdir -p /scratch/general/vast/u6073678/hooknet_tmp/input
        mkdir -p /scratch/general/vast/u6073678/hooknet_tmp/converted
        mkdir -p /scratch/general/vast/u6073678/hooknet_tmp/tmp

        cp /uufs/chpc.utah.edu/common/home/u6073678/hooknet_project/box_raw/H_E/LSCC/C3L-00081-21.svs /scratch/general/vast/u6073678/hooknet_tmp/input/C3L-00081-21.svs

        apptainer exec \
        --bind /scratch/general/vast/u6073678/hooknet_tmp:/workspace \
        --bind /scratch/general/vast/u6073678/hooknet_tmp/tmp:/home/user/tmp \
        /uufs/chpc.utah.edu/common/home/u6073678/hooknet_project/containers/hooknet_tls.sif \
        python /uufs/chpc.utah.edu/common/home/u6073678/hooknet_project/scripts/save_image_at_spacing.py.py \
        -i /workspace/input/C3L-00081-21.svs \
        -s 0.5 \
        -o /workspace/converted/  \
        -t /workspace/tmp/' returned non-zero exit status 1.
[Wed May 27 16:13:02 2026]
Error in rule convert:
    message: None
    jobid: 3
    input: /uufs/chpc.utah.edu/common/home/u6073678/hooknet_project/box_raw/H_E/LSCC/C3L-00081-21.svs, /uufs/chpc.utah.edu/common/home/u6073678/hooknet_project/results/logs/C3L-00081-21.validated.txt
    output: /scratch/general/vast/u6073678/hooknet_tmp/converted/C3L-00081-21.tif
    shell:
        
        mkdir -p /scratch/general/vast/u6073678/hooknet_tmp/input
        mkdir -p /scratch/general/vast/u6073678/hooknet_tmp/converted
        mkdir -p /scratch/general/vast/u6073678/hooknet_tmp/tmp

        cp /uufs/chpc.utah.edu/common/home/u6073678/hooknet_project/box_raw/H_E/LSCC/C3L-00081-21.svs /scratch/general/vast/u6073678/hooknet_tmp/input/C3L-00081-21.svs

        apptainer exec \
        --bind /scratch/general/vast/u6073678/hooknet_tmp:/workspace \
        --bind /scratch/general/vast/u6073678/hooknet_tmp/tmp:/home/user/tmp \
        /uufs/chpc.utah.edu/common/home/u6073678/hooknet_project/containers/hooknet_tls.sif \
        python /uufs/chpc.utah.edu/common/home/u6073678/hooknet_project/scripts/save_image_at_spacing.py.py \
        -i /workspace/input/C3L-00081-21.svs \
        -s 0.5 \
        -o /workspace/converted/  \
        -t /workspace/tmp/
        
        (command exited with non-zero exit code)
Shutting down, this might take some time.
Exiting because a job execution failed. Look below for error messages
[Wed May 27 16:13:02 2026]
Error in rule convert:
    message: None
    jobid: 3
    input: /uufs/chpc.utah.edu/common/home/u6073678/hooknet_project/box_raw/H_E/LSCC/C3L-00081-21.svs, /uufs/chpc.utah.edu/common/home/u6073678/hooknet_project/results/logs/C3L-00081-21.validated.txt
    output: /scratch/general/vast/u6073678/hooknet_tmp/converted/C3L-00081-21.tif
    shell:
        
        mkdir -p /scratch/general/vast/u6073678/hooknet_tmp/input
        mkdir -p /scratch/general/vast/u6073678/hooknet_tmp/converted
        mkdir -p /scratch/general/vast/u6073678/hooknet_tmp/tmp

        cp /uufs/chpc.utah.edu/common/home/u6073678/hooknet_project/box_raw/H_E/LSCC/C3L-00081-21.svs /scratch/general/vast/u6073678/hooknet_tmp/input/C3L-00081-21.svs

        apptainer exec \
        --bind /scratch/general/vast/u6073678/hooknet_tmp:/workspace \
        --bind /scratch/general/vast/u6073678/hooknet_tmp/tmp:/home/user/tmp \
        /uufs/chpc.utah.edu/common/home/u6073678/hooknet_project/containers/hooknet_tls.sif \
        python /uufs/chpc.utah.edu/common/home/u6073678/hooknet_project/scripts/save_image_at_spacing.py.py \
        -i /workspace/input/C3L-00081-21.svs \
        -s 0.5 \
        -o /workspace/converted/  \
        -t /workspace/tmp/
        
        (command exited with non-zero exit code)
Complete log(s): /uufs/chpc.utah.edu/common/home/u6073678/hooknet_project/.snakemake/log/2026-05-27T161300.830432.snakemake.log
WorkflowError:
At least one job did not complete successfully.
