Assuming unrestricted shared filesystem usage.
None
host: lp233
Building DAG of jobs...
Using shell: /usr/bin/bash
Provided cores: 8
Rules claiming more threads will be scaled down.
Job stats:
job             count
------------  -------
all                 1
convert             4
cpu_complete        1
mask                4
total              10

Select jobs to execute...
Execute 1 jobs...
[Wed May 27 16:28:04 2026]
localrule convert:
    input: /uufs/chpc.utah.edu/common/home/u6073678/hooknet_project/box_raw/H_E/LSCC/C3L-00081-21.svs, /uufs/chpc.utah.edu/common/home/u6073678/hooknet_project/results/logs/C3L-00081-21.validated.txt
    output: /scratch/general/vast/u6073678/hooknet_tmp/converted/C3L-00081-21.tif
    jobid: 3
    reason: Missing output files: /scratch/general/vast/u6073678/hooknet_tmp/converted/C3L-00081-21.tif
    wildcards: slide=C3L-00081-21
    threads: 8
    resources: tmpdir=/scratch/local/u6073678/9148384

Select jobs to execute...
[Wed May 27 16:29:23 2026]
Finished jobid: 3 (Rule: convert)
1 of 10 steps (10%) done
Execute 1 jobs...
[Wed May 27 16:29:23 2026]
localrule convert:
    input: /uufs/chpc.utah.edu/common/home/u6073678/hooknet_project/box_raw/H_E/LSCC/C3L-00445-24.svs, /uufs/chpc.utah.edu/common/home/u6073678/hooknet_project/results/logs/C3L-00445-24.validated.txt
    output: /scratch/general/vast/u6073678/hooknet_tmp/converted/C3L-00445-24.tif
    jobid: 15
    reason: Missing output files: /scratch/general/vast/u6073678/hooknet_tmp/converted/C3L-00445-24.tif; Updated input files: /uufs/chpc.utah.edu/common/home/u6073678/hooknet_project/results/logs/C3L-00445-24.validated.txt
    wildcards: slide=C3L-00445-24
    threads: 8
    resources: tmpdir=/scratch/local/u6073678/9148384

Select jobs to execute...
[Wed May 27 16:36:10 2026]
Finished jobid: 15 (Rule: convert)
2 of 10 steps (20%) done
Execute 1 jobs...
[Wed May 27 16:36:10 2026]
localrule convert:
    input: /uufs/chpc.utah.edu/common/home/u6073678/hooknet_project/box_raw/H_E/LSCC/C3L-00445-21.svs, /uufs/chpc.utah.edu/common/home/u6073678/hooknet_project/results/logs/C3L-00445-21.validated.txt
    output: /scratch/general/vast/u6073678/hooknet_tmp/converted/C3L-00445-21.tif
    jobid: 12
    reason: Missing output files: /scratch/general/vast/u6073678/hooknet_tmp/converted/C3L-00445-21.tif; Updated input files: /uufs/chpc.utah.edu/common/home/u6073678/hooknet_project/results/logs/C3L-00445-21.validated.txt
    wildcards: slide=C3L-00445-21
    threads: 8
    resources: tmpdir=/scratch/local/u6073678/9148384

Select jobs to execute...
[Wed May 27 16:45:37 2026]
Finished jobid: 12 (Rule: convert)
3 of 10 steps (30%) done
Execute 2 jobs...
[Wed May 27 16:45:37 2026]
localrule mask:
    input: /scratch/general/vast/u6073678/hooknet_tmp/converted/C3L-00445-21.tif
    output: /scratch/general/vast/u6073678/hooknet_tmp/masks/C3L-00445-21_mask.tif
    jobid: 11
    reason: Missing output files: /scratch/general/vast/u6073678/hooknet_tmp/masks/C3L-00445-21_mask.tif; Input files updated by another job: /scratch/general/vast/u6073678/hooknet_tmp/converted/C3L-00445-21.tif
    wildcards: slide=C3L-00445-21
    threads: 4
    resources: tmpdir=/scratch/local/u6073678/9148384

[Wed May 27 16:45:37 2026]
localrule mask:
    input: /scratch/general/vast/u6073678/hooknet_tmp/converted/C3L-00081-21.tif
    output: /scratch/general/vast/u6073678/hooknet_tmp/masks/C3L-00081-21_mask.tif
    jobid: 2
    reason: Missing output files: /scratch/general/vast/u6073678/hooknet_tmp/masks/C3L-00081-21_mask.tif; Input files updated by another job: /scratch/general/vast/u6073678/hooknet_tmp/converted/C3L-00081-21.tif
    wildcards: slide=C3L-00081-21
    threads: 4
    resources: tmpdir=/scratch/local/u6073678/9148384

Select jobs to execute...
[Wed May 27 16:45:48 2026]
Finished jobid: 2 (Rule: mask)
4 of 10 steps (40%) done
Execute 1 jobs...
[Wed May 27 16:45:48 2026]
localrule mask:
    input: /scratch/general/vast/u6073678/hooknet_tmp/converted/C3L-00445-24.tif
    output: /scratch/general/vast/u6073678/hooknet_tmp/masks/C3L-00445-24_mask.tif
    jobid: 14
    reason: Missing output files: /scratch/general/vast/u6073678/hooknet_tmp/masks/C3L-00445-24_mask.tif; Input files updated by another job: /scratch/general/vast/u6073678/hooknet_tmp/converted/C3L-00445-24.tif
    wildcards: slide=C3L-00445-24
    threads: 4
    resources: tmpdir=/scratch/local/u6073678/9148384

Select jobs to execute...
[Wed May 27 16:46:23 2026]
Finished jobid: 11 (Rule: mask)
5 of 10 steps (50%) done
[Wed May 27 16:46:26 2026]
Finished jobid: 14 (Rule: mask)
6 of 10 steps (60%) done
Execute 1 jobs...
[Wed May 27 16:46:26 2026]
localrule convert:
    input: /uufs/chpc.utah.edu/common/home/u6073678/hooknet_project/box_raw/H_E/LSCC/C3L-00415-26.svs, /uufs/chpc.utah.edu/common/home/u6073678/hooknet_project/results/logs/C3L-00415-26.validated.txt
    output: /scratch/general/vast/u6073678/hooknet_tmp/converted/C3L-00415-26.tif
    jobid: 9
    reason: Missing output files: /scratch/general/vast/u6073678/hooknet_tmp/converted/C3L-00415-26.tif; Updated input files: /uufs/chpc.utah.edu/common/home/u6073678/hooknet_project/results/logs/C3L-00415-26.validated.txt
    wildcards: slide=C3L-00415-26
    threads: 8
    resources: tmpdir=/scratch/local/u6073678/9148384

[Wed May 27 16:48:07 2026]
Finished jobid: 9 (Rule: convert)
7 of 10 steps (70%) done
Select jobs to execute...
Execute 1 jobs...
[Wed May 27 16:48:07 2026]
localrule mask:
    input: /scratch/general/vast/u6073678/hooknet_tmp/converted/C3L-00415-26.tif
    output: /scratch/general/vast/u6073678/hooknet_tmp/masks/C3L-00415-26_mask.tif
    jobid: 8
    reason: Missing output files: /scratch/general/vast/u6073678/hooknet_tmp/masks/C3L-00415-26_mask.tif; Input files updated by another job: /scratch/general/vast/u6073678/hooknet_tmp/converted/C3L-00415-26.tif
    wildcards: slide=C3L-00415-26
    threads: 4
    resources: tmpdir=/scratch/local/u6073678/9148384

[Wed May 27 16:48:19 2026]
Finished jobid: 8 (Rule: mask)
8 of 10 steps (80%) done
Select jobs to execute...
Execute 1 jobs...
[Wed May 27 16:48:19 2026]
localrule cpu_complete:
    input: /scratch/general/vast/u6073678/hooknet_tmp/masks/C3L-00081-21_mask.tif, /scratch/general/vast/u6073678/hooknet_tmp/masks/C3L-00415-23_mask.tif, /scratch/general/vast/u6073678/hooknet_tmp/masks/C3L-00415-26_mask.tif, /scratch/general/vast/u6073678/hooknet_tmp/masks/C3L-00445-21_mask.tif, /scratch/general/vast/u6073678/hooknet_tmp/masks/C3L-00445-24_mask.tif
    output: /scratch/general/vast/u6073678/hooknet_tmp/cpu_complete.done
    jobid: 1
    reason: Input files updated by another job: /scratch/general/vast/u6073678/hooknet_tmp/masks/C3L-00445-21_mask.tif, /scratch/general/vast/u6073678/hooknet_tmp/masks/C3L-00081-21_mask.tif, /scratch/general/vast/u6073678/hooknet_tmp/masks/C3L-00415-26_mask.tif, /scratch/general/vast/u6073678/hooknet_tmp/masks/C3L-00445-24_mask.tif
    resources: tmpdir=/scratch/local/u6073678/9148384

Touching output file /scratch/general/vast/u6073678/hooknet_tmp/cpu_complete.done.
[Wed May 27 16:48:19 2026]
Finished jobid: 1 (Rule: cpu_complete)
9 of 10 steps (90%) done
Select jobs to execute...
Execute 1 jobs...
[Wed May 27 16:48:19 2026]
localrule all:
    input: /scratch/general/vast/u6073678/hooknet_tmp/cpu_complete.done
    jobid: 0
    reason: Input files updated by another job: /scratch/general/vast/u6073678/hooknet_tmp/cpu_complete.done
    resources: tmpdir=/scratch/local/u6073678/9148384

[Wed May 27 16:48:19 2026]
Finished jobid: 0 (Rule: all)
10 of 10 steps (100%) done
Complete log(s): /uufs/chpc.utah.edu/common/home/u6073678/hooknet_project/.snakemake/log/2026-05-27T162803.354598.snakemake.log
