Assuming unrestricted shared filesystem usage.
None
host: notch308
Building DAG of jobs...
Using shell: /usr/bin/bash
Provided cores: 8
Rules claiming more threads will be scaled down.
Job stats:
job        count
-------  -------
all            1
convert        1
mask           1
total          3

Select jobs to execute...
Execute 1 jobs...
[Fri May 22 15:45:26 2026]
localrule convert:
    input: /uufs/chpc.utah.edu/common/home/u6073678/hooknet_project/box_raw/H&E/LSCC/C3L-00415-23.svs
    output: results/converted/C3L-00415-23.tif
    jobid: 2
    reason: Missing output files: results/converted/C3L-00415-23.tif
    wildcards: slide=C3L-00415-23
    resources: tmpdir=/scratch/local/u6073678/13100636
Shell command: 
        apptainer exec /uufs/chpc.utah.edu/common/home/u6073678/hooknet_project/containers/hooknet_tls.sif         python /uufs/chpc.utah.edu/common/home/u6073678/hooknet_project/scripts/save_image_at_spacing.py.py         -i /uufs/chpc.utah.edu/common/home/u6073678/hooknet_project/box_raw/H&E/LSCC/C3L-00415-23.svs         -s 0.5         -o results/converted/ 
        
RuleException:
CalledProcessError in file "/uufs/chpc.utah.edu/common/home/u6073678/hooknet_project/Snakefile", line 61:
Command 'set -euo pipefail;  
        apptainer exec /uufs/chpc.utah.edu/common/home/u6073678/hooknet_project/containers/hooknet_tls.sif         python /uufs/chpc.utah.edu/common/home/u6073678/hooknet_project/scripts/save_image_at_spacing.py.py         -i /uufs/chpc.utah.edu/common/home/u6073678/hooknet_project/box_raw/H&E/LSCC/C3L-00415-23.svs         -s 0.5         -o results/converted/' returned non-zero exit status 127.
[Fri May 22 15:45:26 2026]
Error in rule convert:
    message: None
    jobid: 2
    input: /uufs/chpc.utah.edu/common/home/u6073678/hooknet_project/box_raw/H&E/LSCC/C3L-00415-23.svs
    output: results/converted/C3L-00415-23.tif
    shell:
        
        apptainer exec /uufs/chpc.utah.edu/common/home/u6073678/hooknet_project/containers/hooknet_tls.sif         python /uufs/chpc.utah.edu/common/home/u6073678/hooknet_project/scripts/save_image_at_spacing.py.py         -i /uufs/chpc.utah.edu/common/home/u6073678/hooknet_project/box_raw/H&E/LSCC/C3L-00415-23.svs         -s 0.5         -o results/converted/ 
        
        (command exited with non-zero exit code)
Shutting down, this might take some time.
Exiting because a job execution failed. Look below for error messages
[Fri May 22 15:45:28 2026]
Error in rule convert:
    message: None
    jobid: 2
    input: /uufs/chpc.utah.edu/common/home/u6073678/hooknet_project/box_raw/H&E/LSCC/C3L-00415-23.svs
    output: results/converted/C3L-00415-23.tif
    shell:
        
        apptainer exec /uufs/chpc.utah.edu/common/home/u6073678/hooknet_project/containers/hooknet_tls.sif         python /uufs/chpc.utah.edu/common/home/u6073678/hooknet_project/scripts/save_image_at_spacing.py.py         -i /uufs/chpc.utah.edu/common/home/u6073678/hooknet_project/box_raw/H&E/LSCC/C3L-00415-23.svs         -s 0.5         -o results/converted/ 
        
        (command exited with non-zero exit code)
Complete log(s): /uufs/chpc.utah.edu/common/home/u6073678/hooknet_project/.snakemake/log/2026-05-22T154526.741198.snakemake.log
WorkflowError:
At least one job did not complete successfully.
