host: notch293
Building DAG of jobs...
Using shell: /usr/bin/bash
Provided remote nodes: 1
Provided resources: mem_mb=16000, mem_mib=15259, disk_mb=3242, disk_mib=3092, cpus_per_task=4
Select jobs to execute...
Execute 1 jobs...

[Tue Jun 16 16:32:07 2026]
rule inference:
    input: /scratch/general/vast/u6073678/hooknet_tmp/converted/219154.tif, /scratch/general/vast/u6073678/hooknet_tmp/masks/219154_mask.tif
    output: /scratch/rai/vast1/stewartp/hooknet_project/results/inference/done/219154_hooknet.done, /scratch/rai/vast1/stewartp/hooknet_project/results/inference/H_E/219154/post-processed/219154_hooknettls_post_processed.xml
    log: /scratch/general/vast/u6073678/hooknet_logs/219154_hooknet.log
    jobid: 0
    reason: Forced execution
    wildcards: slide=219154
    threads: 8
    resources: mem_mb=16000, mem_mib=15259, disk_mb=3242, disk_mib=3092, tmpdir=<TBD>, slurm_account=stewartp, slurm_partition=notchpeak-gpu, slurm_extra=--qos=notchpeak-gpu --account=notchpeak-gpu --gres=gpu:1 --clusters=notchpeak, runtime=40, cpus_per_task=4
Shell command: 
        set -euo pipefail
        mkdir -p /scratch/general/vast/u6073678/hooknet_tmp/tmp/219154
        mkdir -p /scratch/general/vast/u6073678/hooknet_tmp/output/images/219154
        mkdir -p /scratch/rai/vast1/stewartp/hooknet_project/results/inference/H_E/219154
        mkdir -p /scratch/rai/vast1/stewartp/hooknet_project/results/inference/done
        /uufs/chpc.utah.edu/sys/installdir/apptainer/1.4.1/bin/apptainer exec --nv \
            --bind /scratch/general/vast/u6073678/hooknet_tmp:/workspace \
            --bind /scratch/general/vast/u6073678/hooknet_tmp/tmp/219154:/home/user/tmp \
            /scratch/rai/vast1/stewartp/hooknet_project/containers/hooknet_tls.sif \
            python -m hooknettls \
            hooknettls.default.image_path=/workspace/converted/219154.tif \
            hooknettls.default.mask_path=/workspace/masks/219154_mask.tif \
            hooknettls.default.model_weights=/home/user/pathology-hooknet-tls/weights/lung_weights.h5 \
            hooknettls.default.output_folder=/workspace/output/images/219154/
        cp -r /scratch/general/vast/u6073678/hooknet_tmp/output/images/219154/. \
              /scratch/rai/vast1/stewartp/hooknet_project/results/inference/H_E/219154/
        touch /scratch/rai/vast1/stewartp/hooknet_project/results/inference/done/219154_hooknet.done
        rm -f  /scratch/general/vast/u6073678/hooknet_tmp/input/219154.svs
        rm -f  /scratch/general/vast/u6073678/hooknet_tmp/masks/219154_mask.tif
        rm -rf /scratch/general/vast/u6073678/hooknet_tmp/output/images/219154/
        rm -rf /scratch/general/vast/u6073678/hooknet_tmp/tmp/219154

        > /scratch/general/vast/u6073678/hooknet_logs/219154_hooknet.log 2>&1
        
host: notch293
Building DAG of jobs...
Using shell: /usr/bin/bash
Provided cores: 8
Rules claiming more threads will be scaled down.
Provided resources: mem_mb=16000, mem_mib=15259, disk_mb=3242, disk_mib=3092, cpus_per_task=4
Select jobs to execute...
Execute 1 jobs...

[Tue Jun 16 16:32:11 2026]
localrule inference:
    input: /scratch/general/vast/u6073678/hooknet_tmp/converted/219154.tif, /scratch/general/vast/u6073678/hooknet_tmp/masks/219154_mask.tif
    output: /scratch/rai/vast1/stewartp/hooknet_project/results/inference/done/219154_hooknet.done, /scratch/rai/vast1/stewartp/hooknet_project/results/inference/H_E/219154/post-processed/219154_hooknettls_post_processed.xml
    log: /scratch/general/vast/u6073678/hooknet_logs/219154_hooknet.log
    jobid: 0
    reason: Forced execution
    wildcards: slide=219154
    threads: 8
    resources: mem_mb=16000, mem_mib=15259, disk_mb=3242, disk_mib=3092, tmpdir=/scratch/local/u6073678/13515499, slurm_account=stewartp, slurm_partition=notchpeak-gpu, slurm_extra=--qos=notchpeak-gpu --account=notchpeak-gpu --gres=gpu:1 --clusters=notchpeak, runtime=40, cpus_per_task=4
Shell command: 
        set -euo pipefail
        mkdir -p /scratch/general/vast/u6073678/hooknet_tmp/tmp/219154
        mkdir -p /scratch/general/vast/u6073678/hooknet_tmp/output/images/219154
        mkdir -p /scratch/rai/vast1/stewartp/hooknet_project/results/inference/H_E/219154
        mkdir -p /scratch/rai/vast1/stewartp/hooknet_project/results/inference/done
        /uufs/chpc.utah.edu/sys/installdir/apptainer/1.4.1/bin/apptainer exec --nv \
            --bind /scratch/general/vast/u6073678/hooknet_tmp:/workspace \
            --bind /scratch/general/vast/u6073678/hooknet_tmp/tmp/219154:/home/user/tmp \
            /scratch/rai/vast1/stewartp/hooknet_project/containers/hooknet_tls.sif \
            python -m hooknettls \
            hooknettls.default.image_path=/workspace/converted/219154.tif \
            hooknettls.default.mask_path=/workspace/masks/219154_mask.tif \
            hooknettls.default.model_weights=/home/user/pathology-hooknet-tls/weights/lung_weights.h5 \
            hooknettls.default.output_folder=/workspace/output/images/219154/
        cp -r /scratch/general/vast/u6073678/hooknet_tmp/output/images/219154/. \
              /scratch/rai/vast1/stewartp/hooknet_project/results/inference/H_E/219154/
        touch /scratch/rai/vast1/stewartp/hooknet_project/results/inference/done/219154_hooknet.done
        rm -f  /scratch/general/vast/u6073678/hooknet_tmp/input/219154.svs
        rm -f  /scratch/general/vast/u6073678/hooknet_tmp/masks/219154_mask.tif
        rm -rf /scratch/general/vast/u6073678/hooknet_tmp/output/images/219154/
        rm -rf /scratch/general/vast/u6073678/hooknet_tmp/tmp/219154

        > /scratch/general/vast/u6073678/hooknet_logs/219154_hooknet.log 2>&1
        
INFO:    gocryptfs not found, will not be able to use gocryptfs
2026-06-16 16:32:31.026075: E tensorflow/stream_executor/cuda/cuda_driver.cc:271] failed call to cuInit: CUDA_ERROR_UNKNOWN: unknown error
2026-06-16 16:32:31.026114: I tensorflow/stream_executor/cuda/cuda_diagnostics.cc:169] retrieving CUDA diagnostic information for host: notch293
2026-06-16 16:32:31.026122: I tensorflow/stream_executor/cuda/cuda_diagnostics.cc:176] hostname: notch293
2026-06-16 16:32:31.026288: I tensorflow/stream_executor/cuda/cuda_diagnostics.cc:200] libcuda reported version is: INVALID_ARGUMENT: expected %d.%d, %d.%d.%d, or %d.%d.%d.%d form for driver version; got "1"
2026-06-16 16:32:31.026320: I tensorflow/stream_executor/cuda/cuda_diagnostics.cc:204] kernel reported version is: 580.159.4
2026-06-16 16:32:31.027527: I tensorflow/core/platform/cpu_feature_guard.cc:193] This TensorFlow binary is optimized with oneAPI Deep Neural Network Library (oneDNN) to use the following CPU instructions in performance-critical operations:  AVX2 FMA
To enable them in other operations, rebuild TensorFlow with the appropriate compiler flags.
Traceback (most recent call last):
  File "/usr/lib/python3.8/runpy.py", line 194, in _run_module_as_main
    return _run_code(code, main_globals, None,
  File "/usr/lib/python3.8/runpy.py", line 87, in _run_code
    exec(code, run_globals)
  File "/home/user/pathology-hooknet-tls/hooknettls/__main__.py", line 8, in <module>
    objects = build_config(config_reader.read()["default"])
  File "/usr/local/lib/python3.8/dist-packages/dicfg/factory.py", line 124, in build_config
    return _ObjectFactory(deepcopy(config)).build_config()
  File "/usr/local/lib/python3.8/dist-packages/dicfg/factory.py", line 26, in build_config
    return self._build(self._configuration)
  File "/usr/lib/python3.8/functools.py", line 912, in _method
    return method.__get__(obj, cls)(*args, **kwargs)
  File "/usr/local/lib/python3.8/dist-packages/dicfg/factory.py", line 38, in _build_dict
    config[key] = self._build_object(value)
  File "/usr/local/lib/python3.8/dist-packages/dicfg/factory.py", line 67, in _build_object
    return attribute(*args, **kwargs)
  File "/home/user/pathology-hooknet-tls/hooknettls/io.py", line 38, in get_io_paths
    raise PathDoesNotExistsError(str(path))
hooknettls.io.PathDoesNotExistsError: /workspace/output/images/219154/219154_hooknettls.tif
slurmstepd: error: *** STEP 13515499.0 ON notch293 CANCELLED AT 2026-06-16T17:11:58 DUE TO TIME LIMIT ***
slurmstepd: error: *** JOB 13515499 ON notch293 CANCELLED AT 2026-06-16T17:11:58 DUE TO TIME LIMIT ***
srun: Job step aborted: Waiting up to 62 seconds for job step to finish.
Will exit after finishing currently running jobs (scheduler).
Will exit after finishing currently running jobs (scheduler).
