host: notch001
Building DAG of jobs...
Using shell: /usr/bin/bash
Provided remote nodes: 1
Provided resources: mem_mb=32000, mem_mib=30518, disk_mb=4302, disk_mib=4103, cpus_per_task=4
Select jobs to execute...
Execute 1 jobs...

[Mon Jun  8 21:57:40 2026]
rule inference:
    input: /scratch/general/vast/u6073678/hooknet_tmp/converted/219295.tif, /scratch/general/vast/u6073678/hooknet_tmp/masks/219295_mask.tif
    output: /uufs/chpc.utah.edu/common/home/u6073678/hooknet_project/results/inference/done/219295_hooknet.done, /uufs/chpc.utah.edu/common/home/u6073678/hooknet_project/results/inference/H_E/219295/post-processed/219295_hooknettls_post_processed.xml
    jobid: 0
    reason: Forced execution
    wildcards: slide=219295
    threads: 8
    resources: mem_mb=32000, mem_mib=30518, disk_mb=4302, disk_mib=4103, tmpdir=<TBD>, slurm_account=stewartp, slurm_partition=notchpeak-gpu, slurm_extra=--qos=notchpeak-gpu --account=notchpeak-gpu --gres=gpu:1 --clusters=notchpeak, runtime=60, cpus_per_task=4
Shell command: 
        mkdir -p /scratch/general/vast/u6073678/hooknet_tmp/tmp/219295
        mkdir -p /scratch/general/vast/u6073678/hooknet_tmp/output/images
        mkdir -p /uufs/chpc.utah.edu/common/home/u6073678/hooknet_project/results/inference/H_E/219295
        mkdir -p /uufs/chpc.utah.edu/common/home/u6073678/hooknet_project/results/inference/done
        /uufs/chpc.utah.edu/sys/installdir/apptainer/1.4.1/bin/apptainer exec --nv \
            --bind /scratch/general/vast/u6073678/hooknet_tmp:/workspace \
            --bind /scratch/general/vast/u6073678/hooknet_tmp/tmp/219295:/home/user/tmp \
            /uufs/chpc.utah.edu/common/home/u6073678/hooknet_project/containers/hooknet_tls.sif \
            python -m hooknettls \
            hooknettls.default.image_path=/workspace/converted/219295.tif \
            hooknettls.default.mask_path=/workspace/masks/219295_mask.tif \
            hooknettls.default.model_weights=/home/user/pathology-hooknet-tls/weights/lung_weights.h5 \
            hooknettls.default.output_folder=/workspace/output/images/219295/
        cp -r /scratch/general/vast/u6073678/hooknet_tmp/output/images/219295/. \
              /uufs/chpc.utah.edu/common/home/u6073678/hooknet_project/results/inference/H_E/219295/
        touch /uufs/chpc.utah.edu/common/home/u6073678/hooknet_project/results/inference/done/219295_hooknet.done
        rm -f  /scratch/general/vast/u6073678/hooknet_tmp/input/219295.svs
        rm -f  /scratch/general/vast/u6073678/hooknet_tmp/masks/219295_mask.tif
        rm -rf /scratch/general/vast/u6073678/hooknet_tmp/output/images/219295/
        rm -rf /scratch/general/vast/u6073678/hooknet_tmp/tmp/219295
        
host: notch001
Building DAG of jobs...
Using shell: /usr/bin/bash
Provided cores: 8
Rules claiming more threads will be scaled down.
Provided resources: mem_mb=32000, mem_mib=30518, disk_mb=4302, disk_mib=4103, cpus_per_task=4
Select jobs to execute...
Execute 1 jobs...

[Mon Jun  8 21:57:48 2026]
localrule inference:
    input: /scratch/general/vast/u6073678/hooknet_tmp/converted/219295.tif, /scratch/general/vast/u6073678/hooknet_tmp/masks/219295_mask.tif
    output: /uufs/chpc.utah.edu/common/home/u6073678/hooknet_project/results/inference/done/219295_hooknet.done, /uufs/chpc.utah.edu/common/home/u6073678/hooknet_project/results/inference/H_E/219295/post-processed/219295_hooknettls_post_processed.xml
    jobid: 0
    reason: Forced execution
    wildcards: slide=219295
    threads: 8
    resources: mem_mb=32000, mem_mib=30518, disk_mb=4302, disk_mib=4103, tmpdir=/scratch/local/u6073678/13393804, slurm_account=stewartp, slurm_partition=notchpeak-gpu, slurm_extra=--qos=notchpeak-gpu --account=notchpeak-gpu --gres=gpu:1 --clusters=notchpeak, runtime=60, cpus_per_task=4
Shell command: 
        mkdir -p /scratch/general/vast/u6073678/hooknet_tmp/tmp/219295
        mkdir -p /scratch/general/vast/u6073678/hooknet_tmp/output/images
        mkdir -p /uufs/chpc.utah.edu/common/home/u6073678/hooknet_project/results/inference/H_E/219295
        mkdir -p /uufs/chpc.utah.edu/common/home/u6073678/hooknet_project/results/inference/done
        /uufs/chpc.utah.edu/sys/installdir/apptainer/1.4.1/bin/apptainer exec --nv \
            --bind /scratch/general/vast/u6073678/hooknet_tmp:/workspace \
            --bind /scratch/general/vast/u6073678/hooknet_tmp/tmp/219295:/home/user/tmp \
            /uufs/chpc.utah.edu/common/home/u6073678/hooknet_project/containers/hooknet_tls.sif \
            python -m hooknettls \
            hooknettls.default.image_path=/workspace/converted/219295.tif \
            hooknettls.default.mask_path=/workspace/masks/219295_mask.tif \
            hooknettls.default.model_weights=/home/user/pathology-hooknet-tls/weights/lung_weights.h5 \
            hooknettls.default.output_folder=/workspace/output/images/219295/
        cp -r /scratch/general/vast/u6073678/hooknet_tmp/output/images/219295/. \
              /uufs/chpc.utah.edu/common/home/u6073678/hooknet_project/results/inference/H_E/219295/
        touch /uufs/chpc.utah.edu/common/home/u6073678/hooknet_project/results/inference/done/219295_hooknet.done
        rm -f  /scratch/general/vast/u6073678/hooknet_tmp/input/219295.svs
        rm -f  /scratch/general/vast/u6073678/hooknet_tmp/masks/219295_mask.tif
        rm -rf /scratch/general/vast/u6073678/hooknet_tmp/output/images/219295/
        rm -rf /scratch/general/vast/u6073678/hooknet_tmp/tmp/219295
        
INFO:    gocryptfs not found, will not be able to use gocryptfs
2026-06-08 21:58:27.404551: I tensorflow/core/platform/cpu_feature_guard.cc:193] This TensorFlow binary is optimized with oneAPI Deep Neural Network Library (oneDNN) to use the following CPU instructions in performance-critical operations:  AVX2 AVX512F FMA
To enable them in other operations, rebuild TensorFlow with the appropriate compiler flags.
2026-06-08 21:58:29.999070: I tensorflow/core/common_runtime/gpu/gpu_device.cc:1532] Created device /job:localhost/replica:0/task:0/device:GPU:0 with 14628 MB memory:  -> device: 0, name: Tesla V100-PCIE-16GB, pci bus id: 0000:d8:00.0, compute capability: 7.0
Traceback (most recent call last):
  File "/usr/lib/python3.8/runpy.py", line 194, in _run_module_as_main
    return _run_code(code, main_globals, None,
  File "/usr/lib/python3.8/runpy.py", line 87, in _run_code
    exec(code, run_globals)
  File "/home/user/pathology-hooknet-tls/hooknettls/__main__.py", line 8, in <module>
    objects = build_config(config_reader.read()["default"])
  File "/usr/local/lib/python3.8/dist-packages/dicfg/factory.py", line 124, in build_config
    return _ObjectFactory(deepcopy(config)).build_config()
  File "/usr/local/lib/python3.8/dist-packages/dicfg/factory.py", line 26, in build_config
    return self._build(self._configuration)
  File "/usr/lib/python3.8/functools.py", line 912, in _method
    return method.__get__(obj, cls)(*args, **kwargs)
  File "/usr/local/lib/python3.8/dist-packages/dicfg/factory.py", line 38, in _build_dict
    config[key] = self._build_object(value)
  File "/usr/local/lib/python3.8/dist-packages/dicfg/factory.py", line 67, in _build_object
    return attribute(*args, **kwargs)
  File "/home/user/pathology-hooknet-tls/hooknettls/io.py", line 38, in get_io_paths
    raise PathDoesNotExistsError(str(path))
hooknettls.io.PathDoesNotExistsError: /workspace/output/images/219295/219295_hooknettls.tif
srun: Job step aborted: Waiting up to 62 seconds for job step to finish.
slurmstepd: error: *** STEP 13393804.0 ON notch001 CANCELLED AT 2026-06-08T22:57:23 DUE TO TIME LIMIT ***
slurmstepd: error: *** JOB 13393804 ON notch001 CANCELLED AT 2026-06-08T22:57:23 DUE TO TIME LIMIT ***
Will exit after finishing currently running jobs (scheduler).
Will exit after finishing currently running jobs (scheduler).
