host: notch004
Building DAG of jobs...
Using shell: /usr/bin/bash
Provided remote nodes: 1
Provided resources: mem_mb=16000, mem_mib=15259, disk_mb=6511, disk_mib=6210, cpus_per_task=4
Select jobs to execute...
Execute 1 jobs...

[Tue Jun 16 16:42:31 2026]
rule inference:
    input: /scratch/general/vast/u6073678/hooknet_tmp/converted/219199.tif, /scratch/general/vast/u6073678/hooknet_tmp/masks/219199_mask.tif
    output: /scratch/rai/vast1/stewartp/hooknet_project/results/inference/done/219199_hooknet.done, /scratch/rai/vast1/stewartp/hooknet_project/results/inference/H_E/219199/post-processed/219199_hooknettls_post_processed.xml
    log: /scratch/general/vast/u6073678/hooknet_logs/219199_hooknet.log
    jobid: 0
    reason: Forced execution
    wildcards: slide=219199
    threads: 8
    resources: mem_mb=16000, mem_mib=15259, disk_mb=6511, disk_mib=6210, tmpdir=<TBD>, slurm_account=stewartp, slurm_partition=notchpeak-gpu, slurm_extra=--qos=notchpeak-gpu --account=notchpeak-gpu --gres=gpu:1 --clusters=notchpeak, runtime=40, cpus_per_task=4
Shell command: 
        set -euo pipefail
        mkdir -p /scratch/general/vast/u6073678/hooknet_tmp/tmp/219199
        mkdir -p /scratch/general/vast/u6073678/hooknet_tmp/output/images/219199
        mkdir -p /scratch/rai/vast1/stewartp/hooknet_project/results/inference/H_E/219199
        mkdir -p /scratch/rai/vast1/stewartp/hooknet_project/results/inference/done
        /uufs/chpc.utah.edu/sys/installdir/apptainer/1.4.1/bin/apptainer exec --nv \
            --bind /scratch/general/vast/u6073678/hooknet_tmp:/workspace \
            --bind /scratch/general/vast/u6073678/hooknet_tmp/tmp/219199:/home/user/tmp \
            /scratch/rai/vast1/stewartp/hooknet_project/containers/hooknet_tls.sif \
            python -m hooknettls \
            hooknettls.default.image_path=/workspace/converted/219199.tif \
            hooknettls.default.mask_path=/workspace/masks/219199_mask.tif \
            hooknettls.default.model_weights=/home/user/pathology-hooknet-tls/weights/lung_weights.h5 \
            hooknettls.default.output_folder=/workspace/output/images/219199/
        cp -r /scratch/general/vast/u6073678/hooknet_tmp/output/images/219199/. \
              /scratch/rai/vast1/stewartp/hooknet_project/results/inference/H_E/219199/
        touch /scratch/rai/vast1/stewartp/hooknet_project/results/inference/done/219199_hooknet.done
        rm -f  /scratch/general/vast/u6073678/hooknet_tmp/input/219199.svs
        rm -f  /scratch/general/vast/u6073678/hooknet_tmp/masks/219199_mask.tif
        rm -rf /scratch/general/vast/u6073678/hooknet_tmp/output/images/219199/
        rm -rf /scratch/general/vast/u6073678/hooknet_tmp/tmp/219199

        > /scratch/general/vast/u6073678/hooknet_logs/219199_hooknet.log 2>&1
        
host: notch004
Building DAG of jobs...
Using shell: /usr/bin/bash
Provided cores: 8
Rules claiming more threads will be scaled down.
Provided resources: mem_mb=16000, mem_mib=15259, disk_mb=6511, disk_mib=6210, cpus_per_task=4
Select jobs to execute...
Execute 1 jobs...

[Tue Jun 16 16:42:36 2026]
localrule inference:
    input: /scratch/general/vast/u6073678/hooknet_tmp/converted/219199.tif, /scratch/general/vast/u6073678/hooknet_tmp/masks/219199_mask.tif
    output: /scratch/rai/vast1/stewartp/hooknet_project/results/inference/done/219199_hooknet.done, /scratch/rai/vast1/stewartp/hooknet_project/results/inference/H_E/219199/post-processed/219199_hooknettls_post_processed.xml
    log: /scratch/general/vast/u6073678/hooknet_logs/219199_hooknet.log
    jobid: 0
    reason: Forced execution
    wildcards: slide=219199
    threads: 8
    resources: mem_mb=16000, mem_mib=15259, disk_mb=6511, disk_mib=6210, tmpdir=/scratch/local/u6073678/13515507, slurm_account=stewartp, slurm_partition=notchpeak-gpu, slurm_extra=--qos=notchpeak-gpu --account=notchpeak-gpu --gres=gpu:1 --clusters=notchpeak, runtime=40, cpus_per_task=4
Shell command: 
        set -euo pipefail
        mkdir -p /scratch/general/vast/u6073678/hooknet_tmp/tmp/219199
        mkdir -p /scratch/general/vast/u6073678/hooknet_tmp/output/images/219199
        mkdir -p /scratch/rai/vast1/stewartp/hooknet_project/results/inference/H_E/219199
        mkdir -p /scratch/rai/vast1/stewartp/hooknet_project/results/inference/done
        /uufs/chpc.utah.edu/sys/installdir/apptainer/1.4.1/bin/apptainer exec --nv \
            --bind /scratch/general/vast/u6073678/hooknet_tmp:/workspace \
            --bind /scratch/general/vast/u6073678/hooknet_tmp/tmp/219199:/home/user/tmp \
            /scratch/rai/vast1/stewartp/hooknet_project/containers/hooknet_tls.sif \
            python -m hooknettls \
            hooknettls.default.image_path=/workspace/converted/219199.tif \
            hooknettls.default.mask_path=/workspace/masks/219199_mask.tif \
            hooknettls.default.model_weights=/home/user/pathology-hooknet-tls/weights/lung_weights.h5 \
            hooknettls.default.output_folder=/workspace/output/images/219199/
        cp -r /scratch/general/vast/u6073678/hooknet_tmp/output/images/219199/. \
              /scratch/rai/vast1/stewartp/hooknet_project/results/inference/H_E/219199/
        touch /scratch/rai/vast1/stewartp/hooknet_project/results/inference/done/219199_hooknet.done
        rm -f  /scratch/general/vast/u6073678/hooknet_tmp/input/219199.svs
        rm -f  /scratch/general/vast/u6073678/hooknet_tmp/masks/219199_mask.tif
        rm -rf /scratch/general/vast/u6073678/hooknet_tmp/output/images/219199/
        rm -rf /scratch/general/vast/u6073678/hooknet_tmp/tmp/219199

        > /scratch/general/vast/u6073678/hooknet_logs/219199_hooknet.log 2>&1
        
INFO:    gocryptfs not found, will not be able to use gocryptfs
2026-06-16 16:43:23.593674: I tensorflow/core/platform/cpu_feature_guard.cc:193] This TensorFlow binary is optimized with oneAPI Deep Neural Network Library (oneDNN) to use the following CPU instructions in performance-critical operations:  AVX2 AVX512F FMA
To enable them in other operations, rebuild TensorFlow with the appropriate compiler flags.
2026-06-16 16:43:26.304886: I tensorflow/core/common_runtime/gpu/gpu_device.cc:1532] Created device /job:localhost/replica:0/task:0/device:GPU:0 with 23672 MB memory:  -> device: 0, name: Tesla P40, pci bus id: 0000:d8:00.0, compute capability: 6.1
Traceback (most recent call last):
  File "/usr/lib/python3.8/runpy.py", line 194, in _run_module_as_main
    return _run_code(code, main_globals, None,
  File "/usr/lib/python3.8/runpy.py", line 87, in _run_code
    exec(code, run_globals)
  File "/home/user/pathology-hooknet-tls/hooknettls/__main__.py", line 8, in <module>
    objects = build_config(config_reader.read()["default"])
  File "/usr/local/lib/python3.8/dist-packages/dicfg/factory.py", line 124, in build_config
    return _ObjectFactory(deepcopy(config)).build_config()
  File "/usr/local/lib/python3.8/dist-packages/dicfg/factory.py", line 26, in build_config
    return self._build(self._configuration)
  File "/usr/lib/python3.8/functools.py", line 912, in _method
    return method.__get__(obj, cls)(*args, **kwargs)
  File "/usr/local/lib/python3.8/dist-packages/dicfg/factory.py", line 38, in _build_dict
    config[key] = self._build_object(value)
  File "/usr/local/lib/python3.8/dist-packages/dicfg/factory.py", line 67, in _build_object
    return attribute(*args, **kwargs)
  File "/home/user/pathology-hooknet-tls/hooknettls/io.py", line 38, in get_io_paths
    raise PathDoesNotExistsError(str(path))
hooknettls.io.PathDoesNotExistsError: /workspace/output/images/219199/219199_hooknettls.tif
srun: Job step aborted: Waiting up to 62 seconds for job step to finish.
slurmstepd: error: *** STEP 13515507.0 ON notch004 CANCELLED AT 2026-06-16T17:22:30 DUE TO TIME LIMIT ***
slurmstepd: error: *** JOB 13515507 ON notch004 CANCELLED AT 2026-06-16T17:22:30 DUE TO TIME LIMIT ***
Will exit after finishing currently running jobs (scheduler).
Will exit after finishing currently running jobs (scheduler).
